[node1:1616358:1:1616440]      cma_ep.c:85   process_vm_writev(pid=1616360 {0x717544400000,524288}-->{0x75ebd0400000,524288}) returned -1: Bad address
==== backtrace (tid:1616440) ====
 0  /usr/lib/x86_64-linux-gnu/libucs.so.0(ucs_handle_error+0x2ec) [0x7175a7caa64c]
 1  /usr/lib/x86_64-linux-gnu/libucs.so.0(ucs_fatal_error_message+0xb2) [0x7175a7caa7f2]
 2  /usr/lib/x86_64-linux-gnu/libucs.so.0(ucs_log_default_handler+0x9d3) [0x7175a7cafcc3]
 3  /usr/lib/x86_64-linux-gnu/libucs.so.0(ucs_log_dispatch+0xf6) [0x7175a7ca86d6]
 4  /usr/lib/x86_64-linux-gnu/ucx/libuct_cma.so.0(+0x3d89) [0x7175a8123d89]
 5  /usr/lib/x86_64-linux-gnu/ucx/libuct_cma.so.0(uct_cma_ep_tx+0x2ba) [0x7175a812406a]
 6  /usr/lib/x86_64-linux-gnu/libuct.so.0(uct_scopy_ep_progress_tx+0x77) [0x7175a7c4d947]
 7  /usr/lib/x86_64-linux-gnu/libucs.so.0(ucs_arbiter_dispatch_nonempty+0x119) [0x7175a7c9ef09]
 8  /usr/lib/x86_64-linux-gnu/libuct.so.0(uct_scopy_iface_progress+0x88) [0x7175a7c59be8]
 9  /usr/lib/x86_64-linux-gnu/libucs.so.0(+0x25c18) [0x7175a7ca4c18]
10  /usr/lib/x86_64-linux-gnu/libucp.so.0(ucp_worker_progress+0x7a) [0x7175926f82ca]
11  /home/hpc/hpcx/hpcx-v2.24-gcc-doca_ofed-ubuntu24.04-cuda13-x86_64/ompi/lib/libopen-pal.so.40(opal_progress+0x34) [0x7175a7d20314]
12  /home/hpc/hpcx/hpcx-v2.24-gcc-doca_ofed-ubuntu24.04-cuda13-x86_64/ompi/lib/libopen-pal.so.40(ompi_sync_wait_mt+0x115) [0x7175a7d26b15]
13  /home/hpc/hpcx/hpcx-v2.24-gcc-doca_ofed-ubuntu24.04-cuda13-x86_64/ompi/lib/libmpi.so.40(ompi_request_default_wait+0x24b) [0x7175e0b2803b]
14  /home/hpc/hpcx/hpcx-v2.24-gcc-doca_ofed-ubuntu24.04-cuda13-x86_64/ompi/lib/libmpi.so.40(PMPI_Wait+0x1e) [0x7175e0b54e9e]
15  ./xhpl_mxp-nvidia() [0x50eac7]
16  ./xhpl_mxp-nvidia() [0x4dc7d3]
17  ./xhpl_mxp-nvidia() [0x4df810]
18  ./xhpl_mxp-nvidia() [0x4df793]
19  ./xhpl_mxp-nvidia() [0x4df703]
20  ./xhpl_mxp-nvidia() [0x4df6bc]
21  ./xhpl_mxp-nvidia() [0x4df6a0]
22  ./xhpl_mxp-nvidia() [0x5bd493]
23  /usr/lib/x86_64-linux-gnu/libc.so.6(+0x9caa4) [0x7175a7a9caa4]
24  /usr/lib/x86_64-linux-gnu/libc.so.6(+0x129c6c) [0x7175a7b29c6c]
=================================
[node1:1616358] *** Process received signal ***
[node1:1616358] Signal: Aborted (6)
[node1:1616358] Signal code:  (-6)
[node1:1616358] [ 0] /usr/lib/x86_64-linux-gnu/libc.so.6(+0x45330)[0x7175a7a45330]
[node1:1616358] [ 1] /usr/lib/x86_64-linux-gnu/libc.so.6(pthread_kill+0x11c)[0x7175a7a9eb2c]
[node1:1616358] [ 2] /usr/lib/x86_64-linux-gnu/libc.so.6(gsignal+0x1e)[0x7175a7a4527e]
[node1:1616358] [ 3] /usr/lib/x86_64-linux-gnu/libc.so.6(abort+0xdf)[0x7175a7a288ff]
[node1:1616358] [ 4] /usr/lib/x86_64-linux-gnu/libucs.so.0(+0x2b7f7)[0x7175a7caa7f7]
[node1:1616358] [ 5] /usr/lib/x86_64-linux-gnu/libucs.so.0(ucs_log_default_handler+0x9d3)[0x7175a7cafcc3]
[node1:1616358] [ 6] /usr/lib/x86_64-linux-gnu/libucs.so.0(ucs_log_dispatch+0xf6)[0x7175a7ca86d6]
[node1:1616358] [ 7] /usr/lib/x86_64-linux-gnu/ucx/libuct_cma.so.0(+0x3d89)[0x7175a8123d89]
[node1:1616358] [ 8] /usr/lib/x86_64-linux-gnu/ucx/libuct_cma.so.0(uct_cma_ep_tx+0x2ba)[0x7175a812406a]
[node1:1616358] [ 9] /usr/lib/x86_64-linux-gnu/libuct.so.0(uct_scopy_ep_progress_tx+0x77)[0x7175a7c4d947]
[node1:1616358] [10] /usr/lib/x86_64-linux-gnu/libucs.so.0(ucs_arbiter_dispatch_nonempty+0x119)[0x7175a7c9ef09]
[node1:1616358] [11] /usr/lib/x86_64-linux-gnu/libuct.so.0(uct_scopy_iface_progress+0x88)[0x7175a7c59be8]
[node1:1616358] [12] /usr/lib/x86_64-linux-gnu/libucs.so.0(+0x25c18)[0x7175a7ca4c18]
[node1:1616358] [13] /usr/lib/x86_64-linux-gnu/libucp.so.0(ucp_worker_progress+0x7a)[0x7175926f82ca]
[node1:1616358] [14] /home/hpc/hpcx/hpcx-v2.24-gcc-doca_ofed-ubuntu24.04-cuda13-x86_64/ompi/lib/libopen-pal.so.40(opal_progress+0x34)[0x7175a7d20314]
[node1:1616358] [15] /home/hpc/hpcx/hpcx-v2.24-gcc-doca_ofed-ubuntu24.04-cuda13-x86_64/ompi/lib/libopen-pal.so.40(ompi_sync_wait_mt+0x115)[0x7175a7d26b15]
[node1:1616358] [16] /home/hpc/hpcx/hpcx-v2.24-gcc-doca_ofed-ubuntu24.04-cuda13-x86_64/ompi/lib/libmpi.so.40(ompi_request_default_wait+0x24b)[0x7175e0b2803b]
[node1:1616358] [17] /home/hpc/hpcx/hpcx-v2.24-gcc-doca_ofed-ubuntu24.04-cuda13-x86_64/ompi/lib/libmpi.so.40(PMPI_Wait+0x1e)[0x7175e0b54e9e]
[node1:1616358] [18] ./xhpl_mxp-nvidia[0x50eac7]
[node1:1616358] [19] ./xhpl_mxp-nvidia[0x4dc7d3]
[node1:1616358] [20] ./xhpl_mxp-nvidia[0x4df810]
[node1:1616358] [21] ./xhpl_mxp-nvidia[0x4df793]
[node1:1616358] [22] ./xhpl_mxp-nvidia[0x4df703]
[node1:1616358] [23] ./xhpl_mxp-nvidia[0x4df6bc]
[node1:1616358] [24] ./xhpl_mxp-nvidia[0x4df6a0]
[node1:1616358] [25] ./xhpl_mxp-nvidia[0x5bd493]
[node1:1616358] [26] /usr/lib/x86_64-linux-gnu/libc.so.6(+0x9caa4)[0x7175a7a9caa4]
[node1:1616358] [27] /usr/lib/x86_64-linux-gnu/libc.so.6(+0x129c6c)[0x7175a7b29c6c]
[node1:1616358] *** End of error message ***
[node1:1616357:1:1616437]      cma_ep.c:85   process_vm_writev(pid=1616359 {0x7e4fd6400000,524288}-->{0x7a640c400000,524288}) returned -1: Bad address
==== backtrace (tid:1616437) ====
 0  /usr/lib/x86_64-linux-gnu/libucs.so.0(ucs_handle_error+0x2ec) [0x7e50422bb64c]
 1  /usr/lib/x86_64-linux-gnu/libucs.so.0(ucs_fatal_error_message+0xb2) [0x7e50422bb7f2]
 2  /usr/lib/x86_64-linux-gnu/libucs.so.0(ucs_log_default_handler+0x9d3) [0x7e50422c0cc3]
 3  /usr/lib/x86_64-linux-gnu/libucs.so.0(ucs_log_dispatch+0xf6) [0x7e50422b96d6]
 4  /usr/lib/x86_64-linux-gnu/ucx/libuct_cma.so.0(+0x3d89) [0x7e5041e92d89]
 5  /usr/lib/x86_64-linux-gnu/ucx/libuct_cma.so.0(uct_cma_ep_tx+0x2ba) [0x7e5041e9306a]
 6  /usr/lib/x86_64-linux-gnu/libuct.so.0(uct_scopy_ep_progress_tx+0x77) [0x7e5042257947]
 7  /usr/lib/x86_64-linux-gnu/libucs.so.0(ucs_arbiter_dispatch_nonempty+0x119) [0x7e50422aff09]
 8  /usr/lib/x86_64-linux-gnu/libuct.so.0(uct_scopy_iface_progress+0x88) [0x7e5042263be8]
 9  /usr/lib/x86_64-linux-gnu/libucs.so.0(+0x25c18) [0x7e50422b5c18]
10  /usr/lib/x86_64-linux-gnu/libucp.so.0(ucp_worker_progress+0x7a) [0x7e50300f82ca]
11  /home/hpc/hpcx/hpcx-v2.24-gcc-doca_ofed-ubuntu24.04-cuda13-x86_64/ompi/lib/libopen-pal.so.40(opal_progress+0x34) [0x7e5072720314]
12  /home/hpc/hpcx/hpcx-v2.24-gcc-doca_ofed-ubuntu24.04-cuda13-x86_64/ompi/lib/libopen-pal.so.40(ompi_sync_wait_mt+0x115) [0x7e5072726b15]
13  /home/hpc/hpcx/hpcx-v2.24-gcc-doca_ofed-ubuntu24.04-cuda13-x86_64/ompi/lib/libmpi.so.40(ompi_request_default_wait+0x24b) [0x7e507b13203b]
14  /home/hpc/hpcx/hpcx-v2.24-gcc-doca_ofed-ubuntu24.04-cuda13-x86_64/ompi/lib/libmpi.so.40(PMPI_Wait+0x1e) [0x7e507b15ee9e]
15  ./xhpl_mxp-nvidia() [0x50eac7]
16  ./xhpl_mxp-nvidia() [0x4dc7d3]
17  ./xhpl_mxp-nvidia() [0x4df810]
18  ./xhpl_mxp-nvidia() [0x4df793]
19  ./xhpl_mxp-nvidia() [0x4df703]
20  ./xhpl_mxp-nvidia() [0x4df6bc]
21  ./xhpl_mxp-nvidia() [0x4df6a0]
22  ./xhpl_mxp-nvidia() [0x5bd493]
23  /usr/lib/x86_64-linux-gnu/libc.so.6(+0x9caa4) [0x7e504209caa4]
24  /usr/lib/x86_64-linux-gnu/libc.so.6(+0x129c6c) [0x7e5042129c6c]
=================================
[node1:1616357] *** Process received signal ***
[node1:1616357] Signal: Aborted (6)
[node1:1616357] Signal code:  (-6)
[node1:1616357] [ 0] /usr/lib/x86_64-linux-gnu/libc.so.6(+0x45330)[0x7e5042045330]
[node1:1616357] [ 1] /usr/lib/x86_64-linux-gnu/libc.so.6(pthread_kill+0x11c)[0x7e504209eb2c]
[node1:1616357] [ 2] /usr/lib/x86_64-linux-gnu/libc.so.6(gsignal+0x1e)[0x7e504204527e]
[node1:1616357] [ 3] /usr/lib/x86_64-linux-gnu/libc.so.6(abort+0xdf)[0x7e50420288ff]
[node1:1616357] [ 4] /usr/lib/x86_64-linux-gnu/libucs.so.0(+0x2b7f7)[0x7e50422bb7f7]
[node1:1616357] [ 5] /usr/lib/x86_64-linux-gnu/libucs.so.0(ucs_log_default_handler+0x9d3)[0x7e50422c0cc3]
[node1:1616357] [ 6] /usr/lib/x86_64-linux-gnu/libucs.so.0(ucs_log_dispatch+0xf6)[0x7e50422b96d6]
[node1:1616357] [ 7] /usr/lib/x86_64-linux-gnu/ucx/libuct_cma.so.0(+0x3d89)[0x7e5041e92d89]
[node1:1616357] [ 8] /usr/lib/x86_64-linux-gnu/ucx/libuct_cma.so.0(uct_cma_ep_tx+0x2ba)[0x7e5041e9306a]
[node1:1616357] [ 9] /usr/lib/x86_64-linux-gnu/libuct.so.0(uct_scopy_ep_progress_tx+0x77)[0x7e5042257947]
[node1:1616357] [10] /usr/lib/x86_64-linux-gnu/libucs.so.0(ucs_arbiter_dispatch_nonempty+0x119)[0x7e50422aff09]
[node1:1616357] [11] /usr/lib/x86_64-linux-gnu/libuct.so.0(uct_scopy_iface_progress+0x88)[0x7e5042263be8]
[node1:1616357] [12] /usr/lib/x86_64-linux-gnu/libucs.so.0(+0x25c18)[0x7e50422b5c18]
[node1:1616357] [13] /usr/lib/x86_64-linux-gnu/libucp.so.0(ucp_worker_progress+0x7a)[0x7e50300f82ca]
[node1:1616357] [14] /home/hpc/hpcx/hpcx-v2.24-gcc-doca_ofed-ubuntu24.04-cuda13-x86_64/ompi/lib/libopen-pal.so.40(opal_progress+0x34)[0x7e5072720314]
[node1:1616357] [15] /home/hpc/hpcx/hpcx-v2.24-gcc-doca_ofed-ubuntu24.04-cuda13-x86_64/ompi/lib/libopen-pal.so.40(ompi_sync_wait_mt+0x115)[0x7e5072726b15]
[node1:1616357] [16] /home/hpc/hpcx/hpcx-v2.24-gcc-doca_ofed-ubuntu24.04-cuda13-x86_64/ompi/lib/libmpi.so.40(ompi_request_default_wait+0x24b)[0x7e507b13203b]
[node1:1616357] [17] /home/hpc/hpcx/hpcx-v2.24-gcc-doca_ofed-ubuntu24.04-cuda13-x86_64/ompi/lib/libmpi.so.40(PMPI_Wait+0x1e)[0x7e507b15ee9e]
[node1:1616357] [18] ./xhpl_mxp-nvidia[0x50eac7]
[node1:1616357] [19] ./xhpl_mxp-nvidia[0x4dc7d3]
[node1:1616357] [20] ./xhpl_mxp-nvidia[0x4df810]
[node1:1616357] [21] ./xhpl_mxp-nvidia[0x4df793]
[node1:1616357] [22] ./xhpl_mxp-nvidia[0x4df703]
[node1:1616357] [23] ./xhpl_mxp-nvidia[0x4df6bc]
[node1:1616357] [24] ./xhpl_mxp-nvidia[0x4df6a0]
[node1:1616357] [25] ./xhpl_mxp-nvidia[0x5bd493]
[node1:1616357] [26] /usr/lib/x86_64-linux-gnu/libc.so.6(+0x9caa4)[0x7e504209caa4]
[node1:1616357] [27] /usr/lib/x86_64-linux-gnu/libc.so.6(+0x129c6c)[0x7e5042129c6c]
[node1:1616357] *** End of error message ***
--------------------------------------------------------------------------
Primary job  terminated normally, but 1 process returned
a non-zero exit code. Per user-direction, the job has been aborted.
--------------------------------------------------------------------------
--------------------------------------------------------------------------
mpirun noticed that process rank 1 with PID 1616358 on node node1 exited on signal 6 (Aborted).
--------------------------------------------------------------------------
