[1758694393.528551] [node3:535282:0]     ucp_context.c:2137 UCX  WARN  UCP API version is incompatible: required >= 1.19, actual 1.16.0 (loaded from /usr/lib/x86_64-linux-gnu/libucp.so.0)
[1758694393.535163] [node2:361405:0]     ucp_context.c:2137 UCX  WARN  UCP API version is incompatible: required >= 1.19, actual 1.16.0 (loaded from /usr/lib/x86_64-linux-gnu/libucp.so.0)
[1758694393.529069] [node3:535283:0]     ucp_context.c:2137 UCX  WARN  UCP API version is incompatible: required >= 1.19, actual 1.16.0 (loaded from /usr/lib/x86_64-linux-gnu/libucp.so.0)
[1758694393.535671] [node2:361406:0]     ucp_context.c:2137 UCX  WARN  UCP API version is incompatible: required >= 1.19, actual 1.16.0 (loaded from /usr/lib/x86_64-linux-gnu/libucp.so.0)
[1758694393.536248] [node2:361407:0]     ucp_context.c:2137 UCX  WARN  UCP API version is incompatible: required >= 1.19, actual 1.16.0 (loaded from /usr/lib/x86_64-linux-gnu/libucp.so.0)
[1758694393.537117] [node2:361408:0]     ucp_context.c:2137 UCX  WARN  UCP API version is incompatible: required >= 1.19, actual 1.16.0 (loaded from /usr/lib/x86_64-linux-gnu/libucp.so.0)
[1758694393.540752] [node1:473585:0]     ucp_context.c:2137 UCX  WARN  UCP API version is incompatible: required >= 1.19, actual 1.16.0 (loaded from /usr/lib/x86_64-linux-gnu/libucp.so.0)
[1758694393.540832] [node1:473586:0]     ucp_context.c:2137 UCX  WARN  UCP API version is incompatible: required >= 1.19, actual 1.16.0 (loaded from /usr/lib/x86_64-linux-gnu/libucp.so.0)
[1758694393.536741] [node3:535285:0]     ucp_context.c:2137 UCX  WARN  UCP API version is incompatible: required >= 1.19, actual 1.16.0 (loaded from /usr/lib/x86_64-linux-gnu/libucp.so.0)
[1758694393.536767] [node3:535284:0]     ucp_context.c:2137 UCX  WARN  UCP API version is incompatible: required >= 1.19, actual 1.16.0 (loaded from /usr/lib/x86_64-linux-gnu/libucp.so.0)
[1758694393.539709] [node4:317553:0]     ucp_context.c:2137 UCX  WARN  UCP API version is incompatible: required >= 1.19, actual 1.16.0 (loaded from /usr/lib/x86_64-linux-gnu/libucp.so.0)
[1758694393.539707] [node4:317554:0]     ucp_context.c:2137 UCX  WARN  UCP API version is incompatible: required >= 1.19, actual 1.16.0 (loaded from /usr/lib/x86_64-linux-gnu/libucp.so.0)
[1758694393.546634] [node2:361405:0]           ib_md.c:1103 UCX  WARN  mlx5_0: relaxed order memory access requested, but unsupported
[1758694393.546794] [node2:361406:0]           ib_md.c:1103 UCX  WARN  mlx5_0: relaxed order memory access requested, but unsupported
[1758694393.547086] [node2:361407:0]           ib_md.c:1103 UCX  WARN  mlx5_0: relaxed order memory access requested, but unsupported
[1758694393.540900] [node3:535282:0]           ib_md.c:1103 UCX  WARN  mlx5_0: relaxed order memory access requested, but unsupported
[1758694393.540963] [node3:535283:0]           ib_md.c:1103 UCX  WARN  mlx5_0: relaxed order memory access requested, but unsupported
[1758694393.547646] [node2:361408:0]           ib_md.c:1103 UCX  WARN  mlx5_0: relaxed order memory access requested, but unsupported
[1758694393.548756] [node2:361405:0]     ucp_context.c:1192 UCX  WARN  transports 'cuda_copy','gdr_copy','cuda_ipc' are not available, please use one or more of: cma, dc, dc_mlx5, dc_x, ib, mm, posix, rc, rc_mlx5, rc_v, rc_verbs, rc_x, self, shm, sm, sysv, tcp, ud, ud_mlx5, ud_v, ud_verbs, ud_x
[1758694393.548881] [node2:361406:0]     ucp_context.c:1192 UCX  WARN  transports 'cuda_copy','gdr_copy','cuda_ipc' are not available, please use one or more of: cma, dc, dc_mlx5, dc_x, ib, mm, posix, rc, rc_mlx5, rc_v, rc_verbs, rc_x, self, shm, sm, sysv, tcp, ud, ud_mlx5, ud_v, ud_verbs, ud_x
[1758694393.549091] [node2:361407:0]     ucp_context.c:1192 UCX  WARN  transports 'cuda_copy','gdr_copy','cuda_ipc' are not available, please use one or more of: cma, dc, dc_mlx5, dc_x, ib, mm, posix, rc, rc_mlx5, rc_v, rc_verbs, rc_x, self, shm, sm, sysv, tcp, ud, ud_mlx5, ud_v, ud_verbs, ud_x
[1758694393.549543] [node2:361408:0]     ucp_context.c:1192 UCX  WARN  transports 'cuda_copy','gdr_copy','cuda_ipc' are not available, please use one or more of: cma, dc, dc_mlx5, dc_x, ib, mm, posix, rc, rc_mlx5, rc_v, rc_verbs, rc_x, self, shm, sm, sysv, tcp, ud, ud_mlx5, ud_v, ud_verbs, ud_x
[1758694393.543039] [node3:535282:0]     ucp_context.c:1192 UCX  WARN  transports 'cuda_copy','gdr_copy','cuda_ipc' are not available, please use one or more of: cma, dc, dc_mlx5, dc_x, ib, mm, posix, rc, rc_mlx5, rc_v, rc_verbs, rc_x, self, shm, sm, sysv, tcp, ud, ud_mlx5, ud_v, ud_verbs, ud_x
[1758694393.543139] [node3:535283:0]     ucp_context.c:1192 UCX  WARN  transports 'cuda_copy','gdr_copy','cuda_ipc' are not available, please use one or more of: cma, dc, dc_mlx5, dc_x, ib, mm, posix, rc, rc_mlx5, rc_v, rc_verbs, rc_x, self, shm, sm, sysv, tcp, ud, ud_mlx5, ud_v, ud_verbs, ud_x
[1758694393.549111] [node4:317555:0]     ucp_context.c:2137 UCX  WARN  UCP API version is incompatible: required >= 1.19, actual 1.16.0 (loaded from /usr/lib/x86_64-linux-gnu/libucp.so.0)
[1758694393.552396] [node1:473587:0]     ucp_context.c:2137 UCX  WARN  UCP API version is incompatible: required >= 1.19, actual 1.16.0 (loaded from /usr/lib/x86_64-linux-gnu/libucp.so.0)
[1758694393.553097] [node1:473585:0]           ib_md.c:1103 UCX  WARN  mlx5_0: relaxed order memory access requested, but unsupported
[1758694393.553116] [node1:473586:0]           ib_md.c:1103 UCX  WARN  mlx5_0: relaxed order memory access requested, but unsupported
[1758694393.550890] [node4:317556:0]     ucp_context.c:2137 UCX  WARN  UCP API version is incompatible: required >= 1.19, actual 1.16.0 (loaded from /usr/lib/x86_64-linux-gnu/libucp.so.0)
[1758694393.549172] [node3:535285:0]           ib_md.c:1103 UCX  WARN  mlx5_0: relaxed order memory access requested, but unsupported
[1758694393.549264] [node3:535284:0]           ib_md.c:1103 UCX  WARN  mlx5_0: relaxed order memory access requested, but unsupported
[1758694393.555028] [node1:473588:0]     ucp_context.c:2137 UCX  WARN  UCP API version is incompatible: required >= 1.19, actual 1.16.0 (loaded from /usr/lib/x86_64-linux-gnu/libucp.so.0)
[1758694393.551974] [node4:317554:0]           ib_md.c:1103 UCX  WARN  mlx5_0: relaxed order memory access requested, but unsupported
[1758694393.552004] [node4:317553:0]           ib_md.c:1103 UCX  WARN  mlx5_0: relaxed order memory access requested, but unsupported
[1758694393.555344] [node1:473585:0]     ucp_context.c:1192 UCX  WARN  transports 'cuda_copy','gdr_copy','cuda_ipc' are not available, please use one or more of: cma, dc, dc_mlx5, dc_x, ib, mm, posix, rc, rc_mlx5, rc_v, rc_verbs, rc_x, self, shm, sm, sysv, tcp, ud, ud_mlx5, ud_v, ud_verbs, ud_x
[1758694393.555371] [node1:473586:0]     ucp_context.c:1192 UCX  WARN  transports 'cuda_copy','gdr_copy','cuda_ipc' are not available, please use one or more of: cma, dc, dc_mlx5, dc_x, ib, mm, posix, rc, rc_mlx5, rc_v, rc_verbs, rc_x, self, shm, sm, sysv, tcp, ud, ud_mlx5, ud_v, ud_verbs, ud_x
[1758694393.551211] [node3:535285:0]     ucp_context.c:1192 UCX  WARN  transports 'cuda_copy','gdr_copy','cuda_ipc' are not available, please use one or more of: cma, dc, dc_mlx5, dc_x, ib, mm, posix, rc, rc_mlx5, rc_v, rc_verbs, rc_x, self, shm, sm, sysv, tcp, ud, ud_mlx5, ud_v, ud_verbs, ud_x
[1758694393.551320] [node3:535284:0]     ucp_context.c:1192 UCX  WARN  transports 'cuda_copy','gdr_copy','cuda_ipc' are not available, please use one or more of: cma, dc, dc_mlx5, dc_x, ib, mm, posix, rc, rc_mlx5, rc_v, rc_verbs, rc_x, self, shm, sm, sysv, tcp, ud, ud_mlx5, ud_v, ud_verbs, ud_x
[1758694393.554058] [node4:317553:0]     ucp_context.c:1192 UCX  WARN  transports 'cuda_copy','gdr_copy','cuda_ipc' are not available, please use one or more of: cma, dc, dc_mlx5, dc_x, ib, mm, posix, rc, rc_mlx5, rc_v, rc_verbs, rc_x, self, shm, sm, sysv, tcp, ud, ud_mlx5, ud_v, ud_verbs, ud_x
[1758694393.554164] [node4:317554:0]     ucp_context.c:1192 UCX  WARN  transports 'cuda_copy','gdr_copy','cuda_ipc' are not available, please use one or more of: cma, dc, dc_mlx5, dc_x, ib, mm, posix, rc, rc_mlx5, rc_v, rc_verbs, rc_x, self, shm, sm, sysv, tcp, ud, ud_mlx5, ud_v, ud_verbs, ud_x
[1758694393.559316] [node4:317555:0]           ib_md.c:1103 UCX  WARN  mlx5_0: relaxed order memory access requested, but unsupported
[1758694393.563107] [node1:473587:0]           ib_md.c:1103 UCX  WARN  mlx5_0: relaxed order memory access requested, but unsupported
[1758694393.560983] [node4:317556:0]           ib_md.c:1103 UCX  WARN  mlx5_0: relaxed order memory access requested, but unsupported
[1758694393.561525] [node4:317555:0]     ucp_context.c:1192 UCX  WARN  transports 'cuda_copy','gdr_copy','cuda_ipc' are not available, please use one or more of: cma, dc, dc_mlx5, dc_x, ib, mm, posix, rc, rc_mlx5, rc_v, rc_verbs, rc_x, self, shm, sm, sysv, tcp, ud, ud_mlx5, ud_v, ud_verbs, ud_x
[1758694393.565094] [node1:473587:0]     ucp_context.c:1192 UCX  WARN  transports 'cuda_copy','gdr_copy','cuda_ipc' are not available, please use one or more of: cma, dc, dc_mlx5, dc_x, ib, mm, posix, rc, rc_mlx5, rc_v, rc_verbs, rc_x, self, shm, sm, sysv, tcp, ud, ud_mlx5, ud_v, ud_verbs, ud_x
[1758694393.565833] [node1:473588:0]           ib_md.c:1103 UCX  WARN  mlx5_0: relaxed order memory access requested, but unsupported
[1758694393.563291] [node4:317556:0]     ucp_context.c:1192 UCX  WARN  transports 'cuda_copy','gdr_copy','cuda_ipc' are not available, please use one or more of: cma, dc, dc_mlx5, dc_x, ib, mm, posix, rc, rc_mlx5, rc_v, rc_verbs, rc_x, self, shm, sm, sysv, tcp, ud, ud_mlx5, ud_v, ud_verbs, ud_x
[1758694393.567761] [node1:473588:0]     ucp_context.c:1192 UCX  WARN  transports 'cuda_copy','gdr_copy','cuda_ipc' are not available, please use one or more of: cma, dc, dc_mlx5, dc_x, ib, mm, posix, rc, rc_mlx5, rc_v, rc_verbs, rc_x, self, shm, sm, sysv, tcp, ud, ud_mlx5, ud_v, ud_verbs, ud_x
[1758694393.585575] [node1:473587:0]     ucp_context.c:2137 UCX  WARN  UCP API version is incompatible: required >= 1.19, actual 1.16.0 (loaded from /usr/lib/x86_64-linux-gnu/libucp.so.0)
[1758694393.585603] [node1:473588:0]     ucp_context.c:2137 UCX  WARN  UCP API version is incompatible: required >= 1.19, actual 1.16.0 (loaded from /usr/lib/x86_64-linux-gnu/libucp.so.0)
[1758694393.585637] [node1:473585:0]     ucp_context.c:2137 UCX  WARN  UCP API version is incompatible: required >= 1.19, actual 1.16.0 (loaded from /usr/lib/x86_64-linux-gnu/libucp.so.0)
[1758694393.585637] [node1:473586:0]     ucp_context.c:2137 UCX  WARN  UCP API version is incompatible: required >= 1.19, actual 1.16.0 (loaded from /usr/lib/x86_64-linux-gnu/libucp.so.0)
[1758694393.582700] [node4:317555:0]     ucp_context.c:2137 UCX  WARN  UCP API version is incompatible: required >= 1.19, actual 1.16.0 (loaded from /usr/lib/x86_64-linux-gnu/libucp.so.0)
[1758694393.587206] [node2:361406:0]     ucp_context.c:2137 UCX  WARN  UCP API version is incompatible: required >= 1.19, actual 1.16.0 (loaded from /usr/lib/x86_64-linux-gnu/libucp.so.0)
[1758694393.587222] [node2:361405:0]     ucp_context.c:2137 UCX  WARN  UCP API version is incompatible: required >= 1.19, actual 1.16.0 (loaded from /usr/lib/x86_64-linux-gnu/libucp.so.0)
[1758694393.587217] [node2:361408:0]     ucp_context.c:2137 UCX  WARN  UCP API version is incompatible: required >= 1.19, actual 1.16.0 (loaded from /usr/lib/x86_64-linux-gnu/libucp.so.0)
[1758694393.582763] [node4:317556:0]     ucp_context.c:2137 UCX  WARN  UCP API version is incompatible: required >= 1.19, actual 1.16.0 (loaded from /usr/lib/x86_64-linux-gnu/libucp.so.0)
[1758694393.582782] [node4:317553:0]     ucp_context.c:2137 UCX  WARN  UCP API version is incompatible: required >= 1.19, actual 1.16.0 (loaded from /usr/lib/x86_64-linux-gnu/libucp.so.0)
[1758694393.582771] [node4:317554:0]     ucp_context.c:2137 UCX  WARN  UCP API version is incompatible: required >= 1.19, actual 1.16.0 (loaded from /usr/lib/x86_64-linux-gnu/libucp.so.0)
[1758694393.587222] [node2:361407:0]     ucp_context.c:2137 UCX  WARN  UCP API version is incompatible: required >= 1.19, actual 1.16.0 (loaded from /usr/lib/x86_64-linux-gnu/libucp.so.0)
[1758694393.580911] [node3:535283:0]     ucp_context.c:2137 UCX  WARN  UCP API version is incompatible: required >= 1.19, actual 1.16.0 (loaded from /usr/lib/x86_64-linux-gnu/libucp.so.0)
[1758694393.580975] [node3:535282:0]     ucp_context.c:2137 UCX  WARN  UCP API version is incompatible: required >= 1.19, actual 1.16.0 (loaded from /usr/lib/x86_64-linux-gnu/libucp.so.0)
[1758694393.581034] [node3:535285:0]     ucp_context.c:2137 UCX  WARN  UCP API version is incompatible: required >= 1.19, actual 1.16.0 (loaded from /usr/lib/x86_64-linux-gnu/libucp.so.0)
[1758694393.581058] [node3:535284:0]     ucp_context.c:2137 UCX  WARN  UCP API version is incompatible: required >= 1.19, actual 1.16.0 (loaded from /usr/lib/x86_64-linux-gnu/libucp.so.0)
[1758694393.591637] [node4:317555:0]           ib_md.c:1103 UCX  WARN  mlx5_0: relaxed order memory access requested, but unsupported
[1758694393.591931] [node4:317556:0]           ib_md.c:1103 UCX  WARN  mlx5_0: relaxed order memory access requested, but unsupported
[1758694393.595329] [node1:473587:0]           ib_md.c:1103 UCX  WARN  mlx5_0: relaxed order memory access requested, but unsupported
[1758694393.592286] [node4:317554:0]           ib_md.c:1103 UCX  WARN  mlx5_0: relaxed order memory access requested, but unsupported
[1758694393.595467] [node1:473585:0]           ib_md.c:1103 UCX  WARN  mlx5_0: relaxed order memory access requested, but unsupported
[1758694393.592491] [node4:317553:0]           ib_md.c:1103 UCX  WARN  mlx5_0: relaxed order memory access requested, but unsupported
[1758694393.595607] [node1:473588:0]           ib_md.c:1103 UCX  WARN  mlx5_0: relaxed order memory access requested, but unsupported
[1758694393.597144] [node2:361405:0]           ib_md.c:1103 UCX  WARN  mlx5_0: relaxed order memory access requested, but unsupported
[1758694393.595735] [node1:473586:0]           ib_md.c:1103 UCX  WARN  mlx5_0: relaxed order memory access requested, but unsupported
[1758694393.597160] [node2:361407:0]           ib_md.c:1103 UCX  WARN  mlx5_0: relaxed order memory access requested, but unsupported
[1758694393.597199] [node2:361408:0]           ib_md.c:1103 UCX  WARN  mlx5_0: relaxed order memory access requested, but unsupported
[1758694393.597352] [node2:361406:0]           ib_md.c:1103 UCX  WARN  mlx5_0: relaxed order memory access requested, but unsupported
[1758694393.593501] [node4:317555:0]     ucp_context.c:1192 UCX  WARN  transports 'cuda_copy','gdr_copy','cuda_ipc' are not available, please use one or more of: cma, dc, dc_mlx5, dc_x, ib, mm, posix, rc, rc_mlx5, rc_v, rc_verbs, rc_x, self, shm, sm, sysv, tcp, ud, ud_mlx5, ud_v, ud_verbs, ud_x
[1758694393.599027] [node2:361405:0]     ucp_context.c:1192 UCX  WARN  transports 'cuda_copy','gdr_copy','cuda_ipc' are not available, please use one or more of: cma, dc, dc_mlx5, dc_x, ib, mm, posix, rc, rc_mlx5, rc_v, rc_verbs, rc_x, self, shm, sm, sysv, tcp, ud, ud_mlx5, ud_v, ud_verbs, ud_x
[1758694393.592439] [node3:535283:0]           ib_md.c:1103 UCX  WARN  mlx5_0: relaxed order memory access requested, but unsupported
[1758694393.592456] [node3:535285:0]           ib_md.c:1103 UCX  WARN  mlx5_0: relaxed order memory access requested, but unsupported
[1758694393.592507] [node3:535282:0]           ib_md.c:1103 UCX  WARN  mlx5_0: relaxed order memory access requested, but unsupported
[1758694393.599183] [node2:361407:0]     ucp_context.c:1192 UCX  WARN  transports 'cuda_copy','gdr_copy','cuda_ipc' are not available, please use one or more of: cma, dc, dc_mlx5, dc_x, ib, mm, posix, rc, rc_mlx5, rc_v, rc_verbs, rc_x, self, shm, sm, sysv, tcp, ud, ud_mlx5, ud_v, ud_verbs, ud_x
[1758694393.599223] [node2:361408:0]     ucp_context.c:1192 UCX  WARN  transports 'cuda_copy','gdr_copy','cuda_ipc' are not available, please use one or more of: cma, dc, dc_mlx5, dc_x, ib, mm, posix, rc, rc_mlx5, rc_v, rc_verbs, rc_x, self, shm, sm, sysv, tcp, ud, ud_mlx5, ud_v, ud_verbs, ud_x
[1758694393.592690] [node3:535284:0]           ib_md.c:1103 UCX  WARN  mlx5_0: relaxed order memory access requested, but unsupported
[1758694393.599373] [node2:361406:0]     ucp_context.c:1192 UCX  WARN  transports 'cuda_copy','gdr_copy','cuda_ipc' are not available, please use one or more of: cma, dc, dc_mlx5, dc_x, ib, mm, posix, rc, rc_mlx5, rc_v, rc_verbs, rc_x, self, shm, sm, sysv, tcp, ud, ud_mlx5, ud_v, ud_verbs, ud_x
[1758694393.594860] [node4:317556:0]     ucp_context.c:1192 UCX  WARN  transports 'cuda_copy','gdr_copy','cuda_ipc' are not available, please use one or more of: cma, dc, dc_mlx5, dc_x, ib, mm, posix, rc, rc_mlx5, rc_v, rc_verbs, rc_x, self, shm, sm, sysv, tcp, ud, ud_mlx5, ud_v, ud_verbs, ud_x
[1758694393.595121] [node4:317554:0]     ucp_context.c:1192 UCX  WARN  transports 'cuda_copy','gdr_copy','cuda_ipc' are not available, please use one or more of: cma, dc, dc_mlx5, dc_x, ib, mm, posix, rc, rc_mlx5, rc_v, rc_verbs, rc_x, self, shm, sm, sysv, tcp, ud, ud_mlx5, ud_v, ud_verbs, ud_x
[1758694393.598264] [node1:473587:0]     ucp_context.c:1192 UCX  WARN  transports 'cuda_copy','gdr_copy','cuda_ipc' are not available, please use one or more of: cma, dc, dc_mlx5, dc_x, ib, mm, posix, rc, rc_mlx5, rc_v, rc_verbs, rc_x, self, shm, sm, sysv, tcp, ud, ud_mlx5, ud_v, ud_verbs, ud_x
[1758694393.598318] [node1:473585:0]     ucp_context.c:1192 UCX  WARN  transports 'cuda_copy','gdr_copy','cuda_ipc' are not available, please use one or more of: cma, dc, dc_mlx5, dc_x, ib, mm, posix, rc, rc_mlx5, rc_v, rc_verbs, rc_x, self, shm, sm, sysv, tcp, ud, ud_mlx5, ud_v, ud_verbs, ud_x
[1758694393.595428] [node4:317553:0]     ucp_context.c:1192 UCX  WARN  transports 'cuda_copy','gdr_copy','cuda_ipc' are not available, please use one or more of: cma, dc, dc_mlx5, dc_x, ib, mm, posix, rc, rc_mlx5, rc_v, rc_verbs, rc_x, self, shm, sm, sysv, tcp, ud, ud_mlx5, ud_v, ud_verbs, ud_x
[1758694393.598501] [node1:473588:0]     ucp_context.c:1192 UCX  WARN  transports 'cuda_copy','gdr_copy','cuda_ipc' are not available, please use one or more of: cma, dc, dc_mlx5, dc_x, ib, mm, posix, rc, rc_mlx5, rc_v, rc_verbs, rc_x, self, shm, sm, sysv, tcp, ud, ud_mlx5, ud_v, ud_verbs, ud_x
[1758694393.598668] [node1:473586:0]     ucp_context.c:1192 UCX  WARN  transports 'cuda_copy','gdr_copy','cuda_ipc' are not available, please use one or more of: cma, dc, dc_mlx5, dc_x, ib, mm, posix, rc, rc_mlx5, rc_v, rc_verbs, rc_x, self, shm, sm, sysv, tcp, ud, ud_mlx5, ud_v, ud_verbs, ud_x
[1758694393.594426] [node3:535283:0]     ucp_context.c:1192 UCX  WARN  transports 'cuda_copy','gdr_copy','cuda_ipc' are not available, please use one or more of: cma, dc, dc_mlx5, dc_x, ib, mm, posix, rc, rc_mlx5, rc_v, rc_verbs, rc_x, self, shm, sm, sysv, tcp, ud, ud_mlx5, ud_v, ud_verbs, ud_x
[1758694393.594537] [node3:535285:0]     ucp_context.c:1192 UCX  WARN  transports 'cuda_copy','gdr_copy','cuda_ipc' are not available, please use one or more of: cma, dc, dc_mlx5, dc_x, ib, mm, posix, rc, rc_mlx5, rc_v, rc_verbs, rc_x, self, shm, sm, sysv, tcp, ud, ud_mlx5, ud_v, ud_verbs, ud_x
[1758694393.594697] [node3:535282:0]     ucp_context.c:1192 UCX  WARN  transports 'cuda_copy','gdr_copy','cuda_ipc' are not available, please use one or more of: cma, dc, dc_mlx5, dc_x, ib, mm, posix, rc, rc_mlx5, rc_v, rc_verbs, rc_x, self, shm, sm, sysv, tcp, ud, ud_mlx5, ud_v, ud_verbs, ud_x
[1758694393.594848] [node3:535284:0]     ucp_context.c:1192 UCX  WARN  transports 'cuda_copy','gdr_copy','cuda_ipc' are not available, please use one or more of: cma, dc, dc_mlx5, dc_x, ib, mm, posix, rc, rc_mlx5, rc_v, rc_verbs, rc_x, self, shm, sm, sysv, tcp, ud, ud_mlx5, ud_v, ud_verbs, ud_x
[1758694393.625166] [node1:473586:0]     ucp_context.c:2137 UCX  WARN  UCP API version is incompatible: required >= 1.19, actual 1.16.0 (loaded from /usr/lib/x86_64-linux-gnu/libucp.so.0)
[1758694393.626703] [node2:361407:0]     ucp_context.c:2137 UCX  WARN  UCP API version is incompatible: required >= 1.19, actual 1.16.0 (loaded from /usr/lib/x86_64-linux-gnu/libucp.so.0)
[1758694393.622728] [node4:317556:0]     ucp_context.c:2137 UCX  WARN  UCP API version is incompatible: required >= 1.19, actual 1.16.0 (loaded from /usr/lib/x86_64-linux-gnu/libucp.so.0)
[1758694393.626214] [node1:473587:0]     ucp_context.c:2137 UCX  WARN  UCP API version is incompatible: required >= 1.19, actual 1.16.0 (loaded from /usr/lib/x86_64-linux-gnu/libucp.so.0)
[1758694393.627677] [node2:361408:0]     ucp_context.c:2137 UCX  WARN  UCP API version is incompatible: required >= 1.19, actual 1.16.0 (loaded from /usr/lib/x86_64-linux-gnu/libucp.so.0)
[1758694393.627737] [node2:361405:0]     ucp_context.c:2137 UCX  WARN  UCP API version is incompatible: required >= 1.19, actual 1.16.0 (loaded from /usr/lib/x86_64-linux-gnu/libucp.so.0)
[1758694393.627734] [node2:361406:0]     ucp_context.c:2137 UCX  WARN  UCP API version is incompatible: required >= 1.19, actual 1.16.0 (loaded from /usr/lib/x86_64-linux-gnu/libucp.so.0)
[1758694393.626333] [node1:473588:0]     ucp_context.c:2137 UCX  WARN  UCP API version is incompatible: required >= 1.19, actual 1.16.0 (loaded from /usr/lib/x86_64-linux-gnu/libucp.so.0)
[1758694393.626440] [node1:473585:0]     ucp_context.c:2137 UCX  WARN  UCP API version is incompatible: required >= 1.19, actual 1.16.0 (loaded from /usr/lib/x86_64-linux-gnu/libucp.so.0)
[1758694393.623389] [node4:317554:0]     ucp_context.c:2137 UCX  WARN  UCP API version is incompatible: required >= 1.19, actual 1.16.0 (loaded from /usr/lib/x86_64-linux-gnu/libucp.so.0)
[1758694393.621290] [node3:535283:0]     ucp_context.c:2137 UCX  WARN  UCP API version is incompatible: required >= 1.19, actual 1.16.0 (loaded from /usr/lib/x86_64-linux-gnu/libucp.so.0)
[1758694393.623464] [node4:317555:0]     ucp_context.c:2137 UCX  WARN  UCP API version is incompatible: required >= 1.19, actual 1.16.0 (loaded from /usr/lib/x86_64-linux-gnu/libucp.so.0)
[1758694393.623555] [node4:317553:0]     ucp_context.c:2137 UCX  WARN  UCP API version is incompatible: required >= 1.19, actual 1.16.0 (loaded from /usr/lib/x86_64-linux-gnu/libucp.so.0)
[1758694393.623755] [node3:535282:0]     ucp_context.c:2137 UCX  WARN  UCP API version is incompatible: required >= 1.19, actual 1.16.0 (loaded from /usr/lib/x86_64-linux-gnu/libucp.so.0)
[1758694393.623976] [node3:535285:0]     ucp_context.c:2137 UCX  WARN  UCP API version is incompatible: required >= 1.19, actual 1.16.0 (loaded from /usr/lib/x86_64-linux-gnu/libucp.so.0)
[1758694393.624116] [node3:535284:0]     ucp_context.c:2137 UCX  WARN  UCP API version is incompatible: required >= 1.19, actual 1.16.0 (loaded from /usr/lib/x86_64-linux-gnu/libucp.so.0)
[1758694393.634769] [node2:361407:0]           ib_md.c:1103 UCX  WARN  mlx5_0: relaxed order memory access requested, but unsupported
[1758694393.633677] [node1:473586:0]           ib_md.c:1103 UCX  WARN  mlx5_0: relaxed order memory access requested, but unsupported
[1758694393.631108] [node4:317556:0]           ib_md.c:1103 UCX  WARN  mlx5_0: relaxed order memory access requested, but unsupported
[1758694393.635922] [node2:361408:0]           ib_md.c:1103 UCX  WARN  mlx5_0: relaxed order memory access requested, but unsupported
[1758694393.634947] [node1:473587:0]           ib_md.c:1103 UCX  WARN  mlx5_0: relaxed order memory access requested, but unsupported
[1758694393.635062] [node1:473588:0]           ib_md.c:1103 UCX  WARN  mlx5_0: relaxed order memory access requested, but unsupported
[1758694393.635224] [node1:473585:0]           ib_md.c:1103 UCX  WARN  mlx5_0: relaxed order memory access requested, but unsupported
[1758694393.636755] [node2:361407:0]     ucp_context.c:1192 UCX  WARN  transports 'cuda_copy','gdr_copy','cuda_ipc' are not available, please use one or more of: cma, dc, dc_mlx5, dc_x, ib, mm, posix, rc, rc_mlx5, rc_v, rc_verbs, rc_x, self, shm, sm, sysv, tcp, ud, ud_mlx5, ud_v, ud_verbs, ud_x
[1758694393.636793] [node2:361405:0]           ib_md.c:1103 UCX  WARN  mlx5_0: relaxed order memory access requested, but unsupported
[1758694393.636866] [node2:361406:0]           ib_md.c:1103 UCX  WARN  mlx5_0: relaxed order memory access requested, but unsupported
[1758694393.632452] [node4:317555:0]           ib_md.c:1103 UCX  WARN  mlx5_0: relaxed order memory access requested, but unsupported
[1758694393.635590] [node1:473586:0]     ucp_context.c:1192 UCX  WARN  transports 'cuda_copy','gdr_copy','cuda_ipc' are not available, please use one or more of: cma, dc, dc_mlx5, dc_x, ib, mm, posix, rc, rc_mlx5, rc_v, rc_verbs, rc_x, self, shm, sm, sysv, tcp, ud, ud_mlx5, ud_v, ud_verbs, ud_x
[1758694393.632678] [node4:317553:0]           ib_md.c:1103 UCX  WARN  mlx5_0: relaxed order memory access requested, but unsupported
[1758694393.633048] [node4:317556:0]     ucp_context.c:1192 UCX  WARN  transports 'cuda_copy','gdr_copy','cuda_ipc' are not available, please use one or more of: cma, dc, dc_mlx5, dc_x, ib, mm, posix, rc, rc_mlx5, rc_v, rc_verbs, rc_x, self, shm, sm, sysv, tcp, ud, ud_mlx5, ud_v, ud_verbs, ud_x
[1758694393.633276] [node4:317554:0]           ib_md.c:1103 UCX  WARN  mlx5_0: relaxed order memory access requested, but unsupported
[1758694393.637836] [node2:361408:0]     ucp_context.c:1192 UCX  WARN  transports 'cuda_copy','gdr_copy','cuda_ipc' are not available, please use one or more of: cma, dc, dc_mlx5, dc_x, ib, mm, posix, rc, rc_mlx5, rc_v, rc_verbs, rc_x, self, shm, sm, sysv, tcp, ud, ud_mlx5, ud_v, ud_verbs, ud_x
[1758694393.631328] [node3:535283:0]           ib_md.c:1103 UCX  WARN  mlx5_0: relaxed order memory access requested, but unsupported
[1758694393.636801] [node1:473587:0]     ucp_context.c:1192 UCX  WARN  transports 'cuda_copy','gdr_copy','cuda_ipc' are not available, please use one or more of: cma, dc, dc_mlx5, dc_x, ib, mm, posix, rc, rc_mlx5, rc_v, rc_verbs, rc_x, self, shm, sm, sysv, tcp, ud, ud_mlx5, ud_v, ud_verbs, ud_x
[1758694393.636901] [node1:473588:0]     ucp_context.c:1192 UCX  WARN  transports 'cuda_copy','gdr_copy','cuda_ipc' are not available, please use one or more of: cma, dc, dc_mlx5, dc_x, ib, mm, posix, rc, rc_mlx5, rc_v, rc_verbs, rc_x, self, shm, sm, sysv, tcp, ud, ud_mlx5, ud_v, ud_verbs, ud_x
[1758694393.637014] [node1:473585:0]     ucp_context.c:1192 UCX  WARN  transports 'cuda_copy','gdr_copy','cuda_ipc' are not available, please use one or more of: cma, dc, dc_mlx5, dc_x, ib, mm, posix, rc, rc_mlx5, rc_v, rc_verbs, rc_x, self, shm, sm, sysv, tcp, ud, ud_mlx5, ud_v, ud_verbs, ud_x
[1758694393.638628] [node2:361405:0]     ucp_context.c:1192 UCX  WARN  transports 'cuda_copy','gdr_copy','cuda_ipc' are not available, please use one or more of: cma, dc, dc_mlx5, dc_x, ib, mm, posix, rc, rc_mlx5, rc_v, rc_verbs, rc_x, self, shm, sm, sysv, tcp, ud, ud_mlx5, ud_v, ud_verbs, ud_x
[1758694393.638709] [node2:361406:0]     ucp_context.c:1192 UCX  WARN  transports 'cuda_copy','gdr_copy','cuda_ipc' are not available, please use one or more of: cma, dc, dc_mlx5, dc_x, ib, mm, posix, rc, rc_mlx5, rc_v, rc_verbs, rc_x, self, shm, sm, sysv, tcp, ud, ud_mlx5, ud_v, ud_verbs, ud_x
[1758694393.634301] [node4:317555:0]     ucp_context.c:1192 UCX  WARN  transports 'cuda_copy','gdr_copy','cuda_ipc' are not available, please use one or more of: cma, dc, dc_mlx5, dc_x, ib, mm, posix, rc, rc_mlx5, rc_v, rc_verbs, rc_x, self, shm, sm, sysv, tcp, ud, ud_mlx5, ud_v, ud_verbs, ud_x
[1758694393.634676] [node4:317553:0]     ucp_context.c:1192 UCX  WARN  transports 'cuda_copy','gdr_copy','cuda_ipc' are not available, please use one or more of: cma, dc, dc_mlx5, dc_x, ib, mm, posix, rc, rc_mlx5, rc_v, rc_verbs, rc_x, self, shm, sm, sysv, tcp, ud, ud_mlx5, ud_v, ud_verbs, ud_x
[1758694393.635231] [node4:317554:0]     ucp_context.c:1192 UCX  WARN  transports 'cuda_copy','gdr_copy','cuda_ipc' are not available, please use one or more of: cma, dc, dc_mlx5, dc_x, ib, mm, posix, rc, rc_mlx5, rc_v, rc_verbs, rc_x, self, shm, sm, sysv, tcp, ud, ud_mlx5, ud_v, ud_verbs, ud_x
[1758694393.633335] [node3:535283:0]     ucp_context.c:1192 UCX  WARN  transports 'cuda_copy','gdr_copy','cuda_ipc' are not available, please use one or more of: cma, dc, dc_mlx5, dc_x, ib, mm, posix, rc, rc_mlx5, rc_v, rc_verbs, rc_x, self, shm, sm, sysv, tcp, ud, ud_mlx5, ud_v, ud_verbs, ud_x
[1758694393.634833] [node3:535285:0]           ib_md.c:1103 UCX  WARN  mlx5_0: relaxed order memory access requested, but unsupported
[1758694393.635056] [node3:535282:0]           ib_md.c:1103 UCX  WARN  mlx5_0: relaxed order memory access requested, but unsupported
[1758694393.635212] [node3:535284:0]           ib_md.c:1103 UCX  WARN  mlx5_0: relaxed order memory access requested, but unsupported
[1758694393.636834] [node3:535285:0]     ucp_context.c:1192 UCX  WARN  transports 'cuda_copy','gdr_copy','cuda_ipc' are not available, please use one or more of: cma, dc, dc_mlx5, dc_x, ib, mm, posix, rc, rc_mlx5, rc_v, rc_verbs, rc_x, self, shm, sm, sysv, tcp, ud, ud_mlx5, ud_v, ud_verbs, ud_x
[1758694393.637052] [node3:535282:0]     ucp_context.c:1192 UCX  WARN  transports 'cuda_copy','gdr_copy','cuda_ipc' are not available, please use one or more of: cma, dc, dc_mlx5, dc_x, ib, mm, posix, rc, rc_mlx5, rc_v, rc_verbs, rc_x, self, shm, sm, sysv, tcp, ud, ud_mlx5, ud_v, ud_verbs, ud_x
[1758694393.637198] [node3:535284:0]     ucp_context.c:1192 UCX  WARN  transports 'cuda_copy','gdr_copy','cuda_ipc' are not available, please use one or more of: cma, dc, dc_mlx5, dc_x, ib, mm, posix, rc, rc_mlx5, rc_v, rc_verbs, rc_x, self, shm, sm, sysv, tcp, ud, ud_mlx5, ud_v, ud_verbs, ud_x

================================================================================
HPL-NVIDIA 25.4.0  -- NVIDIA accelerated HPL benchmark -- NVIDIA
================================================================================
HPLinpack 2.1  --  High-Performance Linpack benchmark  --   October 26, 2012
Written by A. Petitet and R. Clint Whaley,  Innovative Computing Laboratory, UTK
Modified by Piotr Luszczek, Innovative Computing Laboratory, UTK
Modified by Julien Langou, University of Colorado Denver
================================================================================

An explanation of the input/output parameters follows:
T/V    : Wall time / encoded variant.
N      : The order of the coefficient matrix A.
NB     : The partitioning blocking factor.
P      : The number of process rows.
Q      : The number of process columns.
Time   : Time in seconds to solve the linear system.
Gflops : Rate of execution for solving the linear system.

The following parameter values will be used:

N      :  275500 
NB     :     512 
PMAP   : Column-major process mapping
P      :       4 
Q      :       4 
PFACT  :    Left 
NBMIN  :       2 
NDIV   :       2 
RFACT  :    Left 
BCAST  :  2ringM 
DEPTH  :       1 
SWAP   : Spread-roll (long)
L1     : no-transposed form
U      : transposed form
EQUIL  : no
ALIGN  : 8 double precision words

--------------------------------------------------------------------------------

- The matrix A is randomly generated for each test.
- The following scaled residual check will be computed:
      ||Ax-b||_oo / ( eps * ( || x ||_oo * || A ||_oo + || b ||_oo ) * N )
- The relative machine precision (eps) is taken to be               1.110223e-16
- Computational tests pass if scaled residuals are less than                16.0


HPL-NVIDIA ignores the following parameters from input file:
	* Broadcast parameters
	* Panel factorization parameters
	* Look-ahead value
	* L1 layout
	* U layout
	* Equilibration parameter
	* Memory alignment parameter

HPL-NVIDIA settings from environment variables:
--- DEVICE INFO ---
  Peak clock frequency: 1410 MHz
  SM version          : 80
  Number of SMs       : 108
-------------------
[HPL TRACE] cuda_nvshmem_init: max=1.1753 (0) min=1.1753 (7)
[WARNING] Change Input N 275500 to 275456
[HPL TRACE] ncclCommInitRank: max=0.0927 (10) min=0.0911 (0)
[HPL TRACE] cugetrfs_mp_init: max=0.1772 (11) min=0.1752 (1)
--- MEMORY INFO ---
DEVICE
  System           =      2.76079 GiB (MIN)      2.76079 GiB (MAX)      2.76079 GiB (AVG)
  HPL buffers      =     38.90533 GiB (MIN)     39.43073 GiB (MAX)     39.16754 GiB (AVG)
  Used             =     41.66611 GiB (MIN)     42.19151 GiB (MAX)     41.92833 GiB (AVG)
  Total            =     40.00000 GiB (MIN)     40.00000 GiB (MAX)     40.00000 GiB (AVG)
HOST
  HPL buffers      =      0.00055 GiB (MIN)      0.00055 GiB (MAX)      0.00055 GiB (AVG)
-------------------

 ... Testing HPL components ... 

 **** Factorization, m = 69120, policy = 0 **** 
avg time =    13.45 ms, avg =  1347.26. min =  1297.27 [rank 8, host node3, gpuID 0000:01:00.0], max =  1371.06 GFLOPS

 **** Factorization, m = 69120, policy = 1 **** 
avg time =    18.72 ms, avg =   967.98. min =   939.73 [rank 8, host node3, gpuID 0000:01:00.0], max =   984.07 GFLOPS

 **** Factorization, m = 34304, policy = 0 **** 
avg time =    10.83 ms, avg =   830.32. min =   820.27 [rank 4, host node2, gpuID 0000:01:00.0], max =   842.15 GFLOPS

 **** Factorization, m = 34304, policy = 1 **** 
avg time =    15.76 ms, avg =   570.74. min =   555.75 [rank 8, host node3, gpuID 0000:01:00.0], max =   580.88 GFLOPS

 **** Factorization, m = 16896, policy = 0 **** 
avg time =     9.45 ms, avg =   468.75. min =   463.00 [rank 8, host node3, gpuID 0000:01:00.0], max =   476.59 GFLOPS

 **** Factorization, m = 16896, policy = 1 **** 
avg time =    14.66 ms, avg =   302.05. min =   290.07 [rank 8, host node3, gpuID 0000:01:00.0], max =   307.26 GFLOPS

 **** Factorization, m = 512, policy = 0 **** 
avg time =     8.03 ms, avg =    16.71. min =    16.42 [rank 8, host node3, gpuID 0000:01:00.0], max =    17.16 GFLOPS

 **** Factorization, m = 512, policy = 1 **** 
avg time =    13.17 ms, avg =    10.19. min =     9.96 [rank 8, host node3, gpuID 0000:01:00.0], max =    10.32 GFLOPS

 **** ncclBcast( Row ) **** 
avg time =   196.64 ms, avg =     1.44. min =     1.43 [rank 13, host node4, gpuID 0000:41:00.0], max =     1.45 GBS

 **** ncclAllGather( Col ) **** 
avg time =     0.18 ms, avg =   185.21. min =   174.30 [rank 2, host node1, gpuID 0000:81:00.0], max =   195.72 GBS

 **** Latency ncclAllGather, m = 1 **** 
avg time =     5.39 ms, avg =     0.00. min =     0.00 [rank 10, host node3, gpuID 0000:81:00.0], max =     0.00 GBS

 **** Latency ncclAllGather, m = 2 **** 
avg time =     5.26 ms, avg =     0.01. min =     0.01 [rank 0, host node1, gpuID 0000:01:00.0], max =     0.01 GBS

 **** Latency ncclAllGather, m = 32 **** 
avg time =     5.38 ms, avg =     0.10. min =     0.10 [rank 2, host node1, gpuID 0000:81:00.0], max =     0.10 GBS

 **** Latency ncclAllGather, m = 512 **** 
avg time =     6.87 ms, avg =     1.22. min =     1.22 [rank 4, host node2, gpuID 0000:01:00.0], max =     1.23 GBS

 **** Latency ncclAllGather, m = 1024 **** 
avg time =     7.36 ms, avg =     2.28. min =     2.28 [rank 3, host node1, gpuID 0000:C1:00.0], max =     2.29 GBS

 **** Latency Host MPI_Allgather, m = 1 **** 
avg time =     1.26 ms, avg =     0.01. min =     0.01 [rank 1, host node1, gpuID 0000:41:00.0], max =     0.01 GBS

 **** Latency Host MPI_Allgather, m = 2 **** 
avg time =     1.28 ms, avg =     0.03. min =     0.02 [rank 0, host node1, gpuID 0000:01:00.0], max =     0.03 GBS

 **** Latency Host MPI_Allgather, m = 32 **** 
avg time =     1.53 ms, avg =     0.34. min =     0.32 [rank 10, host node3, gpuID 0000:81:00.0], max =     0.35 GBS

 **** Latency Host MPI_Allgather, m = 512 **** 
avg time =     3.17 ms, avg =     2.65. min =     2.57 [rank 10, host node3, gpuID 0000:81:00.0], max =     2.78 GBS

 **** Latency Host MPI_Allgather, m = 1024 **** 
avg time =     5.07 ms, avg =     3.31. min =     3.13 [rank 8, host node3, gpuID 0000:01:00.0], max =     3.54 GBS

 **** Latency ncclBcast, m = 1 **** 
avg time =     4.21 ms, avg =     0.00. min =     0.00 [rank 11, host node3, gpuID 0000:C1:00.0], max =     0.00 GBS

 **** Latency ncclBcast, m = 32 **** 
avg time =     4.12 ms, avg =     0.03. min =     0.03 [rank 2, host node1, gpuID 0000:81:00.0], max =     0.03 GBS

 **** Latency ncclBcast, m = 512 **** 
avg time =     4.91 ms, avg =     0.43. min =     0.42 [rank 3, host node1, gpuID 0000:C1:00.0], max =     0.43 GBS

 **** Latency Host MPI_Bcast, m = 1 **** 
avg time =     0.41 ms, avg =     0.01. min =     0.01 [rank 10, host node3, gpuID 0000:81:00.0], max =     0.01 GBS

 **** Latency Host MPI_Bcast, m = 32 **** 
avg time =     0.47 ms, avg =     0.28. min =     0.27 [rank 10, host node3, gpuID 0000:81:00.0], max =     0.29 GBS

 **** Latency Host MPI_Bcast, m = 512 **** 
avg time =     1.58 ms, avg =     1.32. min =     1.18 [rank 7, host node2, gpuID 0000:C1:00.0], max =     2.05 GBS

 **** GEMM **** 
avg time =    32.39 ms, avg = 17900.43. min = 17623.79 [rank 13, host node4, gpuID 0000:41:00.0], max = 18137.06 GFLOPS

 ... End of Testing HPL components ... 

[HPL TRACE] HPL_pdmatgen_gpu: max=0.0276 (6) min=0.0275 (11)
[0;31m Prog= 1.66%	N_left=   273920	Time=   1.44	Time_left=  85.03	iGF= 161144.81	GF= 161144.81	iGF_per= 10071.55 	GF_per= 10071.55[0m
[0;31m Prog= 3.31%	N_left=   272384	Time=   2.48	Time_left=  72.43	iGF= 220389.94	GF= 186005.59	iGF_per= 13774.37 	GF_per= 11625.35[0m
[0;31m Prog= 4.94%	N_left=   270848	Time=   3.32	Time_left=  64.03	iGF= 268025.86	GF= 206870.40	iGF_per= 16751.62 	GF_per= 12929.40[0m
[0;31m Prog= 6.01%	N_left=   269824	Time=   3.86	Time_left=  60.38	iGF= 279202.34	GF= 216915.46	iGF_per= 17450.15 	GF_per= 13557.22[0m
[0;31m Prog= 7.61%	N_left=   268288	Time=   4.67	Time_left=  56.74	iGF= 274498.61	GF= 226904.51	iGF_per= 17156.16 	GF_per= 14181.53[0m
[0;31m Prog= 9.18%	N_left=   266752	Time=   5.48	Time_left=  54.17	iGF= 272197.87	GF= 233582.83	iGF_per= 17012.37 	GF_per= 14598.93[0m
[0;31m Prog= 10.23%	N_left=   265728	Time=   6.00	Time_left=  52.70	iGF= 277098.67	GF= 237381.28	iGF_per= 17318.67 	GF_per= 14836.33[0m
[0;31m Prog= 11.77%	N_left=   264192	Time=   6.81	Time_left=  51.02	iGF= 267458.09	GF= 240943.56	iGF_per= 16716.13 	GF_per= 15058.97[0m
[0;31m Prog= 13.30%	N_left=   262656	Time=   7.59	Time_left=  49.45	iGF= 273559.26	GF= 244293.31	iGF_per= 17097.45 	GF_per= 15268.33[0m
[0;31m Prog= 14.31%	N_left=   261632	Time=   8.11	Time_left=  48.53	iGF= 271501.88	GF= 246033.30	iGF_per= 16968.87 	GF_per= 15377.08[0m
[0;31m Prog= 15.81%	N_left=   260096	Time=   8.89	Time_left=  47.34	iGF= 265863.73	GF= 247786.85	iGF_per= 16616.48 	GF_per= 15486.68[0m
[0;31m Prog= 17.30%	N_left=   258560	Time=   9.65	Time_left=  46.16	iGF= 271231.09	GF= 249636.63	iGF_per= 16951.94 	GF_per= 15602.29[0m
[0;31m Prog= 18.27%	N_left=   257536	Time=  10.15	Time_left=  45.41	iGF= 272120.28	GF= 250746.21	iGF_per= 17007.52 	GF_per= 15671.64[0m
[0;31m Prog= 19.73%	N_left=   256000	Time=  10.92	Time_left=  44.42	iGF= 265700.86	GF= 251790.38	iGF_per= 16606.30 	GF_per= 15736.90[0m
[0;31m Prog= 21.16%	N_left=   254464	Time=  11.66	Time_left=  43.43	iGF= 269938.33	GF= 252944.39	iGF_per= 16871.15 	GF_per= 15809.02[0m
[0;31m Prog= 22.58%	N_left=   252928	Time=  12.40	Time_left=  42.49	iGF= 268332.47	GF= 253859.13	iGF_per= 16770.78 	GF_per= 15866.20[0m
[0;31m Prog= 23.52%	N_left=   251904	Time=  12.88	Time_left=  41.88	iGF= 269688.66	GF= 254453.81	iGF_per= 16855.54 	GF_per= 15903.36[0m
[0;31m Prog= 24.91%	N_left=   250368	Time=  13.59	Time_left=  40.97	iGF= 272294.07	GF= 255387.83	iGF_per= 17018.38 	GF_per= 15961.74[0m
[0;31m Prog= 26.28%	N_left=   248832	Time=  14.43	Time_left=  40.47	iGF= 228384.55	GF= 253819.53	iGF_per= 14274.03 	GF_per= 15863.72[0m
[0;31m Prog= 27.19%	N_left=   247808	Time=  15.18	Time_left=  40.65	iGF= 168148.99	GF= 249580.92	iGF_per= 10509.31 	GF_per= 15598.81[0m
[0;31m Prog= 28.54%	N_left=   246272	Time=  16.13	Time_left=  40.39	iGF= 197570.97	GF= 246520.94	iGF_per= 12348.19 	GF_per= 15407.56[0m
[0;31m Prog= 29.86%	N_left=   244736	Time=  16.84	Time_left=  39.54	iGF= 261370.99	GF= 247145.74	iGF_per= 16335.69 	GF_per= 15446.61[0m
[0;31m Prog= 30.74%	N_left=   243712	Time=  17.28	Time_left=  38.94	iGF= 274541.66	GF= 247851.06	iGF_per= 17158.85 	GF_per= 15490.69[0m
[0;31m Prog= 32.04%	N_left=   242176	Time=  17.96	Time_left=  38.09	iGF= 267632.89	GF= 248597.28	iGF_per= 16727.06 	GF_per= 15537.33[0m
[0;31m Prog= 33.33%	N_left=   240640	Time=  18.66	Time_left=  37.32	iGF= 256553.25	GF= 248894.85	iGF_per= 16034.58 	GF_per= 15555.93[0m
[0;31m Prog= 34.18%	N_left=   239616	Time=  19.09	Time_left=  36.76	iGF= 275389.14	GF= 249490.10	iGF_per= 17211.82 	GF_per= 15593.13[0m
[0;31m Prog= 35.43%	N_left=   238080	Time=  19.74	Time_left=  35.98	iGF= 266576.45	GF= 250059.04	iGF_per= 16661.03 	GF_per= 15628.69[0m
[0;31m Prog= 36.67%	N_left=   236544	Time=  20.42	Time_left=  35.27	iGF= 254386.81	GF= 250203.15	iGF_per= 15899.18 	GF_per= 15637.70[0m
[0;31m Prog= 37.90%	N_left=   235008	Time=  21.07	Time_left=  34.52	iGF= 264835.78	GF= 250651.00	iGF_per= 16552.24 	GF_per= 15665.69[0m
[0;31m Prog= 38.71%	N_left=   233984	Time=  21.50	Time_left=  34.04	iGF= 261437.79	GF= 250867.12	iGF_per= 16339.86 	GF_per= 15679.19[0m
[0;31m Prog= 39.91%	N_left=   232448	Time=  22.17	Time_left=  33.39	iGF= 247724.43	GF= 250771.53	iGF_per= 15482.78 	GF_per= 15673.22[0m
[0;31m Prog= 41.09%	N_left=   230912	Time=  22.81	Time_left=  32.70	iGF= 258866.85	GF= 250997.58	iGF_per= 16179.18 	GF_per= 15687.35[0m
[0;31m Prog= 41.87%	N_left=   229888	Time=  23.23	Time_left=  32.25	iGF= 259743.95	GF= 251155.18	iGF_per= 16234.00 	GF_per= 15697.20[0m
[0;31m Prog= 43.03%	N_left=   228352	Time=  23.90	Time_left=  31.64	iGF= 241214.28	GF= 250877.07	iGF_per= 15075.89 	GF_per= 15679.82[0m
[0;31m Prog= 44.17%	N_left=   226816	Time=  24.52	Time_left=  31.00	iGF= 254216.54	GF= 250962.30	iGF_per= 15888.53 	GF_per= 15685.14[0m
[0;31m Prog= 44.92%	N_left=   225792	Time=  24.93	Time_left=  30.57	iGF= 255842.49	GF= 251042.54	iGF_per= 15990.16 	GF_per= 15690.16[0m
[0;31m Prog= 46.04%	N_left=   224256	Time=  25.59	Time_left=  30.00	iGF= 236296.61	GF= 250663.23	iGF_per= 14768.54 	GF_per= 15666.45[0m
[0;31m Prog= 47.14%	N_left=   222720	Time=  26.20	Time_left=  29.38	iGF= 251902.15	GF= 250692.04	iGF_per= 15743.88 	GF_per= 15668.25[0m
[0;31m Prog= 47.87%	N_left=   221696	Time=  26.61	Time_left=  28.98	iGF= 249105.07	GF= 250667.82	iGF_per= 15569.07 	GF_per= 15666.74[0m
[0;31m Prog= 48.94%	N_left=   220160	Time=  27.25	Time_left=  28.43	iGF= 233697.35	GF= 250268.23	iGF_per= 14606.08 	GF_per= 15641.76[0m
[0;31m Prog= 50.00%	N_left=   218624	Time=  27.85	Time_left=  27.85	iGF= 245436.12	GF= 250163.71	iGF_per= 15339.76 	GF_per= 15635.23[0m
[0;31m Prog= 50.70%	N_left=   217600	Time=  28.25	Time_left=  27.46	iGF= 245569.87	GF= 250099.18	iGF_per= 15348.12 	GF_per= 15631.20[0m
[0;31m Prog= 51.74%	N_left=   216064	Time=  28.88	Time_left=  26.94	iGF= 227741.79	GF= 249608.26	iGF_per= 14233.86 	GF_per= 15600.52[0m
[0;31m Prog= 52.76%	N_left=   214528	Time=  29.47	Time_left=  26.39	iGF= 240421.97	GF= 249423.66	iGF_per= 15026.37 	GF_per= 15588.98[0m
[0;31m Prog= 53.77%	N_left=   212992	Time=  30.08	Time_left=  25.87	iGF= 230770.29	GF= 249046.49	iGF_per= 14423.14 	GF_per= 15565.41[0m
[0;31m Prog= 54.43%	N_left=   211968	Time=  30.48	Time_left=  25.52	iGF= 232023.62	GF= 248823.94	iGF_per= 14501.48 	GF_per= 15551.50[0m
[0;31m Prog= 55.42%	N_left=   210432	Time=  31.06	Time_left=  24.99	iGF= 238512.19	GF= 248633.18	iGF_per= 14907.01 	GF_per= 15539.57[0m
[0;31m Prog= 56.39%	N_left=   208896	Time=  31.64	Time_left=  24.48	iGF= 229297.99	GF= 248273.33	iGF_per= 14331.12 	GF_per= 15517.08[0m
[0;31m Prog= 57.02%	N_left=   207872	Time=  32.04	Time_left=  24.15	iGF= 226312.23	GF= 248003.96	iGF_per= 14144.51 	GF_per= 15500.25[0m
[0;31m Prog= 57.97%	N_left=   206336	Time=  32.60	Time_left=  23.64	iGF= 233824.33	GF= 247758.86	iGF_per= 14614.02 	GF_per= 15484.93[0m
[0;31m Prog= 58.90%	N_left=   204800	Time=  33.17	Time_left=  23.15	iGF= 226882.15	GF= 247398.78	iGF_per= 14180.13 	GF_per= 15462.42[0m
[0;31m Prog= 59.51%	N_left=   203776	Time=  33.56	Time_left=  22.83	iGF= 219769.43	GF= 247078.62	iGF_per= 13735.59 	GF_per= 15442.41[0m
[0;31m Prog= 60.42%	N_left=   202240	Time=  34.12	Time_left=  22.35	iGF= 228986.75	GF= 246785.41	iGF_per= 14311.67 	GF_per= 15424.09[0m
[0;31m Prog= 61.32%	N_left=   200704	Time=  34.68	Time_left=  21.88	iGF= 219120.90	GF= 246331.51	iGF_per= 13695.06 	GF_per= 15395.72[0m
[0;31m Prog= 61.91%	N_left=   199680	Time=  35.06	Time_left=  21.57	iGF= 217516.23	GF= 246021.39	iGF_per= 13594.76 	GF_per= 15376.34[0m
[0;31m Prog= 62.78%	N_left=   198144	Time=  35.61	Time_left=  21.11	iGF= 222337.34	GF= 245657.78	iGF_per= 13896.08 	GF_per= 15353.61[0m
[0;31m Prog= 63.64%	N_left=   196608	Time=  36.17	Time_left=  20.67	iGF= 213908.07	GF= 245166.64	iGF_per= 13369.25 	GF_per= 15322.92[0m
[0;31m Prog= 64.48%	N_left=   195072	Time=  36.70	Time_left=  20.21	iGF= 221099.70	GF= 244817.19	iGF_per= 13818.73 	GF_per= 15301.07[0m
[0;31m Prog= 65.04%	N_left=   194048	Time=  37.08	Time_left=  19.93	iGF= 204482.26	GF= 244404.78	iGF_per= 12780.14 	GF_per= 15275.30[0m
[0;31m Prog= 65.86%	N_left=   192512	Time=  37.63	Time_left=  19.50	iGF= 209471.59	GF= 243896.15	iGF_per= 13091.97 	GF_per= 15243.51[0m
[0;31m Prog= 66.67%	N_left=   190976	Time=  38.15	Time_left=  19.07	iGF= 214840.85	GF= 243495.80	iGF_per= 13427.55 	GF_per= 15218.49[0m
[0;31m Prog= 67.21%	N_left=   189952	Time=  38.52	Time_left=  18.80	iGF= 200265.32	GF= 243079.50	iGF_per= 12516.58 	GF_per= 15192.47[0m
[0;31m Prog= 68.00%	N_left=   188416	Time=  39.07	Time_left=  18.39	iGF= 202567.93	GF= 242516.65	iGF_per= 12660.50 	GF_per= 15157.29[0m
[0;31m Prog= 68.77%	N_left=   186880	Time=  39.58	Time_left=  17.97	iGF= 212739.07	GF= 242134.07	iGF_per= 13296.19 	GF_per= 15133.38[0m
[0;31m Prog= 69.28%	N_left=   185856	Time=  39.94	Time_left=  17.71	iGF= 196583.91	GF= 241721.37	iGF_per= 12286.49 	GF_per= 15107.59[0m
[0;31m Prog= 70.04%	N_left=   184320	Time=  40.46	Time_left=  17.31	iGF= 199973.29	GF= 241178.39	iGF_per= 12498.33 	GF_per= 15073.65[0m
[0;31m Prog= 70.78%	N_left=   182784	Time=  40.97	Time_left=  16.91	iGF= 204577.81	GF= 240726.42	iGF_per= 12786.11 	GF_per= 15045.40[0m
[0;31m Prog= 71.27%	N_left=   181760	Time=  41.33	Time_left=  16.66	iGF= 190102.36	GF= 240287.99	iGF_per= 11881.40 	GF_per= 15018.00[0m
[0;31m Prog= 71.99%	N_left=   180224	Time=  41.84	Time_left=  16.28	iGF= 194625.41	GF= 239723.75	iGF_per= 12164.09 	GF_per= 14982.73[0m
[0;31m Prog= 72.70%	N_left=   178688	Time=  42.33	Time_left=  15.90	iGF= 201921.16	GF= 239286.24	iGF_per= 12620.07 	GF_per= 14955.39[0m
[0;31m Prog= 73.17%	N_left=   177664	Time=  42.68	Time_left=  15.65	iGF= 186467.40	GF= 238854.76	iGF_per= 11654.21 	GF_per= 14928.42[0m
[0;31m Prog= 73.86%	N_left=   176128	Time=  43.19	Time_left=  15.29	iGF= 191136.04	GF= 238299.04	iGF_per= 11946.00 	GF_per= 14893.69[0m
[0;31m Prog= 74.54%	N_left=   174592	Time=  43.72	Time_left=  14.93	iGF= 177754.29	GF= 237563.02	iGF_per= 11109.64 	GF_per= 14847.69[0m
[0;31m Prog= 75.20%	N_left=   173056	Time=  44.36	Time_left=  14.63	iGF= 145600.65	GF= 236241.28	iGF_per=  9100.04 	GF_per= 14765.08[0m
[0;31m Prog= 75.64%	N_left=   172032	Time=  44.68	Time_left=  14.39	iGF= 188911.96	GF= 235899.37	iGF_per= 11807.00 	GF_per= 14743.71[0m
[0;31m Prog= 76.29%	N_left=   170496	Time=  45.20	Time_left=  14.05	iGF= 173498.15	GF= 235182.33	iGF_per= 10843.63 	GF_per= 14698.90[0m
[0;31m Prog= 76.92%	N_left=   168960	Time=  45.82	Time_left=  13.75	iGF= 143112.15	GF= 233939.65	iGF_per=  8944.51 	GF_per= 14621.23[0m
[0;31m Prog= 77.34%	N_left=   167936	Time=  46.13	Time_left=  13.52	iGF= 186006.02	GF= 233615.00	iGF_per= 11625.38 	GF_per= 14600.94[0m
[0;31m Prog= 77.96%	N_left=   166400	Time=  46.58	Time_left=  13.17	iGF= 188899.26	GF= 233178.75	iGF_per= 11806.20 	GF_per= 14573.67[0m
[0;31m Prog= 78.56%	N_left=   164864	Time=  47.07	Time_left=  12.84	iGF= 174557.22	GF= 232577.39	iGF_per= 10909.83 	GF_per= 14536.09[0m
[0;31m Prog= 78.96%	N_left=   163840	Time=  47.37	Time_left=  12.62	iGF= 181581.35	GF= 232249.42	iGF_per= 11348.83 	GF_per= 14515.59[0m
[0;31m Prog= 79.54%	N_left=   162304	Time=  47.81	Time_left=  12.30	iGF= 184367.24	GF= 231805.68	iGF_per= 11522.95 	GF_per= 14487.85[0m
[0;31m Prog= 80.12%	N_left=   160768	Time=  48.28	Time_left=  11.98	iGF= 170563.83	GF= 231209.56	iGF_per= 10660.24 	GF_per= 14450.60[0m
[0;31m Prog= 80.50%	N_left=   159744	Time=  48.58	Time_left=  11.77	iGF= 175313.82	GF= 230864.39	iGF_per= 10957.11 	GF_per= 14429.02[0m
[0;31m Prog= 81.05%	N_left=   158208	Time=  49.02	Time_left=  11.46	iGF= 179410.03	GF= 230410.11	iGF_per= 11213.13 	GF_per= 14400.63[0m
[0;31m Prog= 81.60%	N_left=   156672	Time=  49.48	Time_left=  11.16	iGF= 165073.74	GF= 229800.95	iGF_per= 10317.11 	GF_per= 14362.56[0m
[0;31m Prog= 82.14%	N_left=   155136	Time=  49.92	Time_left=  10.86	iGF= 169365.04	GF= 229267.18	iGF_per= 10585.31 	GF_per= 14329.20[0m
[0;31m Prog= 82.49%	N_left=   154112	Time=  50.20	Time_left=  10.66	iGF= 176274.11	GF= 228973.92	iGF_per= 11017.13 	GF_per= 14310.87[0m
[0;31m Prog= 83.01%	N_left=   152576	Time=  50.65	Time_left=  10.37	iGF= 158778.53	GF= 228343.42	iGF_per=  9923.66 	GF_per= 14271.46[0m
[0;31m Prog= 83.51%	N_left=   151040	Time=  51.08	Time_left=  10.08	iGF= 164384.11	GF= 227804.16	iGF_per= 10274.01 	GF_per= 14237.76[0m
[0;31m Prog= 83.85%	N_left=   150016	Time=  51.35	Time_left=   9.89	iGF= 170050.37	GF= 227497.26	iGF_per= 10628.15 	GF_per= 14218.58[0m
[0;31m Prog= 84.34%	N_left=   148480	Time=  51.80	Time_left=   9.62	iGF= 154783.22	GF= 226876.62	iGF_per=  9673.95 	GF_per= 14179.79[0m
[0;31m Prog= 84.82%	N_left=   146944	Time=  52.21	Time_left=   9.35	iGF= 160547.77	GF= 226346.27	iGF_per= 10034.24 	GF_per= 14146.64[0m
[0;31m Prog= 85.13%	N_left=   145920	Time=  52.48	Time_left=   9.16	iGF= 167705.98	GF= 226053.65	iGF_per= 10481.62 	GF_per= 14128.35[0m
[0;31m Prog= 85.60%	N_left=   144384	Time=  52.90	Time_left=   8.90	iGF= 151862.55	GF= 225455.93	iGF_per=  9491.41 	GF_per= 14091.00[0m
[0;31m Prog= 86.05%	N_left=   142848	Time=  53.31	Time_left=   8.64	iGF= 155195.77	GF= 224917.84	iGF_per=  9699.74 	GF_per= 14057.37[0m
[0;31m Prog= 86.35%	N_left=   141824	Time=  53.57	Time_left=   8.47	iGF= 161431.62	GF= 224613.23	iGF_per= 10089.48 	GF_per= 14038.33[0m
[0;31m Prog= 86.79%	N_left=   140288	Time=  53.98	Time_left=   8.22	iGF= 147620.55	GF= 224022.66	iGF_per=  9226.28 	GF_per= 14001.42[0m
[0;31m Prog= 87.22%	N_left=   138752	Time=  54.38	Time_left=   7.97	iGF= 150815.78	GF= 223488.86	iGF_per=  9425.99 	GF_per= 13968.05[0m
[0;31m Prog= 88.71%	N_left=   133120	Time=  55.81	Time_left=   7.10	iGF= 145753.27	GF= 221499.36	iGF_per=  9109.58 	GF_per= 13843.71[0m
[0;31m Prog= 89.97%	N_left=   128000	Time=  57.05	Time_left=   6.36	iGF= 139914.68	GF= 219715.18	iGF_per=  8744.67 	GF_per= 13732.20[0m
[0;31m Prog= 91.23%	N_left=   122368	Time=  58.37	Time_left=   5.61	iGF= 133973.90	GF= 217779.51	iGF_per=  8373.37 	GF_per= 13611.22[0m
[0;31m Prog= 92.39%	N_left=   116736	Time=  59.64	Time_left=   4.91	iGF= 126504.96	GF= 215831.64	iGF_per=  7906.56 	GF_per= 13489.48[0m
[0;31m Prog= 93.44%	N_left=   111104	Time=  60.83	Time_left=   4.27	iGF= 123308.27	GF= 214028.11	iGF_per=  7706.77 	GF_per= 13376.76[0m
[0;31m Prog= 94.30%	N_left=   105984	Time=  61.87	Time_left=   3.74	iGF= 115560.76	GF= 212366.37	iGF_per=  7222.55 	GF_per= 13272.90[0m
[0;31m Prog= 95.16%	N_left=   100352	Time=  62.96	Time_left=   3.20	iGF= 110623.43	GF= 210614.53	iGF_per=  6913.96 	GF_per= 13163.41[0m
[0;31m Prog= 95.93%	N_left=    94720	Time=  63.98	Time_left=   2.71	iGF= 104550.63	GF= 208915.05	iGF_per=  6534.41 	GF_per= 13057.19[0m
[0;31m Prog= 96.62%	N_left=    89088	Time=  64.98	Time_left=   2.28	iGF= 95406.43	GF= 207172.60	iGF_per=  5962.90 	GF_per= 12948.29[0m
[0;31m Prog= 97.17%	N_left=    83968	Time=  65.83	Time_left=   1.92	iGF= 90348.77	GF= 205666.24	iGF_per=  5646.80 	GF_per= 12854.14[0m
[0;31m Prog= 99.15%	N_left=    56320	Time=  69.54	Time_left=   0.60	iGF= 74262.97	GF= 198654.03	iGF_per=  4641.44 	GF_per= 12415.88[0m
[0;31m Prog= 99.89%	N_left=    28672	Time=  71.91	Time_left=   0.08	iGF= 43707.69	GF= 193557.17	iGF_per=  2731.73 	GF_per= 12097.32[0m
[0;31m Prog= 100.00%	N_left=     1024	Time=  73.01	Time_left=   0.00	iGF= 14206.27	GF= 190840.17	iGF_per=   887.89 	GF_per= 11927.51[0m
================================================================================
T/V                N    NB     P     Q         Time          Gflops (   per GPU)
--------------------------------------------------------------------------------
WC0           275456   512     4     4        73.36       1.899e+05 ( 1.187e+04)

HPL_pdgesv() start time Wed Sep 24 06:13:25 2025
HPL_pdgesv() end time   Wed Sep 24 06:14:38 2025

--------------------------------------------------------------------------------
||Ax-b||_oo/(eps*(||A||_oo*||x||_oo+||b||_oo)*N)=   0.000393451589 ...... PASSED
||Ax-b||_oo  . . . . . . . . . . . . . . . . . = 0.0000000024051240
||A||_oo . . . . . . . . . . . . . . . . . . . = 69188.8666610130167101
||x||_oo . . . . . . . . . . . . . . . . . . . = 2.8889854523624678
||b||_oo . . . . . . . . . . . . . . . . . . . = 0.9795775527173944
================================================================================

Finished      1 tests with the following results:
              1 tests completed and passed residual checks,
              0 tests completed and failed residual checks,
              0 tests skipped because of illegal input values.
--------------------------------------------------------------------------------

End of Tests.
================================================================================
