[node1:1615915:1:1615957]      cma_ep.c:85   process_vm_writev(pid=1615917 {0x725792400000,524288}-->{0x73b6a2400000,524288}) returned -1: Bad address
==== backtrace (tid:1615957) ====
 0  /usr/lib/x86_64-linux-gnu/libucs.so.0(ucs_handle_error+0x2ec) [0x7257f41c564c]
 1  /usr/lib/x86_64-linux-gnu/libucs.so.0(ucs_fatal_error_message+0xb2) [0x7257f41c57f2]
 2  /usr/lib/x86_64-linux-gnu/libucs.so.0(ucs_log_default_handler+0x9d3) [0x7257f41cacc3]
 3  /usr/lib/x86_64-linux-gnu/libucs.so.0(ucs_log_dispatch+0xf6) [0x7257f41c36d6]
 4  /usr/lib/x86_64-linux-gnu/ucx/libuct_cma.so.0(+0x3d89) [0x7257fa14cd89]
 5  /usr/lib/x86_64-linux-gnu/ucx/libuct_cma.so.0(uct_cma_ep_tx+0x2ba) [0x7257fa14d06a]
 6  /usr/lib/x86_64-linux-gnu/libuct.so.0(uct_scopy_ep_progress_tx+0x77) [0x7257f314d947]
 7  /usr/lib/x86_64-linux-gnu/libucs.so.0(ucs_arbiter_dispatch_nonempty+0x119) [0x7257f41b9f09]
 8  /usr/lib/x86_64-linux-gnu/libuct.so.0(uct_scopy_iface_progress+0x88) [0x7257f3159be8]
 9  /usr/lib/x86_64-linux-gnu/libucs.so.0(+0x25c18) [0x7257f41bfc18]
10  /usr/lib/x86_64-linux-gnu/libucp.so.0(ucp_worker_progress+0x7a) [0x7257dd6f82ca]
11  /home/hpc/hpcx/hpcx-v2.24-gcc-doca_ofed-ubuntu24.04-cuda13-x86_64/ompi/lib/libopen-pal.so.40(opal_progress+0x34) [0x7257f2d20314]
12  /home/hpc/hpcx/hpcx-v2.24-gcc-doca_ofed-ubuntu24.04-cuda13-x86_64/ompi/lib/libopen-pal.so.40(ompi_sync_wait_mt+0x115) [0x7257f2d26b15]
13  /home/hpc/hpcx/hpcx-v2.24-gcc-doca_ofed-ubuntu24.04-cuda13-x86_64/ompi/lib/libmpi.so.40(ompi_request_default_wait+0x24b) [0x72582bb3203b]
14  /home/hpc/hpcx/hpcx-v2.24-gcc-doca_ofed-ubuntu24.04-cuda13-x86_64/ompi/lib/libmpi.so.40(PMPI_Wait+0x1e) [0x72582bb5ee9e]
15  ./xhpl_mxp-nvidia() [0x50eac7]
16  ./xhpl_mxp-nvidia() [0x4dc7d3]
17  ./xhpl_mxp-nvidia() [0x4df810]
18  ./xhpl_mxp-nvidia() [0x4df793]
19  ./xhpl_mxp-nvidia() [0x4df703]
20  ./xhpl_mxp-nvidia() [0x4df6bc]
21  ./xhpl_mxp-nvidia() [0x4df6a0]
22  ./xhpl_mxp-nvidia() [0x5bd493]
23  /usr/lib/x86_64-linux-gnu/libc.so.6(+0x9caa4) [0x7257f2a9caa4]
24  /usr/lib/x86_64-linux-gnu/libc.so.6(+0x129c6c) [0x7257f2b29c6c]
=================================
[node1:1615915] *** Process received signal ***
[node1:1615915] Signal: Aborted (6)
[node1:1615915] Signal code:  (-6)
[node1:1615915] [ 0] /usr/lib/x86_64-linux-gnu/libc.so.6(+0x45330)[0x7257f2a45330]
[node1:1615915] [ 1] /usr/lib/x86_64-linux-gnu/libc.so.6(pthread_kill+0x11c)[0x7257f2a9eb2c]
[node1:1615915] [ 2] /usr/lib/x86_64-linux-gnu/libc.so.6(gsignal+0x1e)[0x7257f2a4527e]
[node1:1615915] [ 3] /usr/lib/x86_64-linux-gnu/libc.so.6(abort+0xdf)[0x7257f2a288ff]
[node1:1615915] [ 4] [node1:1615914:1:1615953]      cma_ep.c:85   process_vm_writev(pid=1615916 {0x7990a6400000,524288}-->{0x70bdd2400000,524288}) returned -1: Bad address
/usr/lib/x86_64-linux-gnu/libucs.so.0(+0x2b7f7)[0x7257f41c57f7]
[node1:1615915] [ 5] /usr/lib/x86_64-linux-gnu/libucs.so.0(ucs_log_default_handler+0x9d3)[0x7257f41cacc3]
[node1:1615915] [ 6] /usr/lib/x86_64-linux-gnu/libucs.so.0(ucs_log_dispatch+0xf6)[0x7257f41c36d6]
[node1:1615915] [ 7] /usr/lib/x86_64-linux-gnu/ucx/libuct_cma.so.0(+0x3d89)[0x7257fa14cd89]
[node1:1615915] [ 8] /usr/lib/x86_64-linux-gnu/ucx/libuct_cma.so.0(uct_cma_ep_tx+0x2ba)[0x7257fa14d06a]
[node1:1615915] [ 9] /usr/lib/x86_64-linux-gnu/libuct.so.0(uct_scopy_ep_progress_tx+0x77)[0x7257f314d947]
[node1:1615915] [10] /usr/lib/x86_64-linux-gnu/libucs.so.0(ucs_arbiter_dispatch_nonempty+0x119)[0x7257f41b9f09]
[node1:1615915] [11] /usr/lib/x86_64-linux-gnu/libuct.so.0(uct_scopy_iface_progress+0x88)[0x7257f3159be8]
[node1:1615915] [12] /usr/lib/x86_64-linux-gnu/libucs.so.0(+0x25c18)[0x7257f41bfc18]
[node1:1615915] [13] /usr/lib/x86_64-linux-gnu/libucp.so.0(ucp_worker_progress+0x7a)[0x7257dd6f82ca]
[node1:1615915] [14] /home/hpc/hpcx/hpcx-v2.24-gcc-doca_ofed-ubuntu24.04-cuda13-x86_64/ompi/lib/libopen-pal.so.40(opal_progress+0x34)[0x7257f2d20314]
[node1:1615915] [15] /home/hpc/hpcx/hpcx-v2.24-gcc-doca_ofed-ubuntu24.04-cuda13-x86_64/ompi/lib/libopen-pal.so.40(ompi_sync_wait_mt+0x115)[0x7257f2d26b15]
[node1:1615915] [16] /home/hpc/hpcx/hpcx-v2.24-gcc-doca_ofed-ubuntu24.04-cuda13-x86_64/ompi/lib/libmpi.so.40(ompi_request_default_wait+0x24b)[0x72582bb3203b]
[node1:1615915] [17] /home/hpc/hpcx/hpcx-v2.24-gcc-doca_ofed-ubuntu24.04-cuda13-x86_64/ompi/lib/libmpi.so.40(PMPI_Wait+0x1e)[0x72582bb5ee9e]
[node1:1615915] [18] ./xhpl_mxp-nvidia[0x50eac7]
[node1:1615915] [19] ./xhpl_mxp-nvidia[0x4dc7d3]
[node1:1615915] [20] ./xhpl_mxp-nvidia[0x4df810]
[node1:1615915] [21] ./xhpl_mxp-nvidia[0x4df793]
[node1:1615915] [22] ./xhpl_mxp-nvidia[0x4df703]
[node1:1615915] [23] ./xhpl_mxp-nvidia[0x4df6bc]
[node1:1615915] [24] ./xhpl_mxp-nvidia[0x4df6a0]
[node1:1615915] [25] ./xhpl_mxp-nvidia[0x5bd493]
[node1:1615915] [26] /usr/lib/x86_64-linux-gnu/libc.so.6(+0x9caa4)[0x7257f2a9caa4]
[node1:1615915] [27] /usr/lib/x86_64-linux-gnu/libc.so.6(+0x129c6c)[0x7257f2b29c6c]
[node1:1615915] *** End of error message ***
==== backtrace (tid:1615953) ====
 0  /usr/lib/x86_64-linux-gnu/libucs.so.0(ucs_handle_error+0x2ec) [0x79910f2aa64c]
 1  /usr/lib/x86_64-linux-gnu/libucs.so.0(ucs_fatal_error_message+0xb2) [0x79910f2aa7f2]
 2  /usr/lib/x86_64-linux-gnu/libucs.so.0(ucs_log_default_handler+0x9d3) [0x79910f2afcc3]
 3  /usr/lib/x86_64-linux-gnu/libucs.so.0(ucs_log_dispatch+0xf6) [0x79910f2a86d6]
 4  /usr/lib/x86_64-linux-gnu/ucx/libuct_cma.so.0(+0x3d89) [0x79910eeabd89]
 5  /usr/lib/x86_64-linux-gnu/ucx/libuct_cma.so.0(uct_cma_ep_tx+0x2ba) [0x79910eeac06a]
 6  /usr/lib/x86_64-linux-gnu/libuct.so.0(uct_scopy_ep_progress_tx+0x77) [0x79910f24d947]
 7  /usr/lib/x86_64-linux-gnu/libucs.so.0(ucs_arbiter_dispatch_nonempty+0x119) [0x79910f29ef09]
 8  /usr/lib/x86_64-linux-gnu/libuct.so.0(uct_scopy_iface_progress+0x88) [0x79910f259be8]
 9  /usr/lib/x86_64-linux-gnu/libucs.so.0(+0x25c18) [0x79910f2a4c18]
10  /usr/lib/x86_64-linux-gnu/libucp.so.0(ucp_worker_progress+0x7a) [0x7990f9cf82ca]
11  /home/hpc/hpcx/hpcx-v2.24-gcc-doca_ofed-ubuntu24.04-cuda13-x86_64/ompi/lib/libopen-pal.so.40(opal_progress+0x34) [0x79910f320314]
12  /home/hpc/hpcx/hpcx-v2.24-gcc-doca_ofed-ubuntu24.04-cuda13-x86_64/ompi/lib/libopen-pal.so.40(ompi_sync_wait_mt+0x115) [0x79910f326b15]
13  /home/hpc/hpcx/hpcx-v2.24-gcc-doca_ofed-ubuntu24.04-cuda13-x86_64/ompi/lib/libmpi.so.40(ompi_request_default_wait+0x24b) [0x79914813203b]
14  /home/hpc/hpcx/hpcx-v2.24-gcc-doca_ofed-ubuntu24.04-cuda13-x86_64/ompi/lib/libmpi.so.40(PMPI_Wait+0x1e) [0x79914815ee9e]
15  ./xhpl_mxp-nvidia() [0x50eac7]
16  ./xhpl_mxp-nvidia() [0x4dc7d3]
17  ./xhpl_mxp-nvidia() [0x4df810]
18  ./xhpl_mxp-nvidia() [0x4df793]
19  ./xhpl_mxp-nvidia() [0x4df703]
20  ./xhpl_mxp-nvidia() [0x4df6bc]
21  ./xhpl_mxp-nvidia() [0x4df6a0]
22  ./xhpl_mxp-nvidia() [0x5bd493]
23  /usr/lib/x86_64-linux-gnu/libc.so.6(+0x9caa4) [0x79910f09caa4]
24  /usr/lib/x86_64-linux-gnu/libc.so.6(+0x129c6c) [0x79910f129c6c]
=================================
[node1:1615914] *** Process received signal ***
[node1:1615914] Signal: Aborted (6)
[node1:1615914] Signal code:  (-6)
[node1:1615914] [ 0] /usr/lib/x86_64-linux-gnu/libc.so.6(+0x45330)[0x79910f045330]
[node1:1615914] [ 1] /usr/lib/x86_64-linux-gnu/libc.so.6(pthread_kill+0x11c)[0x79910f09eb2c]
[node1:1615914] [ 2] /usr/lib/x86_64-linux-gnu/libc.so.6(gsignal+0x1e)[0x79910f04527e]
[node1:1615914] [ 3] /usr/lib/x86_64-linux-gnu/libc.so.6(abort+0xdf)[0x79910f0288ff]
[node1:1615914] [ 4] /usr/lib/x86_64-linux-gnu/libucs.so.0(+0x2b7f7)[0x79910f2aa7f7]
[node1:1615914] [ 5] /usr/lib/x86_64-linux-gnu/libucs.so.0(ucs_log_default_handler+0x9d3)[0x79910f2afcc3]
[node1:1615914] [ 6] /usr/lib/x86_64-linux-gnu/libucs.so.0(ucs_log_dispatch+0xf6)[0x79910f2a86d6]
[node1:1615914] [ 7] /usr/lib/x86_64-linux-gnu/ucx/libuct_cma.so.0(+0x3d89)[0x79910eeabd89]
[node1:1615914] [ 8] /usr/lib/x86_64-linux-gnu/ucx/libuct_cma.so.0(uct_cma_ep_tx+0x2ba)[0x79910eeac06a]
[node1:1615914] [ 9] /usr/lib/x86_64-linux-gnu/libuct.so.0(uct_scopy_ep_progress_tx+0x77)[0x79910f24d947]
[node1:1615914] [10] /usr/lib/x86_64-linux-gnu/libucs.so.0(ucs_arbiter_dispatch_nonempty+0x119)[0x79910f29ef09]
[node1:1615914] [11] /usr/lib/x86_64-linux-gnu/libuct.so.0(uct_scopy_iface_progress+0x88)[0x79910f259be8]
[node1:1615914] [12] /usr/lib/x86_64-linux-gnu/libucs.so.0(+0x25c18)[0x79910f2a4c18]
[node1:1615914] [13] /usr/lib/x86_64-linux-gnu/libucp.so.0(ucp_worker_progress+0x7a)[0x7990f9cf82ca]
[node1:1615914] [14] /home/hpc/hpcx/hpcx-v2.24-gcc-doca_ofed-ubuntu24.04-cuda13-x86_64/ompi/lib/libopen-pal.so.40(opal_progress+0x34)[0x79910f320314]
[node1:1615914] [15] /home/hpc/hpcx/hpcx-v2.24-gcc-doca_ofed-ubuntu24.04-cuda13-x86_64/ompi/lib/libopen-pal.so.40(ompi_sync_wait_mt+0x115)[0x79910f326b15]
[node1:1615914] [16] /home/hpc/hpcx/hpcx-v2.24-gcc-doca_ofed-ubuntu24.04-cuda13-x86_64/ompi/lib/libmpi.so.40(ompi_request_default_wait+0x24b)[0x79914813203b]
[node1:1615914] [17] /home/hpc/hpcx/hpcx-v2.24-gcc-doca_ofed-ubuntu24.04-cuda13-x86_64/ompi/lib/libmpi.so.40(PMPI_Wait+0x1e)[0x79914815ee9e]
[node1:1615914] [18] ./xhpl_mxp-nvidia[0x50eac7]
[node1:1615914] [19] ./xhpl_mxp-nvidia[0x4dc7d3]
[node1:1615914] [20] ./xhpl_mxp-nvidia[0x4df810]
[node1:1615914] [21] ./xhpl_mxp-nvidia[0x4df793]
[node1:1615914] [22] ./xhpl_mxp-nvidia[0x4df703]
[node1:1615914] [23] ./xhpl_mxp-nvidia[0x4df6bc]
[node1:1615914] [24] ./xhpl_mxp-nvidia[0x4df6a0]
[node1:1615914] [25] ./xhpl_mxp-nvidia[0x5bd493]
[node1:1615914] [26] /usr/lib/x86_64-linux-gnu/libc.so.6(+0x9caa4)[0x79910f09caa4]
[node1:1615914] [27] /usr/lib/x86_64-linux-gnu/libc.so.6(+0x129c6c)[0x79910f129c6c]
[node1:1615914] *** End of error message ***
--------------------------------------------------------------------------
Primary job  terminated normally, but 1 process returned
a non-zero exit code. Per user-direction, the job has been aborted.
--------------------------------------------------------------------------
--------------------------------------------------------------------------
mpirun noticed that process rank 0 with PID 1615914 on node node1 exited on signal 6 (Aborted).
--------------------------------------------------------------------------
