[1758695177.380131] [node2:362838:0]     ucp_context.c:2137 UCX  WARN  UCP API version is incompatible: required >= 1.19, actual 1.16.0 (loaded from /usr/lib/x86_64-linux-gnu/libucp.so.0)
[1758695177.380194] [node2:362839:0]     ucp_context.c:2137 UCX  WARN  UCP API version is incompatible: required >= 1.19, actual 1.16.0 (loaded from /usr/lib/x86_64-linux-gnu/libucp.so.0)
[1758695177.383491] [node2:362840:0]     ucp_context.c:2137 UCX  WARN  UCP API version is incompatible: required >= 1.19, actual 1.16.0 (loaded from /usr/lib/x86_64-linux-gnu/libucp.so.0)
[1758695177.385943] [node3:572307:0]     ucp_context.c:2137 UCX  WARN  UCP API version is incompatible: required >= 1.19, actual 1.16.0 (loaded from /usr/lib/x86_64-linux-gnu/libucp.so.0)
[1758695177.386154] [node2:362841:0]     ucp_context.c:2137 UCX  WARN  UCP API version is incompatible: required >= 1.19, actual 1.16.0 (loaded from /usr/lib/x86_64-linux-gnu/libucp.so.0)
[1758695177.390235] [node1:476747:0]     ucp_context.c:2137 UCX  WARN  UCP API version is incompatible: required >= 1.19, actual 1.16.0 (loaded from /usr/lib/x86_64-linux-gnu/libucp.so.0)
[1758695177.390244] [node1:476746:0]     ucp_context.c:2137 UCX  WARN  UCP API version is incompatible: required >= 1.19, actual 1.16.0 (loaded from /usr/lib/x86_64-linux-gnu/libucp.so.0)
[1758695177.391754] [node2:362839:0]           ib_md.c:1103 UCX  WARN  mlx5_0: relaxed order memory access requested, but unsupported
[1758695177.391941] [node2:362838:0]           ib_md.c:1103 UCX  WARN  mlx5_0: relaxed order memory access requested, but unsupported
[1758695177.393284] [node3:572308:0]     ucp_context.c:2137 UCX  WARN  UCP API version is incompatible: required >= 1.19, actual 1.16.0 (loaded from /usr/lib/x86_64-linux-gnu/libucp.so.0)
[1758695177.393978] [node2:362840:0]           ib_md.c:1103 UCX  WARN  mlx5_0: relaxed order memory access requested, but unsupported
[1758695177.394012] [node2:362839:0]     ucp_context.c:1192 UCX  WARN  transports 'cuda_copy','gdr_copy','cuda_ipc' are not available, please use one or more of: cma, dc, dc_mlx5, dc_x, ib, mm, posix, rc, rc_mlx5, rc_v, rc_verbs, rc_x, self, shm, sm, sysv, tcp, ud, ud_mlx5, ud_v, ud_verbs, ud_x
[1758695177.394056] [node2:362838:0]     ucp_context.c:1192 UCX  WARN  transports 'cuda_copy','gdr_copy','cuda_ipc' are not available, please use one or more of: cma, dc, dc_mlx5, dc_x, ib, mm, posix, rc, rc_mlx5, rc_v, rc_verbs, rc_x, self, shm, sm, sysv, tcp, ud, ud_mlx5, ud_v, ud_verbs, ud_x
[1758695177.389955] [node4:570195:0]     ucp_context.c:2137 UCX  WARN  UCP API version is incompatible: required >= 1.19, actual 1.16.0 (loaded from /usr/lib/x86_64-linux-gnu/libucp.so.0)
[1758695177.390362] [node4:570194:0]     ucp_context.c:2137 UCX  WARN  UCP API version is incompatible: required >= 1.19, actual 1.16.0 (loaded from /usr/lib/x86_64-linux-gnu/libucp.so.0)
[1758695177.397390] [node3:572307:0]           ib_md.c:1103 UCX  WARN  mlx5_0: relaxed order memory access requested, but unsupported
[1758695177.397150] [node2:362840:0]     ucp_context.c:1192 UCX  WARN  transports 'cuda_copy','gdr_copy','cuda_ipc' are not available, please use one or more of: cma, dc, dc_mlx5, dc_x, ib, mm, posix, rc, rc_mlx5, rc_v, rc_verbs, rc_x, self, shm, sm, sysv, tcp, ud, ud_mlx5, ud_v, ud_verbs, ud_x
[1758695177.397264] [node2:362841:0]           ib_md.c:1103 UCX  WARN  mlx5_0: relaxed order memory access requested, but unsupported
[1758695177.402182] [node1:476746:0]           ib_md.c:1103 UCX  WARN  mlx5_0: relaxed order memory access requested, but unsupported
[1758695177.399401] [node3:572307:0]     ucp_context.c:1192 UCX  WARN  transports 'cuda_copy','gdr_copy','cuda_ipc' are not available, please use one or more of: cma, dc, dc_mlx5, dc_x, ib, mm, posix, rc, rc_mlx5, rc_v, rc_verbs, rc_x, self, shm, sm, sysv, tcp, ud, ud_mlx5, ud_v, ud_verbs, ud_x
[1758695177.402335] [node1:476747:0]           ib_md.c:1103 UCX  WARN  mlx5_0: relaxed order memory access requested, but unsupported
[1758695177.402446] [node1:476748:0]     ucp_context.c:2137 UCX  WARN  UCP API version is incompatible: required >= 1.19, actual 1.16.0 (loaded from /usr/lib/x86_64-linux-gnu/libucp.so.0)
[1758695177.399544] [node2:362841:0]     ucp_context.c:1192 UCX  WARN  transports 'cuda_copy','gdr_copy','cuda_ipc' are not available, please use one or more of: cma, dc, dc_mlx5, dc_x, ib, mm, posix, rc, rc_mlx5, rc_v, rc_verbs, rc_x, self, shm, sm, sysv, tcp, ud, ud_mlx5, ud_v, ud_verbs, ud_x
[1758695177.404236] [node1:476746:0]     ucp_context.c:1192 UCX  WARN  transports 'cuda_copy','gdr_copy','cuda_ipc' are not available, please use one or more of: cma, dc, dc_mlx5, dc_x, ib, mm, posix, rc, rc_mlx5, rc_v, rc_verbs, rc_x, self, shm, sm, sysv, tcp, ud, ud_mlx5, ud_v, ud_verbs, ud_x
[1758695177.404350] [node1:476747:0]     ucp_context.c:1192 UCX  WARN  transports 'cuda_copy','gdr_copy','cuda_ipc' are not available, please use one or more of: cma, dc, dc_mlx5, dc_x, ib, mm, posix, rc, rc_mlx5, rc_v, rc_verbs, rc_x, self, shm, sm, sysv, tcp, ud, ud_mlx5, ud_v, ud_verbs, ud_x
[1758695177.403982] [node3:572308:0]           ib_md.c:1103 UCX  WARN  mlx5_0: relaxed order memory access requested, but unsupported
[1758695177.398789] [node4:570196:0]     ucp_context.c:2137 UCX  WARN  UCP API version is incompatible: required >= 1.19, actual 1.16.0 (loaded from /usr/lib/x86_64-linux-gnu/libucp.so.0)
[1758695177.407207] [node1:476749:0]     ucp_context.c:2137 UCX  WARN  UCP API version is incompatible: required >= 1.19, actual 1.16.0 (loaded from /usr/lib/x86_64-linux-gnu/libucp.so.0)
[1758695177.400655] [node4:570197:0]     ucp_context.c:2137 UCX  WARN  UCP API version is incompatible: required >= 1.19, actual 1.16.0 (loaded from /usr/lib/x86_64-linux-gnu/libucp.so.0)
[1758695177.406083] [node3:572308:0]     ucp_context.c:1192 UCX  WARN  transports 'cuda_copy','gdr_copy','cuda_ipc' are not available, please use one or more of: cma, dc, dc_mlx5, dc_x, ib, mm, posix, rc, rc_mlx5, rc_v, rc_verbs, rc_x, self, shm, sm, sysv, tcp, ud, ud_mlx5, ud_v, ud_verbs, ud_x
[1758695177.401710] [node4:570194:0]           ib_md.c:1103 UCX  WARN  mlx5_0: relaxed order memory access requested, but unsupported
[1758695177.401931] [node4:570195:0]           ib_md.c:1103 UCX  WARN  mlx5_0: relaxed order memory access requested, but unsupported
[1758695177.403745] [node4:570194:0]     ucp_context.c:1192 UCX  WARN  transports 'cuda_copy','gdr_copy','cuda_ipc' are not available, please use one or more of: cma, dc, dc_mlx5, dc_x, ib, mm, posix, rc, rc_mlx5, rc_v, rc_verbs, rc_x, self, shm, sm, sysv, tcp, ud, ud_mlx5, ud_v, ud_verbs, ud_x
[1758695177.404027] [node4:570195:0]     ucp_context.c:1192 UCX  WARN  transports 'cuda_copy','gdr_copy','cuda_ipc' are not available, please use one or more of: cma, dc, dc_mlx5, dc_x, ib, mm, posix, rc, rc_mlx5, rc_v, rc_verbs, rc_x, self, shm, sm, sysv, tcp, ud, ud_mlx5, ud_v, ud_verbs, ud_x
[1758695177.413347] [node1:476748:0]           ib_md.c:1103 UCX  WARN  mlx5_0: relaxed order memory access requested, but unsupported
[1758695177.411137] [node3:572309:0]     ucp_context.c:2137 UCX  WARN  UCP API version is incompatible: required >= 1.19, actual 1.16.0 (loaded from /usr/lib/x86_64-linux-gnu/libucp.so.0)
[1758695177.416134] [node1:476748:0]     ucp_context.c:1192 UCX  WARN  transports 'cuda_copy','gdr_copy','cuda_ipc' are not available, please use one or more of: cma, dc, dc_mlx5, dc_x, ib, mm, posix, rc, rc_mlx5, rc_v, rc_verbs, rc_x, self, shm, sm, sysv, tcp, ud, ud_mlx5, ud_v, ud_verbs, ud_x
[1758695177.409046] [node4:570196:0]           ib_md.c:1103 UCX  WARN  mlx5_0: relaxed order memory access requested, but unsupported
[1758695177.414930] [node3:572310:0]     ucp_context.c:2137 UCX  WARN  UCP API version is incompatible: required >= 1.19, actual 1.16.0 (loaded from /usr/lib/x86_64-linux-gnu/libucp.so.0)
[1758695177.418229] [node1:476749:0]           ib_md.c:1103 UCX  WARN  mlx5_0: relaxed order memory access requested, but unsupported
[1758695177.410473] [node4:570197:0]           ib_md.c:1103 UCX  WARN  mlx5_0: relaxed order memory access requested, but unsupported
[1758695177.411075] [node4:570196:0]     ucp_context.c:1192 UCX  WARN  transports 'cuda_copy','gdr_copy','cuda_ipc' are not available, please use one or more of: cma, dc, dc_mlx5, dc_x, ib, mm, posix, rc, rc_mlx5, rc_v, rc_verbs, rc_x, self, shm, sm, sysv, tcp, ud, ud_mlx5, ud_v, ud_verbs, ud_x
[1758695177.412470] [node4:570197:0]     ucp_context.c:1192 UCX  WARN  transports 'cuda_copy','gdr_copy','cuda_ipc' are not available, please use one or more of: cma, dc, dc_mlx5, dc_x, ib, mm, posix, rc, rc_mlx5, rc_v, rc_verbs, rc_x, self, shm, sm, sysv, tcp, ud, ud_mlx5, ud_v, ud_verbs, ud_x
[1758695177.421410] [node1:476749:0]     ucp_context.c:1192 UCX  WARN  transports 'cuda_copy','gdr_copy','cuda_ipc' are not available, please use one or more of: cma, dc, dc_mlx5, dc_x, ib, mm, posix, rc, rc_mlx5, rc_v, rc_verbs, rc_x, self, shm, sm, sysv, tcp, ud, ud_mlx5, ud_v, ud_verbs, ud_x
[1758695177.422126] [node3:572309:0]           ib_md.c:1103 UCX  WARN  mlx5_0: relaxed order memory access requested, but unsupported
[1758695177.424111] [node3:572309:0]     ucp_context.c:1192 UCX  WARN  transports 'cuda_copy','gdr_copy','cuda_ipc' are not available, please use one or more of: cma, dc, dc_mlx5, dc_x, ib, mm, posix, rc, rc_mlx5, rc_v, rc_verbs, rc_x, self, shm, sm, sysv, tcp, ud, ud_mlx5, ud_v, ud_verbs, ud_x
[1758695177.425647] [node3:572310:0]           ib_md.c:1103 UCX  WARN  mlx5_0: relaxed order memory access requested, but unsupported
[1758695177.427537] [node3:572310:0]     ucp_context.c:1192 UCX  WARN  transports 'cuda_copy','gdr_copy','cuda_ipc' are not available, please use one or more of: cma, dc, dc_mlx5, dc_x, ib, mm, posix, rc, rc_mlx5, rc_v, rc_verbs, rc_x, self, shm, sm, sysv, tcp, ud, ud_mlx5, ud_v, ud_verbs, ud_x
[1758695177.447899] [node1:476746:0]     ucp_context.c:2137 UCX  WARN  UCP API version is incompatible: required >= 1.19, actual 1.16.0 (loaded from /usr/lib/x86_64-linux-gnu/libucp.so.0)
[1758695177.448058] [node1:476747:0]     ucp_context.c:2137 UCX  WARN  UCP API version is incompatible: required >= 1.19, actual 1.16.0 (loaded from /usr/lib/x86_64-linux-gnu/libucp.so.0)
[1758695177.448053] [node1:476748:0]     ucp_context.c:2137 UCX  WARN  UCP API version is incompatible: required >= 1.19, actual 1.16.0 (loaded from /usr/lib/x86_64-linux-gnu/libucp.so.0)
[1758695177.445258] [node3:572307:0]     ucp_context.c:2137 UCX  WARN  UCP API version is incompatible: required >= 1.19, actual 1.16.0 (loaded from /usr/lib/x86_64-linux-gnu/libucp.so.0)
[1758695177.448055] [node1:476749:0]     ucp_context.c:2137 UCX  WARN  UCP API version is incompatible: required >= 1.19, actual 1.16.0 (loaded from /usr/lib/x86_64-linux-gnu/libucp.so.0)
[1758695177.444338] [node2:362840:0]     ucp_context.c:2137 UCX  WARN  UCP API version is incompatible: required >= 1.19, actual 1.16.0 (loaded from /usr/lib/x86_64-linux-gnu/libucp.so.0)
[1758695177.445355] [node3:572309:0]     ucp_context.c:2137 UCX  WARN  UCP API version is incompatible: required >= 1.19, actual 1.16.0 (loaded from /usr/lib/x86_64-linux-gnu/libucp.so.0)
[1758695177.444357] [node2:362838:0]     ucp_context.c:2137 UCX  WARN  UCP API version is incompatible: required >= 1.19, actual 1.16.0 (loaded from /usr/lib/x86_64-linux-gnu/libucp.so.0)
[1758695177.440189] [node4:570197:0]     ucp_context.c:2137 UCX  WARN  UCP API version is incompatible: required >= 1.19, actual 1.16.0 (loaded from /usr/lib/x86_64-linux-gnu/libucp.so.0)
[1758695177.440209] [node4:570194:0]     ucp_context.c:2137 UCX  WARN  UCP API version is incompatible: required >= 1.19, actual 1.16.0 (loaded from /usr/lib/x86_64-linux-gnu/libucp.so.0)
[1758695177.440193] [node4:570196:0]     ucp_context.c:2137 UCX  WARN  UCP API version is incompatible: required >= 1.19, actual 1.16.0 (loaded from /usr/lib/x86_64-linux-gnu/libucp.so.0)
[1758695177.445358] [node3:572308:0]     ucp_context.c:2137 UCX  WARN  UCP API version is incompatible: required >= 1.19, actual 1.16.0 (loaded from /usr/lib/x86_64-linux-gnu/libucp.so.0)
[1758695177.445363] [node3:572310:0]     ucp_context.c:2137 UCX  WARN  UCP API version is incompatible: required >= 1.19, actual 1.16.0 (loaded from /usr/lib/x86_64-linux-gnu/libucp.so.0)
[1758695177.444401] [node2:362839:0]     ucp_context.c:2137 UCX  WARN  UCP API version is incompatible: required >= 1.19, actual 1.16.0 (loaded from /usr/lib/x86_64-linux-gnu/libucp.so.0)
[1758695177.444403] [node2:362841:0]     ucp_context.c:2137 UCX  WARN  UCP API version is incompatible: required >= 1.19, actual 1.16.0 (loaded from /usr/lib/x86_64-linux-gnu/libucp.so.0)
[1758695177.440289] [node4:570195:0]     ucp_context.c:2137 UCX  WARN  UCP API version is incompatible: required >= 1.19, actual 1.16.0 (loaded from /usr/lib/x86_64-linux-gnu/libucp.so.0)
[1758695177.454143] [node3:572307:0]           ib_md.c:1103 UCX  WARN  mlx5_0: relaxed order memory access requested, but unsupported
[1758695177.457089] [node1:476746:0]           ib_md.c:1103 UCX  WARN  mlx5_0: relaxed order memory access requested, but unsupported
[1758695177.457548] [node1:476748:0]           ib_md.c:1103 UCX  WARN  mlx5_0: relaxed order memory access requested, but unsupported
[1758695177.457571] [node1:476749:0]           ib_md.c:1103 UCX  WARN  mlx5_0: relaxed order memory access requested, but unsupported
[1758695177.453785] [node2:362840:0]           ib_md.c:1103 UCX  WARN  mlx5_0: relaxed order memory access requested, but unsupported
[1758695177.453951] [node2:362841:0]           ib_md.c:1103 UCX  WARN  mlx5_0: relaxed order memory access requested, but unsupported
[1758695177.454961] [node3:572309:0]           ib_md.c:1103 UCX  WARN  mlx5_0: relaxed order memory access requested, but unsupported
[1758695177.454058] [node2:362838:0]           ib_md.c:1103 UCX  WARN  mlx5_0: relaxed order memory access requested, but unsupported
[1758695177.450033] [node4:570197:0]           ib_md.c:1103 UCX  WARN  mlx5_0: relaxed order memory access requested, but unsupported
[1758695177.458104] [node1:476747:0]           ib_md.c:1103 UCX  WARN  mlx5_0: relaxed order memory access requested, but unsupported
[1758695177.454327] [node2:362839:0]           ib_md.c:1103 UCX  WARN  mlx5_0: relaxed order memory access requested, but unsupported
[1758695177.455328] [node3:572308:0]           ib_md.c:1103 UCX  WARN  mlx5_0: relaxed order memory access requested, but unsupported
[1758695177.455417] [node3:572310:0]           ib_md.c:1103 UCX  WARN  mlx5_0: relaxed order memory access requested, but unsupported
[1758695177.450243] [node4:570196:0]           ib_md.c:1103 UCX  WARN  mlx5_0: relaxed order memory access requested, but unsupported
[1758695177.450533] [node4:570195:0]           ib_md.c:1103 UCX  WARN  mlx5_0: relaxed order memory access requested, but unsupported
[1758695177.450650] [node4:570194:0]           ib_md.c:1103 UCX  WARN  mlx5_0: relaxed order memory access requested, but unsupported
[1758695177.456047] [node3:572307:0]     ucp_context.c:1192 UCX  WARN  transports 'cuda_copy','gdr_copy','cuda_ipc' are not available, please use one or more of: cma, dc, dc_mlx5, dc_x, ib, mm, posix, rc, rc_mlx5, rc_v, rc_verbs, rc_x, self, shm, sm, sysv, tcp, ud, ud_mlx5, ud_v, ud_verbs, ud_x
[1758695177.459118] [node1:476746:0]     ucp_context.c:1192 UCX  WARN  transports 'cuda_copy','gdr_copy','cuda_ipc' are not available, please use one or more of: cma, dc, dc_mlx5, dc_x, ib, mm, posix, rc, rc_mlx5, rc_v, rc_verbs, rc_x, self, shm, sm, sysv, tcp, ud, ud_mlx5, ud_v, ud_verbs, ud_x
[1758695177.455706] [node2:362840:0]     ucp_context.c:1192 UCX  WARN  transports 'cuda_copy','gdr_copy','cuda_ipc' are not available, please use one or more of: cma, dc, dc_mlx5, dc_x, ib, mm, posix, rc, rc_mlx5, rc_v, rc_verbs, rc_x, self, shm, sm, sysv, tcp, ud, ud_mlx5, ud_v, ud_verbs, ud_x
[1758695177.459517] [node1:476748:0]     ucp_context.c:1192 UCX  WARN  transports 'cuda_copy','gdr_copy','cuda_ipc' are not available, please use one or more of: cma, dc, dc_mlx5, dc_x, ib, mm, posix, rc, rc_mlx5, rc_v, rc_verbs, rc_x, self, shm, sm, sysv, tcp, ud, ud_mlx5, ud_v, ud_verbs, ud_x
[1758695177.459547] [node1:476749:0]     ucp_context.c:1192 UCX  WARN  transports 'cuda_copy','gdr_copy','cuda_ipc' are not available, please use one or more of: cma, dc, dc_mlx5, dc_x, ib, mm, posix, rc, rc_mlx5, rc_v, rc_verbs, rc_x, self, shm, sm, sysv, tcp, ud, ud_mlx5, ud_v, ud_verbs, ud_x
[1758695177.455831] [node2:362841:0]     ucp_context.c:1192 UCX  WARN  transports 'cuda_copy','gdr_copy','cuda_ipc' are not available, please use one or more of: cma, dc, dc_mlx5, dc_x, ib, mm, posix, rc, rc_mlx5, rc_v, rc_verbs, rc_x, self, shm, sm, sysv, tcp, ud, ud_mlx5, ud_v, ud_verbs, ud_x
[1758695177.456874] [node3:572309:0]     ucp_context.c:1192 UCX  WARN  transports 'cuda_copy','gdr_copy','cuda_ipc' are not available, please use one or more of: cma, dc, dc_mlx5, dc_x, ib, mm, posix, rc, rc_mlx5, rc_v, rc_verbs, rc_x, self, shm, sm, sysv, tcp, ud, ud_mlx5, ud_v, ud_verbs, ud_x
[1758695177.455974] [node2:362838:0]     ucp_context.c:1192 UCX  WARN  transports 'cuda_copy','gdr_copy','cuda_ipc' are not available, please use one or more of: cma, dc, dc_mlx5, dc_x, ib, mm, posix, rc, rc_mlx5, rc_v, rc_verbs, rc_x, self, shm, sm, sysv, tcp, ud, ud_mlx5, ud_v, ud_verbs, ud_x
[1758695177.451936] [node4:570197:0]     ucp_context.c:1192 UCX  WARN  transports 'cuda_copy','gdr_copy','cuda_ipc' are not available, please use one or more of: cma, dc, dc_mlx5, dc_x, ib, mm, posix, rc, rc_mlx5, rc_v, rc_verbs, rc_x, self, shm, sm, sysv, tcp, ud, ud_mlx5, ud_v, ud_verbs, ud_x
[1758695177.456156] [node2:362839:0]     ucp_context.c:1192 UCX  WARN  transports 'cuda_copy','gdr_copy','cuda_ipc' are not available, please use one or more of: cma, dc, dc_mlx5, dc_x, ib, mm, posix, rc, rc_mlx5, rc_v, rc_verbs, rc_x, self, shm, sm, sysv, tcp, ud, ud_mlx5, ud_v, ud_verbs, ud_x
[1758695177.460043] [node1:476747:0]     ucp_context.c:1192 UCX  WARN  transports 'cuda_copy','gdr_copy','cuda_ipc' are not available, please use one or more of: cma, dc, dc_mlx5, dc_x, ib, mm, posix, rc, rc_mlx5, rc_v, rc_verbs, rc_x, self, shm, sm, sysv, tcp, ud, ud_mlx5, ud_v, ud_verbs, ud_x
[1758695177.457298] [node3:572308:0]     ucp_context.c:1192 UCX  WARN  transports 'cuda_copy','gdr_copy','cuda_ipc' are not available, please use one or more of: cma, dc, dc_mlx5, dc_x, ib, mm, posix, rc, rc_mlx5, rc_v, rc_verbs, rc_x, self, shm, sm, sysv, tcp, ud, ud_mlx5, ud_v, ud_verbs, ud_x
[1758695177.452156] [node4:570196:0]     ucp_context.c:1192 UCX  WARN  transports 'cuda_copy','gdr_copy','cuda_ipc' are not available, please use one or more of: cma, dc, dc_mlx5, dc_x, ib, mm, posix, rc, rc_mlx5, rc_v, rc_verbs, rc_x, self, shm, sm, sysv, tcp, ud, ud_mlx5, ud_v, ud_verbs, ud_x
[1758695177.457373] [node3:572310:0]     ucp_context.c:1192 UCX  WARN  transports 'cuda_copy','gdr_copy','cuda_ipc' are not available, please use one or more of: cma, dc, dc_mlx5, dc_x, ib, mm, posix, rc, rc_mlx5, rc_v, rc_verbs, rc_x, self, shm, sm, sysv, tcp, ud, ud_mlx5, ud_v, ud_verbs, ud_x
[1758695177.452369] [node4:570195:0]     ucp_context.c:1192 UCX  WARN  transports 'cuda_copy','gdr_copy','cuda_ipc' are not available, please use one or more of: cma, dc, dc_mlx5, dc_x, ib, mm, posix, rc, rc_mlx5, rc_v, rc_verbs, rc_x, self, shm, sm, sysv, tcp, ud, ud_mlx5, ud_v, ud_verbs, ud_x
[1758695177.452543] [node4:570194:0]     ucp_context.c:1192 UCX  WARN  transports 'cuda_copy','gdr_copy','cuda_ipc' are not available, please use one or more of: cma, dc, dc_mlx5, dc_x, ib, mm, posix, rc, rc_mlx5, rc_v, rc_verbs, rc_x, self, shm, sm, sysv, tcp, ud, ud_mlx5, ud_v, ud_verbs, ud_x
[1758695177.484646] [node1:476747:0]     ucp_context.c:2137 UCX  WARN  UCP API version is incompatible: required >= 1.19, actual 1.16.0 (loaded from /usr/lib/x86_64-linux-gnu/libucp.so.0)
[1758695177.481137] [node2:362838:0]     ucp_context.c:2137 UCX  WARN  UCP API version is incompatible: required >= 1.19, actual 1.16.0 (loaded from /usr/lib/x86_64-linux-gnu/libucp.so.0)
[1758695177.481783] [node2:362840:0]     ucp_context.c:2137 UCX  WARN  UCP API version is incompatible: required >= 1.19, actual 1.16.0 (loaded from /usr/lib/x86_64-linux-gnu/libucp.so.0)
[1758695177.481795] [node2:362841:0]     ucp_context.c:2137 UCX  WARN  UCP API version is incompatible: required >= 1.19, actual 1.16.0 (loaded from /usr/lib/x86_64-linux-gnu/libucp.so.0)
[1758695177.481844] [node2:362839:0]     ucp_context.c:2137 UCX  WARN  UCP API version is incompatible: required >= 1.19, actual 1.16.0 (loaded from /usr/lib/x86_64-linux-gnu/libucp.so.0)
[1758695177.485712] [node1:476749:0]     ucp_context.c:2137 UCX  WARN  UCP API version is incompatible: required >= 1.19, actual 1.16.0 (loaded from /usr/lib/x86_64-linux-gnu/libucp.so.0)
[1758695177.485919] [node1:476748:0]     ucp_context.c:2137 UCX  WARN  UCP API version is incompatible: required >= 1.19, actual 1.16.0 (loaded from /usr/lib/x86_64-linux-gnu/libucp.so.0)
[1758695177.485944] [node1:476746:0]     ucp_context.c:2137 UCX  WARN  UCP API version is incompatible: required >= 1.19, actual 1.16.0 (loaded from /usr/lib/x86_64-linux-gnu/libucp.so.0)
[1758695177.477974] [node4:570194:0]     ucp_context.c:2137 UCX  WARN  UCP API version is incompatible: required >= 1.19, actual 1.16.0 (loaded from /usr/lib/x86_64-linux-gnu/libucp.so.0)
[1758695177.477983] [node4:570195:0]     ucp_context.c:2137 UCX  WARN  UCP API version is incompatible: required >= 1.19, actual 1.16.0 (loaded from /usr/lib/x86_64-linux-gnu/libucp.so.0)
[1758695177.478089] [node4:570197:0]     ucp_context.c:2137 UCX  WARN  UCP API version is incompatible: required >= 1.19, actual 1.16.0 (loaded from /usr/lib/x86_64-linux-gnu/libucp.so.0)
[1758695177.478111] [node4:570196:0]     ucp_context.c:2137 UCX  WARN  UCP API version is incompatible: required >= 1.19, actual 1.16.0 (loaded from /usr/lib/x86_64-linux-gnu/libucp.so.0)
[1758695177.484050] [node3:572309:0]     ucp_context.c:2137 UCX  WARN  UCP API version is incompatible: required >= 1.19, actual 1.16.0 (loaded from /usr/lib/x86_64-linux-gnu/libucp.so.0)
[1758695177.484671] [node3:572310:0]     ucp_context.c:2137 UCX  WARN  UCP API version is incompatible: required >= 1.19, actual 1.16.0 (loaded from /usr/lib/x86_64-linux-gnu/libucp.so.0)
[1758695177.484788] [node3:572308:0]     ucp_context.c:2137 UCX  WARN  UCP API version is incompatible: required >= 1.19, actual 1.16.0 (loaded from /usr/lib/x86_64-linux-gnu/libucp.so.0)
[1758695177.485103] [node3:572307:0]     ucp_context.c:2137 UCX  WARN  UCP API version is incompatible: required >= 1.19, actual 1.16.0 (loaded from /usr/lib/x86_64-linux-gnu/libucp.so.0)
[1758695177.493057] [node1:476747:0]           ib_md.c:1103 UCX  WARN  mlx5_0: relaxed order memory access requested, but unsupported
[1758695177.489384] [node2:362838:0]           ib_md.c:1103 UCX  WARN  mlx5_0: relaxed order memory access requested, but unsupported
[1758695177.494465] [node1:476749:0]           ib_md.c:1103 UCX  WARN  mlx5_0: relaxed order memory access requested, but unsupported
[1758695177.494899] [node1:476747:0]     ucp_context.c:1192 UCX  WARN  transports 'cuda_copy','gdr_copy','cuda_ipc' are not available, please use one or more of: cma, dc, dc_mlx5, dc_x, ib, mm, posix, rc, rc_mlx5, rc_v, rc_verbs, rc_x, self, shm, sm, sysv, tcp, ud, ud_mlx5, ud_v, ud_verbs, ud_x
[1758695177.494897] [node1:476748:0]           ib_md.c:1103 UCX  WARN  mlx5_0: relaxed order memory access requested, but unsupported
[1758695177.491081] [node2:362840:0]           ib_md.c:1103 UCX  WARN  mlx5_0: relaxed order memory access requested, but unsupported
[1758695177.491125] [node2:362841:0]           ib_md.c:1103 UCX  WARN  mlx5_0: relaxed order memory access requested, but unsupported
[1758695177.494994] [node1:476746:0]           ib_md.c:1103 UCX  WARN  mlx5_0: relaxed order memory access requested, but unsupported
[1758695177.492156] [node3:572309:0]           ib_md.c:1103 UCX  WARN  mlx5_0: relaxed order memory access requested, but unsupported
[1758695177.491405] [node2:362839:0]           ib_md.c:1103 UCX  WARN  mlx5_0: relaxed order memory access requested, but unsupported
[1758695177.491767] [node2:362838:0]     ucp_context.c:1192 UCX  WARN  transports 'cuda_copy','gdr_copy','cuda_ipc' are not available, please use one or more of: cma, dc, dc_mlx5, dc_x, ib, mm, posix, rc, rc_mlx5, rc_v, rc_verbs, rc_x, self, shm, sm, sysv, tcp, ud, ud_mlx5, ud_v, ud_verbs, ud_x
[1758695177.493157] [node3:572310:0]           ib_md.c:1103 UCX  WARN  mlx5_0: relaxed order memory access requested, but unsupported
[1758695177.496351] [node1:476749:0]     ucp_context.c:1192 UCX  WARN  transports 'cuda_copy','gdr_copy','cuda_ipc' are not available, please use one or more of: cma, dc, dc_mlx5, dc_x, ib, mm, posix, rc, rc_mlx5, rc_v, rc_verbs, rc_x, self, shm, sm, sysv, tcp, ud, ud_mlx5, ud_v, ud_verbs, ud_x
[1758695177.496735] [node1:476748:0]     ucp_context.c:1192 UCX  WARN  transports 'cuda_copy','gdr_copy','cuda_ipc' are not available, please use one or more of: cma, dc, dc_mlx5, dc_x, ib, mm, posix, rc, rc_mlx5, rc_v, rc_verbs, rc_x, self, shm, sm, sysv, tcp, ud, ud_mlx5, ud_v, ud_verbs, ud_x
[1758695177.496830] [node1:476746:0]     ucp_context.c:1192 UCX  WARN  transports 'cuda_copy','gdr_copy','cuda_ipc' are not available, please use one or more of: cma, dc, dc_mlx5, dc_x, ib, mm, posix, rc, rc_mlx5, rc_v, rc_verbs, rc_x, self, shm, sm, sysv, tcp, ud, ud_mlx5, ud_v, ud_verbs, ud_x
[1758695177.494046] [node3:572309:0]     ucp_context.c:1192 UCX  WARN  transports 'cuda_copy','gdr_copy','cuda_ipc' are not available, please use one or more of: cma, dc, dc_mlx5, dc_x, ib, mm, posix, rc, rc_mlx5, rc_v, rc_verbs, rc_x, self, shm, sm, sysv, tcp, ud, ud_mlx5, ud_v, ud_verbs, ud_x
[1758695177.494109] [node3:572308:0]           ib_md.c:1103 UCX  WARN  mlx5_0: relaxed order memory access requested, but unsupported
[1758695177.494338] [node3:572307:0]           ib_md.c:1103 UCX  WARN  mlx5_0: relaxed order memory access requested, but unsupported
[1758695177.489252] [node4:570195:0]           ib_md.c:1103 UCX  WARN  mlx5_0: relaxed order memory access requested, but unsupported
[1758695177.489290] [node4:570194:0]           ib_md.c:1103 UCX  WARN  mlx5_0: relaxed order memory access requested, but unsupported
[1758695177.489312] [node4:570196:0]           ib_md.c:1103 UCX  WARN  mlx5_0: relaxed order memory access requested, but unsupported
[1758695177.489421] [node4:570197:0]           ib_md.c:1103 UCX  WARN  mlx5_0: relaxed order memory access requested, but unsupported
[1758695177.493711] [node2:362840:0]     ucp_context.c:1192 UCX  WARN  transports 'cuda_copy','gdr_copy','cuda_ipc' are not available, please use one or more of: cma, dc, dc_mlx5, dc_x, ib, mm, posix, rc, rc_mlx5, rc_v, rc_verbs, rc_x, self, shm, sm, sysv, tcp, ud, ud_mlx5, ud_v, ud_verbs, ud_x
[1758695177.493793] [node2:362841:0]     ucp_context.c:1192 UCX  WARN  transports 'cuda_copy','gdr_copy','cuda_ipc' are not available, please use one or more of: cma, dc, dc_mlx5, dc_x, ib, mm, posix, rc, rc_mlx5, rc_v, rc_verbs, rc_x, self, shm, sm, sysv, tcp, ud, ud_mlx5, ud_v, ud_verbs, ud_x
[1758695177.493846] [node2:362839:0]     ucp_context.c:1192 UCX  WARN  transports 'cuda_copy','gdr_copy','cuda_ipc' are not available, please use one or more of: cma, dc, dc_mlx5, dc_x, ib, mm, posix, rc, rc_mlx5, rc_v, rc_verbs, rc_x, self, shm, sm, sysv, tcp, ud, ud_mlx5, ud_v, ud_verbs, ud_x
[1758695177.495542] [node3:572310:0]     ucp_context.c:1192 UCX  WARN  transports 'cuda_copy','gdr_copy','cuda_ipc' are not available, please use one or more of: cma, dc, dc_mlx5, dc_x, ib, mm, posix, rc, rc_mlx5, rc_v, rc_verbs, rc_x, self, shm, sm, sysv, tcp, ud, ud_mlx5, ud_v, ud_verbs, ud_x
[1758695177.496045] [node3:572308:0]     ucp_context.c:1192 UCX  WARN  transports 'cuda_copy','gdr_copy','cuda_ipc' are not available, please use one or more of: cma, dc, dc_mlx5, dc_x, ib, mm, posix, rc, rc_mlx5, rc_v, rc_verbs, rc_x, self, shm, sm, sysv, tcp, ud, ud_mlx5, ud_v, ud_verbs, ud_x
[1758695177.496354] [node3:572307:0]     ucp_context.c:1192 UCX  WARN  transports 'cuda_copy','gdr_copy','cuda_ipc' are not available, please use one or more of: cma, dc, dc_mlx5, dc_x, ib, mm, posix, rc, rc_mlx5, rc_v, rc_verbs, rc_x, self, shm, sm, sysv, tcp, ud, ud_mlx5, ud_v, ud_verbs, ud_x
[1758695177.491259] [node4:570195:0]     ucp_context.c:1192 UCX  WARN  transports 'cuda_copy','gdr_copy','cuda_ipc' are not available, please use one or more of: cma, dc, dc_mlx5, dc_x, ib, mm, posix, rc, rc_mlx5, rc_v, rc_verbs, rc_x, self, shm, sm, sysv, tcp, ud, ud_mlx5, ud_v, ud_verbs, ud_x
[1758695177.491351] [node4:570196:0]     ucp_context.c:1192 UCX  WARN  transports 'cuda_copy','gdr_copy','cuda_ipc' are not available, please use one or more of: cma, dc, dc_mlx5, dc_x, ib, mm, posix, rc, rc_mlx5, rc_v, rc_verbs, rc_x, self, shm, sm, sysv, tcp, ud, ud_mlx5, ud_v, ud_verbs, ud_x
[1758695177.491429] [node4:570194:0]     ucp_context.c:1192 UCX  WARN  transports 'cuda_copy','gdr_copy','cuda_ipc' are not available, please use one or more of: cma, dc, dc_mlx5, dc_x, ib, mm, posix, rc, rc_mlx5, rc_v, rc_verbs, rc_x, self, shm, sm, sysv, tcp, ud, ud_mlx5, ud_v, ud_verbs, ud_x
[1758695177.491475] [node4:570197:0]     ucp_context.c:1192 UCX  WARN  transports 'cuda_copy','gdr_copy','cuda_ipc' are not available, please use one or more of: cma, dc, dc_mlx5, dc_x, ib, mm, posix, rc, rc_mlx5, rc_v, rc_verbs, rc_x, self, shm, sm, sysv, tcp, ud, ud_mlx5, ud_v, ud_verbs, ud_x

================================================================================
HPL-NVIDIA 25.4.0  -- NVIDIA accelerated HPL benchmark -- NVIDIA
================================================================================
HPLinpack 2.1  --  High-Performance Linpack benchmark  --   October 26, 2012
Written by A. Petitet and R. Clint Whaley,  Innovative Computing Laboratory, UTK
Modified by Piotr Luszczek, Innovative Computing Laboratory, UTK
Modified by Julien Langou, University of Colorado Denver
================================================================================

An explanation of the input/output parameters follows:
T/V    : Wall time / encoded variant.
N      : The order of the coefficient matrix A.
NB     : The partitioning blocking factor.
P      : The number of process rows.
Q      : The number of process columns.
Time   : Time in seconds to solve the linear system.
Gflops : Rate of execution for solving the linear system.

The following parameter values will be used:

N      :  278000 
NB     :     512 
PMAP   : Column-major process mapping
P      :       4 
Q      :       4 
PFACT  :    Left 
NBMIN  :       2 
NDIV   :       2 
RFACT  :    Left 
BCAST  :  2ringM 
DEPTH  :       1 
SWAP   : Spread-roll (long)
L1     : no-transposed form
U      : transposed form
EQUIL  : no
ALIGN  : 8 double precision words

--------------------------------------------------------------------------------

- The matrix A is randomly generated for each test.
- The following scaled residual check will be computed:
      ||Ax-b||_oo / ( eps * ( || x ||_oo * || A ||_oo + || b ||_oo ) * N )
- The relative machine precision (eps) is taken to be               1.110223e-16
- Computational tests pass if scaled residuals are less than                16.0


HPL-NVIDIA ignores the following parameters from input file:
	* Broadcast parameters
	* Panel factorization parameters
	* Look-ahead value
	* L1 layout
	* U layout
	* Equilibration parameter
	* Memory alignment parameter

HPL-NVIDIA settings from environment variables:
--- DEVICE INFO ---
  Peak clock frequency: 1410 MHz
  SM version          : 80
  Number of SMs       : 108
-------------------
[HPL TRACE] cuda_nvshmem_init: max=1.1537 (10) min=1.1537 (6)
[WARNING] Change Input N 278000 to 277504
[HPL TRACE] ncclCommInitRank: max=0.0891 (8) min=0.0865 (6)
[HPL TRACE] cugetrfs_mp_init: max=0.1672 (0) min=0.1657 (4)
--- MEMORY INFO ---
DEVICE
  System           =      2.75492 GiB (MIN)      2.75492 GiB (MAX)      2.75492 GiB (AVG)
  HPL buffers      =     39.43664 GiB (MIN)     39.96595 GiB (MAX)     39.70081 GiB (AVG)
  Used             =     42.19156 GiB (MIN)     42.72086 GiB (MAX)     42.45572 GiB (AVG)
  Total            =     40.00000 GiB (MIN)     40.00000 GiB (MAX)     40.00000 GiB (AVG)
HOST
  HPL buffers      =      0.00056 GiB (MIN)      0.00056 GiB (MAX)      0.00056 GiB (AVG)
-------------------

 ... Testing HPL components ... 

 **** Factorization, m = 69632, policy = 0 **** 
