[node1:1595349:1:1595391]      cma_ep.c:85   process_vm_writev(pid=1595351 {0x7d2d3a400000,524288}-->{0x7cf08e400000,524288}) returned -1: Bad address
[node1:1595350:1:1595388]      cma_ep.c:85   process_vm_writev(pid=1595352 {0x7dac6c400000,524288}-->{0x7d8400400000,524288}) returned -1: Bad address
==== backtrace (tid:1595388) ====
 0  /usr/lib/x86_64-linux-gnu/libucs.so.0(ucs_handle_error+0x2ec) [0x7daccbcc964c]
 1  /usr/lib/x86_64-linux-gnu/libucs.so.0(ucs_fatal_error_message+0xb2) [0x7daccbcc97f2]
 2  /usr/lib/x86_64-linux-gnu/libucs.so.0(ucs_log_default_handler+0x9d3) [0x7daccbccecc3]
 3  /usr/lib/x86_64-linux-gnu/libucs.so.0(ucs_log_dispatch+0xf6) [0x7daccbcc76d6]
 4  /usr/lib/x86_64-linux-gnu/ucx/libuct_cma.so.0(+0x3d89) [0x7daccbc24d89]
 5  /usr/lib/x86_64-linux-gnu/ucx/libuct_cma.so.0(uct_cma_ep_tx+0x2ba) [0x7daccbc2506a]
 6  /usr/lib/x86_64-linux-gnu/libuct.so.0(uct_scopy_ep_progress_tx+0x77) [0x7daccc133947]
 7  /usr/lib/x86_64-linux-gnu/libucs.so.0(ucs_arbiter_dispatch_nonempty+0x119) [0x7daccbcbdf09]
 8  /usr/lib/x86_64-linux-gnu/libuct.so.0(uct_scopy_iface_progress+0x88) [0x7daccc13fbe8]
 9  /usr/lib/x86_64-linux-gnu/libucs.so.0(+0x25c18) [0x7daccbcc3c18]
10  /usr/lib/x86_64-linux-gnu/libucp.so.0(ucp_worker_progress+0x7a) [0x7dacb9af82ca]
11  /home/hpc/hpcx/hpcx-v2.24-gcc-doca_ofed-ubuntu24.04-cuda13-x86_64/ompi/lib/libopen-pal.so.40(opal_progress+0x34) [0x7dacfc120314]
12  /home/hpc/hpcx/hpcx-v2.24-gcc-doca_ofed-ubuntu24.04-cuda13-x86_64/ompi/lib/libopen-pal.so.40(ompi_sync_wait_mt+0x115) [0x7dacfc126b15]
13  /home/hpc/hpcx/hpcx-v2.24-gcc-doca_ofed-ubuntu24.04-cuda13-x86_64/ompi/lib/libmpi.so.40(ompi_request_default_wait+0x24b) [0x7dad1010d03b]
14  /home/hpc/hpcx/hpcx-v2.24-gcc-doca_ofed-ubuntu24.04-cuda13-x86_64/ompi/lib/libmpi.so.40(PMPI_Wait+0x1e) [0x7dad10139e9e]
15  ./xhpl_mxp-nvidia() [0x50eac7]
16  ./xhpl_mxp-nvidia() [0x4dc7d3]
17  ./xhpl_mxp-nvidia() [0x4df810]
18  ./xhpl_mxp-nvidia() [0x4df793]
19  ./xhpl_mxp-nvidia() [0x4df703]
20  ./xhpl_mxp-nvidia() [0x4df6bc]
21  ./xhpl_mxp-nvidia() [0x4df6a0]
22  ./xhpl_mxp-nvidia() [0x5bd493]
23  /usr/lib/x86_64-linux-gnu/libc.so.6(+0x9caa4) [0x7daccba9caa4]
24  /usr/lib/x86_64-linux-gnu/libc.so.6(+0x129c6c) [0x7daccbb29c6c]
=================================
[node1:1595350] *** Process received signal ***
[node1:1595350] Signal: Aborted (6)
[node1:1595350] Signal code:  (-6)
[node1:1595350] [ 0] /usr/lib/x86_64-linux-gnu/libc.so.6(+0x45330)[0x7daccba45330]
[node1:1595350] [ 1] /usr/lib/x86_64-linux-gnu/libc.so.6(pthread_kill+0x11c)[0x7daccba9eb2c]
[node1:1595350] [ 2] /usr/lib/x86_64-linux-gnu/libc.so.6(gsignal+0x1e)[0x7daccba4527e]
[node1:1595350] [ 3] /usr/lib/x86_64-linux-gnu/libc.so.6(abort+0xdf)[0x7daccba288ff]
[node1:1595350] [ 4] /usr/lib/x86_64-linux-gnu/libucs.so.0(+0x2b7f7)[0x7daccbcc97f7]
[node1:1595350] [ 5] /usr/lib/x86_64-linux-gnu/libucs.so.0(ucs_log_default_handler+0x9d3)[0x7daccbccecc3]
[node1:1595350] [ 6] /usr/lib/x86_64-linux-gnu/libucs.so.0(ucs_log_dispatch+0xf6)[0x7daccbcc76d6]
[node1:1595350] [ 7] /usr/lib/x86_64-linux-gnu/ucx/libuct_cma.so.0(+0x3d89)[0x7daccbc24d89]
[node1:1595350] [ 8] /usr/lib/x86_64-linux-gnu/ucx/libuct_cma.so.0(uct_cma_ep_tx+0x2ba)[0x7daccbc2506a]
[node1:1595350] [ 9] /usr/lib/x86_64-linux-gnu/libuct.so.0(uct_scopy_ep_progress_tx+0x77)[0x7daccc133947]
[node1:1595350] [10] /usr/lib/x86_64-linux-gnu/libucs.so.0(ucs_arbiter_dispatch_nonempty+0x119)[0x7daccbcbdf09]
[node1:1595350] [11] /usr/lib/x86_64-linux-gnu/libuct.so.0(uct_scopy_iface_progress+0x88)[0x7daccc13fbe8]
[node1:1595350] [12] /usr/lib/x86_64-linux-gnu/libucs.so.0(+0x25c18)[0x7daccbcc3c18]
[node1:1595350] [13] /usr/lib/x86_64-linux-gnu/libucp.so.0(ucp_worker_progress+0x7a)[0x7dacb9af82ca]
[node1:1595350] [14] /home/hpc/hpcx/hpcx-v2.24-gcc-doca_ofed-ubuntu24.04-cuda13-x86_64/ompi/lib/libopen-pal.so.40(opal_progress+0x34)[0x7dacfc120314]
[node1:1595350] [15] /home/hpc/hpcx/hpcx-v2.24-gcc-doca_ofed-ubuntu24.04-cuda13-x86_64/ompi/lib/libopen-pal.so.40(ompi_sync_wait_mt+0x115)[0x7dacfc126b15]
[node1:1595350] [16] /home/hpc/hpcx/hpcx-v2.24-gcc-doca_ofed-ubuntu24.04-cuda13-x86_64/ompi/lib/libmpi.so.40(ompi_request_default_wait+0x24b)[0x7dad1010d03b]
[node1:1595350] [17] /home/hpc/hpcx/hpcx-v2.24-gcc-doca_ofed-ubuntu24.04-cuda13-x86_64/ompi/lib/libmpi.so.40(PMPI_Wait+0x1e)[0x7dad10139e9e]
[node1:1595350] [18] ./xhpl_mxp-nvidia[0x50eac7]
[node1:1595350] [19] ./xhpl_mxp-nvidia[0x4dc7d3]
[node1:1595350] [20] ./xhpl_mxp-nvidia[0x4df810]
[node1:1595350] [21] ./xhpl_mxp-nvidia[0x4df793]
[node1:1595350] [22] ./xhpl_mxp-nvidia[0x4df703]
[node1:1595350] [23] ./xhpl_mxp-nvidia[0x4df6bc]
[node1:1595350] [24] ./xhpl_mxp-nvidia[0x4df6a0]
[node1:1595350] [25] ./xhpl_mxp-nvidia[0x5bd493]
[node1:1595350] [26] /usr/lib/x86_64-linux-gnu/libc.so.6(+0x9caa4)[0x7daccba9caa4]
[node1:1595350] [27] /usr/lib/x86_64-linux-gnu/libc.so.6(+0x129c6c)[0x7daccbb29c6c]
[node1:1595350] *** End of error message ***
==== backtrace (tid:1595391) ====
 0  /usr/lib/x86_64-linux-gnu/libucs.so.0(ucs_handle_error+0x2ec) [0x7d2da2caa64c]
 1  /usr/lib/x86_64-linux-gnu/libucs.so.0(ucs_fatal_error_message+0xb2) [0x7d2da2caa7f2]
 2  /usr/lib/x86_64-linux-gnu/libucs.so.0(ucs_log_default_handler+0x9d3) [0x7d2da2cafcc3]
 3  /usr/lib/x86_64-linux-gnu/libucs.so.0(ucs_log_dispatch+0xf6) [0x7d2da2ca86d6]
 4  /usr/lib/x86_64-linux-gnu/ucx/libuct_cma.so.0(+0x3d89) [0x7d2da4189d89]
 5  /usr/lib/x86_64-linux-gnu/ucx/libuct_cma.so.0(uct_cma_ep_tx+0x2ba) [0x7d2da418a06a]
 6  /usr/lib/x86_64-linux-gnu/libuct.so.0(uct_scopy_ep_progress_tx+0x77) [0x7d2da314d947]
 7  /usr/lib/x86_64-linux-gnu/libucs.so.0(ucs_arbiter_dispatch_nonempty+0x119) [0x7d2da2c9ef09]
 8  /usr/lib/x86_64-linux-gnu/libuct.so.0(uct_scopy_iface_progress+0x88) [0x7d2da3159be8]
 9  /usr/lib/x86_64-linux-gnu/libucs.so.0(+0x25c18) [0x7d2da2ca4c18]
10  /usr/lib/x86_64-linux-gnu/libucp.so.0(ucp_worker_progress+0x7a) [0x7d2d8d6f82ca]
11  /home/hpc/hpcx/hpcx-v2.24-gcc-doca_ofed-ubuntu24.04-cuda13-x86_64/ompi/lib/libopen-pal.so.40(opal_progress+0x34) [0x7d2da2d20314]
12  /home/hpc/hpcx/hpcx-v2.24-gcc-doca_ofed-ubuntu24.04-cuda13-x86_64/ompi/lib/libopen-pal.so.40(ompi_sync_wait_mt+0x115) [0x7d2da2d26b15]
13  /home/hpc/hpcx/hpcx-v2.24-gcc-doca_ofed-ubuntu24.04-cuda13-x86_64/ompi/lib/libmpi.so.40(ompi_request_default_wait+0x24b) [0x7d2ddbb3203b]
14  /home/hpc/hpcx/hpcx-v2.24-gcc-doca_ofed-ubuntu24.04-cuda13-x86_64/ompi/lib/libmpi.so.40(PMPI_Wait+0x1e) [0x7d2ddbb5ee9e]
15  ./xhpl_mxp-nvidia() [0x50eac7]
16  ./xhpl_mxp-nvidia() [0x4dc7d3]
17  ./xhpl_mxp-nvidia() [0x4df810]
18  ./xhpl_mxp-nvidia() [0x4df793]
19  ./xhpl_mxp-nvidia() [0x4df703]
20  ./xhpl_mxp-nvidia() [0x4df6bc]
21  ./xhpl_mxp-nvidia() [0x4df6a0]
22  ./xhpl_mxp-nvidia() [0x5bd493]
23  /usr/lib/x86_64-linux-gnu/libc.so.6(+0x9caa4) [0x7d2da2a9caa4]
24  /usr/lib/x86_64-linux-gnu/libc.so.6(+0x129c6c) [0x7d2da2b29c6c]
=================================
[node1:1595349] *** Process received signal ***
[node1:1595349] Signal: Aborted (6)
[node1:1595349] Signal code:  (-6)
[node1:1595349] [ 0] /usr/lib/x86_64-linux-gnu/libc.so.6(+0x45330)[0x7d2da2a45330]
[node1:1595349] [ 1] /usr/lib/x86_64-linux-gnu/libc.so.6(pthread_kill+0x11c)[0x7d2da2a9eb2c]
[node1:1595349] [ 2] /usr/lib/x86_64-linux-gnu/libc.so.6(gsignal+0x1e)[0x7d2da2a4527e]
[node1:1595349] [ 3] /usr/lib/x86_64-linux-gnu/libc.so.6(abort+0xdf)[0x7d2da2a288ff]
[node1:1595349] [ 4] /usr/lib/x86_64-linux-gnu/libucs.so.0(+0x2b7f7)[0x7d2da2caa7f7]
[node1:1595349] [ 5] /usr/lib/x86_64-linux-gnu/libucs.so.0(ucs_log_default_handler+0x9d3)[0x7d2da2cafcc3]
[node1:1595349] [ 6] /usr/lib/x86_64-linux-gnu/libucs.so.0(ucs_log_dispatch+0xf6)[0x7d2da2ca86d6]
[node1:1595349] [ 7] /usr/lib/x86_64-linux-gnu/ucx/libuct_cma.so.0(+0x3d89)[0x7d2da4189d89]
[node1:1595349] [ 8] /usr/lib/x86_64-linux-gnu/ucx/libuct_cma.so.0(uct_cma_ep_tx+0x2ba)[0x7d2da418a06a]
[node1:1595349] [ 9] /usr/lib/x86_64-linux-gnu/libuct.so.0(uct_scopy_ep_progress_tx+0x77)[0x7d2da314d947]
[node1:1595349] [10] /usr/lib/x86_64-linux-gnu/libucs.so.0(ucs_arbiter_dispatch_nonempty+0x119)[0x7d2da2c9ef09]
[node1:1595349] [11] /usr/lib/x86_64-linux-gnu/libuct.so.0(uct_scopy_iface_progress+0x88)[0x7d2da3159be8]
[node1:1595349] [12] /usr/lib/x86_64-linux-gnu/libucs.so.0(+0x25c18)[0x7d2da2ca4c18]
[node1:1595349] [13] /usr/lib/x86_64-linux-gnu/libucp.so.0(ucp_worker_progress+0x7a)[0x7d2d8d6f82ca]
[node1:1595349] [14] /home/hpc/hpcx/hpcx-v2.24-gcc-doca_ofed-ubuntu24.04-cuda13-x86_64/ompi/lib/libopen-pal.so.40(opal_progress+0x34)[0x7d2da2d20314]
[node1:1595349] [15] /home/hpc/hpcx/hpcx-v2.24-gcc-doca_ofed-ubuntu24.04-cuda13-x86_64/ompi/lib/libopen-pal.so.40(ompi_sync_wait_mt+0x115)[0x7d2da2d26b15]
[node1:1595349] [16] /home/hpc/hpcx/hpcx-v2.24-gcc-doca_ofed-ubuntu24.04-cuda13-x86_64/ompi/lib/libmpi.so.40(ompi_request_default_wait+0x24b)[0x7d2ddbb3203b]
[node1:1595349] [17] /home/hpc/hpcx/hpcx-v2.24-gcc-doca_ofed-ubuntu24.04-cuda13-x86_64/ompi/lib/libmpi.so.40(PMPI_Wait+0x1e)[0x7d2ddbb5ee9e]
[node1:1595349] [18] ./xhpl_mxp-nvidia[0x50eac7]
[node1:1595349] [19] ./xhpl_mxp-nvidia[0x4dc7d3]
[node1:1595349] [20] ./xhpl_mxp-nvidia[0x4df810]
[node1:1595349] [21] ./xhpl_mxp-nvidia[0x4df793]
[node1:1595349] [22] ./xhpl_mxp-nvidia[0x4df703]
[node1:1595349] [23] ./xhpl_mxp-nvidia[0x4df6bc]
[node1:1595349] [24] ./xhpl_mxp-nvidia[0x4df6a0]
[node1:1595349] [25] ./xhpl_mxp-nvidia[0x5bd493]
[node1:1595349] [26] /usr/lib/x86_64-linux-gnu/libc.so.6(+0x9caa4)[0x7d2da2a9caa4]
[node1:1595349] [27] /usr/lib/x86_64-linux-gnu/libc.so.6(+0x129c6c)[0x7d2da2b29c6c]
[node1:1595349] *** End of error message ***
--------------------------------------------------------------------------
Primary job  terminated normally, but 1 process returned
a non-zero exit code. Per user-direction, the job has been aborted.
--------------------------------------------------------------------------
--------------------------------------------------------------------------
mpirun noticed that process rank 1 with PID 1595350 on node node1 exited on signal 6 (Aborted).
--------------------------------------------------------------------------
