[node1:1601387:1:1601426]      cma_ep.c:85   process_vm_writev(pid=1601389 {0x7a8274400000,524288}-->{0x7b6370400000,524288}) returned -1: Bad address
==== backtrace (tid:1601426) ====
 0  /usr/lib/x86_64-linux-gnu/libucs.so.0(ucs_handle_error+0x2ec) [0x7a82dd0c964c]
 1  /usr/lib/x86_64-linux-gnu/libucs.so.0(ucs_fatal_error_message+0xb2) [0x7a82dd0c97f2]
 2  /usr/lib/x86_64-linux-gnu/libucs.so.0(ucs_log_default_handler+0x9d3) [0x7a82dd0cecc3]
 3  /usr/lib/x86_64-linux-gnu/libucs.so.0(ucs_log_dispatch+0xf6) [0x7a82dd0c76d6]
 4  /usr/lib/x86_64-linux-gnu/ucx/libuct_cma.so.0(+0x3d89) [0x7a82dd525d89]
 5  /usr/lib/x86_64-linux-gnu/ucx/libuct_cma.so.0(uct_cma_ep_tx+0x2ba) [0x7a82dd52606a]
 6  /usr/lib/x86_64-linux-gnu/libuct.so.0(uct_scopy_ep_progress_tx+0x77) [0x7a82dd06c947]
 7  /usr/lib/x86_64-linux-gnu/libucs.so.0(ucs_arbiter_dispatch_nonempty+0x119) [0x7a82dd0bdf09]
 8  /usr/lib/x86_64-linux-gnu/libuct.so.0(uct_scopy_iface_progress+0x88) [0x7a82dd078be8]
 9  /usr/lib/x86_64-linux-gnu/libucs.so.0(+0x25c18) [0x7a82dd0c3c18]
10  /usr/lib/x86_64-linux-gnu/libucp.so.0(ucp_worker_progress+0x7a) [0x7a82caef82ca]
11  /home/hpc/hpcx/hpcx-v2.24-gcc-doca_ofed-ubuntu24.04-cuda13-x86_64/ompi/lib/libopen-pal.so.40(opal_progress+0x34) [0x7a830d520314]
12  /home/hpc/hpcx/hpcx-v2.24-gcc-doca_ofed-ubuntu24.04-cuda13-x86_64/ompi/lib/libopen-pal.so.40(ompi_sync_wait_mt+0x115) [0x7a830d526b15]
13  /home/hpc/hpcx/hpcx-v2.24-gcc-doca_ofed-ubuntu24.04-cuda13-x86_64/ompi/lib/libmpi.so.40(ompi_request_default_wait+0x24b) [0x7a83214ec03b]
14  /home/hpc/hpcx/hpcx-v2.24-gcc-doca_ofed-ubuntu24.04-cuda13-x86_64/ompi/lib/libmpi.so.40(PMPI_Wait+0x1e) [0x7a8321518e9e]
15  ./xhpl_mxp-nvidia() [0x50eac7]
16  ./xhpl_mxp-nvidia() [0x4dc7d3]
17  ./xhpl_mxp-nvidia() [0x4df810]
18  ./xhpl_mxp-nvidia() [0x4df793]
19  ./xhpl_mxp-nvidia() [0x4df703]
20  ./xhpl_mxp-nvidia() [0x4df6bc]
21  ./xhpl_mxp-nvidia() [0x4df6a0]
22  ./xhpl_mxp-nvidia() [0x5bd493]
23  /usr/lib/x86_64-linux-gnu/libc.so.6(+0x9caa4) [0x7a82dce9caa4]
24  /usr/lib/x86_64-linux-gnu/libc.so.6(+0x129c6c) [0x7a82dcf29c6c]
=================================
[node1:1601387] *** Process received signal ***
[node1:1601387] Signal: Aborted (6)
[node1:1601387] Signal code:  (-6)
[node1:1601387] [ 0] /usr/lib/x86_64-linux-gnu/libc.so.6(+0x45330)[0x7a82dce45330]
[node1:1601387] [ 1] /usr/lib/x86_64-linux-gnu/libc.so.6(pthread_kill+0x11c)[0x7a82dce9eb2c]
[node1:1601387] [ 2] /usr/lib/x86_64-linux-gnu/libc.so.6(gsignal+0x1e)[0x7a82dce4527e]
[node1:1601387] [ 3] /usr/lib/x86_64-linux-gnu/libc.so.6(abort+0xdf)[0x7a82dce288ff]
[node1:1601387] [ 4] /usr/lib/x86_64-linux-gnu/libucs.so.0(+0x2b7f7)[0x7a82dd0c97f7]
[node1:1601387] [ 5] /usr/lib/x86_64-linux-gnu/libucs.so.0(ucs_log_default_handler+0x9d3)[0x7a82dd0cecc3]
[node1:1601387] [ 6] /usr/lib/x86_64-linux-gnu/libucs.so.0(ucs_log_dispatch+0xf6)[0x7a82dd0c76d6]
[node1:1601387] [ 7] /usr/lib/x86_64-linux-gnu/ucx/libuct_cma.so.0(+0x3d89)[0x7a82dd525d89]
[node1:1601387] [ 8] /usr/lib/x86_64-linux-gnu/ucx/libuct_cma.so.0(uct_cma_ep_tx+0x2ba)[0x7a82dd52606a]
[node1:1601387] [ 9] /usr/lib/x86_64-linux-gnu/libuct.so.0(uct_scopy_ep_progress_tx+0x77)[0x7a82dd06c947]
[node1:1601387] [10] /usr/lib/x86_64-linux-gnu/libucs.so.0(ucs_arbiter_dispatch_nonempty+0x119)[0x7a82dd0bdf09]
[node1:1601387] [11] /usr/lib/x86_64-linux-gnu/libuct.so.0(uct_scopy_iface_progress+0x88)[0x7a82dd078be8]
[node1:1601387] [12] [node1:1601388:1:1601427]      cma_ep.c:85   process_vm_writev(pid=1601390 {0x75da60400000,524288}-->{0x7edbfc400000,524288}) returned -1: Bad address
/usr/lib/x86_64-linux-gnu/libucs.so.0(+0x25c18)[0x7a82dd0c3c18]
[node1:1601387] [13] /usr/lib/x86_64-linux-gnu/libucp.so.0(ucp_worker_progress+0x7a)[0x7a82caef82ca]
[node1:1601387] [14] /home/hpc/hpcx/hpcx-v2.24-gcc-doca_ofed-ubuntu24.04-cuda13-x86_64/ompi/lib/libopen-pal.so.40(opal_progress+0x34)[0x7a830d520314]
[node1:1601387] [15] /home/hpc/hpcx/hpcx-v2.24-gcc-doca_ofed-ubuntu24.04-cuda13-x86_64/ompi/lib/libopen-pal.so.40(ompi_sync_wait_mt+0x115)[0x7a830d526b15]
[node1:1601387] [16] /home/hpc/hpcx/hpcx-v2.24-gcc-doca_ofed-ubuntu24.04-cuda13-x86_64/ompi/lib/libmpi.so.40(ompi_request_default_wait+0x24b)[0x7a83214ec03b]
[node1:1601387] [17] /home/hpc/hpcx/hpcx-v2.24-gcc-doca_ofed-ubuntu24.04-cuda13-x86_64/ompi/lib/libmpi.so.40(PMPI_Wait+0x1e)[0x7a8321518e9e]
[node1:1601387] [18] ./xhpl_mxp-nvidia[0x50eac7]
[node1:1601387] [19] ./xhpl_mxp-nvidia[0x4dc7d3]
[node1:1601387] [20] ./xhpl_mxp-nvidia[0x4df810]
[node1:1601387] [21] ./xhpl_mxp-nvidia[0x4df793]
[node1:1601387] [22] ./xhpl_mxp-nvidia[0x4df703]
[node1:1601387] [23] ./xhpl_mxp-nvidia[0x4df6bc]
[node1:1601387] [24] ./xhpl_mxp-nvidia[0x4df6a0]
[node1:1601387] [25] ./xhpl_mxp-nvidia[0x5bd493]
[node1:1601387] [26] /usr/lib/x86_64-linux-gnu/libc.so.6(+0x9caa4)[0x7a82dce9caa4]
[node1:1601387] [27] /usr/lib/x86_64-linux-gnu/libc.so.6(+0x129c6c)[0x7a82dcf29c6c]
[node1:1601387] *** End of error message ***
==== backtrace (tid:1601427) ====
 0  /usr/lib/x86_64-linux-gnu/libucs.so.0(ucs_handle_error+0x2ec) [0x75dac07b264c]
 1  /usr/lib/x86_64-linux-gnu/libucs.so.0(ucs_fatal_error_message+0xb2) [0x75dac07b27f2]
 2  /usr/lib/x86_64-linux-gnu/libucs.so.0(ucs_log_default_handler+0x9d3) [0x75dac07b7cc3]
 3  /usr/lib/x86_64-linux-gnu/libucs.so.0(ucs_log_dispatch+0xf6) [0x75dac07b06d6]
 4  /usr/lib/x86_64-linux-gnu/ucx/libuct_cma.so.0(+0x3d89) [0x75dabf25bd89]
 5  /usr/lib/x86_64-linux-gnu/ucx/libuct_cma.so.0(uct_cma_ep_tx+0x2ba) [0x75dabf25c06a]
 6  /usr/lib/x86_64-linux-gnu/libuct.so.0(uct_scopy_ep_progress_tx+0x77) [0x75dabf746947]
 7  /usr/lib/x86_64-linux-gnu/libucs.so.0(ucs_arbiter_dispatch_nonempty+0x119) [0x75dac07a6f09]
 8  /usr/lib/x86_64-linux-gnu/libuct.so.0(uct_scopy_iface_progress+0x88) [0x75dabf752be8]
 9  /usr/lib/x86_64-linux-gnu/libucs.so.0(+0x25c18) [0x75dac07acc18]
10  /usr/lib/x86_64-linux-gnu/libucp.so.0(ucp_worker_progress+0x7a) [0x75daa9cf82ca]
11  /home/hpc/hpcx/hpcx-v2.24-gcc-doca_ofed-ubuntu24.04-cuda13-x86_64/ompi/lib/libopen-pal.so.40(opal_progress+0x34) [0x75dabf320314]
12  /home/hpc/hpcx/hpcx-v2.24-gcc-doca_ofed-ubuntu24.04-cuda13-x86_64/ompi/lib/libopen-pal.so.40(ompi_sync_wait_mt+0x115) [0x75dabf326b15]
13  /home/hpc/hpcx/hpcx-v2.24-gcc-doca_ofed-ubuntu24.04-cuda13-x86_64/ompi/lib/libmpi.so.40(ompi_request_default_wait+0x24b) [0x75daf813203b]
14  /home/hpc/hpcx/hpcx-v2.24-gcc-doca_ofed-ubuntu24.04-cuda13-x86_64/ompi/lib/libmpi.so.40(PMPI_Wait+0x1e) [0x75daf815ee9e]
15  ./xhpl_mxp-nvidia() [0x50eac7]
16  ./xhpl_mxp-nvidia() [0x4dc7d3]
17  ./xhpl_mxp-nvidia() [0x4df810]
18  ./xhpl_mxp-nvidia() [0x4df793]
19  ./xhpl_mxp-nvidia() [0x4df703]
20  ./xhpl_mxp-nvidia() [0x4df6bc]
21  ./xhpl_mxp-nvidia() [0x4df6a0]
22  ./xhpl_mxp-nvidia() [0x5bd493]
23  /usr/lib/x86_64-linux-gnu/libc.so.6(+0x9caa4) [0x75dabf09caa4]
24  /usr/lib/x86_64-linux-gnu/libc.so.6(+0x129c6c) [0x75dabf129c6c]
=================================
[node1:1601388] *** Process received signal ***
[node1:1601388] Signal: Aborted (6)
[node1:1601388] Signal code:  (-6)
[node1:1601388] [ 0] /usr/lib/x86_64-linux-gnu/libc.so.6(+0x45330)[0x75dabf045330]
[node1:1601388] [ 1] /usr/lib/x86_64-linux-gnu/libc.so.6(pthread_kill+0x11c)[0x75dabf09eb2c]
[node1:1601388] [ 2] /usr/lib/x86_64-linux-gnu/libc.so.6(gsignal+0x1e)[0x75dabf04527e]
[node1:1601388] [ 3] /usr/lib/x86_64-linux-gnu/libc.so.6(abort+0xdf)[0x75dabf0288ff]
[node1:1601388] [ 4] /usr/lib/x86_64-linux-gnu/libucs.so.0(+0x2b7f7)[0x75dac07b27f7]
[node1:1601388] [ 5] /usr/lib/x86_64-linux-gnu/libucs.so.0(ucs_log_default_handler+0x9d3)[0x75dac07b7cc3]
[node1:1601388] [ 6] /usr/lib/x86_64-linux-gnu/libucs.so.0(ucs_log_dispatch+0xf6)[0x75dac07b06d6]
[node1:1601388] [ 7] /usr/lib/x86_64-linux-gnu/ucx/libuct_cma.so.0(+0x3d89)[0x75dabf25bd89]
[node1:1601388] [ 8] /usr/lib/x86_64-linux-gnu/ucx/libuct_cma.so.0(uct_cma_ep_tx+0x2ba)[0x75dabf25c06a]
[node1:1601388] [ 9] /usr/lib/x86_64-linux-gnu/libuct.so.0(uct_scopy_ep_progress_tx+0x77)[0x75dabf746947]
[node1:1601388] [10] /usr/lib/x86_64-linux-gnu/libucs.so.0(ucs_arbiter_dispatch_nonempty+0x119)[0x75dac07a6f09]
[node1:1601388] [11] /usr/lib/x86_64-linux-gnu/libuct.so.0(uct_scopy_iface_progress+0x88)[0x75dabf752be8]
[node1:1601388] [12] /usr/lib/x86_64-linux-gnu/libucs.so.0(+0x25c18)[0x75dac07acc18]
[node1:1601388] [13] /usr/lib/x86_64-linux-gnu/libucp.so.0(ucp_worker_progress+0x7a)[0x75daa9cf82ca]
[node1:1601388] [14] /home/hpc/hpcx/hpcx-v2.24-gcc-doca_ofed-ubuntu24.04-cuda13-x86_64/ompi/lib/libopen-pal.so.40(opal_progress+0x34)[0x75dabf320314]
[node1:1601388] [15] /home/hpc/hpcx/hpcx-v2.24-gcc-doca_ofed-ubuntu24.04-cuda13-x86_64/ompi/lib/libopen-pal.so.40(ompi_sync_wait_mt+0x115)[0x75dabf326b15]
[node1:1601388] [16] /home/hpc/hpcx/hpcx-v2.24-gcc-doca_ofed-ubuntu24.04-cuda13-x86_64/ompi/lib/libmpi.so.40(ompi_request_default_wait+0x24b)[0x75daf813203b]
[node1:1601388] [17] /home/hpc/hpcx/hpcx-v2.24-gcc-doca_ofed-ubuntu24.04-cuda13-x86_64/ompi/lib/libmpi.so.40(PMPI_Wait+0x1e)[0x75daf815ee9e]
[node1:1601388] [18] ./xhpl_mxp-nvidia[0x50eac7]
[node1:1601388] [19] ./xhpl_mxp-nvidia[0x4dc7d3]
[node1:1601388] [20] ./xhpl_mxp-nvidia[0x4df810]
[node1:1601388] [21] ./xhpl_mxp-nvidia[0x4df793]
[node1:1601388] [22] ./xhpl_mxp-nvidia[0x4df703]
[node1:1601388] [23] ./xhpl_mxp-nvidia[0x4df6bc]
[node1:1601388] [24] ./xhpl_mxp-nvidia[0x4df6a0]
[node1:1601388] [25] ./xhpl_mxp-nvidia[0x5bd493]
[node1:1601388] [26] /usr/lib/x86_64-linux-gnu/libc.so.6(+0x9caa4)[0x75dabf09caa4]
[node1:1601388] [27] /usr/lib/x86_64-linux-gnu/libc.so.6(+0x129c6c)[0x75dabf129c6c]
[node1:1601388] *** End of error message ***
--------------------------------------------------------------------------
Primary job  terminated normally, but 1 process returned
a non-zero exit code. Per user-direction, the job has been aborted.
--------------------------------------------------------------------------
--------------------------------------------------------------------------
mpirun noticed that process rank 0 with PID 1601387 on node node1 exited on signal 6 (Aborted).
--------------------------------------------------------------------------
