[node1:1614432:1:1614481]      cma_ep.c:85   process_vm_readv(pid=1614430 {0x7342e0400000,524288}-->{0x744a82400000,524288}) returned -1: Bad address
==== backtrace (tid:1614481) ====
 0  /usr/lib/x86_64-linux-gnu/libucs.so.0(ucs_handle_error+0x2ec) [0x73433b9c564c]
 1  /usr/lib/x86_64-linux-gnu/libucs.so.0(ucs_fatal_error_message+0xb2) [0x73433b9c57f2]
 2  /usr/lib/x86_64-linux-gnu/libucs.so.0(ucs_log_default_handler+0x9d3) [0x73433b9cacc3]
 3  /usr/lib/x86_64-linux-gnu/libucs.so.0(ucs_log_dispatch+0xf6) [0x73433b9c36d6]
 4  /usr/lib/x86_64-linux-gnu/ucx/libuct_cma.so.0(+0x3d89) [0x73433c9f2d89]
 5  /usr/lib/x86_64-linux-gnu/ucx/libuct_cma.so.0(uct_cma_ep_tx+0x2ba) [0x73433c9f306a]
 6  /usr/lib/x86_64-linux-gnu/libuct.so.0(uct_scopy_ep_progress_tx+0x77) [0x73433c9a4947]
 7  /usr/lib/x86_64-linux-gnu/libucs.so.0(ucs_arbiter_dispatch_nonempty+0x119) [0x73433b9b9f09]
 8  /usr/lib/x86_64-linux-gnu/libuct.so.0(uct_scopy_iface_progress+0x88) [0x73433c9b0be8]
 9  /usr/lib/x86_64-linux-gnu/libucs.so.0(+0x25c18) [0x73433b9bfc18]
10  /usr/lib/x86_64-linux-gnu/libucp.so.0(ucp_worker_progress+0x7a) [0x7343292f82ca]
11  /home/hpc/hpcx/hpcx-v2.24-gcc-doca_ofed-ubuntu24.04-cuda13-x86_64/ompi/lib/libopen-pal.so.40(opal_progress+0x34) [0x73433b520314]
12  /home/hpc/hpcx/hpcx-v2.24-gcc-doca_ofed-ubuntu24.04-cuda13-x86_64/ompi/lib/libopen-pal.so.40(ompi_sync_wait_mt+0x115) [0x73433b526b15]
13  /home/hpc/hpcx/hpcx-v2.24-gcc-doca_ofed-ubuntu24.04-cuda13-x86_64/ompi/lib/libmpi.so.40(ompi_request_default_wait+0x24b) [0x73437433203b]
14  /home/hpc/hpcx/hpcx-v2.24-gcc-doca_ofed-ubuntu24.04-cuda13-x86_64/ompi/lib/libmpi.so.40(PMPI_Wait+0x1e) [0x73437435ee9e]
15  ./xhpl_mxp-nvidia() [0x50e9d3]
16  ./xhpl_mxp-nvidia() [0x4dc7d3]
17  ./xhpl_mxp-nvidia() [0x4df810]
18  ./xhpl_mxp-nvidia() [0x4df793]
19  ./xhpl_mxp-nvidia() [0x4df703]
20  ./xhpl_mxp-nvidia() [0x4df6bc]
21  ./xhpl_mxp-nvidia() [0x4df6a0]
22  ./xhpl_mxp-nvidia() [0x5bd493]
23  /usr/lib/x86_64-linux-gnu/libc.so.6(+0x9caa4) [0x73433b29caa4]
24  /usr/lib/x86_64-linux-gnu/libc.so.6(+0x129c6c) [0x73433b329c6c]
=================================
[node1:1614432] *** Process received signal ***
[node1:1614432] Signal: Aborted (6)
[node1:1614432] Signal code:  (-6)
[node1:1614432] [ 0] /usr/lib/x86_64-linux-gnu/libc.so.6(+0x45330)[0x73433b245330]
[node1:1614432] [ 1] /usr/lib/x86_64-linux-gnu/libc.so.6(pthread_kill+0x11c)[0x73433b29eb2c]
[node1:1614432] [ 2] /usr/lib/x86_64-linux-gnu/libc.so.6(gsignal+0x1e)[0x73433b24527e]
[node1:1614432] [ 3] /usr/lib/x86_64-linux-gnu/libc.so.6(abort+0xdf)[0x73433b2288ff]
[node1:1614432] [ 4] /usr/lib/x86_64-linux-gnu/libucs.so.0(+0x2b7f7)[0x73433b9c57f7]
[node1:1614432] [ 5] /usr/lib/x86_64-linux-gnu/libucs.so.0(ucs_log_default_handler+0x9d3)[0x73433b9cacc3]
[node1:1614432] [ 6] /usr/lib/x86_64-linux-gnu/libucs.so.0(ucs_log_dispatch+0xf6)[0x73433b9c36d6]
[node1:1614432] [ 7] /usr/lib/x86_64-linux-gnu/ucx/libuct_cma.so.0(+0x3d89)[0x73433c9f2d89]
[node1:1614432] [ 8] /usr/lib/x86_64-linux-gnu/ucx/libuct_cma.so.0(uct_cma_ep_tx+0x2ba)[0x73433c9f306a]
[node1:1614432] [ 9] /usr/lib/x86_64-linux-gnu/libuct.so.0(uct_scopy_ep_progress_tx+0x77)[0x73433c9a4947]
[node1:1614432] [10] /usr/lib/x86_64-linux-gnu/libucs.so.0(ucs_arbiter_dispatch_nonempty+0x119)[0x73433b9b9f09]
[node1:1614432] [11] /usr/lib/x86_64-linux-gnu/libuct.so.0(uct_scopy_iface_progress+0x88)[0x73433c9b0be8]
[node1:1614432] [12] /usr/lib/x86_64-linux-gnu/libucs.so.0(+0x25c18)[0x73433b9bfc18]
[node1:1614432] [13] /usr/lib/x86_64-linux-gnu/libucp.so.0(ucp_worker_progress+0x7a)[0x7343292f82ca]
[node1:1614432] [14] /home/hpc/hpcx/hpcx-v2.24-gcc-doca_ofed-ubuntu24.04-cuda13-x86_64/ompi/lib/libopen-pal.so.40(opal_progress+0x34)[0x73433b520314]
[node1:1614432] [15] /home/hpc/hpcx/hpcx-v2.24-gcc-doca_ofed-ubuntu24.04-cuda13-x86_64/ompi/lib/libopen-pal.so.40(ompi_sync_wait_mt+0x115)[0x73433b526b15]
[node1:1614432] [16] /home/hpc/hpcx/hpcx-v2.24-gcc-doca_ofed-ubuntu24.04-cuda13-x86_64/ompi/lib/libmpi.so.40(ompi_request_default_wait+0x24b)[0x73437433203b]
[node1:1614432] [17] /home/hpc/hpcx/hpcx-v2.24-gcc-doca_ofed-ubuntu24.04-cuda13-x86_64/ompi/lib/libmpi.so.40(PMPI_Wait+0x1e)[0x73437435ee9e]
[node1:1614432] [18] ./xhpl_mxp-nvidia[0x50e9d3]
[node1:1614432] [19] ./xhpl_mxp-nvidia[0x4dc7d3]
[node1:1614432] [20] ./xhpl_mxp-nvidia[0x4df810]
[node1:1614432] [21] ./xhpl_mxp-nvidia[0x4df793]
[node1:1614432] [22] ./xhpl_mxp-nvidia[0x4df703]
[node1:1614432] [23] ./xhpl_mxp-nvidia[0x4df6bc]
[node1:1614432] [24] ./xhpl_mxp-nvidia[0x4df6a0]
[node1:1614432] [25] ./xhpl_mxp-nvidia[0x5bd493]
[node1:1614432] [26] /usr/lib/x86_64-linux-gnu/libc.so.6(+0x9caa4)[0x73433b29caa4]
[node1:1614432] [27] /usr/lib/x86_64-linux-gnu/libc.so.6(+0x129c6c)[0x73433b329c6c]
[node1:1614432] *** End of error message ***
[node1:1614431:1:1614475]      cma_ep.c:85   process_vm_readv(pid=1614429 {0x758b24400000,524288}-->{0x7effe0400000,524288}) returned -1: Bad address
==== backtrace (tid:1614475) ====
 0  /usr/lib/x86_64-linux-gnu/libucs.so.0(ucs_handle_error+0x2ec) [0x758b8036764c]
 1  /usr/lib/x86_64-linux-gnu/libucs.so.0(ucs_fatal_error_message+0xb2) [0x758b803677f2]
 2  /usr/lib/x86_64-linux-gnu/libucs.so.0(ucs_log_default_handler+0x9d3) [0x758b8036ccc3]
 3  /usr/lib/x86_64-linux-gnu/libucs.so.0(ucs_log_dispatch+0xf6) [0x758b803656d6]
 4  /usr/lib/x86_64-linux-gnu/ucx/libuct_cma.so.0(+0x3d89) [0x758b803b7d89]
 5  /usr/lib/x86_64-linux-gnu/ucx/libuct_cma.so.0(uct_cma_ep_tx+0x2ba) [0x758b803b806a]
 6  /usr/lib/x86_64-linux-gnu/libuct.so.0(uct_scopy_ep_progress_tx+0x77) [0x758b7feb3947]
 7  /usr/lib/x86_64-linux-gnu/libucs.so.0(ucs_arbiter_dispatch_nonempty+0x119) [0x758b8035bf09]
 8  /usr/lib/x86_64-linux-gnu/libuct.so.0(uct_scopy_iface_progress+0x88) [0x758b7febfbe8]
 9  /usr/lib/x86_64-linux-gnu/libucs.so.0(+0x25c18) [0x758b80361c18]
10  /usr/lib/x86_64-linux-gnu/libucp.so.0(ucp_worker_progress+0x7a) [0x758b6dcf82ca]
11  /home/hpc/hpcx/hpcx-v2.24-gcc-doca_ofed-ubuntu24.04-cuda13-x86_64/ompi/lib/libopen-pal.so.40(opal_progress+0x34) [0x758b7ff20314]
12  /home/hpc/hpcx/hpcx-v2.24-gcc-doca_ofed-ubuntu24.04-cuda13-x86_64/ompi/lib/libopen-pal.so.40(ompi_sync_wait_mt+0x115) [0x758b7ff26b15]
13  /home/hpc/hpcx/hpcx-v2.24-gcc-doca_ofed-ubuntu24.04-cuda13-x86_64/ompi/lib/libmpi.so.40(ompi_request_default_wait+0x24b) [0x758bb8d2403b]
14  /home/hpc/hpcx/hpcx-v2.24-gcc-doca_ofed-ubuntu24.04-cuda13-x86_64/ompi/lib/libmpi.so.40(PMPI_Wait+0x1e) [0x758bb8d50e9e]
15  ./xhpl_mxp-nvidia() [0x50e9d3]
16  ./xhpl_mxp-nvidia() [0x4dc7d3]
17  ./xhpl_mxp-nvidia() [0x4df810]
18  ./xhpl_mxp-nvidia() [0x4df793]
19  ./xhpl_mxp-nvidia() [0x4df703]
20  ./xhpl_mxp-nvidia() [0x4df6bc]
21  ./xhpl_mxp-nvidia() [0x4df6a0]
22  ./xhpl_mxp-nvidia() [0x5bd493]
23  /usr/lib/x86_64-linux-gnu/libc.so.6(+0x9caa4) [0x758b7fc9caa4]
24  /usr/lib/x86_64-linux-gnu/libc.so.6(+0x129c6c) [0x758b7fd29c6c]
=================================
[node1:1614431] *** Process received signal ***
[node1:1614431] Signal: Aborted (6)
[node1:1614431] Signal code:  (-6)
[node1:1614431] [ 0] /usr/lib/x86_64-linux-gnu/libc.so.6(+0x45330)[0x758b7fc45330]
[node1:1614431] [ 1] /usr/lib/x86_64-linux-gnu/libc.so.6(pthread_kill+0x11c)[0x758b7fc9eb2c]
[node1:1614431] [ 2] /usr/lib/x86_64-linux-gnu/libc.so.6(gsignal+0x1e)[0x758b7fc4527e]
[node1:1614431] [ 3] /usr/lib/x86_64-linux-gnu/libc.so.6(abort+0xdf)[0x758b7fc288ff]
[node1:1614431] [ 4] /usr/lib/x86_64-linux-gnu/libucs.so.0(+0x2b7f7)[0x758b803677f7]
[node1:1614431] [ 5] /usr/lib/x86_64-linux-gnu/libucs.so.0(ucs_log_default_handler+0x9d3)[0x758b8036ccc3]
[node1:1614431] [ 6] /usr/lib/x86_64-linux-gnu/libucs.so.0(ucs_log_dispatch+0xf6)[0x758b803656d6]
[node1:1614431] [ 7] /usr/lib/x86_64-linux-gnu/ucx/libuct_cma.so.0(+0x3d89)[0x758b803b7d89]
[node1:1614431] [ 8] /usr/lib/x86_64-linux-gnu/ucx/libuct_cma.so.0(uct_cma_ep_tx+0x2ba)[0x758b803b806a]
[node1:1614431] [ 9] /usr/lib/x86_64-linux-gnu/libuct.so.0(uct_scopy_ep_progress_tx+0x77)[0x758b7feb3947]
[node1:1614431] [10] /usr/lib/x86_64-linux-gnu/libucs.so.0(ucs_arbiter_dispatch_nonempty+0x119)[0x758b8035bf09]
[node1:1614431] [11] /usr/lib/x86_64-linux-gnu/libuct.so.0(uct_scopy_iface_progress+0x88)[0x758b7febfbe8]
[node1:1614431] [12] /usr/lib/x86_64-linux-gnu/libucs.so.0(+0x25c18)[0x758b80361c18]
[node1:1614431] [13] /usr/lib/x86_64-linux-gnu/libucp.so.0(ucp_worker_progress+0x7a)[0x758b6dcf82ca]
[node1:1614431] [14] /home/hpc/hpcx/hpcx-v2.24-gcc-doca_ofed-ubuntu24.04-cuda13-x86_64/ompi/lib/libopen-pal.so.40(opal_progress+0x34)[0x758b7ff20314]
[node1:1614431] [15] /home/hpc/hpcx/hpcx-v2.24-gcc-doca_ofed-ubuntu24.04-cuda13-x86_64/ompi/lib/libopen-pal.so.40(ompi_sync_wait_mt+0x115)[0x758b7ff26b15]
[node1:1614431] [16] /home/hpc/hpcx/hpcx-v2.24-gcc-doca_ofed-ubuntu24.04-cuda13-x86_64/ompi/lib/libmpi.so.40(ompi_request_default_wait+0x24b)[0x758bb8d2403b]
[node1:1614431] [17] /home/hpc/hpcx/hpcx-v2.24-gcc-doca_ofed-ubuntu24.04-cuda13-x86_64/ompi/lib/libmpi.so.40(PMPI_Wait+0x1e)[0x758bb8d50e9e]
[node1:1614431] [18] ./xhpl_mxp-nvidia[0x50e9d3]
[node1:1614431] [19] ./xhpl_mxp-nvidia[0x4dc7d3]
[node1:1614431] [20] ./xhpl_mxp-nvidia[0x4df810]
[node1:1614431] [21] ./xhpl_mxp-nvidia[0x4df793]
[node1:1614431] [22] ./xhpl_mxp-nvidia[0x4df703]
[node1:1614431] [23] ./xhpl_mxp-nvidia[0x4df6bc]
[node1:1614431] [24] ./xhpl_mxp-nvidia[0x4df6a0]
[node1:1614431] [25] ./xhpl_mxp-nvidia[0x5bd493]
[node1:1614431] [26] /usr/lib/x86_64-linux-gnu/libc.so.6(+0x9caa4)[0x758b7fc9caa4]
[node1:1614431] [27] /usr/lib/x86_64-linux-gnu/libc.so.6(+0x129c6c)[0x758b7fd29c6c]
[node1:1614431] *** End of error message ***
--------------------------------------------------------------------------
Primary job  terminated normally, but 1 process returned
a non-zero exit code. Per user-direction, the job has been aborted.
--------------------------------------------------------------------------
--------------------------------------------------------------------------
mpirun noticed that process rank 3 with PID 1614432 on node node1 exited on signal 6 (Aborted).
--------------------------------------------------------------------------
