================================================================================
AMD Zen HPL 2024_10_08
Using AOCL BLIS
================================================================================
Derived from:
HPLinpack 2.3  --  High-Performance Linpack benchmark  --   December 2, 2018
Written by A. Petitet and R. Clint Whaley,  Innovative Computing Laboratory, UTK
Modified by Piotr Luszczek, Innovative Computing Laboratory, UTK
Modified by Julien Langou, University of Colorado Denver
================================================================================

An explanation of the input/output parameters follows:
T/V    : Wall time / encoded variant.
N      : The order of the coefficient matrix A.
NB     : The partitioning blocking factor.
P      : The number of process rows.
Q      : The number of process columns.
Time   : Time in seconds to solve the linear system.
Gflops : Rate of execution for solving the linear system.

The following parameter values will be used:

N      :  425984 
NB     :     256 
PMAP   : Row-major process mapping
P      :       8 
Q      :       8 
PFACT  :   Crout 
NBMIN  :       4 
NDIV   :       2 
RFACT  :   Crout 
BCAST  :   2ring 
DEPTH  :       2 
SWAP   : (002) Mix (@ 64)
L1     : transposed form
A      : no-transposed form (ColMajor)
EQUIL  : yes
ALIGN  : 16 double precision words
MXSWP  : (O/o) Orig 

--------------------------------------------------------------------------------

- The matrix A is randomly generated for each test.
- The following scaled residual check will be computed:
      ||Ax-b||_oo / ( eps * ( || x ||_oo * || A ||_oo + || b ||_oo ) * N )
- The relative machine precision (eps) is taken to be               1.110223e-16
- Computational tests pass if scaled residuals are less than                16.0

================================================================================
T/V         SWP           N    NB     P     Q            Time             Gflops
--------------------------------------------------------------------------------
WRC22C2C4o 002       425984   256     8     8        10192.14         5.0562e+03
HPL_pdgesv() start time Tue Nov 11 01:53:26 2025
HPL_pdgesv() end time   Tue Nov 11 04:43:18 2025
--------------------------------------------------------------------------------
||Ax-b||_oo/(eps*(||A||_oo*||x||_oo+||b||_oo)*N)=   1.89635158e-03 ...... PASSED
================================================================================

Finished      1 tests with the following results:
              1 tests completed and passed residual checks,
              0 tests completed and failed residual checks,
              0 tests skipped because of illegal input values.
--------------------------------------------------------------------------------

End of Tests.
================================================================================
