==== SST ENV CHECK (job=1489) ====
/home/hpc/local/sstcore-15.0.0/bin/sst
SST_CORE_HOME=/home/hpc/local/sstcore-15.0.0
SST_ELEMENTS_HOME=/home/hpc/local/sstelements-15.0.0
SST_ELEMENT_SEARCHPATH=/home/hpc/local/sstcore-15.0.0/lib/sstcore:/home/hpc/local/sstelements-15.0.0/lib/sst-elements-library:/home/hpc/Downloads/sst-build/sst-elements/src/sst/elements/osseous

PROCESSED 1 .so (SST ELEMENT) FILES FOUND IN DIRECTORY(s) /home/hpc/local/sstcore-15.0.0/lib/sstcore:/home/hpc/local/sstelements-15.0.0/lib/sst-elements-library:/home/hpc/Downloads/sst-build/sst-elements/src/sst/elements/osseous
Filtering output on Element = "firefly"
================================================================================
ELEMENT LIBRARY 0 = firefly ()
Components (2 total)
   Component 0: loopBack
      Description: 
      ELI version: 0.9.0
      Compiled on: Aug 30 2025 05:00:23, using file: loopBack.h
      Category: SYSTEM COMPONENT
      Parameters (2 total)
         numCores: Sets the number cores to create links to  [1]
         nicsPerNode: Sets the number of NICs for the node  [1]
      Ports (1 total)
         nic%(nicsPerNode)dcore%(num_vNics/nicsPerNode)d: Ports connected to the network driver

PROCESSED 1 .so (SST ELEMENT) FILES FOUND IN DIRECTORY(s) /home/hpc/local/sstcore-15.0.0/lib/sstcore:/home/hpc/local/sstelements-15.0.0/lib/sst-elements-library:/home/hpc/Downloads/sst-build/sst-elements/src/sst/elements/osseous
Filtering output on Element = "merlin"
================================================================================
ELEMENT LIBRARY 0 = merlin ()
Components (12 total)
   Component 0: Bridge
      Description: Bridge between two memory networks.
      ELI version: 0.9.0
      Compiled on: Aug 30 2025 05:02:57, using file: bridge.h
      Category: NETWORK COMPONENT
      Parameters (6 total)
         translator: Translator backend.  Inherit from SST::Merlin::Bridge::Translator.  [<required>]
         debug: 0 (default): No debugging, 1: STDOUT, 2: STDERR, 3: FILE.  [0]
         debug_level: Debugging level: 0 to 10  [0]
         network_bw: The network link bandwidth.  [80GiB/s]
=============================================
SST_RUN_START job=1489 hosts=node[1-2] ranks=2 threads_per_rank=16 app=halo groups=5 jobs=10 iters=5 link_bw=25GB/s router_latency=100ns link_latency=50ns profiling_points=\
clocks:sst.profile.handler.clock.time.steady(level=type)[clock];\
events:sst.profile.handler.event.time.steady(level=type,track_ports=true,profile_receives=true)[event];\
sync:sst.profile.sync.time.steady[sync]
[node1:1923346] MCW rank 0 bound to socket 0[core 0[hwt 0]], socket 0[core 1[hwt 0]], socket 0[core 2[hwt 0]], socket 0[core 3[hwt 0]], socket 0[core 4[hwt 0]], socket 0[core 5[hwt 0]], socket 0[core 6[hwt 0]], socket 0[core 7[hwt 0]], socket 0[core 8[hwt 0]], socket 0[core 9[hwt 0]], socket 0[core 10[hwt 0]], socket 0[core 11[hwt 0]], socket 0[core 12[hwt 0]], socket 0[core 13[hwt 0]], socket 0[core 14[hwt 0]], socket 0[core 15[hwt 0]]: [B/B/B/B/B/B/B/B/B/B/B/B/B/B/B/B][./././././././././././././././.]
[node2:1815252] MCW rank 1 bound to socket 0[core 0[hwt 0-1]], socket 0[core 1[hwt 0-1]], socket 0[core 2[hwt 0-1]], socket 0[core 3[hwt 0-1]], socket 0[core 4[hwt 0-1]], socket 0[core 5[hwt 0-1]], socket 0[core 6[hwt 0-1]], socket 0[core 7[hwt 0-1]], socket 0[core 8[hwt 0-1]], socket 0[core 9[hwt 0-1]], socket 0[core 10[hwt 0-1]], socket 0[core 11[hwt 0-1]], socket 0[core 12[hwt 0-1]], socket 0[core 13[hwt 0-1]], socket 0[core 14[hwt 0-1]], socket 0[core 15[hwt 0-1]]: [BB/BB/BB/BB/BB/BB/BB/BB/BB/BB/BB/BB/BB/BB/BB/BB][../../../../../../../../../../../../../../../..]
FATAL: [1:0] SST Core: can't find requested component 'firefly.nic'
Error: unable to find "firefly" element library

SST Fatal Backtrace Information:
    0 : sst(_ZNK3SST6Output5fatalEjPKcS2_iS2_z+0x310) [0x5949fa7fcf70]
    1 : sst(_ZN3SST7Factory15CreateComponentEmRKNSt7__cxx1112basic_stringIcSt11char_traitsIcESaIcEEERNS_6ParamsE+0x3d9) [0x5949fa7dd269]
    2 : sst(_ZN3SST15Simulation_impl13performWireUpERNS_11ConfigGraphERKNS_8RankInfoEm+0x97) [0x5949fa82c827]
    3 : sst(+0x1850f6) [0x5949fa7310f6]
    4 : sst(main+0x644) [0x5949fa70e894]
    5 : /lib/x86_64-linux-gnu/libc.so.6(+0x2a1ca) [0x71c96442a1ca]
    6 : /lib/x86_64-linux-gnu/libc.so.6(__libc_start_main+0x8b) [0x71c96442a28b]
    7 : sst(_start+0x25) [0x5949fa72cf35]
--------------------------------------------------------------------------
MPI_ABORT was invoked on rank 1 in communicator MPI_COMM_WORLD
with errorcode 1.

NOTE: invoking MPI_ABORT causes Open MPI to kill all MPI processes.
You may or may not see output from other processes, depending on
exactly when Open MPI kills them.
--------------------------------------------------------------------------
SST_RUN_COMPLETE job=1489 exit_code=1
