[node1:1596467:1:1596509]      cma_ep.c:85   process_vm_writev(pid=1596469 {0x777e48400000,524288}-->{0x758ff4400000,524288}) returned -1: Bad address
[node1:1596466:1:1596506]      cma_ep.c:85   process_vm_writev(pid=1596468 {0x77b04e400000,524288}-->{0x7689b4400000,524288}) returned -1: Bad address
==== backtrace (tid:1596509) ====
 0  /usr/lib/x86_64-linux-gnu/libucs.so.0(ucs_handle_error+0x2ec) [0x777ea7ac964c]
 1  /usr/lib/x86_64-linux-gnu/libucs.so.0(ucs_fatal_error_message+0xb2) [0x777ea7ac97f2]
 2  /usr/lib/x86_64-linux-gnu/libucs.so.0(ucs_log_default_handler+0x9d3) [0x777ea7acecc3]
 3  /usr/lib/x86_64-linux-gnu/libucs.so.0(ucs_log_dispatch+0xf6) [0x777ea7ac76d6]
 4  /usr/lib/x86_64-linux-gnu/ucx/libuct_cma.so.0(+0x3d89) [0x777ea7a75d89]
 5  /usr/lib/x86_64-linux-gnu/ucx/libuct_cma.so.0(uct_cma_ep_tx+0x2ba) [0x777ea7a7606a]
 6  /usr/lib/x86_64-linux-gnu/libuct.so.0(uct_scopy_ep_progress_tx+0x77) [0x777ea8fab947]
 7  /usr/lib/x86_64-linux-gnu/libucs.so.0(ucs_arbiter_dispatch_nonempty+0x119) [0x777ea7abdf09]
 8  /usr/lib/x86_64-linux-gnu/libuct.so.0(uct_scopy_iface_progress+0x88) [0x777ea8fb7be8]
 9  /usr/lib/x86_64-linux-gnu/libucs.so.0(+0x25c18) [0x777ea7ac3c18]
10  /usr/lib/x86_64-linux-gnu/libucp.so.0(ucp_worker_progress+0x7a) [0x777e958f82ca]
11  /home/hpc/hpcx/hpcx-v2.24-gcc-doca_ofed-ubuntu24.04-cuda13-x86_64/ompi/lib/libopen-pal.so.40(opal_progress+0x34) [0x777ed7f20314]
12  /home/hpc/hpcx/hpcx-v2.24-gcc-doca_ofed-ubuntu24.04-cuda13-x86_64/ompi/lib/libopen-pal.so.40(ompi_sync_wait_mt+0x115) [0x777ed7f26b15]
13  /home/hpc/hpcx/hpcx-v2.24-gcc-doca_ofed-ubuntu24.04-cuda13-x86_64/ompi/lib/libmpi.so.40(ompi_request_default_wait+0x24b) [0x777eebf7e03b]
14  /home/hpc/hpcx/hpcx-v2.24-gcc-doca_ofed-ubuntu24.04-cuda13-x86_64/ompi/lib/libmpi.so.40(PMPI_Wait+0x1e) [0x777eebfaae9e]
15  ./xhpl_mxp-nvidia() [0x50eac7]
16  ./xhpl_mxp-nvidia() [0x4dc7d3]
17  ./xhpl_mxp-nvidia() [0x4df810]
18  ./xhpl_mxp-nvidia() [0x4df793]
19  ./xhpl_mxp-nvidia() [0x4df703]
20  ./xhpl_mxp-nvidia() [0x4df6bc]
21  ./xhpl_mxp-nvidia() [0x4df6a0]
22  ./xhpl_mxp-nvidia() [0x5bd493]
23  /usr/lib/x86_64-linux-gnu/libc.so.6(+0x9caa4) [0x777ea789caa4]
24  /usr/lib/x86_64-linux-gnu/libc.so.6(+0x129c6c) [0x777ea7929c6c]
=================================
[node1:1596467] *** Process received signal ***
[node1:1596467] Signal: Aborted (6)
[node1:1596467] Signal code:  (-6)
[node1:1596467] [ 0] /usr/lib/x86_64-linux-gnu/libc.so.6(+0x45330)[0x777ea7845330]
[node1:1596467] [ 1] /usr/lib/x86_64-linux-gnu/libc.so.6(pthread_kill+0x11c)[0x777ea789eb2c]
[node1:1596467] [ 2] /usr/lib/x86_64-linux-gnu/libc.so.6(gsignal+0x1e)[0x777ea784527e]
[node1:1596467] [ 3] /usr/lib/x86_64-linux-gnu/libc.so.6(abort+0xdf)[0x777ea78288ff]
[node1:1596467] [ 4] /usr/lib/x86_64-linux-gnu/libucs.so.0(+0x2b7f7)[0x777ea7ac97f7]
[node1:1596467] [ 5] /usr/lib/x86_64-linux-gnu/libucs.so.0(ucs_log_default_handler+0x9d3)[0x777ea7acecc3]
[node1:1596467] [ 6] /usr/lib/x86_64-linux-gnu/libucs.so.0(ucs_log_dispatch+0xf6)[0x777ea7ac76d6]
[node1:1596467] [ 7] /usr/lib/x86_64-linux-gnu/ucx/libuct_cma.so.0(+0x3d89)[0x777ea7a75d89]
[node1:1596467] [ 8] /usr/lib/x86_64-linux-gnu/ucx/libuct_cma.so.0(uct_cma_ep_tx+0x2ba)[0x777ea7a7606a]
[node1:1596467] [ 9] /usr/lib/x86_64-linux-gnu/libuct.so.0(uct_scopy_ep_progress_tx+0x77)[0x777ea8fab947]
[node1:1596467] [10] /usr/lib/x86_64-linux-gnu/libucs.so.0(ucs_arbiter_dispatch_nonempty+0x119)[0x777ea7abdf09]
[node1:1596467] [11] /usr/lib/x86_64-linux-gnu/libuct.so.0(uct_scopy_iface_progress+0x88)[0x777ea8fb7be8]
[node1:1596467] [12] /usr/lib/x86_64-linux-gnu/libucs.so.0(+0x25c18)[0x777ea7ac3c18]
[node1:1596467] [13] /usr/lib/x86_64-linux-gnu/libucp.so.0(ucp_worker_progress+0x7a)[0x777e958f82ca]
[node1:1596467] [14] /home/hpc/hpcx/hpcx-v2.24-gcc-doca_ofed-ubuntu24.04-cuda13-x86_64/ompi/lib/libopen-pal.so.40(opal_progress+0x34)[0x777ed7f20314]
[node1:1596467] [15] /home/hpc/hpcx/hpcx-v2.24-gcc-doca_ofed-ubuntu24.04-cuda13-x86_64/ompi/lib/libopen-pal.so.40(ompi_sync_wait_mt+0x115)[0x777ed7f26b15]
[node1:1596467] [16] /home/hpc/hpcx/hpcx-v2.24-gcc-doca_ofed-ubuntu24.04-cuda13-x86_64/ompi/lib/libmpi.so.40(ompi_request_default_wait+0x24b)[0x777eebf7e03b]
[node1:1596467] [17] /home/hpc/hpcx/hpcx-v2.24-gcc-doca_ofed-ubuntu24.04-cuda13-x86_64/ompi/lib/libmpi.so.40(PMPI_Wait+0x1e)[0x777eebfaae9e]
[node1:1596467] [18] ==== backtrace (tid:1596506) ====
 0  /usr/lib/x86_64-linux-gnu/libucs.so.0(ucs_handle_error+0x2ec) [0x77b0b6ac964c]
 1  /usr/lib/x86_64-linux-gnu/libucs.so.0(ucs_fatal_error_message+0xb2) [0x77b0b6ac97f2]
 2  /usr/lib/x86_64-linux-gnu/libucs.so.0(ucs_log_default_handler+0x9d3) [0x77b0b6acecc3]
 3  /usr/lib/x86_64-linux-gnu/libucs.so.0(ucs_log_dispatch+0xf6) [0x77b0b6ac76d6]
 4  /usr/lib/x86_64-linux-gnu/ucx/libuct_cma.so.0(+0x3d89) [0x77b0b7f89d89]
 5  /usr/lib/x86_64-linux-gnu/ucx/libuct_cma.so.0(uct_cma_ep_tx+0x2ba) [0x77b0b7f8a06a]
 6  /usr/lib/x86_64-linux-gnu/libuct.so.0(uct_scopy_ep_progress_tx+0x77) [0x77b0b6f4d947]
 7  /usr/lib/x86_64-linux-gnu/libucs.so.0(ucs_arbiter_dispatch_nonempty+0x119) [0x77b0b6abdf09]
 8  /usr/lib/x86_64-linux-gnu/libuct.so.0(uct_scopy_iface_progress+0x88) [0x77b0b6f59be8]
 9  /usr/lib/x86_64-linux-gnu/libucs.so.0(+0x25c18) [0x77b0b6ac3c18]
10  /usr/lib/x86_64-linux-gnu/libucp.so.0(ucp_worker_progress+0x7a) [0x77b0a48f82ca]
11  /home/hpc/hpcx/hpcx-v2.24-gcc-doca_ofed-ubuntu24.04-cuda13-x86_64/ompi/lib/libopen-pal.so.40(opal_progress+0x34) [0x77b0e6f20314]
12  /home/hpc/hpcx/hpcx-v2.24-gcc-doca_ofed-ubuntu24.04-cuda13-x86_64/ompi/lib/libopen-pal.so.40(ompi_sync_wait_mt+0x115) [0x77b0e6f26b15]
13  /home/hpc/hpcx/hpcx-v2.24-gcc-doca_ofed-ubuntu24.04-cuda13-x86_64/ompi/lib/libmpi.so.40(ompi_request_default_wait+0x24b) [0x77b0faf5c03b]
14  /home/hpc/hpcx/hpcx-v2.24-gcc-doca_ofed-ubuntu24.04-cuda13-x86_64/ompi/lib/libmpi.so.40(PMPI_Wait+0x1e) [0x77b0faf88e9e]
15  ./xhpl_mxp-nvidia() [0x50eac7]
16  ./xhpl_mxp-nvidia() [0x4dc7d3]
17  ./xhpl_mxp-nvidia() [0x4df810]
18  ./xhpl_mxp-nvidia() [0x4df793]
19  ./xhpl_mxp-nvidia() [0x4df703]
20  ./xhpl_mxp-nvidia() [0x4df6bc]
21  ./xhpl_mxp-nvidia() [0x4df6a0]
22  ./xhpl_mxp-nvidia() [0x5bd493]
23  /usr/lib/x86_64-linux-gnu/libc.so.6(+0x9caa4) [0x77b0b689caa4]
24  /usr/lib/x86_64-linux-gnu/libc.so.6(+0x129c6c) [0x77b0b6929c6c]
=================================
./xhpl_mxp-nvidia[0x50eac7]
[node1:1596467] [19] [node1:1596466] *** Process received signal ***
[node1:1596466] Signal: Aborted (6)
[node1:1596466] Signal code:  (-6)
./xhpl_mxp-nvidia[0x4dc7d3]
[node1:1596467] [20] ./xhpl_mxp-nvidia[0x4df810]
[node1:1596467] [node1:1596466] [ 0] [21] /usr/lib/x86_64-linux-gnu/libc.so.6(+0x45330)[0x77b0b6845330]
[node1:1596466] [ 1] ./xhpl_mxp-nvidia[0x4df793]
[node1:1596467] [22] /usr/lib/x86_64-linux-gnu/libc.so.6(pthread_kill+0x11c)[0x77b0b689eb2c]
[node1:1596466] [ 2] ./xhpl_mxp-nvidia[0x4df703]
[node1:1596467] [23] /usr/lib/x86_64-linux-gnu/libc.so.6(gsignal+0x1e)[0x77b0b684527e]
[node1:1596466] [ 3] /usr/lib/x86_64-linux-gnu/libc.so.6(abort+0xdf)[0x77b0b68288ff]
[node1:1596466] [ 4] /usr/lib/x86_64-linux-gnu/libucs.so.0(+0x2b7f7)[0x77b0b6ac97f7]
[node1:1596466] [ 5] /usr/lib/x86_64-linux-gnu/libucs.so.0(ucs_log_default_handler+0x9d3)[0x77b0b6acecc3]
[node1:1596466] [ 6] /usr/lib/x86_64-linux-gnu/libucs.so.0(ucs_log_dispatch+0xf6)[0x77b0b6ac76d6]
[node1:1596466] [ 7] /usr/lib/x86_64-linux-gnu/ucx/libuct_cma.so.0(+0x3d89)[0x77b0b7f89d89]
[node1:1596466] ./xhpl_mxp-nvidia[0x4df6bc]
[node1:1596467] [24] ./xhpl_mxp-nvidia[0x4df6a0]
[node1:1596467] [25] [ 8] /usr/lib/x86_64-linux-gnu/ucx/libuct_cma.so.0(uct_cma_ep_tx+0x2ba)[0x77b0b7f8a06a]
[node1:1596466] [ 9] /usr/lib/x86_64-linux-gnu/libuct.so.0(uct_scopy_ep_progress_tx+0x77)[0x77b0b6f4d947]
[node1:1596466] [10] /usr/lib/x86_64-linux-gnu/libucs.so.0(ucs_arbiter_dispatch_nonempty+0x119)[0x77b0b6abdf09]
[node1:1596466] [11] /usr/lib/x86_64-linux-gnu/libuct.so.0(uct_scopy_iface_progress+0x88)[0x77b0b6f59be8]
[node1:1596466] [12] ./xhpl_mxp-nvidia[0x5bd493]
[node1:1596467] [26] /usr/lib/x86_64-linux-gnu/libucs.so.0(+0x25c18)[0x77b0b6ac3c18]
[node1:1596466] [13] /usr/lib/x86_64-linux-gnu/libucp.so.0(ucp_worker_progress+0x7a)[0x77b0a48f82ca]
[node1:1596466] [14] /usr/lib/x86_64-linux-gnu/libc.so.6(+0x9caa4)[0x777ea789caa4]
[node1:1596467] [27] /home/hpc/hpcx/hpcx-v2.24-gcc-doca_ofed-ubuntu24.04-cuda13-x86_64/ompi/lib/libopen-pal.so.40(opal_progress+0x34)[0x77b0e6f20314]
[node1:1596466] [15] /home/hpc/hpcx/hpcx-v2.24-gcc-doca_ofed-ubuntu24.04-cuda13-x86_64/ompi/lib/libopen-pal.so.40(ompi_sync_wait_mt+0x115)[0x77b0e6f26b15]
[node1:1596466] /usr/lib/x86_64-linux-gnu/libc.so.6(+0x129c6c)[0x777ea7929c6c]
[node1:1596467] *** End of error message ***
[16] /home/hpc/hpcx/hpcx-v2.24-gcc-doca_ofed-ubuntu24.04-cuda13-x86_64/ompi/lib/libmpi.so.40(ompi_request_default_wait+0x24b)[0x77b0faf5c03b]
[node1:1596466] [17] /home/hpc/hpcx/hpcx-v2.24-gcc-doca_ofed-ubuntu24.04-cuda13-x86_64/ompi/lib/libmpi.so.40(PMPI_Wait+0x1e)[0x77b0faf88e9e]
[node1:1596466] [18] ./xhpl_mxp-nvidia[0x50eac7]
[node1:1596466] [19] ./xhpl_mxp-nvidia[0x4dc7d3]
[node1:1596466] [20] ./xhpl_mxp-nvidia[0x4df810]
[node1:1596466] [21] ./xhpl_mxp-nvidia[0x4df793]
[node1:1596466] [22] ./xhpl_mxp-nvidia[0x4df703]
[node1:1596466] [23] ./xhpl_mxp-nvidia[0x4df6bc]
[node1:1596466] [24] ./xhpl_mxp-nvidia[0x4df6a0]
[node1:1596466] [25] ./xhpl_mxp-nvidia[0x5bd493]
[node1:1596466] [26] /usr/lib/x86_64-linux-gnu/libc.so.6(+0x9caa4)[0x77b0b689caa4]
[node1:1596466] [27] /usr/lib/x86_64-linux-gnu/libc.so.6(+0x129c6c)[0x77b0b6929c6c]
[node1:1596466] *** End of error message ***
--------------------------------------------------------------------------
Primary job  terminated normally, but 1 process returned
a non-zero exit code. Per user-direction, the job has been aborted.
--------------------------------------------------------------------------
--------------------------------------------------------------------------
mpirun noticed that process rank 1 with PID 1596467 on node node1 exited on signal 6 (Aborted).
--------------------------------------------------------------------------
