[node1:1632623:1:1632707]      cma_ep.c:85   process_vm_writev(pid=1632625 {0x76a228400000,524288}-->{0x7a08ac400000,524288}) returned -1: Bad address
==== backtrace (tid:1632707) ====
 0  /usr/lib/x86_64-linux-gnu/libucs.so.0(ucs_handle_error+0x2ec) [0x76a2889c564c]
 1  /usr/lib/x86_64-linux-gnu/libucs.so.0(ucs_fatal_error_message+0xb2) [0x76a2889c57f2]
 2  /usr/lib/x86_64-linux-gnu/libucs.so.0(ucs_log_default_handler+0x9d3) [0x76a2889cacc3]
 3  /usr/lib/x86_64-linux-gnu/libucs.so.0(ucs_log_dispatch+0xf6) [0x76a2889c36d6]
 4  /usr/lib/x86_64-linux-gnu/ucx/libuct_cma.so.0(+0x3d89) [0x76a289987d89]
 5  /usr/lib/x86_64-linux-gnu/ucx/libuct_cma.so.0(uct_cma_ep_tx+0x2ba) [0x76a28998806a]
 6  /usr/lib/x86_64-linux-gnu/libuct.so.0(uct_scopy_ep_progress_tx+0x77) [0x76a288968947]
 7  /usr/lib/x86_64-linux-gnu/libucs.so.0(ucs_arbiter_dispatch_nonempty+0x119) [0x76a2889b9f09]
 8  /usr/lib/x86_64-linux-gnu/libuct.so.0(uct_scopy_iface_progress+0x88) [0x76a288974be8]
 9  /usr/lib/x86_64-linux-gnu/libucs.so.0(+0x25c18) [0x76a2889bfc18]
10  /usr/lib/x86_64-linux-gnu/libucp.so.0(ucp_worker_progress+0x7a) [0x76a2762f82ca]
11  /home/hpc/hpcx/hpcx-v2.24-gcc-doca_ofed-ubuntu24.04-cuda13-x86_64/ompi/lib/libopen-pal.so.40(opal_progress+0x34) [0x76a288520314]
12  /home/hpc/hpcx/hpcx-v2.24-gcc-doca_ofed-ubuntu24.04-cuda13-x86_64/ompi/lib/libopen-pal.so.40(ompi_sync_wait_mt+0x115) [0x76a288526b15]
13  /home/hpc/hpcx/hpcx-v2.24-gcc-doca_ofed-ubuntu24.04-cuda13-x86_64/ompi/lib/libmpi.so.40(ompi_request_default_wait+0x24b) [0x76a2c133203b]
14  /home/hpc/hpcx/hpcx-v2.24-gcc-doca_ofed-ubuntu24.04-cuda13-x86_64/ompi/lib/libmpi.so.40(PMPI_Wait+0x1e) [0x76a2c135ee9e]
15  ./xhpl_mxp-nvidia() [0x50eac7]
16  ./xhpl_mxp-nvidia() [0x4dc7d3]
17  ./xhpl_mxp-nvidia() [0x4df810]
18  ./xhpl_mxp-nvidia() [0x4df793]
19  ./xhpl_mxp-nvidia() [0x4df703]
20  ./xhpl_mxp-nvidia() [0x4df6bc]
21  ./xhpl_mxp-nvidia() [0x4df6a0]
22  ./xhpl_mxp-nvidia() [0x5bd493]
23  /usr/lib/x86_64-linux-gnu/libc.so.6(+0x9caa4) [0x76a28829caa4]
24  /usr/lib/x86_64-linux-gnu/libc.so.6(+0x129c6c) [0x76a288329c6c]
=================================
[node1:1632623] *** Process received signal ***
[node1:1632623] Signal: Aborted (6)
[node1:1632623] Signal code:  (-6)
[node1:1632623] [ 0] /usr/lib/x86_64-linux-gnu/libc.so.6(+0x45330)[0x76a288245330]
[node1:1632623] [ 1] /usr/lib/x86_64-linux-gnu/libc.so.6(pthread_kill+0x11c)[0x76a28829eb2c]
[node1:1632623] [ 2] /usr/lib/x86_64-linux-gnu/libc.so.6(gsignal+0x1e)[0x76a28824527e]
[node1:1632623] [ 3] /usr/lib/x86_64-linux-gnu/libc.so.6(abort+0xdf)[0x76a2882288ff]
[node1:1632623] [ 4] /usr/lib/x86_64-linux-gnu/libucs.so.0(+0x2b7f7)[0x76a2889c57f7]
[node1:1632623] [ 5] /usr/lib/x86_64-linux-gnu/libucs.so.0(ucs_log_default_handler+0x9d3)[0x76a2889cacc3]
[node1:1632623] [ 6] /usr/lib/x86_64-linux-gnu/libucs.so.0(ucs_log_dispatch+0xf6)[0x76a2889c36d6]
[node1:1632623] [ 7] /usr/lib/x86_64-linux-gnu/ucx/libuct_cma.so.0(+0x3d89)[0x76a289987d89]
[node1:1632623] [ 8] /usr/lib/x86_64-linux-gnu/ucx/libuct_cma.so.0(uct_cma_ep_tx+0x2ba)[0x76a28998806a]
[node1:1632623] [ 9] /usr/lib/x86_64-linux-gnu/libuct.so.0(uct_scopy_ep_progress_tx+0x77)[0x76a288968947]
[node1:1632623] [10] /usr/lib/x86_64-linux-gnu/libucs.so.0(ucs_arbiter_dispatch_nonempty+0x119)[0x76a2889b9f09]
[node1:1632623] [11] /usr/lib/x86_64-linux-gnu/libuct.so.0(uct_scopy_iface_progress+0x88)[0x76a288974be8]
[node1:1632623] [12] /usr/lib/x86_64-linux-gnu/libucs.so.0(+0x25c18)[0x76a2889bfc18]
[node1:1632623] [13] /usr/lib/x86_64-linux-gnu/libucp.so.0(ucp_worker_progress+0x7a)[0x76a2762f82ca]
[node1:1632623] [14] /home/hpc/hpcx/hpcx-v2.24-gcc-doca_ofed-ubuntu24.04-cuda13-x86_64/ompi/lib/libopen-pal.so.40(opal_progress+0x34)[0x76a288520314]
[node1:1632623] [15] /home/hpc/hpcx/hpcx-v2.24-gcc-doca_ofed-ubuntu24.04-cuda13-x86_64/ompi/lib/libopen-pal.so.40(ompi_sync_wait_mt+0x115)[0x76a288526b15]
[node1:1632623] [16] /home/hpc/hpcx/hpcx-v2.24-gcc-doca_ofed-ubuntu24.04-cuda13-x86_64/ompi/lib/libmpi.so.40(ompi_request_default_wait+0x24b)[0x76a2c133203b]
[node1:1632623] [17] /home/hpc/hpcx/hpcx-v2.24-gcc-doca_ofed-ubuntu24.04-cuda13-x86_64/ompi/lib/libmpi.so.40(PMPI_Wait+0x1e)[0x76a2c135ee9e]
[node1:1632623] [18] ./xhpl_mxp-nvidia[0x50eac7]
[node1:1632623] [19] ./xhpl_mxp-nvidia[0x4dc7d3]
[node1:1632623] [20] ./xhpl_mxp-nvidia[0x4df810]
[node1:1632623] [21] ./xhpl_mxp-nvidia[0x4df793]
[node1:1632623] [22] ./xhpl_mxp-nvidia[0x4df703]
[node1:1632623] [23] ./xhpl_mxp-nvidia[0x4df6bc]
[node1:1632623] [24] ./xhpl_mxp-nvidia[0x4df6a0]
[node1:1632623] [25] ./xhpl_mxp-nvidia[0x5bd493]
[node1:1632623] [26] /usr/lib/x86_64-linux-gnu/libc.so.6(+0x9caa4)[0x76a28829caa4]
[node1:1632623] [27] /usr/lib/x86_64-linux-gnu/libc.so.6(+0x129c6c)[0x76a288329c6c]
[node1:1632623] *** End of error message ***
[node1:1632624:1:1632709]      cma_ep.c:85   process_vm_writev(pid=1632626 {0x7705ec400000,524288}-->{0x76fbfa400000,524288}) returned -1: Bad address
==== backtrace (tid:1632709) ====
 0  /usr/lib/x86_64-linux-gnu/libucs.so.0(ucs_handle_error+0x2ec) [0x77064d3a964c]
 1  /usr/lib/x86_64-linux-gnu/libucs.so.0(ucs_fatal_error_message+0xb2) [0x77064d3a97f2]
 2  /usr/lib/x86_64-linux-gnu/libucs.so.0(ucs_log_default_handler+0x9d3) [0x77064d3aecc3]
 3  /usr/lib/x86_64-linux-gnu/libucs.so.0(ucs_log_dispatch+0xf6) [0x77064d3a76d6]
 4  /usr/lib/x86_64-linux-gnu/ucx/libuct_cma.so.0(+0x3d89) [0x77064d323d89]
 5  /usr/lib/x86_64-linux-gnu/ucx/libuct_cma.so.0(uct_cma_ep_tx+0x2ba) [0x77064d32406a]
 6  /usr/lib/x86_64-linux-gnu/libuct.so.0(uct_scopy_ep_progress_tx+0x77) [0x77064d34c947]
 7  /usr/lib/x86_64-linux-gnu/libucs.so.0(ucs_arbiter_dispatch_nonempty+0x119) [0x77064d39df09]
 8  /usr/lib/x86_64-linux-gnu/libuct.so.0(uct_scopy_iface_progress+0x88) [0x77064d358be8]
 9  /usr/lib/x86_64-linux-gnu/libucs.so.0(+0x25c18) [0x77064d3a3c18]
10  /usr/lib/x86_64-linux-gnu/libucp.so.0(ucp_worker_progress+0x7a) [0x77063acf82ca]
11  /home/hpc/hpcx/hpcx-v2.24-gcc-doca_ofed-ubuntu24.04-cuda13-x86_64/ompi/lib/libopen-pal.so.40(opal_progress+0x34) [0x77064cf20314]
12  /home/hpc/hpcx/hpcx-v2.24-gcc-doca_ofed-ubuntu24.04-cuda13-x86_64/ompi/lib/libopen-pal.so.40(ompi_sync_wait_mt+0x115) [0x77064cf26b15]
13  /home/hpc/hpcx/hpcx-v2.24-gcc-doca_ofed-ubuntu24.04-cuda13-x86_64/ompi/lib/libmpi.so.40(ompi_request_default_wait+0x24b) [0x770685d3203b]
14  /home/hpc/hpcx/hpcx-v2.24-gcc-doca_ofed-ubuntu24.04-cuda13-x86_64/ompi/lib/libmpi.so.40(PMPI_Wait+0x1e) [0x770685d5ee9e]
15  ./xhpl_mxp-nvidia() [0x50eac7]
16  ./xhpl_mxp-nvidia() [0x4dc7d3]
17  ./xhpl_mxp-nvidia() [0x4df810]
18  ./xhpl_mxp-nvidia() [0x4df793]
19  ./xhpl_mxp-nvidia() [0x4df703]
20  ./xhpl_mxp-nvidia() [0x4df6bc]
21  ./xhpl_mxp-nvidia() [0x4df6a0]
22  ./xhpl_mxp-nvidia() [0x5bd493]
23  /usr/lib/x86_64-linux-gnu/libc.so.6(+0x9caa4) [0x77064cc9caa4]
24  /usr/lib/x86_64-linux-gnu/libc.so.6(+0x129c6c) [0x77064cd29c6c]
=================================
[node1:1632624] *** Process received signal ***
[node1:1632624] Signal: Aborted (6)
[node1:1632624] Signal code:  (-6)
[node1:1632624] [ 0] /usr/lib/x86_64-linux-gnu/libc.so.6(+0x45330)[0x77064cc45330]
[node1:1632624] [ 1] /usr/lib/x86_64-linux-gnu/libc.so.6(pthread_kill+0x11c)[0x77064cc9eb2c]
[node1:1632624] [ 2] /usr/lib/x86_64-linux-gnu/libc.so.6(gsignal+0x1e)[0x77064cc4527e]
[node1:1632624] [ 3] /usr/lib/x86_64-linux-gnu/libc.so.6(abort+0xdf)[0x77064cc288ff]
[node1:1632624] [ 4] /usr/lib/x86_64-linux-gnu/libucs.so.0(+0x2b7f7)[0x77064d3a97f7]
[node1:1632624] [ 5] /usr/lib/x86_64-linux-gnu/libucs.so.0(ucs_log_default_handler+0x9d3)[0x77064d3aecc3]
[node1:1632624] [ 6] /usr/lib/x86_64-linux-gnu/libucs.so.0(ucs_log_dispatch+0xf6)[0x77064d3a76d6]
[node1:1632624] [ 7] /usr/lib/x86_64-linux-gnu/ucx/libuct_cma.so.0(+0x3d89)[0x77064d323d89]
[node1:1632624] [ 8] /usr/lib/x86_64-linux-gnu/ucx/libuct_cma.so.0(uct_cma_ep_tx+0x2ba)[0x77064d32406a]
[node1:1632624] [ 9] /usr/lib/x86_64-linux-gnu/libuct.so.0(uct_scopy_ep_progress_tx+0x77)[0x77064d34c947]
[node1:1632624] [10] /usr/lib/x86_64-linux-gnu/libucs.so.0(ucs_arbiter_dispatch_nonempty+0x119)[0x77064d39df09]
[node1:1632624] [11] /usr/lib/x86_64-linux-gnu/libuct.so.0(uct_scopy_iface_progress+0x88)[0x77064d358be8]
[node1:1632624] [12] /usr/lib/x86_64-linux-gnu/libucs.so.0(+0x25c18)[0x77064d3a3c18]
[node1:1632624] [13] /usr/lib/x86_64-linux-gnu/libucp.so.0(ucp_worker_progress+0x7a)[0x77063acf82ca]
[node1:1632624] [14] /home/hpc/hpcx/hpcx-v2.24-gcc-doca_ofed-ubuntu24.04-cuda13-x86_64/ompi/lib/libopen-pal.so.40(opal_progress+0x34)[0x77064cf20314]
[node1:1632624] [15] /home/hpc/hpcx/hpcx-v2.24-gcc-doca_ofed-ubuntu24.04-cuda13-x86_64/ompi/lib/libopen-pal.so.40(ompi_sync_wait_mt+0x115)[0x77064cf26b15]
[node1:1632624] [16] /home/hpc/hpcx/hpcx-v2.24-gcc-doca_ofed-ubuntu24.04-cuda13-x86_64/ompi/lib/libmpi.so.40(ompi_request_default_wait+0x24b)[0x770685d3203b]
[node1:1632624] [17] /home/hpc/hpcx/hpcx-v2.24-gcc-doca_ofed-ubuntu24.04-cuda13-x86_64/ompi/lib/libmpi.so.40(PMPI_Wait+0x1e)[0x770685d5ee9e]
[node1:1632624] [18] ./xhpl_mxp-nvidia[0x50eac7]
[node1:1632624] [19] ./xhpl_mxp-nvidia[0x4dc7d3]
[node1:1632624] [20] ./xhpl_mxp-nvidia[0x4df810]
[node1:1632624] [21] ./xhpl_mxp-nvidia[0x4df793]
[node1:1632624] [22] ./xhpl_mxp-nvidia[0x4df703]
[node1:1632624] [23] ./xhpl_mxp-nvidia[0x4df6bc]
[node1:1632624] [24] ./xhpl_mxp-nvidia[0x4df6a0]
[node1:1632624] [25] ./xhpl_mxp-nvidia[0x5bd493]
[node1:1632624] [26] /usr/lib/x86_64-linux-gnu/libc.so.6(+0x9caa4)[0x77064cc9caa4]
[node1:1632624] [27] /usr/lib/x86_64-linux-gnu/libc.so.6(+0x129c6c)[0x77064cd29c6c]
[node1:1632624] *** End of error message ***
--------------------------------------------------------------------------
Primary job  terminated normally, but 1 process returned
a non-zero exit code. Per user-direction, the job has been aborted.
--------------------------------------------------------------------------
--------------------------------------------------------------------------
mpirun noticed that process rank 0 with PID 1632623 on node node1 exited on signal 6 (Aborted).
--------------------------------------------------------------------------
