[node1:1619646:1:1619714]      cma_ep.c:85   process_vm_writev(pid=1619648 {0x76f7b4400000,524288}-->{0x7e1bdc400000,524288}) returned -1: Bad address
[node1:1619647:1:1619710]      cma_ep.c:85   process_vm_writev(pid=1619649 {0x7d36a6400000,524288}-->{0x7365f2400000,524288}) returned -1: Bad address
==== backtrace (tid:1619714) ====
 0  /usr/lib/x86_64-linux-gnu/libucs.so.0(ucs_handle_error+0x2ec) [0x76f815ec964c]
 1  /usr/lib/x86_64-linux-gnu/libucs.so.0(ucs_fatal_error_message+0xb2) [0x76f815ec97f2]
 2  /usr/lib/x86_64-linux-gnu/libucs.so.0(ucs_log_default_handler+0x9d3) [0x76f815ececc3]
 3  /usr/lib/x86_64-linux-gnu/libucs.so.0(ucs_log_dispatch+0xf6) [0x76f815ec76d6]
 4  /usr/lib/x86_64-linux-gnu/ucx/libuct_cma.so.0(+0x3d89) [0x76f816325d89]
 5  /usr/lib/x86_64-linux-gnu/ucx/libuct_cma.so.0(uct_cma_ep_tx+0x2ba) [0x76f81632606a]
 6  /usr/lib/x86_64-linux-gnu/libuct.so.0(uct_scopy_ep_progress_tx+0x77) [0x76f815e6c947]
 7  /usr/lib/x86_64-linux-gnu/libucs.so.0(ucs_arbiter_dispatch_nonempty+0x119) [0x76f815ebdf09]
 8  /usr/lib/x86_64-linux-gnu/libuct.so.0(uct_scopy_iface_progress+0x88) [0x76f815e78be8]
 9  /usr/lib/x86_64-linux-gnu/libucs.so.0(+0x25c18) [0x76f815ec3c18]
10  /usr/lib/x86_64-linux-gnu/libucp.so.0(ucp_worker_progress+0x7a) [0x76f803cf82ca]
11  /home/hpc/hpcx/hpcx-v2.24-gcc-doca_ofed-ubuntu24.04-cuda13-x86_64/ompi/lib/libopen-pal.so.40(opal_progress+0x34) [0x76f846320314]
12  /home/hpc/hpcx/hpcx-v2.24-gcc-doca_ofed-ubuntu24.04-cuda13-x86_64/ompi/lib/libopen-pal.so.40(ompi_sync_wait_mt+0x115) [0x76f846326b15]
13  /home/hpc/hpcx/hpcx-v2.24-gcc-doca_ofed-ubuntu24.04-cuda13-x86_64/ompi/lib/libmpi.so.40(ompi_request_default_wait+0x24b) [0x76f85a2eb03b]
14  /home/hpc/hpcx/hpcx-v2.24-gcc-doca_ofed-ubuntu24.04-cuda13-x86_64/ompi/lib/libmpi.so.40(PMPI_Wait+0x1e) [0x76f85a317e9e]
15  ./xhpl_mxp-nvidia() [0x50eac7]
16  ./xhpl_mxp-nvidia() [0x4dc7d3]
17  ./xhpl_mxp-nvidia() [0x4df810]
18  ./xhpl_mxp-nvidia() [0x4df793]
19  ./xhpl_mxp-nvidia() [0x4df703]
20  ./xhpl_mxp-nvidia() [0x4df6bc]
21  ./xhpl_mxp-nvidia() [0x4df6a0]
22  ./xhpl_mxp-nvidia() [0x5bd493]
23  /usr/lib/x86_64-linux-gnu/libc.so.6(+0x9caa4) [0x76f815c9caa4]
24  /usr/lib/x86_64-linux-gnu/libc.so.6(+0x129c6c) [0x76f815d29c6c]
=================================
[node1:1619646] *** Process received signal ***
[node1:1619646] Signal: Aborted (6)
[node1:1619646] Signal code:  (-6)
==== backtrace (tid:1619710) ====
 0  /usr/lib/x86_64-linux-gnu/libucs.so.0(ucs_handle_error+0x2ec) [0x7d3700aaa64c]
 1  /usr/lib/x86_64-linux-gnu/libucs.so.0(ucs_fatal_error_message+0xb2) [0x7d3700aaa7f2]
 2  /usr/lib/x86_64-linux-gnu/libucs.so.0(ucs_log_default_handler+0x9d3) [0x7d3700aafcc3]
 3  /usr/lib/x86_64-linux-gnu/libucs.so.0(ucs_log_dispatch+0xf6) [0x7d3700aa86d6]
 4  /usr/lib/x86_64-linux-gnu/ucx/libuct_cma.so.0(+0x3d89) [0x7d3700f34d89]
 5  /usr/lib/x86_64-linux-gnu/ucx/libuct_cma.so.0(uct_cma_ep_tx+0x2ba) [0x7d3700f3506a]
 6  /usr/lib/x86_64-linux-gnu/libuct.so.0(uct_scopy_ep_progress_tx+0x77) [0x7d3700f4d947]
 7  /usr/lib/x86_64-linux-gnu/libucs.so.0(ucs_arbiter_dispatch_nonempty+0x119) [0x7d3700a9ef09]
 8  /usr/lib/x86_64-linux-gnu/libuct.so.0(uct_scopy_iface_progress+0x88) [0x7d3700f59be8]
 9  /usr/lib/x86_64-linux-gnu/libucs.so.0(+0x25c18) [0x7d3700aa4c18]
10  /usr/lib/x86_64-linux-gnu/libucp.so.0(ucp_worker_progress+0x7a) [0x7d36eb4f82ca]
11  /home/hpc/hpcx/hpcx-v2.24-gcc-doca_ofed-ubuntu24.04-cuda13-x86_64/ompi/lib/libopen-pal.so.40(opal_progress+0x34) [0x7d3700b20314]
[node1:1619646] [ 0] /usr/lib/x86_64-linux-gnu/libc.so.6(+0x45330)[0x76f815c45330]
[node1:1619646] [ 1] 12  /home/hpc/hpcx/hpcx-v2.24-gcc-doca_ofed-ubuntu24.04-cuda13-x86_64/ompi/lib/libopen-pal.so.40(ompi_sync_wait_mt+0x115) [0x7d3700b26b15]
13  /home/hpc/hpcx/hpcx-v2.24-gcc-doca_ofed-ubuntu24.04-cuda13-x86_64/ompi/lib/libmpi.so.40(ompi_request_default_wait+0x24b) [0x7d373993203b]
14  /home/hpc/hpcx/hpcx-v2.24-gcc-doca_ofed-ubuntu24.04-cuda13-x86_64/ompi/lib/libmpi.so.40(PMPI_Wait+0x1e) [0x7d373995ee9e]
15  ./xhpl_mxp-nvidia() [0x50eac7]
16  ./xhpl_mxp-nvidia() [0x4dc7d3]
17  ./xhpl_mxp-nvidia() [0x4df810]
18  ./xhpl_mxp-nvidia() [0x4df793]
19  ./xhpl_mxp-nvidia() [0x4df703]
20  ./xhpl_mxp-nvidia() [0x4df6bc]
21  ./xhpl_mxp-nvidia() [0x4df6a0]
22  ./xhpl_mxp-nvidia() [0x5bd493]
23  /usr/lib/x86_64-linux-gnu/libc.so.6(+0x9caa4) [0x7d370089caa4]
/usr/lib/x86_64-linux-gnu/libc.so.6(pthread_kill+0x11c)[0x76f815c9eb2c]
[node1:1619646] [ 2] 24  /usr/lib/x86_64-linux-gnu/libc.so.6(+0x129c6c) [0x7d3700929c6c]
=================================
/usr/lib/x86_64-linux-gnu/libc.so.6(gsignal+0x1e)[0x76f815c4527e]
[node1:1619646] [ 3] /usr/lib/x86_64-linux-gnu/libc.so.6(abort+0xdf)[0x76f815c288ff]
[node1:1619646] [ 4] /usr/lib/x86_64-linux-gnu/libucs.so.0(+0x2b7f7)[0x76f815ec97f7]
[node1:1619646] [ 5] /usr/lib/x86_64-linux-gnu/libucs.so.0(ucs_log_default_handler+0x9d3)[0x76f815ececc3]
[node1:1619646] [ 6] [node1:1619647] *** Process received signal ***
/usr/lib/x86_64-linux-gnu/libucs.so.0(ucs_log_dispatch+0xf6)[0x76f815ec76d6]
[node1:1619646] [ 7] /usr/lib/x86_64-linux-gnu/ucx/libuct_cma.so.0(+0x3d89)[0x76f816325d89]
[node1:1619646] [ 8] /usr/lib/x86_64-linux-gnu/ucx/libuct_cma.so.0(uct_cma_ep_tx+0x2ba)[0x76f81632606a]
[node1:1619646] [ 9] /usr/lib/x86_64-linux-gnu/libuct.so.0(uct_scopy_ep_progress_tx+0x77)[0x76f815e6c947]
[node1:1619646] [10] [node1:1619647] Signal: Aborted (6)
[node1:1619647] Signal code:  (-6)
/usr/lib/x86_64-linux-gnu/libucs.so.0(ucs_arbiter_dispatch_nonempty+0x119)[0x76f815ebdf09]
[node1:1619646] [11] /usr/lib/x86_64-linux-gnu/libuct.so.0(uct_scopy_iface_progress+0x88)[0x76f815e78be8]
[node1:1619646] [12] /usr/lib/x86_64-linux-gnu/libucs.so.0(+0x25c18)[0x76f815ec3c18]
[node1:1619646] [13] [node1:1619647] [ 0] /usr/lib/x86_64-linux-gnu/libucp.so.0(ucp_worker_progress+0x7a)[0x76f803cf82ca]
[node1:1619646] [14] /home/hpc/hpcx/hpcx-v2.24-gcc-doca_ofed-ubuntu24.04-cuda13-x86_64/ompi/lib/libopen-pal.so.40(opal_progress+0x34)[0x76f846320314]
[node1:1619646] [15] /usr/lib/x86_64-linux-gnu/libc.so.6(+0x45330)[0x7d3700845330]
[node1:1619647] [ 1] /home/hpc/hpcx/hpcx-v2.24-gcc-doca_ofed-ubuntu24.04-cuda13-x86_64/ompi/lib/libopen-pal.so.40(ompi_sync_wait_mt+0x115)[0x76f846326b15]
[node1:1619646] [16] /home/hpc/hpcx/hpcx-v2.24-gcc-doca_ofed-ubuntu24.04-cuda13-x86_64/ompi/lib/libmpi.so.40(ompi_request_default_wait+0x24b)[0x76f85a2eb03b]
[node1:1619646] [17] /usr/lib/x86_64-linux-gnu/libc.so.6(pthread_kill+0x11c)[0x7d370089eb2c]
[node1:1619647] [ 2] /usr/lib/x86_64-linux-gnu/libc.so.6(gsignal+0x1e)[0x7d370084527e]
[node1:1619647] [ 3] /home/hpc/hpcx/hpcx-v2.24-gcc-doca_ofed-ubuntu24.04-cuda13-x86_64/ompi/lib/libmpi.so.40(PMPI_Wait+0x1e)[0x76f85a317e9e]
[node1:1619646] [18] /usr/lib/x86_64-linux-gnu/libc.so.6(abort+0xdf)[0x7d37008288ff]
[node1:1619647] [ 4] /usr/lib/x86_64-linux-gnu/libucs.so.0(+0x2b7f7)[0x7d3700aaa7f7]
[node1:1619647] [ 5] /usr/lib/x86_64-linux-gnu/libucs.so.0(ucs_log_default_handler+0x9d3)[0x7d3700aafcc3]
[node1:1619647] [ 6] ./xhpl_mxp-nvidia[0x50eac7]
[node1:1619646] [19] /usr/lib/x86_64-linux-gnu/libucs.so.0(ucs_log_dispatch+0xf6)[0x7d3700aa86d6]
[node1:1619647] [ 7] /usr/lib/x86_64-linux-gnu/ucx/libuct_cma.so.0(+0x3d89)[0x7d3700f34d89]
[node1:1619647] [ 8] /usr/lib/x86_64-linux-gnu/ucx/libuct_cma.so.0(uct_cma_ep_tx+0x2ba)[0x7d3700f3506a]
[node1:1619647] [ 9] /usr/lib/x86_64-linux-gnu/libuct.so.0(uct_scopy_ep_progress_tx+0x77)[0x7d3700f4d947]
[node1:1619647] [10] ./xhpl_mxp-nvidia[0x4dc7d3]
[node1:1619646] [20] /usr/lib/x86_64-linux-gnu/libucs.so.0(ucs_arbiter_dispatch_nonempty+0x119)[0x7d3700a9ef09]
[node1:1619647] [11] /usr/lib/x86_64-linux-gnu/libuct.so.0(uct_scopy_iface_progress+0x88)[0x7d3700f59be8]
./xhpl_mxp-nvidia[0x4df810]
[node1:1619646] [21] [node1:1619647] [12] /usr/lib/x86_64-linux-gnu/libucs.so.0(+0x25c18)[0x7d3700aa4c18]
[node1:1619647] [13] ./xhpl_mxp-nvidia[0x4df793]
[node1:1619646] [22] /usr/lib/x86_64-linux-gnu/libucp.so.0(ucp_worker_progress+0x7a)[0x7d36eb4f82ca]
[node1:1619647] [14] /home/hpc/hpcx/hpcx-v2.24-gcc-doca_ofed-ubuntu24.04-cuda13-x86_64/ompi/lib/libopen-pal.so.40(opal_progress+0x34)[0x7d3700b20314]
[node1:1619647] [15] ./xhpl_mxp-nvidia[0x4df703]
[node1:1619646] [23] /home/hpc/hpcx/hpcx-v2.24-gcc-doca_ofed-ubuntu24.04-cuda13-x86_64/ompi/lib/libopen-pal.so.40(ompi_sync_wait_mt+0x115)[0x7d3700b26b15]
[node1:1619647] [16] ./xhpl_mxp-nvidia[0x4df6bc]
[node1:1619646] [24] /home/hpc/hpcx/hpcx-v2.24-gcc-doca_ofed-ubuntu24.04-cuda13-x86_64/ompi/lib/libmpi.so.40(ompi_request_default_wait+0x24b)[0x7d373993203b]
[node1:1619647] [17] ./xhpl_mxp-nvidia[0x4df6a0]
[node1:1619646] [25] /home/hpc/hpcx/hpcx-v2.24-gcc-doca_ofed-ubuntu24.04-cuda13-x86_64/ompi/lib/libmpi.so.40(PMPI_Wait+0x1e)[0x7d373995ee9e]
[node1:1619647] [18] ./xhpl_mxp-nvidia[0x5bd493]
[node1:1619646] [26] ./xhpl_mxp-nvidia[0x50eac7]
[node1:1619647] [19] /usr/lib/x86_64-linux-gnu/libc.so.6(+0x9caa4)[0x76f815c9caa4]
[node1:1619646] [27] ./xhpl_mxp-nvidia[0x4dc7d3]
[node1:1619647] [20] /usr/lib/x86_64-linux-gnu/libc.so.6(+0x129c6c)[0x76f815d29c6c]
[node1:1619646] *** End of error message ***
./xhpl_mxp-nvidia[0x4df810]
[node1:1619647] [21] ./xhpl_mxp-nvidia[0x4df793]
[node1:1619647] [22] ./xhpl_mxp-nvidia[0x4df703]
[node1:1619647] [23] ./xhpl_mxp-nvidia[0x4df6bc]
[node1:1619647] [24] ./xhpl_mxp-nvidia[0x4df6a0]
[node1:1619647] [25] ./xhpl_mxp-nvidia[0x5bd493]
[node1:1619647] [26] /usr/lib/x86_64-linux-gnu/libc.so.6(+0x9caa4)[0x7d370089caa4]
[node1:1619647] [27] /usr/lib/x86_64-linux-gnu/libc.so.6(+0x129c6c)[0x7d3700929c6c]
[node1:1619647] *** End of error message ***
--------------------------------------------------------------------------
Primary job  terminated normally, but 1 process returned
a non-zero exit code. Per user-direction, the job has been aborted.
--------------------------------------------------------------------------
--------------------------------------------------------------------------
mpirun noticed that process rank 1 with PID 1619647 on node node1 exited on signal 6 (Aborted).
--------------------------------------------------------------------------
