[node1:1632746:1:1632784]      cma_ep.c:85   process_vm_writev(pid=1632748 {0x7142bc400000,524288}-->{0x70a632400000,524288}) returned -1: Bad address
==== backtrace (tid:1632784) ====
 0  /usr/lib/x86_64-linux-gnu/libucs.so.0(ucs_handle_error+0x2ec) [0x71431e0aa64c]
 1  /usr/lib/x86_64-linux-gnu/libucs.so.0(ucs_fatal_error_message+0xb2) [0x71431e0aa7f2]
 2  /usr/lib/x86_64-linux-gnu/libucs.so.0(ucs_log_default_handler+0x9d3) [0x71431e0afcc3]
 3  /usr/lib/x86_64-linux-gnu/libucs.so.0(ucs_log_dispatch+0xf6) [0x71431e0a86d6]
 4  /usr/lib/x86_64-linux-gnu/ucx/libuct_cma.so.0(+0x3d89) [0x71431dcbbd89]
 5  /usr/lib/x86_64-linux-gnu/ucx/libuct_cma.so.0(uct_cma_ep_tx+0x2ba) [0x71431dcbc06a]
 6  /usr/lib/x86_64-linux-gnu/libuct.so.0(uct_scopy_ep_progress_tx+0x77) [0x71431e04d947]
 7  /usr/lib/x86_64-linux-gnu/libucs.so.0(ucs_arbiter_dispatch_nonempty+0x119) [0x71431e09ef09]
 8  /usr/lib/x86_64-linux-gnu/libuct.so.0(uct_scopy_iface_progress+0x88) [0x71431e059be8]
 9  /usr/lib/x86_64-linux-gnu/libucs.so.0(+0x25c18) [0x71431e0a4c18]
10  /usr/lib/x86_64-linux-gnu/libucp.so.0(ucp_worker_progress+0x7a) [0x714308af82ca]
11  /home/hpc/hpcx/hpcx-v2.24-gcc-doca_ofed-ubuntu24.04-cuda13-x86_64/ompi/lib/libopen-pal.so.40(opal_progress+0x34) [0x71431e120314]
12  /home/hpc/hpcx/hpcx-v2.24-gcc-doca_ofed-ubuntu24.04-cuda13-x86_64/ompi/lib/libopen-pal.so.40(ompi_sync_wait_mt+0x115) [0x71431e126b15]
13  /home/hpc/hpcx/hpcx-v2.24-gcc-doca_ofed-ubuntu24.04-cuda13-x86_64/ompi/lib/libmpi.so.40(ompi_request_default_wait+0x24b) [0x714356f3203b]
14  /home/hpc/hpcx/hpcx-v2.24-gcc-doca_ofed-ubuntu24.04-cuda13-x86_64/ompi/lib/libmpi.so.40(PMPI_Wait+0x1e) [0x714356f5ee9e]
15  ./xhpl_mxp-nvidia() [0x50eac7]
16  ./xhpl_mxp-nvidia() [0x4dc7d3]
17  ./xhpl_mxp-nvidia() [0x4df810]
18  ./xhpl_mxp-nvidia() [0x4df793]
19  ./xhpl_mxp-nvidia() [0x4df703]
20  ./xhpl_mxp-nvidia() [0x4df6bc]
21  ./xhpl_mxp-nvidia() [0x4df6a0]
22  ./xhpl_mxp-nvidia() [0x5bd493]
23  /usr/lib/x86_64-linux-gnu/libc.so.6(+0x9caa4) [0x71431de9caa4]
24  /usr/lib/x86_64-linux-gnu/libc.so.6(+0x129c6c) [0x71431df29c6c]
=================================
[node1:1632746] *** Process received signal ***
[node1:1632746] Signal: Aborted (6)
[node1:1632746] Signal code:  (-6)
[node1:1632746] [ 0] /usr/lib/x86_64-linux-gnu/libc.so.6(+0x45330)[0x71431de45330]
[node1:1632746] [ 1] /usr/lib/x86_64-linux-gnu/libc.so.6(pthread_kill+0x11c)[0x71431de9eb2c]
[node1:1632746] [ 2] /usr/lib/x86_64-linux-gnu/libc.so.6(gsignal+0x1e)[0x71431de4527e]
[node1:1632746] [ 3] /usr/lib/x86_64-linux-gnu/libc.so.6(abort+0xdf)[0x71431de288ff]
[node1:1632746] [ 4] /usr/lib/x86_64-linux-gnu/libucs.so.0(+0x2b7f7)[0x71431e0aa7f7]
[node1:1632746] [ 5] /usr/lib/x86_64-linux-gnu/libucs.so.0(ucs_log_default_handler+0x9d3)[0x71431e0afcc3]
[node1:1632746] [ 6] /usr/lib/x86_64-linux-gnu/libucs.so.0(ucs_log_dispatch+0xf6)[0x71431e0a86d6]
[node1:1632746] [ 7] /usr/lib/x86_64-linux-gnu/ucx/libuct_cma.so.0(+0x3d89)[0x71431dcbbd89]
[node1:1632746] [ 8] /usr/lib/x86_64-linux-gnu/ucx/libuct_cma.so.0(uct_cma_ep_tx+0x2ba)[0x71431dcbc06a]
[node1:1632746] [ 9] /usr/lib/x86_64-linux-gnu/libuct.so.0(uct_scopy_ep_progress_tx+0x77)[0x71431e04d947]
[node1:1632746] [10] /usr/lib/x86_64-linux-gnu/libucs.so.0(ucs_arbiter_dispatch_nonempty+0x119)[0x71431e09ef09]
[node1:1632746] [11] /usr/lib/x86_64-linux-gnu/libuct.so.0(uct_scopy_iface_progress+0x88)[0x71431e059be8]
[node1:1632746] [12] /usr/lib/x86_64-linux-gnu/libucs.so.0(+0x25c18)[0x71431e0a4c18]
[node1:1632746] [13] /usr/lib/x86_64-linux-gnu/libucp.so.0(ucp_worker_progress+0x7a)[0x714308af82ca]
[node1:1632746] [14] /home/hpc/hpcx/hpcx-v2.24-gcc-doca_ofed-ubuntu24.04-cuda13-x86_64/ompi/lib/libopen-pal.so.40(opal_progress+0x34)[0x71431e120314]
[node1:1632746] [15] /home/hpc/hpcx/hpcx-v2.24-gcc-doca_ofed-ubuntu24.04-cuda13-x86_64/ompi/lib/libopen-pal.so.40(ompi_sync_wait_mt+0x115)[0x71431e126b15]
[node1:1632746] [16] /home/hpc/hpcx/hpcx-v2.24-gcc-doca_ofed-ubuntu24.04-cuda13-x86_64/ompi/lib/libmpi.so.40(ompi_request_default_wait+0x24b)[0x714356f3203b]
[node1:1632746] [17] /home/hpc/hpcx/hpcx-v2.24-gcc-doca_ofed-ubuntu24.04-cuda13-x86_64/ompi/lib/libmpi.so.40(PMPI_Wait+0x1e)[0x714356f5ee9e]
[node1:1632746] [18] ./xhpl_mxp-nvidia[0x50eac7]
[node1:1632746] [19] ./xhpl_mxp-nvidia[0x4dc7d3]
[node1:1632746] [20] ./xhpl_mxp-nvidia[0x4df810]
[node1:1632746] [21] ./xhpl_mxp-nvidia[0x4df793]
[node1:1632746] [22] ./xhpl_mxp-nvidia[0x4df703]
[node1:1632746] [23] ./xhpl_mxp-nvidia[0x4df6bc]
[node1:1632746] [24] ./xhpl_mxp-nvidia[0x4df6a0]
[node1:1632746] [25] ./xhpl_mxp-nvidia[0x5bd493]
[node1:1632746] [26] /usr/lib/x86_64-linux-gnu/libc.so.6(+0x9caa4)[0x71431de9caa4]
[node1:1632746] [27] /usr/lib/x86_64-linux-gnu/libc.so.6(+0x129c6c)[0x71431df29c6c]
[node1:1632746] *** End of error message ***
[node1:1632745:1:1632787]      cma_ep.c:85   process_vm_writev(pid=1632747 {0x72efcc400000,524288}-->{0x7788c4400000,524288}) returned -1: Bad address
==== backtrace (tid:1632787) ====
 0  /usr/lib/x86_64-linux-gnu/libucs.so.0(ucs_handle_error+0x2ec) [0x72f0340aa64c]
 1  /usr/lib/x86_64-linux-gnu/libucs.so.0(ucs_fatal_error_message+0xb2) [0x72f0340aa7f2]
 2  /usr/lib/x86_64-linux-gnu/libucs.so.0(ucs_log_default_handler+0x9d3) [0x72f0340afcc3]
 3  /usr/lib/x86_64-linux-gnu/libucs.so.0(ucs_log_dispatch+0xf6) [0x72f0340a86d6]
 4  /usr/lib/x86_64-linux-gnu/ucx/libuct_cma.so.0(+0x3d89) [0x72f034525d89]
 5  /usr/lib/x86_64-linux-gnu/ucx/libuct_cma.so.0(uct_cma_ep_tx+0x2ba) [0x72f03452606a]
 6  /usr/lib/x86_64-linux-gnu/libuct.so.0(uct_scopy_ep_progress_tx+0x77) [0x72f03404d947]
 7  /usr/lib/x86_64-linux-gnu/libucs.so.0(ucs_arbiter_dispatch_nonempty+0x119) [0x72f03409ef09]
 8  /usr/lib/x86_64-linux-gnu/libuct.so.0(uct_scopy_iface_progress+0x88) [0x72f034059be8]
 9  /usr/lib/x86_64-linux-gnu/libucs.so.0(+0x25c18) [0x72f0340a4c18]
10  /usr/lib/x86_64-linux-gnu/libucp.so.0(ucp_worker_progress+0x7a) [0x72f01eaf82ca]
11  /home/hpc/hpcx/hpcx-v2.24-gcc-doca_ofed-ubuntu24.04-cuda13-x86_64/ompi/lib/libopen-pal.so.40(opal_progress+0x34) [0x72f034120314]
12  /home/hpc/hpcx/hpcx-v2.24-gcc-doca_ofed-ubuntu24.04-cuda13-x86_64/ompi/lib/libopen-pal.so.40(ompi_sync_wait_mt+0x115) [0x72f034126b15]
13  /home/hpc/hpcx/hpcx-v2.24-gcc-doca_ofed-ubuntu24.04-cuda13-x86_64/ompi/lib/libmpi.so.40(ompi_request_default_wait+0x24b) [0x72f06cf3203b]
14  /home/hpc/hpcx/hpcx-v2.24-gcc-doca_ofed-ubuntu24.04-cuda13-x86_64/ompi/lib/libmpi.so.40(PMPI_Wait+0x1e) [0x72f06cf5ee9e]
15  ./xhpl_mxp-nvidia() [0x50eac7]
16  ./xhpl_mxp-nvidia() [0x4dc7d3]
17  ./xhpl_mxp-nvidia() [0x4df810]
18  ./xhpl_mxp-nvidia() [0x4df793]
19  ./xhpl_mxp-nvidia() [0x4df703]
20  ./xhpl_mxp-nvidia() [0x4df6bc]
21  ./xhpl_mxp-nvidia() [0x4df6a0]
22  ./xhpl_mxp-nvidia() [0x5bd493]
23  /usr/lib/x86_64-linux-gnu/libc.so.6(+0x9caa4) [0x72f033e9caa4]
24  /usr/lib/x86_64-linux-gnu/libc.so.6(+0x129c6c) [0x72f033f29c6c]
=================================
[node1:1632745] *** Process received signal ***
[node1:1632745] Signal: Aborted (6)
[node1:1632745] Signal code:  (-6)
[node1:1632745] [ 0] /usr/lib/x86_64-linux-gnu/libc.so.6(+0x45330)[0x72f033e45330]
[node1:1632745] [ 1] /usr/lib/x86_64-linux-gnu/libc.so.6(pthread_kill+0x11c)[0x72f033e9eb2c]
[node1:1632745] [ 2] /usr/lib/x86_64-linux-gnu/libc.so.6(gsignal+0x1e)[0x72f033e4527e]
[node1:1632745] [ 3] /usr/lib/x86_64-linux-gnu/libc.so.6(abort+0xdf)[0x72f033e288ff]
[node1:1632745] [ 4] /usr/lib/x86_64-linux-gnu/libucs.so.0(+0x2b7f7)[0x72f0340aa7f7]
[node1:1632745] [ 5] /usr/lib/x86_64-linux-gnu/libucs.so.0(ucs_log_default_handler+0x9d3)[0x72f0340afcc3]
[node1:1632745] [ 6] /usr/lib/x86_64-linux-gnu/libucs.so.0(ucs_log_dispatch+0xf6)[0x72f0340a86d6]
[node1:1632745] [ 7] /usr/lib/x86_64-linux-gnu/ucx/libuct_cma.so.0(+0x3d89)[0x72f034525d89]
[node1:1632745] [ 8] /usr/lib/x86_64-linux-gnu/ucx/libuct_cma.so.0(uct_cma_ep_tx+0x2ba)[0x72f03452606a]
[node1:1632745] [ 9] /usr/lib/x86_64-linux-gnu/libuct.so.0(uct_scopy_ep_progress_tx+0x77)[0x72f03404d947]
[node1:1632745] [10] /usr/lib/x86_64-linux-gnu/libucs.so.0(ucs_arbiter_dispatch_nonempty+0x119)[0x72f03409ef09]
[node1:1632745] [11] /usr/lib/x86_64-linux-gnu/libuct.so.0(uct_scopy_iface_progress+0x88)[0x72f034059be8]
[node1:1632745] [12] /usr/lib/x86_64-linux-gnu/libucs.so.0(+0x25c18)[0x72f0340a4c18]
[node1:1632745] [13] /usr/lib/x86_64-linux-gnu/libucp.so.0(ucp_worker_progress+0x7a)[0x72f01eaf82ca]
[node1:1632745] [14] /home/hpc/hpcx/hpcx-v2.24-gcc-doca_ofed-ubuntu24.04-cuda13-x86_64/ompi/lib/libopen-pal.so.40(opal_progress+0x34)[0x72f034120314]
[node1:1632745] [15] /home/hpc/hpcx/hpcx-v2.24-gcc-doca_ofed-ubuntu24.04-cuda13-x86_64/ompi/lib/libopen-pal.so.40(ompi_sync_wait_mt+0x115)[0x72f034126b15]
[node1:1632745] [16] /home/hpc/hpcx/hpcx-v2.24-gcc-doca_ofed-ubuntu24.04-cuda13-x86_64/ompi/lib/libmpi.so.40(ompi_request_default_wait+0x24b)[0x72f06cf3203b]
[node1:1632745] [17] /home/hpc/hpcx/hpcx-v2.24-gcc-doca_ofed-ubuntu24.04-cuda13-x86_64/ompi/lib/libmpi.so.40(PMPI_Wait+0x1e)[0x72f06cf5ee9e]
[node1:1632745] [18] ./xhpl_mxp-nvidia[0x50eac7]
[node1:1632745] [19] ./xhpl_mxp-nvidia[0x4dc7d3]
[node1:1632745] [20] ./xhpl_mxp-nvidia[0x4df810]
[node1:1632745] [21] ./xhpl_mxp-nvidia[0x4df793]
[node1:1632745] [22] ./xhpl_mxp-nvidia[0x4df703]
[node1:1632745] [23] ./xhpl_mxp-nvidia[0x4df6bc]
[node1:1632745] [24] ./xhpl_mxp-nvidia[0x4df6a0]
[node1:1632745] [25] ./xhpl_mxp-nvidia[0x5bd493]
[node1:1632745] [26] /usr/lib/x86_64-linux-gnu/libc.so.6(+0x9caa4)[0x72f033e9caa4]
[node1:1632745] [27] /usr/lib/x86_64-linux-gnu/libc.so.6(+0x129c6c)[0x72f033f29c6c]
[node1:1632745] *** End of error message ***
--------------------------------------------------------------------------
Primary job  terminated normally, but 1 process returned
a non-zero exit code. Per user-direction, the job has been aborted.
--------------------------------------------------------------------------
--------------------------------------------------------------------------
mpirun noticed that process rank 1 with PID 1632746 on node node1 exited on signal 6 (Aborted).
--------------------------------------------------------------------------
