[node1:1632483:1:1632523]      cma_ep.c:85   process_vm_writev(pid=1632485 {0x78947c400000,524288}-->{0x7af590400000,524288}) returned -1: Bad address
==== backtrace (tid:1632523) ====
 0  /usr/lib/x86_64-linux-gnu/libucs.so.0(ucs_handle_error+0x2ec) [0x7894e42bb64c]
 1  /usr/lib/x86_64-linux-gnu/libucs.so.0(ucs_fatal_error_message+0xb2) [0x7894e42bb7f2]
 2  /usr/lib/x86_64-linux-gnu/libucs.so.0(ucs_log_default_handler+0x9d3) [0x7894e42c0cc3]
 3  /usr/lib/x86_64-linux-gnu/libucs.so.0(ucs_log_dispatch+0xf6) [0x7894e42b96d6]
 4  /usr/lib/x86_64-linux-gnu/ucx/libuct_cma.so.0(+0x3d89) [0x7894e3e92d89]
 5  /usr/lib/x86_64-linux-gnu/ucx/libuct_cma.so.0(uct_cma_ep_tx+0x2ba) [0x7894e3e9306a]
 6  /usr/lib/x86_64-linux-gnu/libuct.so.0(uct_scopy_ep_progress_tx+0x77) [0x7894e4257947]
 7  /usr/lib/x86_64-linux-gnu/libucs.so.0(ucs_arbiter_dispatch_nonempty+0x119) [0x7894e42aff09]
 8  /usr/lib/x86_64-linux-gnu/libuct.so.0(uct_scopy_iface_progress+0x88) [0x7894e4263be8]
 9  /usr/lib/x86_64-linux-gnu/libucs.so.0(+0x25c18) [0x7894e42b5c18]
10  /usr/lib/x86_64-linux-gnu/libucp.so.0(ucp_worker_progress+0x7a) [0x7894d20f82ca]
11  /home/hpc/hpcx/hpcx-v2.24-gcc-doca_ofed-ubuntu24.04-cuda13-x86_64/ompi/lib/libopen-pal.so.40(opal_progress+0x34) [0x789514720314]
12  /home/hpc/hpcx/hpcx-v2.24-gcc-doca_ofed-ubuntu24.04-cuda13-x86_64/ompi/lib/libopen-pal.so.40(ompi_sync_wait_mt+0x115) [0x789514726b15]
13  /home/hpc/hpcx/hpcx-v2.24-gcc-doca_ofed-ubuntu24.04-cuda13-x86_64/ompi/lib/libmpi.so.40(ompi_request_default_wait+0x24b) [0x78951d13203b]
14  /home/hpc/hpcx/hpcx-v2.24-gcc-doca_ofed-ubuntu24.04-cuda13-x86_64/ompi/lib/libmpi.so.40(PMPI_Wait+0x1e) [0x78951d15ee9e]
15  ./xhpl_mxp-nvidia() [0x50eac7]
16  ./xhpl_mxp-nvidia() [0x4dc7d3]
17  ./xhpl_mxp-nvidia() [0x4df810]
18  ./xhpl_mxp-nvidia() [0x4df793]
19  ./xhpl_mxp-nvidia() [0x4df703]
20  ./xhpl_mxp-nvidia() [0x4df6bc]
21  ./xhpl_mxp-nvidia() [0x4df6a0]
22  ./xhpl_mxp-nvidia() [0x5bd493]
23  /usr/lib/x86_64-linux-gnu/libc.so.6(+0x9caa4) [0x7894e409caa4]
24  /usr/lib/x86_64-linux-gnu/libc.so.6(+0x129c6c) [0x7894e4129c6c]
=================================
[node1:1632483] *** Process received signal ***
[node1:1632483] Signal: Aborted (6)
[node1:1632483] Signal code:  (-6)
[node1:1632483] [ 0] /usr/lib/x86_64-linux-gnu/libc.so.6(+0x45330)[0x7894e4045330]
[node1:1632483] [ 1] /usr/lib/x86_64-linux-gnu/libc.so.6(pthread_kill+0x11c)[0x7894e409eb2c]
[node1:1632483] [ 2] /usr/lib/x86_64-linux-gnu/libc.so.6(gsignal+0x1e)[0x7894e404527e]
[node1:1632483] [ 3] /usr/lib/x86_64-linux-gnu/libc.so.6(abort+0xdf)[0x7894e40288ff]
[node1:1632483] [ 4] /usr/lib/x86_64-linux-gnu/libucs.so.0(+0x2b7f7)[0x7894e42bb7f7]
[node1:1632483] [ 5] /usr/lib/x86_64-linux-gnu/libucs.so.0(ucs_log_default_handler+0x9d3)[0x7894e42c0cc3]
[node1:1632483] [ 6] /usr/lib/x86_64-linux-gnu/libucs.so.0(ucs_log_dispatch+0xf6)[0x7894e42b96d6]
[node1:1632483] [ 7] /usr/lib/x86_64-linux-gnu/ucx/libuct_cma.so.0(+0x3d89)[0x7894e3e92d89]
[node1:1632483] [ 8] /usr/lib/x86_64-linux-gnu/ucx/libuct_cma.so.0(uct_cma_ep_tx+0x2ba)[0x7894e3e9306a]
[node1:1632483] [ 9] /usr/lib/x86_64-linux-gnu/libuct.so.0(uct_scopy_ep_progress_tx+0x77)[0x7894e4257947]
[node1:1632483] [10] /usr/lib/x86_64-linux-gnu/libucs.so.0(ucs_arbiter_dispatch_nonempty+0x119)[0x7894e42aff09]
[node1:1632483] [11] /usr/lib/x86_64-linux-gnu/libuct.so.0(uct_scopy_iface_progress+0x88)[0x7894e4263be8]
[node1:1632483] [12] /usr/lib/x86_64-linux-gnu/libucs.so.0(+0x25c18)[0x7894e42b5c18]
[node1:1632483] [13] /usr/lib/x86_64-linux-gnu/libucp.so.0(ucp_worker_progress+0x7a)[0x7894d20f82ca]
[node1:1632483] [14] /home/hpc/hpcx/hpcx-v2.24-gcc-doca_ofed-ubuntu24.04-cuda13-x86_64/ompi/lib/libopen-pal.so.40(opal_progress+0x34)[0x789514720314]
[node1:1632483] [15] /home/hpc/hpcx/hpcx-v2.24-gcc-doca_ofed-ubuntu24.04-cuda13-x86_64/ompi/lib/libopen-pal.so.40(ompi_sync_wait_mt+0x115)[0x789514726b15]
[node1:1632483] [16] /home/hpc/hpcx/hpcx-v2.24-gcc-doca_ofed-ubuntu24.04-cuda13-x86_64/ompi/lib/libmpi.so.40(ompi_request_default_wait+0x24b)[0x78951d13203b]
[node1:1632483] [17] [node1:1632484:1:1632526]      cma_ep.c:85   process_vm_writev(pid=1632486 {0x7fc29a400000,524288}-->{0x7d0cc6400000,524288}) returned -1: Bad address
/home/hpc/hpcx/hpcx-v2.24-gcc-doca_ofed-ubuntu24.04-cuda13-x86_64/ompi/lib/libmpi.so.40(PMPI_Wait+0x1e)[0x78951d15ee9e]
[node1:1632483] [18] ./xhpl_mxp-nvidia[0x50eac7]
[node1:1632483] [19] ./xhpl_mxp-nvidia[0x4dc7d3]
[node1:1632483] [20] ./xhpl_mxp-nvidia[0x4df810]
[node1:1632483] [21] ./xhpl_mxp-nvidia[0x4df793]
[node1:1632483] [22] ./xhpl_mxp-nvidia[0x4df703]
[node1:1632483] [23] ./xhpl_mxp-nvidia[0x4df6bc]
[node1:1632483] [24] ./xhpl_mxp-nvidia[0x4df6a0]
[node1:1632483] [25] ./xhpl_mxp-nvidia[0x5bd493]
[node1:1632483] [26] /usr/lib/x86_64-linux-gnu/libc.so.6(+0x9caa4)[0x7894e409caa4]
[node1:1632483] [27] /usr/lib/x86_64-linux-gnu/libc.so.6(+0x129c6c)[0x7894e4129c6c]
[node1:1632483] *** End of error message ***
==== backtrace (tid:1632526) ====
 0  /usr/lib/x86_64-linux-gnu/libucs.so.0(ucs_handle_error+0x2ec) [0x7fc2fbbb264c]
 1  /usr/lib/x86_64-linux-gnu/libucs.so.0(ucs_fatal_error_message+0xb2) [0x7fc2fbbb27f2]
 2  /usr/lib/x86_64-linux-gnu/libucs.so.0(ucs_log_default_handler+0x9d3) [0x7fc2fbbb7cc3]
 3  /usr/lib/x86_64-linux-gnu/libucs.so.0(ucs_log_dispatch+0xf6) [0x7fc2fbbb06d6]
 4  /usr/lib/x86_64-linux-gnu/ucx/libuct_cma.so.0(+0x3d89) [0x7fc2fa65bd89]
 5  /usr/lib/x86_64-linux-gnu/ucx/libuct_cma.so.0(uct_cma_ep_tx+0x2ba) [0x7fc2fa65c06a]
 6  /usr/lib/x86_64-linux-gnu/libuct.so.0(uct_scopy_ep_progress_tx+0x77) [0x7fc2fab46947]
 7  /usr/lib/x86_64-linux-gnu/libucs.so.0(ucs_arbiter_dispatch_nonempty+0x119) [0x7fc2fbba6f09]
 8  /usr/lib/x86_64-linux-gnu/libuct.so.0(uct_scopy_iface_progress+0x88) [0x7fc2fab52be8]
 9  /usr/lib/x86_64-linux-gnu/libucs.so.0(+0x25c18) [0x7fc2fbbacc18]
10  /usr/lib/x86_64-linux-gnu/libucp.so.0(ucp_worker_progress+0x7a) [0x7fc2e50f82ca]
11  /home/hpc/hpcx/hpcx-v2.24-gcc-doca_ofed-ubuntu24.04-cuda13-x86_64/ompi/lib/libopen-pal.so.40(opal_progress+0x34) [0x7fc2fa720314]
12  /home/hpc/hpcx/hpcx-v2.24-gcc-doca_ofed-ubuntu24.04-cuda13-x86_64/ompi/lib/libopen-pal.so.40(ompi_sync_wait_mt+0x115) [0x7fc2fa726b15]
13  /home/hpc/hpcx/hpcx-v2.24-gcc-doca_ofed-ubuntu24.04-cuda13-x86_64/ompi/lib/libmpi.so.40(ompi_request_default_wait+0x24b) [0x7fc33353203b]
14  /home/hpc/hpcx/hpcx-v2.24-gcc-doca_ofed-ubuntu24.04-cuda13-x86_64/ompi/lib/libmpi.so.40(PMPI_Wait+0x1e) [0x7fc33355ee9e]
15  ./xhpl_mxp-nvidia() [0x50eac7]
16  ./xhpl_mxp-nvidia() [0x4dc7d3]
17  ./xhpl_mxp-nvidia() [0x4df810]
18  ./xhpl_mxp-nvidia() [0x4df793]
19  ./xhpl_mxp-nvidia() [0x4df703]
20  ./xhpl_mxp-nvidia() [0x4df6bc]
21  ./xhpl_mxp-nvidia() [0x4df6a0]
22  ./xhpl_mxp-nvidia() [0x5bd493]
23  /usr/lib/x86_64-linux-gnu/libc.so.6(+0x9caa4) [0x7fc2fa49caa4]
24  /usr/lib/x86_64-linux-gnu/libc.so.6(+0x129c6c) [0x7fc2fa529c6c]
=================================
[node1:1632484] *** Process received signal ***
[node1:1632484] Signal: Aborted (6)
[node1:1632484] Signal code:  (-6)
[node1:1632484] [ 0] /usr/lib/x86_64-linux-gnu/libc.so.6(+0x45330)[0x7fc2fa445330]
[node1:1632484] [ 1] /usr/lib/x86_64-linux-gnu/libc.so.6(pthread_kill+0x11c)[0x7fc2fa49eb2c]
[node1:1632484] [ 2] /usr/lib/x86_64-linux-gnu/libc.so.6(gsignal+0x1e)[0x7fc2fa44527e]
[node1:1632484] [ 3] /usr/lib/x86_64-linux-gnu/libc.so.6(abort+0xdf)[0x7fc2fa4288ff]
[node1:1632484] [ 4] /usr/lib/x86_64-linux-gnu/libucs.so.0(+0x2b7f7)[0x7fc2fbbb27f7]
[node1:1632484] [ 5] /usr/lib/x86_64-linux-gnu/libucs.so.0(ucs_log_default_handler+0x9d3)[0x7fc2fbbb7cc3]
[node1:1632484] [ 6] /usr/lib/x86_64-linux-gnu/libucs.so.0(ucs_log_dispatch+0xf6)[0x7fc2fbbb06d6]
[node1:1632484] [ 7] /usr/lib/x86_64-linux-gnu/ucx/libuct_cma.so.0(+0x3d89)[0x7fc2fa65bd89]
[node1:1632484] [ 8] /usr/lib/x86_64-linux-gnu/ucx/libuct_cma.so.0(uct_cma_ep_tx+0x2ba)[0x7fc2fa65c06a]
[node1:1632484] [ 9] /usr/lib/x86_64-linux-gnu/libuct.so.0(uct_scopy_ep_progress_tx+0x77)[0x7fc2fab46947]
[node1:1632484] [10] /usr/lib/x86_64-linux-gnu/libucs.so.0(ucs_arbiter_dispatch_nonempty+0x119)[0x7fc2fbba6f09]
[node1:1632484] [11] /usr/lib/x86_64-linux-gnu/libuct.so.0(uct_scopy_iface_progress+0x88)[0x7fc2fab52be8]
[node1:1632484] [12] /usr/lib/x86_64-linux-gnu/libucs.so.0(+0x25c18)[0x7fc2fbbacc18]
[node1:1632484] [13] /usr/lib/x86_64-linux-gnu/libucp.so.0(ucp_worker_progress+0x7a)[0x7fc2e50f82ca]
[node1:1632484] [14] /home/hpc/hpcx/hpcx-v2.24-gcc-doca_ofed-ubuntu24.04-cuda13-x86_64/ompi/lib/libopen-pal.so.40(opal_progress+0x34)[0x7fc2fa720314]
[node1:1632484] [15] /home/hpc/hpcx/hpcx-v2.24-gcc-doca_ofed-ubuntu24.04-cuda13-x86_64/ompi/lib/libopen-pal.so.40(ompi_sync_wait_mt+0x115)[0x7fc2fa726b15]
[node1:1632484] [16] /home/hpc/hpcx/hpcx-v2.24-gcc-doca_ofed-ubuntu24.04-cuda13-x86_64/ompi/lib/libmpi.so.40(ompi_request_default_wait+0x24b)[0x7fc33353203b]
[node1:1632484] [17] /home/hpc/hpcx/hpcx-v2.24-gcc-doca_ofed-ubuntu24.04-cuda13-x86_64/ompi/lib/libmpi.so.40(PMPI_Wait+0x1e)[0x7fc33355ee9e]
[node1:1632484] [18] ./xhpl_mxp-nvidia[0x50eac7]
[node1:1632484] [19] ./xhpl_mxp-nvidia[0x4dc7d3]
[node1:1632484] [20] ./xhpl_mxp-nvidia[0x4df810]
[node1:1632484] [21] ./xhpl_mxp-nvidia[0x4df793]
[node1:1632484] [22] ./xhpl_mxp-nvidia[0x4df703]
[node1:1632484] [23] ./xhpl_mxp-nvidia[0x4df6bc]
[node1:1632484] [24] ./xhpl_mxp-nvidia[0x4df6a0]
[node1:1632484] [25] ./xhpl_mxp-nvidia[0x5bd493]
[node1:1632484] [26] /usr/lib/x86_64-linux-gnu/libc.so.6(+0x9caa4)[0x7fc2fa49caa4]
[node1:1632484] [27] /usr/lib/x86_64-linux-gnu/libc.so.6(+0x129c6c)[0x7fc2fa529c6c]
[node1:1632484] *** End of error message ***
--------------------------------------------------------------------------
Primary job  terminated normally, but 1 process returned
a non-zero exit code. Per user-direction, the job has been aborted.
--------------------------------------------------------------------------
--------------------------------------------------------------------------
mpirun noticed that process rank 1 with PID 1632484 on node node1 exited on signal 6 (Aborted).
--------------------------------------------------------------------------
