[1,4]<stdout>:[1758245649.504361] [node3:4135 :0]     ucp_context.c:2339 UCX  INFO  Version 1.19.0 (loaded from /home/hpc/hpcx/hpcx-v2.24-gcc-doca_ofed-ubuntu24.04-cuda13-x86_64/ucx/lib/libucp.so.0)
[1,5]<stdout>:[1758245649.504676] [node3:4136 :0]     ucp_context.c:2339 UCX  INFO  Version 1.19.0 (loaded from /home/hpc/hpcx/hpcx-v2.24-gcc-doca_ofed-ubuntu24.04-cuda13-x86_64/ucx/lib/libucp.so.0)
[1,6]<stdout>:[1758245649.504689] [node3:4137 :0]     ucp_context.c:2339 UCX  INFO  Version 1.19.0 (loaded from /home/hpc/hpcx/hpcx-v2.24-gcc-doca_ofed-ubuntu24.04-cuda13-x86_64/ucx/lib/libucp.so.0)
[1,7]<stdout>:[1758245649.504901] [node3:4138 :0]     ucp_context.c:2339 UCX  INFO  Version 1.19.0 (loaded from /home/hpc/hpcx/hpcx-v2.24-gcc-doca_ofed-ubuntu24.04-cuda13-x86_64/ucx/lib/libucp.so.0)
[1,3]<stdout>:[1758245649.505966] [node1:53978:0]     ucp_context.c:2339 UCX  INFO  Version 1.19.0 (loaded from /home/hpc/hpcx/hpcx-v2.24-gcc-doca_ofed-ubuntu24.04-cuda13-x86_64/ucx/lib/libucp.so.0)
[1,2]<stdout>:[1758245649.506366] [node1:53977:0]     ucp_context.c:2339 UCX  INFO  Version 1.19.0 (loaded from /home/hpc/hpcx/hpcx-v2.24-gcc-doca_ofed-ubuntu24.04-cuda13-x86_64/ucx/lib/libucp.so.0)
[1,0]<stdout>:[1758245649.506449] [node1:53975:0]     ucp_context.c:2339 UCX  INFO  Version 1.19.0 (loaded from /home/hpc/hpcx/hpcx-v2.24-gcc-doca_ofed-ubuntu24.04-cuda13-x86_64/ucx/lib/libucp.so.0)
[1,1]<stdout>:[1758245649.506449] [node1:53976:0]     ucp_context.c:2339 UCX  INFO  Version 1.19.0 (loaded from /home/hpc/hpcx/hpcx-v2.24-gcc-doca_ofed-ubuntu24.04-cuda13-x86_64/ucx/lib/libucp.so.0)
[1,6]<stdout>:[1758245650.747595] [node3:4137 :0]          parser.c:2368 UCX  INFO  UCX_* env variable: UCX_LOG_LEVEL=info
[1,4]<stdout>:[1758245650.761224] [node3:4135 :0]          parser.c:2368 UCX  INFO  UCX_* env variable: UCX_LOG_LEVEL=info
[1,5]<stdout>:[1758245650.774277] [node3:4136 :0]          parser.c:2368 UCX  INFO  UCX_* env variable: UCX_LOG_LEVEL=info
[1,7]<stdout>:[1758245650.775445] [node3:4138 :0]          parser.c:2368 UCX  INFO  UCX_* env variable: UCX_LOG_LEVEL=info
[1,1]<stdout>:[1758245650.773126] [node1:53976:0]          parser.c:2368 UCX  INFO  UCX_* env variable: UCX_LOG_LEVEL=info
[1,3]<stdout>:[1758245650.774883] [node1:53978:0]          parser.c:2368 UCX  INFO  UCX_* env variable: UCX_LOG_LEVEL=info
[1,2]<stdout>:[1758245650.775883] [node1:53977:0]          parser.c:2368 UCX  INFO  UCX_* env variable: UCX_LOG_LEVEL=info
[1,0]<stdout>:[1758245650.776059] [node1:53975:0]          parser.c:2368 UCX  INFO  UCX_* env variable: UCX_LOG_LEVEL=info
[1,1]<stdout>:[1758245650.778090] [node1:53976:0]     ucp_context.c:2339 UCX  INFO  Version 1.19.0 (loaded from /home/hpc/hpcx/hpcx-v2.24-gcc-doca_ofed-ubuntu24.04-cuda13-x86_64/ucx/lib/libucp.so.0)
[1,2]<stdout>:[1758245650.778135] [node1:53977:0]     ucp_context.c:2339 UCX  INFO  Version 1.19.0 (loaded from /home/hpc/hpcx/hpcx-v2.24-gcc-doca_ofed-ubuntu24.04-cuda13-x86_64/ucx/lib/libucp.so.0)
[1,3]<stdout>:[1758245650.778157] [node1:53978:0]     ucp_context.c:2339 UCX  INFO  Version 1.19.0 (loaded from /home/hpc/hpcx/hpcx-v2.24-gcc-doca_ofed-ubuntu24.04-cuda13-x86_64/ucx/lib/libucp.so.0)
[1,0]<stdout>:[1758245650.778208] [node1:53975:0]     ucp_context.c:2339 UCX  INFO  Version 1.19.0 (loaded from /home/hpc/hpcx/hpcx-v2.24-gcc-doca_ofed-ubuntu24.04-cuda13-x86_64/ucx/lib/libucp.so.0)
[1,4]<stdout>:[1758245650.782214] [node3:4135 :0]     ucp_context.c:2339 UCX  INFO  Version 1.19.0 (loaded from /home/hpc/hpcx/hpcx-v2.24-gcc-doca_ofed-ubuntu24.04-cuda13-x86_64/ucx/lib/libucp.so.0)
[1,6]<stdout>:[1758245650.782226] [node3:4137 :0]     ucp_context.c:2339 UCX  INFO  Version 1.19.0 (loaded from /home/hpc/hpcx/hpcx-v2.24-gcc-doca_ofed-ubuntu24.04-cuda13-x86_64/ucx/lib/libucp.so.0)
[1,7]<stdout>:[1758245650.782237] [node3:4138 :0]     ucp_context.c:2339 UCX  INFO  Version 1.19.0 (loaded from /home/hpc/hpcx/hpcx-v2.24-gcc-doca_ofed-ubuntu24.04-cuda13-x86_64/ucx/lib/libucp.so.0)
[1,5]<stdout>:[1758245650.782256] [node3:4136 :0]     ucp_context.c:2339 UCX  INFO  Version 1.19.0 (loaded from /home/hpc/hpcx/hpcx-v2.24-gcc-doca_ofed-ubuntu24.04-cuda13-x86_64/ucx/lib/libucp.so.0)
[1,0]<stdout>:[1758245650.813583] [node1:53975:0]      ucp_worker.c:1903 UCX  INFO    ucp_context_0 self cfg#2 tag(self/memory cma/memory)
[1,0]<stdout>:[1758245650.814568] [node1:53975:0]      ucp_worker.c:1903 UCX  INFO    ucp_context_0 intra-node cfg#3 tag(sysv/memory cma/memory cuda_ipc/cuda)
[1,2]<stdout>:[1758245650.815338] [node1:53977:0]      ucp_worker.c:1903 UCX  INFO    ucp_context_0 self cfg#2 tag(self/memory cma/memory)
[1,3]<stdout>:[1758245650.815530] [node1:53978:0]      ucp_worker.c:1903 UCX  INFO    ucp_context_0 self cfg#2 tag(self/memory cma/memory)
[1,1]<stdout>:[1758245650.815675] [node1:53976:0]      ucp_worker.c:1903 UCX  INFO    ucp_context_0 self cfg#2 tag(self/memory cma/memory)
[1,2]<stdout>:[1758245650.816506] [node1:53977:0]      ucp_worker.c:1903 UCX  INFO    ucp_context_0 intra-node cfg#3 tag(sysv/memory cma/memory cuda_ipc/cuda)
[1,6]<stdout>:[1758245650.820387] [node3:4137 :0]      ucp_worker.c:1903 UCX  INFO    ucp_context_0 self cfg#2 tag(self/memory cma/memory)
[1,3]<stdout>:[1758245650.816747] [node1:53978:0]      ucp_worker.c:1903 UCX  INFO    ucp_context_0 intra-node cfg#3 tag(sysv/memory cma/memory cuda_ipc/cuda)
[1,4]<stdout>:[1758245650.820513] [node3:4135 :0]      ucp_worker.c:1903 UCX  INFO    ucp_context_0 self cfg#2 tag(self/memory cma/memory)
[1,7]<stdout>:[1758245650.820614] [node3:4138 :0]      ucp_worker.c:1903 UCX  INFO    ucp_context_0 self cfg#2 tag(self/memory cma/memory)
[1,1]<stdout>:[1758245650.817102] [node1:53976:0]      ucp_worker.c:1903 UCX  INFO    ucp_context_0 intra-node cfg#3 tag(sysv/memory cma/memory cuda_ipc/cuda)
[1,5]<stdout>:[1758245650.820848] [node3:4136 :0]      ucp_worker.c:1903 UCX  INFO    ucp_context_0 self cfg#2 tag(self/memory cma/memory)
[1,6]<stdout>:[1758245650.821406] [node3:4137 :0]      ucp_worker.c:1903 UCX  INFO    ucp_context_0 intra-node cfg#3 tag(sysv/memory cma/memory cuda_ipc/cuda)
[1,4]<stdout>:[1758245650.821746] [node3:4135 :0]      ucp_worker.c:1903 UCX  INFO    ucp_context_0 intra-node cfg#3 tag(sysv/memory cma/memory cuda_ipc/cuda)
[1,7]<stdout>:[1758245650.822016] [node3:4138 :0]      ucp_worker.c:1903 UCX  INFO    ucp_context_0 intra-node cfg#3 tag(sysv/memory cma/memory cuda_ipc/cuda)
[1,5]<stdout>:[1758245650.822297] [node3:4136 :0]      ucp_worker.c:1903 UCX  INFO    ucp_context_0 intra-node cfg#3 tag(sysv/memory cma/memory cuda_ipc/cuda)
[1,0]<stdout>:[1758245650.828581] [node1:53975:0]     ucp_context.c:2339 UCX  INFO  Version 1.19.0 (loaded from /home/hpc/hpcx/hpcx-v2.24-gcc-doca_ofed-ubuntu24.04-cuda13-x86_64/ucx/lib/libucp.so.0)
[1,2]<stdout>:[1758245650.829316] [node1:53977:0]     ucp_context.c:2339 UCX  INFO  Version 1.19.0 (loaded from /home/hpc/hpcx/hpcx-v2.24-gcc-doca_ofed-ubuntu24.04-cuda13-x86_64/ucx/lib/libucp.so.0)
[1,3]<stdout>:[1758245650.829636] [node1:53978:0]     ucp_context.c:2339 UCX  INFO  Version 1.19.0 (loaded from /home/hpc/hpcx/hpcx-v2.24-gcc-doca_ofed-ubuntu24.04-cuda13-x86_64/ucx/lib/libucp.so.0)
[1,1]<stdout>:[1758245650.829679] [node1:53976:0]     ucp_context.c:2339 UCX  INFO  Version 1.19.0 (loaded from /home/hpc/hpcx/hpcx-v2.24-gcc-doca_ofed-ubuntu24.04-cuda13-x86_64/ucx/lib/libucp.so.0)
[1,6]<stdout>:[1758245650.842095] [node3:4137 :0]     ucp_context.c:2339 UCX  INFO  Version 1.19.0 (loaded from /home/hpc/hpcx/hpcx-v2.24-gcc-doca_ofed-ubuntu24.04-cuda13-x86_64/ucx/lib/libucp.so.0)
[1,4]<stdout>:[1758245650.844081] [node3:4135 :0]     ucp_context.c:2339 UCX  INFO  Version 1.19.0 (loaded from /home/hpc/hpcx/hpcx-v2.24-gcc-doca_ofed-ubuntu24.04-cuda13-x86_64/ucx/lib/libucp.so.0)
[1,5]<stdout>:[1758245650.844095] [node3:4136 :0]     ucp_context.c:2339 UCX  INFO  Version 1.19.0 (loaded from /home/hpc/hpcx/hpcx-v2.24-gcc-doca_ofed-ubuntu24.04-cuda13-x86_64/ucx/lib/libucp.so.0)
[1,7]<stdout>:[1758245650.844235] [node3:4138 :0]     ucp_context.c:2339 UCX  INFO  Version 1.19.0 (loaded from /home/hpc/hpcx/hpcx-v2.24-gcc-doca_ofed-ubuntu24.04-cuda13-x86_64/ucx/lib/libucp.so.0)
[1,3]<stdout>:[1758245650.915244] [node1:53978:0]      ucp_worker.c:1903 UCX  INFO    ucp_context_0 inter-node cfg#4 tag(rc_mlx5/mlx5_0:1)
[1,4]<stdout>:[1758245650.932882] [node3:4135 :0]      ucp_worker.c:1903 UCX  INFO    ucp_context_0 inter-node cfg#4 tag(rc_mlx5/mlx5_0:1)
[1,7]<stdout>:[1758245650.932922] [node3:4138 :0]      ucp_worker.c:1903 UCX  INFO    ucp_context_0 inter-node cfg#4 tag(rc_mlx5/mlx5_0:1)
[1,5]<stdout>:[1758245650.932921] [node3:4136 :0]      ucp_worker.c:1903 UCX  INFO    ucp_context_0 inter-node cfg#4 tag(rc_mlx5/mlx5_0:1)
[1,4]<stdout>:[1758245650.944775] [node3:4135 :0]      ucp_worker.c:1903 UCX  INFO    ucp_context_0 inter-node cfg#5 tag(rc_mlx5/mlx5_0:1)
[1,6]<stdout>:[1758245650.944870] [node3:4137 :0]      ucp_worker.c:1903 UCX  INFO    ucp_context_0 inter-node cfg#4 tag(rc_mlx5/mlx5_0:1)
[1,3]<stdout>:[1758245650.941371] [node1:53978:a]      ucp_worker.c:1903 UCX  INFO    ucp_context_0 inter-node cfg#5 tag(rc_mlx5/mlx5_0:1)
[1,1]<stdout>:[1758245650.941378] [node1:53976:a]      ucp_worker.c:1903 UCX  INFO    ucp_context_0 inter-node cfg#4 tag(rc_mlx5/mlx5_0:1)
[1,0]<stdout>:[1758245650.943826] [node1:53975:0]      ucp_worker.c:1903 UCX  INFO    ucp_context_0 inter-node cfg#4 tag(rc_mlx5/mlx5_0:1)
[1,2]<stdout>:[1758245650.948750] [node1:53977:a]      ucp_worker.c:1903 UCX  INFO    ucp_context_0 inter-node cfg#4 tag(rc_mlx5/mlx5_0:1)
