[1,1]<stdout>:[1758249321.502756] [node1:71548:0]     ucp_context.c:2339 UCX  INFO  Version 1.19.0 (loaded from /home/hpc/hpcx/hpcx-v2.24-gcc-doca_ofed-ubuntu24.04-cuda13-x86_64/ucx/lib/libucp.so.0)
[1,2]<stdout>:[1758249321.502832] [node1:71549:0]     ucp_context.c:2339 UCX  INFO  Version 1.19.0 (loaded from /home/hpc/hpcx/hpcx-v2.24-gcc-doca_ofed-ubuntu24.04-cuda13-x86_64/ucx/lib/libucp.so.0)
[1,0]<stdout>:[1758249321.502865] [node1:71547:0]     ucp_context.c:2339 UCX  INFO  Version 1.19.0 (loaded from /home/hpc/hpcx/hpcx-v2.24-gcc-doca_ofed-ubuntu24.04-cuda13-x86_64/ucx/lib/libucp.so.0)
[1,3]<stdout>:[1758249321.502896] [node1:71550:0]     ucp_context.c:2339 UCX  INFO  Version 1.19.0 (loaded from /home/hpc/hpcx/hpcx-v2.24-gcc-doca_ofed-ubuntu24.04-cuda13-x86_64/ucx/lib/libucp.so.0)
[1,4]<stdout>:[1758249321.502726] [node3:15166:0]     ucp_context.c:2339 UCX  INFO  Version 1.19.0 (loaded from /home/hpc/hpcx/hpcx-v2.24-gcc-doca_ofed-ubuntu24.04-cuda13-x86_64/ucx/lib/libucp.so.0)
[1,6]<stdout>:[1758249321.502905] [node3:15168:0]     ucp_context.c:2339 UCX  INFO  Version 1.19.0 (loaded from /home/hpc/hpcx/hpcx-v2.24-gcc-doca_ofed-ubuntu24.04-cuda13-x86_64/ucx/lib/libucp.so.0)
[1,7]<stdout>:[1758249321.503204] [node3:15169:0]     ucp_context.c:2339 UCX  INFO  Version 1.19.0 (loaded from /home/hpc/hpcx/hpcx-v2.24-gcc-doca_ofed-ubuntu24.04-cuda13-x86_64/ucx/lib/libucp.so.0)
[1,5]<stdout>:[1758249321.503218] [node3:15167:0]     ucp_context.c:2339 UCX  INFO  Version 1.19.0 (loaded from /home/hpc/hpcx/hpcx-v2.24-gcc-doca_ofed-ubuntu24.04-cuda13-x86_64/ucx/lib/libucp.so.0)
[1,7]<stdout>:[1758249322.709373] [node3:15169:0]          parser.c:2368 UCX  INFO  UCX_* env variables: UCX_NET_DEVICES=all UCX_TLS=rc,tcp,sm,self,cuda_copy,cuda_ipc UCX_LOG_LEVEL=info
[1,4]<stdout>:[1758249322.718930] [node3:15166:0]          parser.c:2368 UCX  INFO  UCX_* env variables: UCX_NET_DEVICES=all UCX_TLS=rc,tcp,sm,self,cuda_copy,cuda_ipc UCX_LOG_LEVEL=info
[1,6]<stdout>:[1758249322.731730] [node3:15168:0]          parser.c:2368 UCX  INFO  UCX_* env variables: UCX_NET_DEVICES=all UCX_TLS=rc,tcp,sm,self,cuda_copy,cuda_ipc UCX_LOG_LEVEL=info
[1,5]<stdout>:[1758249322.738612] [node3:15167:0]          parser.c:2368 UCX  INFO  UCX_* env variables: UCX_NET_DEVICES=all UCX_TLS=rc,tcp,sm,self,cuda_copy,cuda_ipc UCX_LOG_LEVEL=info
[1,2]<stdout>:[1758249322.742120] [node1:71549:0]          parser.c:2368 UCX  INFO  UCX_* env variables: UCX_NET_DEVICES=all UCX_TLS=rc,tcp,sm,self,cuda_copy,cuda_ipc UCX_LOG_LEVEL=info
[1,0]<stdout>:[1758249322.742629] [node1:71547:0]          parser.c:2368 UCX  INFO  UCX_* env variables: UCX_NET_DEVICES=all UCX_TLS=rc,tcp,sm,self,cuda_copy,cuda_ipc UCX_LOG_LEVEL=info
[1,3]<stdout>:[1758249322.753666] [node1:71550:0]          parser.c:2368 UCX  INFO  UCX_* env variables: UCX_NET_DEVICES=all UCX_TLS=rc,tcp,sm,self,cuda_copy,cuda_ipc UCX_LOG_LEVEL=info
[1,1]<stdout>:[1758249322.754488] [node1:71548:0]          parser.c:2368 UCX  INFO  UCX_* env variables: UCX_NET_DEVICES=all UCX_TLS=rc,tcp,sm,self,cuda_copy,cuda_ipc UCX_LOG_LEVEL=info
[1,3]<stdout>:[1758249322.755496] [node1:71550:0]     ucp_context.c:2339 UCX  INFO  Version 1.19.0 (loaded from /home/hpc/hpcx/hpcx-v2.24-gcc-doca_ofed-ubuntu24.04-cuda13-x86_64/ucx/lib/libucp.so.0)
[1,1]<stdout>:[1758249322.755514] [node1:71548:0]     ucp_context.c:2339 UCX  INFO  Version 1.19.0 (loaded from /home/hpc/hpcx/hpcx-v2.24-gcc-doca_ofed-ubuntu24.04-cuda13-x86_64/ucx/lib/libucp.so.0)
[1,2]<stdout>:[1758249322.755576] [node1:71549:0]     ucp_context.c:2339 UCX  INFO  Version 1.19.0 (loaded from /home/hpc/hpcx/hpcx-v2.24-gcc-doca_ofed-ubuntu24.04-cuda13-x86_64/ucx/lib/libucp.so.0)
[1,6]<stdout>:[1758249322.755632] [node3:15168:0]     ucp_context.c:2339 UCX  INFO  Version 1.19.0 (loaded from /home/hpc/hpcx/hpcx-v2.24-gcc-doca_ofed-ubuntu24.04-cuda13-x86_64/ucx/lib/libucp.so.0)
[1,4]<stdout>:[1758249322.755632] [node3:15166:0]     ucp_context.c:2339 UCX  INFO  Version 1.19.0 (loaded from /home/hpc/hpcx/hpcx-v2.24-gcc-doca_ofed-ubuntu24.04-cuda13-x86_64/ucx/lib/libucp.so.0)
[1,7]<stdout>:[1758249322.755635] [node3:15169:0]     ucp_context.c:2339 UCX  INFO  Version 1.19.0 (loaded from /home/hpc/hpcx/hpcx-v2.24-gcc-doca_ofed-ubuntu24.04-cuda13-x86_64/ucx/lib/libucp.so.0)
[1,0]<stdout>:[1758249322.756197] [node1:71547:0]     ucp_context.c:2339 UCX  INFO  Version 1.19.0 (loaded from /home/hpc/hpcx/hpcx-v2.24-gcc-doca_ofed-ubuntu24.04-cuda13-x86_64/ucx/lib/libucp.so.0)
[1,5]<stdout>:[1758249322.755747] [node3:15167:0]     ucp_context.c:2339 UCX  INFO  Version 1.19.0 (loaded from /home/hpc/hpcx/hpcx-v2.24-gcc-doca_ofed-ubuntu24.04-cuda13-x86_64/ucx/lib/libucp.so.0)
[1,1]<stdout>:[1758249322.789813] [node1:71548:0]      ucp_worker.c:1903 UCX  INFO    ucp_context_0 self cfg#1 tag(self/memory cma/memory)
[1,3]<stdout>:[1758249322.789865] [node1:71550:0]      ucp_worker.c:1903 UCX  INFO    ucp_context_0 self cfg#1 tag(self/memory cma/memory)
[1,0]<stdout>:[1758249322.790087] [node1:71547:0]      ucp_worker.c:1903 UCX  INFO    ucp_context_0 self cfg#1 tag(self/memory cma/memory)
[1,3]<stdout>:[1758249322.790834] [node1:71550:0]      ucp_worker.c:1903 UCX  INFO    ucp_context_0 intra-node cfg#2 tag(sysv/memory cma/memory cuda_ipc/cuda)
[1,1]<stdout>:[1758249322.790857] [node1:71548:0]      ucp_worker.c:1903 UCX  INFO    ucp_context_0 intra-node cfg#2 tag(sysv/memory cma/memory cuda_ipc/cuda)
[1,0]<stdout>:[1758249322.791044] [node1:71547:0]      ucp_worker.c:1903 UCX  INFO    ucp_context_0 intra-node cfg#2 tag(sysv/memory cma/memory cuda_ipc/cuda)
[1,2]<stdout>:[1758249322.791676] [node1:71549:0]      ucp_worker.c:1903 UCX  INFO    ucp_context_0 self cfg#1 tag(self/memory cma/memory)
[1,5]<stdout>:[1758249322.791472] [node3:15167:0]      ucp_worker.c:1903 UCX  INFO    ucp_context_0 self cfg#1 tag(self/memory cma/memory)
[1,4]<stdout>:[1758249322.791557] [node3:15166:0]      ucp_worker.c:1903 UCX  INFO    ucp_context_0 self cfg#1 tag(self/memory cma/memory)
[1,6]<stdout>:[1758249322.791830] [node3:15168:0]      ucp_worker.c:1903 UCX  INFO    ucp_context_0 self cfg#1 tag(self/memory cma/memory)
[1,4]<stdout>:[1758249322.792513] [node3:15166:0]      ucp_worker.c:1903 UCX  INFO    ucp_context_0 intra-node cfg#2 tag(sysv/memory cma/memory cuda_ipc/cuda)
[1,2]<stdout>:[1758249322.792899] [node1:71549:0]      ucp_worker.c:1903 UCX  INFO    ucp_context_0 intra-node cfg#2 tag(sysv/memory cma/memory cuda_ipc/cuda)
[1,5]<stdout>:[1758249322.792594] [node3:15167:0]      ucp_worker.c:1903 UCX  INFO    ucp_context_0 intra-node cfg#2 tag(sysv/memory cma/memory cuda_ipc/cuda)
[1,6]<stdout>:[1758249322.792931] [node3:15168:0]      ucp_worker.c:1903 UCX  INFO    ucp_context_0 intra-node cfg#2 tag(sysv/memory cma/memory cuda_ipc/cuda)
[1,7]<stdout>:[1758249322.795321] [node3:15169:0]      ucp_worker.c:1903 UCX  INFO    ucp_context_0 self cfg#1 tag(self/memory cma/memory)
[1,7]<stdout>:[1758249322.796336] [node3:15169:0]      ucp_worker.c:1903 UCX  INFO    ucp_context_0 intra-node cfg#2 tag(sysv/memory cma/memory cuda_ipc/cuda)
[1,1]<stdout>:[1758249322.806503] [node1:71548:0]     ucp_context.c:2339 UCX  INFO  Version 1.19.0 (loaded from /home/hpc/hpcx/hpcx-v2.24-gcc-doca_ofed-ubuntu24.04-cuda13-x86_64/ucx/lib/libucp.so.0)
[1,0]<stdout>:[1758249322.806506] [node1:71547:0]     ucp_context.c:2339 UCX  INFO  Version 1.19.0 (loaded from /home/hpc/hpcx/hpcx-v2.24-gcc-doca_ofed-ubuntu24.04-cuda13-x86_64/ucx/lib/libucp.so.0)
[1,3]<stdout>:[1758249322.806518] [node1:71550:0]     ucp_context.c:2339 UCX  INFO  Version 1.19.0 (loaded from /home/hpc/hpcx/hpcx-v2.24-gcc-doca_ofed-ubuntu24.04-cuda13-x86_64/ucx/lib/libucp.so.0)
[1,2]<stdout>:[1758249322.807032] [node1:71549:0]     ucp_context.c:2339 UCX  INFO  Version 1.19.0 (loaded from /home/hpc/hpcx/hpcx-v2.24-gcc-doca_ofed-ubuntu24.04-cuda13-x86_64/ucx/lib/libucp.so.0)
[1,5]<stdout>:[1758249322.816007] [node3:15167:0]     ucp_context.c:2339 UCX  INFO  Version 1.19.0 (loaded from /home/hpc/hpcx/hpcx-v2.24-gcc-doca_ofed-ubuntu24.04-cuda13-x86_64/ucx/lib/libucp.so.0)
[1,7]<stdout>:[1758249322.816008] [node3:15169:0]     ucp_context.c:2339 UCX  INFO  Version 1.19.0 (loaded from /home/hpc/hpcx/hpcx-v2.24-gcc-doca_ofed-ubuntu24.04-cuda13-x86_64/ucx/lib/libucp.so.0)
[1,4]<stdout>:[1758249322.816008] [node3:15166:0]     ucp_context.c:2339 UCX  INFO  Version 1.19.0 (loaded from /home/hpc/hpcx/hpcx-v2.24-gcc-doca_ofed-ubuntu24.04-cuda13-x86_64/ucx/lib/libucp.so.0)
[1,6]<stdout>:[1758249322.816020] [node3:15168:0]     ucp_context.c:2339 UCX  INFO  Version 1.19.0 (loaded from /home/hpc/hpcx/hpcx-v2.24-gcc-doca_ofed-ubuntu24.04-cuda13-x86_64/ucx/lib/libucp.so.0)
[1,3]<stdout>:[1758249322.868208] [node1:71550:0]      ucp_worker.c:1903 UCX  INFO    ucp_context_0 inter-node cfg#3 tag(rc_mlx5/mlx5_0:1)
[1,5]<stdout>:[1758249322.881294] [node3:15167:0]      ucp_worker.c:1903 UCX  INFO    ucp_context_0 inter-node cfg#3 tag(rc_mlx5/mlx5_0:1)
[1,7]<stdout>:[1758249322.881294] [node3:15169:0]      ucp_worker.c:1903 UCX  INFO    ucp_context_0 inter-node cfg#3 tag(rc_mlx5/mlx5_0:1)
[1,6]<stdout>:[1758249322.881304] [node3:15168:0]      ucp_worker.c:1903 UCX  INFO    ucp_context_0 inter-node cfg#3 tag(rc_mlx5/mlx5_0:1)
[1,4]<stdout>:[1758249322.881327] [node3:15166:0]      ucp_worker.c:1903 UCX  INFO    ucp_context_0 inter-node cfg#3 tag(rc_mlx5/mlx5_0:1)
[1,2]<stdout>:[1758249322.897595] [node1:71549:a]      ucp_worker.c:1903 UCX  INFO    ucp_context_0 inter-node cfg#3 tag(rc_mlx5/mlx5_0:1)
[1,4]<stdout>:[1758249322.894434] [node3:15166:a]      ucp_worker.c:1903 UCX  INFO    ucp_context_0 inter-node cfg#4 tag(rc_mlx5/mlx5_0:1)
[1,3]<stdout>:[1758249322.897627] [node1:71550:0]      ucp_worker.c:1903 UCX  INFO    ucp_context_0 inter-node cfg#4 tag(rc_mlx5/mlx5_0:1)
[1,1]<stdout>:[1758249322.897892] [node1:71548:a]      ucp_worker.c:1903 UCX  INFO    ucp_context_0 inter-node cfg#3 tag(rc_mlx5/mlx5_0:1)
[1,0]<stdout>:[1758249322.900574] [node1:71547:a]      ucp_worker.c:1903 UCX  INFO    ucp_context_0 inter-node cfg#3 tag(rc_mlx5/mlx5_0:1)
