[1,4]<stdout>:[1758248135.477395] [node3:14644:0]     ucp_context.c:2339 UCX  INFO  Version 1.19.0 (loaded from /home/hpc/hpcx/hpcx-v2.24-gcc-doca_ofed-ubuntu24.04-cuda13-x86_64/ucx/lib/libucp.so.0)
[1,5]<stdout>:[1758248135.477872] [node3:14645:0]     ucp_context.c:2339 UCX  INFO  Version 1.19.0 (loaded from /home/hpc/hpcx/hpcx-v2.24-gcc-doca_ofed-ubuntu24.04-cuda13-x86_64/ucx/lib/libucp.so.0)
[1,7]<stdout>:[1758248135.477878] [node3:14647:0]     ucp_context.c:2339 UCX  INFO  Version 1.19.0 (loaded from /home/hpc/hpcx/hpcx-v2.24-gcc-doca_ofed-ubuntu24.04-cuda13-x86_64/ucx/lib/libucp.so.0)
[1,6]<stdout>:[1758248135.477930] [node3:14646:0]     ucp_context.c:2339 UCX  INFO  Version 1.19.0 (loaded from /home/hpc/hpcx/hpcx-v2.24-gcc-doca_ofed-ubuntu24.04-cuda13-x86_64/ucx/lib/libucp.so.0)
[1,3]<stdout>:[1758248135.480308] [node1:69327:0]     ucp_context.c:2339 UCX  INFO  Version 1.19.0 (loaded from /home/hpc/hpcx/hpcx-v2.24-gcc-doca_ofed-ubuntu24.04-cuda13-x86_64/ucx/lib/libucp.so.0)
[1,1]<stdout>:[1758248135.480308] [node1:69325:0]     ucp_context.c:2339 UCX  INFO  Version 1.19.0 (loaded from /home/hpc/hpcx/hpcx-v2.24-gcc-doca_ofed-ubuntu24.04-cuda13-x86_64/ucx/lib/libucp.so.0)
[1,0]<stdout>:[1758248135.480314] [node1:69324:0]     ucp_context.c:2339 UCX  INFO  Version 1.19.0 (loaded from /home/hpc/hpcx/hpcx-v2.24-gcc-doca_ofed-ubuntu24.04-cuda13-x86_64/ucx/lib/libucp.so.0)
[1,2]<stdout>:[1758248135.480429] [node1:69326:0]     ucp_context.c:2339 UCX  INFO  Version 1.19.0 (loaded from /home/hpc/hpcx/hpcx-v2.24-gcc-doca_ofed-ubuntu24.04-cuda13-x86_64/ucx/lib/libucp.so.0)
[1,7]<stdout>:[1758248136.597263] [node3:14647:0]     ucp_context.c:1321 UCX  WARN  transport 'gdr' is not available, please use one or more of: cma, cuda, cuda_copy, cuda_ipc, dc, dc_mlx5, dc_x, gdr_copy, ib, mm, posix, rc, rc_mlx5, rc_v, rc_verbs, rc_x, self, shm, sm, sysv, tcp, ud, ud_mlx5, ud_v, ud_verbs, ud_x
[1,5]<stdout>:[1758248136.609879] [node3:14645:0]     ucp_context.c:1321 UCX  WARN  transport 'gdr' is not available, please use one or more of: cma, cuda, cuda_copy, cuda_ipc, dc, dc_mlx5, dc_x, gdr_copy, ib, mm, posix, rc, rc_mlx5, rc_v, rc_verbs, rc_x, self, shm, sm, sysv, tcp, ud, ud_mlx5, ud_v, ud_verbs, ud_x
[1,6]<stdout>:[1758248136.614379] [node3:14646:0]     ucp_context.c:1321 UCX  WARN  transport 'gdr' is not available, please use one or more of: cma, cuda, cuda_copy, cuda_ipc, dc, dc_mlx5, dc_x, gdr_copy, ib, mm, posix, rc, rc_mlx5, rc_v, rc_verbs, rc_x, self, shm, sm, sysv, tcp, ud, ud_mlx5, ud_v, ud_verbs, ud_x
[1,4]<stdout>:[1758248136.616977] [node3:14644:0]     ucp_context.c:1321 UCX  WARN  transport 'gdr' is not available, please use one or more of: cma, cuda, cuda_copy, cuda_ipc, dc, dc_mlx5, dc_x, gdr_copy, ib, mm, posix, rc, rc_mlx5, rc_v, rc_verbs, rc_x, self, shm, sm, sysv, tcp, ud, ud_mlx5, ud_v, ud_verbs, ud_x
[1,3]<stdout>:[1758248136.620944] [node1:69327:0]     ucp_context.c:1321 UCX  WARN  transport 'gdr' is not available, please use one or more of: cma, cuda, cuda_copy, cuda_ipc, dc, dc_mlx5, dc_x, gdr_copy, ib, mm, posix, rc, rc_mlx5, rc_v, rc_verbs, rc_x, self, shm, sm, sysv, tcp, ud, ud_mlx5, ud_v, ud_verbs, ud_x
[1,2]<stdout>:[1758248136.625680] [node1:69326:0]     ucp_context.c:1321 UCX  WARN  transport 'gdr' is not available, please use one or more of: cma, cuda, cuda_copy, cuda_ipc, dc, dc_mlx5, dc_x, gdr_copy, ib, mm, posix, rc, rc_mlx5, rc_v, rc_verbs, rc_x, self, shm, sm, sysv, tcp, ud, ud_mlx5, ud_v, ud_verbs, ud_x
[1,0]<stdout>:[1758248136.637517] [node1:69324:0]     ucp_context.c:1321 UCX  WARN  transport 'gdr' is not available, please use one or more of: cma, cuda, cuda_copy, cuda_ipc, dc, dc_mlx5, dc_x, gdr_copy, ib, mm, posix, rc, rc_mlx5, rc_v, rc_verbs, rc_x, self, shm, sm, sysv, tcp, ud, ud_mlx5, ud_v, ud_verbs, ud_x
[1,1]<stdout>:[1758248136.640300] [node1:69325:0]     ucp_context.c:1321 UCX  WARN  transport 'gdr' is not available, please use one or more of: cma, cuda, cuda_copy, cuda_ipc, dc, dc_mlx5, dc_x, gdr_copy, ib, mm, posix, rc, rc_mlx5, rc_v, rc_verbs, rc_x, self, shm, sm, sysv, tcp, ud, ud_mlx5, ud_v, ud_verbs, ud_x
[1,7]<stdout>:[1758248136.670595] [node3:14647:0]          parser.c:2368 UCX  INFO  UCX_* env variables: UCX_NET_DEVICES=mlx5_0:1 UCX_TLS=rc,sm,gdr,cuda_copy,cuda_ipc UCX_LOG_LEVEL=info
[1,5]<stdout>:[1758248136.681100] [node3:14645:0]          parser.c:2368 UCX  INFO  UCX_* env variables: UCX_NET_DEVICES=mlx5_0:1 UCX_TLS=rc,sm,gdr,cuda_copy,cuda_ipc UCX_LOG_LEVEL=info
[1,4]<stdout>:[1758248136.696481] [node3:14644:0]          parser.c:2368 UCX  INFO  UCX_* env variables: UCX_NET_DEVICES=mlx5_0:1 UCX_TLS=rc,sm,gdr,cuda_copy,cuda_ipc UCX_LOG_LEVEL=info
[1,6]<stdout>:[1758248136.696480] [node3:14646:0]          parser.c:2368 UCX  INFO  UCX_* env variables: UCX_NET_DEVICES=mlx5_0:1 UCX_TLS=rc,sm,gdr,cuda_copy,cuda_ipc UCX_LOG_LEVEL=info
[1,3]<stdout>:[1758248136.696158] [node1:69327:0]          parser.c:2368 UCX  INFO  UCX_* env variables: UCX_NET_DEVICES=mlx5_0:1 UCX_TLS=rc,sm,gdr,cuda_copy,cuda_ipc UCX_LOG_LEVEL=info
[1,2]<stdout>:[1758248136.700789] [node1:69326:0]          parser.c:2368 UCX  INFO  UCX_* env variables: UCX_NET_DEVICES=mlx5_0:1 UCX_TLS=rc,sm,gdr,cuda_copy,cuda_ipc UCX_LOG_LEVEL=info
[1,0]<stdout>:[1758248136.711555] [node1:69324:0]          parser.c:2368 UCX  INFO  UCX_* env variables: UCX_NET_DEVICES=mlx5_0:1 UCX_TLS=rc,sm,gdr,cuda_copy,cuda_ipc UCX_LOG_LEVEL=info
[1,1]<stdout>:[1758248136.714283] [node1:69325:0]          parser.c:2368 UCX  INFO  UCX_* env variables: UCX_NET_DEVICES=mlx5_0:1 UCX_TLS=rc,sm,gdr,cuda_copy,cuda_ipc UCX_LOG_LEVEL=info
[1,3]<stdout>:[1758248136.715280] [node1:69327:0]     ucp_context.c:2339 UCX  INFO  Version 1.19.0 (loaded from /home/hpc/hpcx/hpcx-v2.24-gcc-doca_ofed-ubuntu24.04-cuda13-x86_64/ucx/lib/libucp.so.0)
[1,2]<stdout>:[1758248136.715281] [node1:69326:0]     ucp_context.c:2339 UCX  INFO  Version 1.19.0 (loaded from /home/hpc/hpcx/hpcx-v2.24-gcc-doca_ofed-ubuntu24.04-cuda13-x86_64/ucx/lib/libucp.so.0)
[1,0]<stdout>:[1758248136.715315] [node1:69324:0]     ucp_context.c:2339 UCX  INFO  Version 1.19.0 (loaded from /home/hpc/hpcx/hpcx-v2.24-gcc-doca_ofed-ubuntu24.04-cuda13-x86_64/ucx/lib/libucp.so.0)
[1,1]<stdout>:[1758248136.715321] [node1:69325:0]     ucp_context.c:2339 UCX  INFO  Version 1.19.0 (loaded from /home/hpc/hpcx/hpcx-v2.24-gcc-doca_ofed-ubuntu24.04-cuda13-x86_64/ucx/lib/libucp.so.0)
[1,4]<stdout>:[1758248136.718499] [node3:14644:0]     ucp_context.c:2339 UCX  INFO  Version 1.19.0 (loaded from /home/hpc/hpcx/hpcx-v2.24-gcc-doca_ofed-ubuntu24.04-cuda13-x86_64/ucx/lib/libucp.so.0)
[1,7]<stdout>:[1758248136.718518] [node3:14647:0]     ucp_context.c:2339 UCX  INFO  Version 1.19.0 (loaded from /home/hpc/hpcx/hpcx-v2.24-gcc-doca_ofed-ubuntu24.04-cuda13-x86_64/ucx/lib/libucp.so.0)
[1,5]<stdout>:[1758248136.718530] [node3:14645:0]     ucp_context.c:2339 UCX  INFO  Version 1.19.0 (loaded from /home/hpc/hpcx/hpcx-v2.24-gcc-doca_ofed-ubuntu24.04-cuda13-x86_64/ucx/lib/libucp.so.0)
[1,6]<stdout>:[1758248136.718591] [node3:14646:0]     ucp_context.c:2339 UCX  INFO  Version 1.19.0 (loaded from /home/hpc/hpcx/hpcx-v2.24-gcc-doca_ofed-ubuntu24.04-cuda13-x86_64/ucx/lib/libucp.so.0)
[1,0]<stdout>:[1758248136.748505] [node1:69324:0]     ucp_context.c:1321 UCX  WARN  transport 'gdr' is not available, please use one or more of: cma, cuda, cuda_copy, cuda_ipc, dc, dc_mlx5, dc_x, gdr_copy, ib, mm, posix, rc, rc_mlx5, rc_v, rc_verbs, rc_x, self, shm, sm, sysv, tcp, ud, ud_mlx5, ud_v, ud_verbs, ud_x
[1,1]<stdout>:[1758248136.748607] [node1:69325:0]     ucp_context.c:1321 UCX  WARN  transport 'gdr' is not available, please use one or more of: cma, cuda, cuda_copy, cuda_ipc, dc, dc_mlx5, dc_x, gdr_copy, ib, mm, posix, rc, rc_mlx5, rc_v, rc_verbs, rc_x, self, shm, sm, sysv, tcp, ud, ud_mlx5, ud_v, ud_verbs, ud_x
[1,2]<stdout>:[1758248136.748668] [node1:69326:0]     ucp_context.c:1321 UCX  WARN  transport 'gdr' is not available, please use one or more of: cma, cuda, cuda_copy, cuda_ipc, dc, dc_mlx5, dc_x, gdr_copy, ib, mm, posix, rc, rc_mlx5, rc_v, rc_verbs, rc_x, self, shm, sm, sysv, tcp, ud, ud_mlx5, ud_v, ud_verbs, ud_x
[1,0]<stdout>:[1758248136.749218] [node1:69324:0]      ucp_worker.c:1903 UCX  INFO    ucp_context_0 self cfg#1 tag(sysv/memory cma/memory)
[1,1]<stdout>:[1758248136.749295] [node1:69325:0]      ucp_worker.c:1903 UCX  INFO    ucp_context_0 self cfg#1 tag(sysv/memory cma/memory)
[1,2]<stdout>:[1758248136.749322] [node1:69326:0]      ucp_worker.c:1903 UCX  INFO    ucp_context_0 self cfg#1 tag(sysv/memory cma/memory)
[1,5]<stdout>:[1758248136.752387] [node3:14645:0]     ucp_context.c:1321 UCX  WARN  transport 'gdr' is not available, please use one or more of: cma, cuda, cuda_copy, cuda_ipc, dc, dc_mlx5, dc_x, gdr_copy, ib, mm, posix, rc, rc_mlx5, rc_v, rc_verbs, rc_x, self, shm, sm, sysv, tcp, ud, ud_mlx5, ud_v, ud_verbs, ud_x
[1,4]<stdout>:[1758248136.752535] [node3:14644:0]     ucp_context.c:1321 UCX  WARN  transport 'gdr' is not available, please use one or more of: cma, cuda, cuda_copy, cuda_ipc, dc, dc_mlx5, dc_x, gdr_copy, ib, mm, posix, rc, rc_mlx5, rc_v, rc_verbs, rc_x, self, shm, sm, sysv, tcp, ud, ud_mlx5, ud_v, ud_verbs, ud_x
[1,7]<stdout>:[1758248136.752687] [node3:14647:0]     ucp_context.c:1321 UCX  WARN  transport 'gdr' is not available, please use one or more of: cma, cuda, cuda_copy, cuda_ipc, dc, dc_mlx5, dc_x, gdr_copy, ib, mm, posix, rc, rc_mlx5, rc_v, rc_verbs, rc_x, self, shm, sm, sysv, tcp, ud, ud_mlx5, ud_v, ud_verbs, ud_x
[1,2]<stdout>:[1758248136.750245] [node1:69326:0]      ucp_worker.c:1903 UCX  INFO    ucp_context_0 intra-node cfg#2 tag(sysv/memory cma/memory cuda_ipc/cuda)
[1,0]<stdout>:[1758248136.750309] [node1:69324:0]      ucp_worker.c:1903 UCX  INFO    ucp_context_0 intra-node cfg#2 tag(sysv/memory cma/memory cuda_ipc/cuda)
[1,5]<stdout>:[1758248136.753104] [node3:14645:0]      ucp_worker.c:1903 UCX  INFO    ucp_context_0 self cfg#1 tag(sysv/memory cma/memory)
[1,1]<stdout>:[1758248136.750458] [node1:69325:0]      ucp_worker.c:1903 UCX  INFO    ucp_context_0 intra-node cfg#2 tag(sysv/memory cma/memory cuda_ipc/cuda)
[1,4]<stdout>:[1758248136.753251] [node3:14644:0]      ucp_worker.c:1903 UCX  INFO    ucp_context_0 self cfg#1 tag(sysv/memory cma/memory)
[1,7]<stdout>:[1758248136.753342] [node3:14647:0]      ucp_worker.c:1903 UCX  INFO    ucp_context_0 self cfg#1 tag(sysv/memory cma/memory)
[1,5]<stdout>:[1758248136.754065] [node3:14645:0]      ucp_worker.c:1903 UCX  INFO    ucp_context_0 intra-node cfg#2 tag(sysv/memory cma/memory cuda_ipc/cuda)
[1,4]<stdout>:[1758248136.754253] [node3:14644:0]      ucp_worker.c:1903 UCX  INFO    ucp_context_0 intra-node cfg#2 tag(sysv/memory cma/memory cuda_ipc/cuda)
[1,3]<stdout>:[1758248136.751927] [node1:69327:0]     ucp_context.c:1321 UCX  WARN  transport 'gdr' is not available, please use one or more of: cma, cuda, cuda_copy, cuda_ipc, dc, dc_mlx5, dc_x, gdr_copy, ib, mm, posix, rc, rc_mlx5, rc_v, rc_verbs, rc_x, self, shm, sm, sysv, tcp, ud, ud_mlx5, ud_v, ud_verbs, ud_x
[1,6]<stdout>:[1758248136.754800] [node3:14646:0]     ucp_context.c:1321 UCX  WARN  transport 'gdr' is not available, please use one or more of: cma, cuda, cuda_copy, cuda_ipc, dc, dc_mlx5, dc_x, gdr_copy, ib, mm, posix, rc, rc_mlx5, rc_v, rc_verbs, rc_x, self, shm, sm, sysv, tcp, ud, ud_mlx5, ud_v, ud_verbs, ud_x
[1,6]<stdout>:[1758248136.755591] [node3:14646:0]      ucp_worker.c:1903 UCX  INFO    ucp_context_0 self cfg#1 tag(sysv/memory cma/memory)
[1,3]<stdout>:[1758248136.752880] [node1:69327:0]      ucp_worker.c:1903 UCX  INFO    ucp_context_0 self cfg#1 tag(sysv/memory cma/memory)
[1,3]<stdout>:[1758248136.753840] [node1:69327:0]      ucp_worker.c:1903 UCX  INFO    ucp_context_0 intra-node cfg#2 tag(sysv/memory cma/memory cuda_ipc/cuda)
[1,6]<stdout>:[1758248136.756740] [node3:14646:0]      ucp_worker.c:1903 UCX  INFO    ucp_context_0 intra-node cfg#2 tag(sysv/memory cma/memory cuda_ipc/cuda)
[1,7]<stdout>:[1758248136.757894] [node3:14647:0]      ucp_worker.c:1903 UCX  INFO    ucp_context_0 intra-node cfg#2 tag(sysv/memory cma/memory cuda_ipc/cuda)
[1,1]<stdout>:[1758248136.765027] [node1:69325:0]     ucp_context.c:2339 UCX  INFO  Version 1.19.0 (loaded from /home/hpc/hpcx/hpcx-v2.24-gcc-doca_ofed-ubuntu24.04-cuda13-x86_64/ucx/lib/libucp.so.0)
[1,2]<stdout>:[1758248136.765028] [node1:69326:0]     ucp_context.c:2339 UCX  INFO  Version 1.19.0 (loaded from /home/hpc/hpcx/hpcx-v2.24-gcc-doca_ofed-ubuntu24.04-cuda13-x86_64/ucx/lib/libucp.so.0)
[1,0]<stdout>:[1758248136.765039] [node1:69324:0]     ucp_context.c:2339 UCX  INFO  Version 1.19.0 (loaded from /home/hpc/hpcx/hpcx-v2.24-gcc-doca_ofed-ubuntu24.04-cuda13-x86_64/ucx/lib/libucp.so.0)
[1,3]<stdout>:[1758248136.765533] [node1:69327:0]     ucp_context.c:2339 UCX  INFO  Version 1.19.0 (loaded from /home/hpc/hpcx/hpcx-v2.24-gcc-doca_ofed-ubuntu24.04-cuda13-x86_64/ucx/lib/libucp.so.0)
[1,4]<stdout>:[1758248136.776887] [node3:14644:0]     ucp_context.c:2339 UCX  INFO  Version 1.19.0 (loaded from /home/hpc/hpcx/hpcx-v2.24-gcc-doca_ofed-ubuntu24.04-cuda13-x86_64/ucx/lib/libucp.so.0)
[1,5]<stdout>:[1758248136.776899] [node3:14645:0]     ucp_context.c:2339 UCX  INFO  Version 1.19.0 (loaded from /home/hpc/hpcx/hpcx-v2.24-gcc-doca_ofed-ubuntu24.04-cuda13-x86_64/ucx/lib/libucp.so.0)
[1,7]<stdout>:[1758248136.777337] [node3:14647:0]     ucp_context.c:2339 UCX  INFO  Version 1.19.0 (loaded from /home/hpc/hpcx/hpcx-v2.24-gcc-doca_ofed-ubuntu24.04-cuda13-x86_64/ucx/lib/libucp.so.0)
[1,6]<stdout>:[1758248136.779142] [node3:14646:0]     ucp_context.c:2339 UCX  INFO  Version 1.19.0 (loaded from /home/hpc/hpcx/hpcx-v2.24-gcc-doca_ofed-ubuntu24.04-cuda13-x86_64/ucx/lib/libucp.so.0)
[1,2]<stdout>:[1758248136.798094] [node1:69326:0]     ucp_context.c:1321 UCX  WARN  transport 'gdr' is not available, please use one or more of: cma, cuda, cuda_copy, cuda_ipc, dc, dc_mlx5, dc_x, gdr_copy, ib, mm, posix, rc, rc_mlx5, rc_v, rc_verbs, rc_x, self, shm, sm, sysv, tcp, ud, ud_mlx5, ud_v, ud_verbs, ud_x
[1,0]<stdout>:[1758248136.798226] [node1:69324:0]     ucp_context.c:1321 UCX  WARN  transport 'gdr' is not available, please use one or more of: cma, cuda, cuda_copy, cuda_ipc, dc, dc_mlx5, dc_x, gdr_copy, ib, mm, posix, rc, rc_mlx5, rc_v, rc_verbs, rc_x, self, shm, sm, sysv, tcp, ud, ud_mlx5, ud_v, ud_verbs, ud_x
[1,1]<stdout>:[1758248136.798297] [node1:69325:0]     ucp_context.c:1321 UCX  WARN  transport 'gdr' is not available, please use one or more of: cma, cuda, cuda_copy, cuda_ipc, dc, dc_mlx5, dc_x, gdr_copy, ib, mm, posix, rc, rc_mlx5, rc_v, rc_verbs, rc_x, self, shm, sm, sysv, tcp, ud, ud_mlx5, ud_v, ud_verbs, ud_x
[1,3]<stdout>:[1758248136.798378] [node1:69327:0]     ucp_context.c:1321 UCX  WARN  transport 'gdr' is not available, please use one or more of: cma, cuda, cuda_copy, cuda_ipc, dc, dc_mlx5, dc_x, gdr_copy, ib, mm, posix, rc, rc_mlx5, rc_v, rc_verbs, rc_x, self, shm, sm, sysv, tcp, ud, ud_mlx5, ud_v, ud_verbs, ud_x
[1,7]<stdout>:[1758248136.808276] [node3:14647:0]     ucp_context.c:1321 UCX  WARN  transport 'gdr' is not available, please use one or more of: cma, cuda, cuda_copy, cuda_ipc, dc, dc_mlx5, dc_x, gdr_copy, ib, mm, posix, rc, rc_mlx5, rc_v, rc_verbs, rc_x, self, shm, sm, sysv, tcp, ud, ud_mlx5, ud_v, ud_verbs, ud_x
[1,4]<stdout>:[1758248136.808523] [node3:14644:0]     ucp_context.c:1321 UCX  WARN  transport 'gdr' is not available, please use one or more of: cma, cuda, cuda_copy, cuda_ipc, dc, dc_mlx5, dc_x, gdr_copy, ib, mm, posix, rc, rc_mlx5, rc_v, rc_verbs, rc_x, self, shm, sm, sysv, tcp, ud, ud_mlx5, ud_v, ud_verbs, ud_x
[1,5]<stdout>:[1758248136.809134] [node3:14645:0]     ucp_context.c:1321 UCX  WARN  transport 'gdr' is not available, please use one or more of: cma, cuda, cuda_copy, cuda_ipc, dc, dc_mlx5, dc_x, gdr_copy, ib, mm, posix, rc, rc_mlx5, rc_v, rc_verbs, rc_x, self, shm, sm, sysv, tcp, ud, ud_mlx5, ud_v, ud_verbs, ud_x
[1,6]<stdout>:[1758248136.812892] [node3:14646:0]     ucp_context.c:1321 UCX  WARN  transport 'gdr' is not available, please use one or more of: cma, cuda, cuda_copy, cuda_ipc, dc, dc_mlx5, dc_x, gdr_copy, ib, mm, posix, rc, rc_mlx5, rc_v, rc_verbs, rc_x, self, shm, sm, sysv, tcp, ud, ud_mlx5, ud_v, ud_verbs, ud_x
[1,3]<stdout>:[1758248136.821346] [node1:69327:0]      ucp_worker.c:1903 UCX  INFO    ucp_context_0 inter-node cfg#3 tag(rc_mlx5/mlx5_0:1)
[1,4]<stdout>:[1758248136.842068] [node3:14644:a]      ucp_worker.c:1903 UCX  INFO    ucp_context_0 inter-node cfg#3 tag(rc_mlx5/mlx5_0:1)
[1,7]<stdout>:[1758248136.843787] [node3:14647:0]      ucp_worker.c:1903 UCX  INFO    ucp_context_0 inter-node cfg#3 tag(rc_mlx5/mlx5_0:1)
[1,5]<stdout>:[1758248136.843808] [node3:14645:0]      ucp_worker.c:1903 UCX  INFO    ucp_context_0 inter-node cfg#3 tag(rc_mlx5/mlx5_0:1)
[1,6]<stdout>:[1758248136.843835] [node3:14646:0]      ucp_worker.c:1903 UCX  INFO    ucp_context_0 inter-node cfg#3 tag(rc_mlx5/mlx5_0:1)
[1,1]<stdout>:[1758248136.856357] [node1:69325:a]      ucp_worker.c:1903 UCX  INFO    ucp_context_0 inter-node cfg#3 tag(rc_mlx5/mlx5_0:1)
[1,2]<stdout>:[1758248136.857345] [node1:69326:a]      ucp_worker.c:1903 UCX  INFO    ucp_context_0 inter-node cfg#3 tag(rc_mlx5/mlx5_0:1)
[1,0]<stdout>:[1758248136.858362] [node1:69324:0]      ucp_worker.c:1903 UCX  INFO    ucp_context_0 inter-node cfg#3 tag(rc_mlx5/mlx5_0:1)
