[node1:1612410:1:1612453]      cma_ep.c:85   process_vm_readv(pid=1612408 {0x77ff2c400000,524288}-->{0x7d1e08400000,524288}) returned -1: Bad address
==== backtrace (tid:1612453) ====
 0  /usr/lib/x86_64-linux-gnu/libucs.so.0(ucs_handle_error+0x2ec) [0x77ff886aa64c]
 1  /usr/lib/x86_64-linux-gnu/libucs.so.0(ucs_fatal_error_message+0xb2) [0x77ff886aa7f2]
 2  /usr/lib/x86_64-linux-gnu/libucs.so.0(ucs_log_default_handler+0x9d3) [0x77ff886afcc3]
 3  /usr/lib/x86_64-linux-gnu/libucs.so.0(ucs_log_dispatch+0xf6) [0x77ff886a86d6]
 4  /usr/lib/x86_64-linux-gnu/ucx/libuct_cma.so.0(+0x3d89) [0x77ff89b86d89]
 5  /usr/lib/x86_64-linux-gnu/ucx/libuct_cma.so.0(uct_cma_ep_tx+0x2ba) [0x77ff89b8706a]
 6  /usr/lib/x86_64-linux-gnu/libuct.so.0(uct_scopy_ep_progress_tx+0x77) [0x77ff89b9f947]
 7  /usr/lib/x86_64-linux-gnu/libucs.so.0(ucs_arbiter_dispatch_nonempty+0x119) [0x77ff8869ef09]
 8  /usr/lib/x86_64-linux-gnu/libuct.so.0(uct_scopy_iface_progress+0x88) [0x77ff89babbe8]
 9  /usr/lib/x86_64-linux-gnu/libucs.so.0(+0x25c18) [0x77ff886a4c18]
10  /usr/lib/x86_64-linux-gnu/libucp.so.0(ucp_worker_progress+0x7a) [0x77ff730f82ca]
11  /home/hpc/hpcx/hpcx-v2.24-gcc-doca_ofed-ubuntu24.04-cuda13-x86_64/ompi/lib/libopen-pal.so.40(opal_progress+0x34) [0x77ff88720314]
12  /home/hpc/hpcx/hpcx-v2.24-gcc-doca_ofed-ubuntu24.04-cuda13-x86_64/ompi/lib/libopen-pal.so.40(ompi_sync_wait_mt+0x115) [0x77ff88726b15]
13  /home/hpc/hpcx/hpcx-v2.24-gcc-doca_ofed-ubuntu24.04-cuda13-x86_64/ompi/lib/libmpi.so.40(ompi_request_default_wait+0x24b) [0x77ffc153203b]
14  /home/hpc/hpcx/hpcx-v2.24-gcc-doca_ofed-ubuntu24.04-cuda13-x86_64/ompi/lib/libmpi.so.40(PMPI_Wait+0x1e) [0x77ffc155ee9e]
15  ./xhpl_mxp-nvidia() [0x50e9d3]
16  ./xhpl_mxp-nvidia() [0x4dc7d3]
17  ./xhpl_mxp-nvidia() [0x4df810]
18  ./xhpl_mxp-nvidia() [0x4df793]
19  ./xhpl_mxp-nvidia() [0x4df703]
20  ./xhpl_mxp-nvidia() [0x4df6bc]
21  ./xhpl_mxp-nvidia() [0x4df6a0]
22  ./xhpl_mxp-nvidia() [0x5bd493]
23  /usr/lib/x86_64-linux-gnu/libc.so.6(+0x9caa4) [0x77ff8849caa4]
24  /usr/lib/x86_64-linux-gnu/libc.so.6(+0x129c6c) [0x77ff88529c6c]
=================================
[node1:1612410] *** Process received signal ***
[node1:1612410] Signal: Aborted (6)
[node1:1612410] Signal code:  (-6)
[node1:1612410] [ 0] /usr/lib/x86_64-linux-gnu/libc.so.6(+0x45330)[0x77ff88445330]
[node1:1612410] [ 1] /usr/lib/x86_64-linux-gnu/libc.so.6(pthread_kill+0x11c)[0x77ff8849eb2c]
[node1:1612410] [ 2] /usr/lib/x86_64-linux-gnu/libc.so.6(gsignal+0x1e)[0x77ff8844527e]
[node1:1612410] [ 3] /usr/lib/x86_64-linux-gnu/libc.so.6(abort+0xdf)[0x77ff884288ff]
[node1:1612410] [ 4] /usr/lib/x86_64-linux-gnu/libucs.so.0(+0x2b7f7)[0x77ff886aa7f7]
[node1:1612410] [ 5] /usr/lib/x86_64-linux-gnu/libucs.so.0(ucs_log_default_handler+0x9d3)[0x77ff886afcc3]
[node1:1612410] [ 6] /usr/lib/x86_64-linux-gnu/libucs.so.0(ucs_log_dispatch+0xf6)[0x77ff886a86d6]
[node1:1612410] [ 7] /usr/lib/x86_64-linux-gnu/ucx/libuct_cma.so.0(+0x3d89)[0x77ff89b86d89]
[node1:1612410] [ 8] /usr/lib/x86_64-linux-gnu/ucx/libuct_cma.so.0(uct_cma_ep_tx+0x2ba)[0x77ff89b8706a]
[node1:1612410] [ 9] /usr/lib/x86_64-linux-gnu/libuct.so.0(uct_scopy_ep_progress_tx+0x77)[0x77ff89b9f947]
[node1:1612410] [10] /usr/lib/x86_64-linux-gnu/libucs.so.0(ucs_arbiter_dispatch_nonempty+0x119)[0x77ff8869ef09]
[node1:1612410] [11] /usr/lib/x86_64-linux-gnu/libuct.so.0(uct_scopy_iface_progress+0x88)[0x77ff89babbe8]
[node1:1612410] [12] /usr/lib/x86_64-linux-gnu/libucs.so.0(+0x25c18)[0x77ff886a4c18]
[node1:1612410] [13] /usr/lib/x86_64-linux-gnu/libucp.so.0(ucp_worker_progress+0x7a)[0x77ff730f82ca]
[node1:1612410] [14] /home/hpc/hpcx/hpcx-v2.24-gcc-doca_ofed-ubuntu24.04-cuda13-x86_64/ompi/lib/libopen-pal.so.40(opal_progress+0x34)[0x77ff88720314]
[node1:1612410] [15] /home/hpc/hpcx/hpcx-v2.24-gcc-doca_ofed-ubuntu24.04-cuda13-x86_64/ompi/lib/libopen-pal.so.40(ompi_sync_wait_mt+0x115)[0x77ff88726b15]
[node1:1612410] [16] /home/hpc/hpcx/hpcx-v2.24-gcc-doca_ofed-ubuntu24.04-cuda13-x86_64/ompi/lib/libmpi.so.40(ompi_request_default_wait+0x24b)[0x77ffc153203b]
[node1:1612410] [17] /home/hpc/hpcx/hpcx-v2.24-gcc-doca_ofed-ubuntu24.04-cuda13-x86_64/ompi/lib/libmpi.so.40(PMPI_Wait+0x1e)[0x77ffc155ee9e]
[node1:1612410] [18] ./xhpl_mxp-nvidia[0x50e9d3]
[node1:1612410] [19] ./xhpl_mxp-nvidia[0x4dc7d3]
[node1:1612410] [20] ./xhpl_mxp-nvidia[0x4df810]
[node1:1612410] [21] ./xhpl_mxp-nvidia[0x4df793]
[node1:1612410] [22] ./xhpl_mxp-nvidia[0x4df703]
[node1:1612410] [23] ./xhpl_mxp-nvidia[0x4df6bc]
[node1:1612410] [24] ./xhpl_mxp-nvidia[0x4df6a0]
[node1:1612410] [25] ./xhpl_mxp-nvidia[0x5bd493]
[node1:1612410] [26] /usr/lib/x86_64-linux-gnu/libc.so.6(+0x9caa4)[0x77ff8849caa4]
[node1:1612410] [27] /usr/lib/x86_64-linux-gnu/libc.so.6(+0x129c6c)[0x77ff88529c6c]
[node1:1612410] *** End of error message ***
[node1:1612409:1:1612457]      cma_ep.c:85   process_vm_readv(pid=1612407 {0x748cc0400000,524288}-->{0x7c7ac0400000,524288}) returned -1: Bad address
==== backtrace (tid:1612457) ====
 0  /usr/lib/x86_64-linux-gnu/libucs.so.0(ucs_handle_error+0x2ec) [0x748d1b6c964c]
 1  /usr/lib/x86_64-linux-gnu/libucs.so.0(ucs_fatal_error_message+0xb2) [0x748d1b6c97f2]
 2  /usr/lib/x86_64-linux-gnu/libucs.so.0(ucs_log_default_handler+0x9d3) [0x748d1b6cecc3]
 3  /usr/lib/x86_64-linux-gnu/libucs.so.0(ucs_log_dispatch+0xf6) [0x748d1b6c76d6]
 4  /usr/lib/x86_64-linux-gnu/ucx/libuct_cma.so.0(+0x3d89) [0x748d1cb89d89]
 5  /usr/lib/x86_64-linux-gnu/ucx/libuct_cma.so.0(uct_cma_ep_tx+0x2ba) [0x748d1cb8a06a]
 6  /usr/lib/x86_64-linux-gnu/libuct.so.0(uct_scopy_ep_progress_tx+0x77) [0x748d1bb4d947]
 7  /usr/lib/x86_64-linux-gnu/libucs.so.0(ucs_arbiter_dispatch_nonempty+0x119) [0x748d1b6bdf09]
 8  /usr/lib/x86_64-linux-gnu/libuct.so.0(uct_scopy_iface_progress+0x88) [0x748d1bb59be8]
 9  /usr/lib/x86_64-linux-gnu/libucs.so.0(+0x25c18) [0x748d1b6c3c18]
10  /usr/lib/x86_64-linux-gnu/libucp.so.0(ucp_worker_progress+0x7a) [0x748d094f82ca]
11  /home/hpc/hpcx/hpcx-v2.24-gcc-doca_ofed-ubuntu24.04-cuda13-x86_64/ompi/lib/libopen-pal.so.40(opal_progress+0x34) [0x748d4bb20314]
12  /home/hpc/hpcx/hpcx-v2.24-gcc-doca_ofed-ubuntu24.04-cuda13-x86_64/ompi/lib/libopen-pal.so.40(ompi_sync_wait_mt+0x115) [0x748d4bb26b15]
13  /home/hpc/hpcx/hpcx-v2.24-gcc-doca_ofed-ubuntu24.04-cuda13-x86_64/ompi/lib/libmpi.so.40(ompi_request_default_wait+0x24b) [0x748d5fb4d03b]
14  /home/hpc/hpcx/hpcx-v2.24-gcc-doca_ofed-ubuntu24.04-cuda13-x86_64/ompi/lib/libmpi.so.40(PMPI_Wait+0x1e) [0x748d5fb79e9e]
15  ./xhpl_mxp-nvidia() [0x50e9d3]
16  ./xhpl_mxp-nvidia() [0x4dc7d3]
17  ./xhpl_mxp-nvidia() [0x4df810]
18  ./xhpl_mxp-nvidia() [0x4df793]
19  ./xhpl_mxp-nvidia() [0x4df703]
20  ./xhpl_mxp-nvidia() [0x4df6bc]
21  ./xhpl_mxp-nvidia() [0x4df6a0]
22  ./xhpl_mxp-nvidia() [0x5bd493]
23  /usr/lib/x86_64-linux-gnu/libc.so.6(+0x9caa4) [0x748d1b49caa4]
24  /usr/lib/x86_64-linux-gnu/libc.so.6(+0x129c6c) [0x748d1b529c6c]
=================================
[node1:1612409] *** Process received signal ***
[node1:1612409] Signal: Aborted (6)
[node1:1612409] Signal code:  (-6)
[node1:1612409] [ 0] /usr/lib/x86_64-linux-gnu/libc.so.6(+0x45330)[0x748d1b445330]
[node1:1612409] [ 1] /usr/lib/x86_64-linux-gnu/libc.so.6(pthread_kill+0x11c)[0x748d1b49eb2c]
[node1:1612409] [ 2] /usr/lib/x86_64-linux-gnu/libc.so.6(gsignal+0x1e)[0x748d1b44527e]
[node1:1612409] [ 3] /usr/lib/x86_64-linux-gnu/libc.so.6(abort+0xdf)[0x748d1b4288ff]
[node1:1612409] [ 4] /usr/lib/x86_64-linux-gnu/libucs.so.0(+0x2b7f7)[0x748d1b6c97f7]
[node1:1612409] [ 5] /usr/lib/x86_64-linux-gnu/libucs.so.0(ucs_log_default_handler+0x9d3)[0x748d1b6cecc3]
[node1:1612409] [ 6] /usr/lib/x86_64-linux-gnu/libucs.so.0(ucs_log_dispatch+0xf6)[0x748d1b6c76d6]
[node1:1612409] [ 7] /usr/lib/x86_64-linux-gnu/ucx/libuct_cma.so.0(+0x3d89)[0x748d1cb89d89]
[node1:1612409] [ 8] /usr/lib/x86_64-linux-gnu/ucx/libuct_cma.so.0(uct_cma_ep_tx+0x2ba)[0x748d1cb8a06a]
[node1:1612409] [ 9] /usr/lib/x86_64-linux-gnu/libuct.so.0(uct_scopy_ep_progress_tx+0x77)[0x748d1bb4d947]
[node1:1612409] [10] /usr/lib/x86_64-linux-gnu/libucs.so.0(ucs_arbiter_dispatch_nonempty+0x119)[0x748d1b6bdf09]
[node1:1612409] [11] /usr/lib/x86_64-linux-gnu/libuct.so.0(uct_scopy_iface_progress+0x88)[0x748d1bb59be8]
[node1:1612409] [12] /usr/lib/x86_64-linux-gnu/libucs.so.0(+0x25c18)[0x748d1b6c3c18]
[node1:1612409] [13] /usr/lib/x86_64-linux-gnu/libucp.so.0(ucp_worker_progress+0x7a)[0x748d094f82ca]
[node1:1612409] [14] /home/hpc/hpcx/hpcx-v2.24-gcc-doca_ofed-ubuntu24.04-cuda13-x86_64/ompi/lib/libopen-pal.so.40(opal_progress+0x34)[0x748d4bb20314]
[node1:1612409] [15] /home/hpc/hpcx/hpcx-v2.24-gcc-doca_ofed-ubuntu24.04-cuda13-x86_64/ompi/lib/libopen-pal.so.40(ompi_sync_wait_mt+0x115)[0x748d4bb26b15]
[node1:1612409] [16] /home/hpc/hpcx/hpcx-v2.24-gcc-doca_ofed-ubuntu24.04-cuda13-x86_64/ompi/lib/libmpi.so.40(ompi_request_default_wait+0x24b)[0x748d5fb4d03b]
[node1:1612409] [17] /home/hpc/hpcx/hpcx-v2.24-gcc-doca_ofed-ubuntu24.04-cuda13-x86_64/ompi/lib/libmpi.so.40(PMPI_Wait+0x1e)[0x748d5fb79e9e]
[node1:1612409] [18] ./xhpl_mxp-nvidia[0x50e9d3]
[node1:1612409] [19] ./xhpl_mxp-nvidia[0x4dc7d3]
[node1:1612409] [20] ./xhpl_mxp-nvidia[0x4df810]
[node1:1612409] [21] ./xhpl_mxp-nvidia[0x4df793]
[node1:1612409] [22] ./xhpl_mxp-nvidia[0x4df703]
[node1:1612409] [23] ./xhpl_mxp-nvidia[0x4df6bc]
[node1:1612409] [24] ./xhpl_mxp-nvidia[0x4df6a0]
[node1:1612409] [25] ./xhpl_mxp-nvidia[0x5bd493]
[node1:1612409] [26] /usr/lib/x86_64-linux-gnu/libc.so.6(+0x9caa4)[0x748d1b49caa4]
[node1:1612409] [27] /usr/lib/x86_64-linux-gnu/libc.so.6(+0x129c6c)[0x748d1b529c6c]
[node1:1612409] *** End of error message ***
--------------------------------------------------------------------------
Primary job  terminated normally, but 1 process returned
a non-zero exit code. Per user-direction, the job has been aborted.
--------------------------------------------------------------------------
--------------------------------------------------------------------------
mpirun noticed that process rank 3 with PID 1612410 on node node1 exited on signal 6 (Aborted).
--------------------------------------------------------------------------
