[1759809787.819206] [node1:1590671:0]     ucp_context.c:2137 UCX  WARN  UCP API version is incompatible: required >= 1.19, actual 1.16.0 (loaded from /usr/lib/x86_64-linux-gnu/libucp.so.0)
[1759809787.819206] [node1:1590668:0]     ucp_context.c:2137 UCX  WARN  UCP API version is incompatible: required >= 1.19, actual 1.16.0 (loaded from /usr/lib/x86_64-linux-gnu/libucp.so.0)
[1759809787.819206] [node1:1590669:0]     ucp_context.c:2137 UCX  WARN  UCP API version is incompatible: required >= 1.19, actual 1.16.0 (loaded from /usr/lib/x86_64-linux-gnu/libucp.so.0)
[1759809787.819206] [node1:1590670:0]     ucp_context.c:2137 UCX  WARN  UCP API version is incompatible: required >= 1.19, actual 1.16.0 (loaded from /usr/lib/x86_64-linux-gnu/libucp.so.0)
[1759809787.831440] [node1:1590671:0]           ib_md.c:1103 UCX  WARN  mlx5_0: relaxed order memory access requested, but unsupported
[1759809787.831484] [node1:1590669:0]           ib_md.c:1103 UCX  WARN  mlx5_0: relaxed order memory access requested, but unsupported
[1759809787.831501] [node1:1590668:0]           ib_md.c:1103 UCX  WARN  mlx5_0: relaxed order memory access requested, but unsupported
[1759809787.831628] [node1:1590670:0]           ib_md.c:1103 UCX  WARN  mlx5_0: relaxed order memory access requested, but unsupported
[1759809787.833481] [node1:1590671:0]     ucp_context.c:1192 UCX  WARN  transports 'cuda_copy','gdr_copy','cuda_ipc' are not available, please use one or more of: cma, dc, dc_mlx5, dc_x, ib, mm, posix, rc, rc_mlx5, rc_v, rc_verbs, rc_x, self, shm, sm, sysv, tcp, ud, ud_mlx5, ud_v, ud_verbs, ud_x
[1759809787.833577] [node1:1590669:0]     ucp_context.c:1192 UCX  WARN  transports 'cuda_copy','gdr_copy','cuda_ipc' are not available, please use one or more of: cma, dc, dc_mlx5, dc_x, ib, mm, posix, rc, rc_mlx5, rc_v, rc_verbs, rc_x, self, shm, sm, sysv, tcp, ud, ud_mlx5, ud_v, ud_verbs, ud_x
[1759809787.833616] [node1:1590668:0]     ucp_context.c:1192 UCX  WARN  transports 'cuda_copy','gdr_copy','cuda_ipc' are not available, please use one or more of: cma, dc, dc_mlx5, dc_x, ib, mm, posix, rc, rc_mlx5, rc_v, rc_verbs, rc_x, self, shm, sm, sysv, tcp, ud, ud_mlx5, ud_v, ud_verbs, ud_x
[1759809787.833750] [node1:1590670:0]     ucp_context.c:1192 UCX  WARN  transports 'cuda_copy','gdr_copy','cuda_ipc' are not available, please use one or more of: cma, dc, dc_mlx5, dc_x, ib, mm, posix, rc, rc_mlx5, rc_v, rc_verbs, rc_x, self, shm, sm, sysv, tcp, ud, ud_mlx5, ud_v, ud_verbs, ud_x
[1759809787.850649] [node1:1590670:0]     ucp_context.c:2137 UCX  WARN  UCP API version is incompatible: required >= 1.19, actual 1.16.0 (loaded from /usr/lib/x86_64-linux-gnu/libucp.so.0)
[1759809787.850730] [node1:1590668:0]     ucp_context.c:2137 UCX  WARN  UCP API version is incompatible: required >= 1.19, actual 1.16.0 (loaded from /usr/lib/x86_64-linux-gnu/libucp.so.0)
[1759809787.850737] [node1:1590669:0]     ucp_context.c:2137 UCX  WARN  UCP API version is incompatible: required >= 1.19, actual 1.16.0 (loaded from /usr/lib/x86_64-linux-gnu/libucp.so.0)
[1759809787.850735] [node1:1590671:0]     ucp_context.c:2137 UCX  WARN  UCP API version is incompatible: required >= 1.19, actual 1.16.0 (loaded from /usr/lib/x86_64-linux-gnu/libucp.so.0)
[1759809787.860431] [node1:1590669:0]           ib_md.c:1103 UCX  WARN  mlx5_0: relaxed order memory access requested, but unsupported
[1759809787.860492] [node1:1590668:0]           ib_md.c:1103 UCX  WARN  mlx5_0: relaxed order memory access requested, but unsupported
[1759809787.860520] [node1:1590671:0]           ib_md.c:1103 UCX  WARN  mlx5_0: relaxed order memory access requested, but unsupported
[1759809787.860767] [node1:1590670:0]           ib_md.c:1103 UCX  WARN  mlx5_0: relaxed order memory access requested, but unsupported
[1759809787.862322] [node1:1590669:0]     ucp_context.c:1192 UCX  WARN  transports 'cuda_copy','gdr_copy','cuda_ipc' are not available, please use one or more of: cma, dc, dc_mlx5, dc_x, ib, mm, posix, rc, rc_mlx5, rc_v, rc_verbs, rc_x, self, shm, sm, sysv, tcp, ud, ud_mlx5, ud_v, ud_verbs, ud_x
[1759809787.862450] [node1:1590668:0]     ucp_context.c:1192 UCX  WARN  transports 'cuda_copy','gdr_copy','cuda_ipc' are not available, please use one or more of: cma, dc, dc_mlx5, dc_x, ib, mm, posix, rc, rc_mlx5, rc_v, rc_verbs, rc_x, self, shm, sm, sysv, tcp, ud, ud_mlx5, ud_v, ud_verbs, ud_x
[1759809787.862524] [node1:1590671:0]     ucp_context.c:1192 UCX  WARN  transports 'cuda_copy','gdr_copy','cuda_ipc' are not available, please use one or more of: cma, dc, dc_mlx5, dc_x, ib, mm, posix, rc, rc_mlx5, rc_v, rc_verbs, rc_x, self, shm, sm, sysv, tcp, ud, ud_mlx5, ud_v, ud_verbs, ud_x
[1759809787.862807] [node1:1590670:0]     ucp_context.c:1192 UCX  WARN  transports 'cuda_copy','gdr_copy','cuda_ipc' are not available, please use one or more of: cma, dc, dc_mlx5, dc_x, ib, mm, posix, rc, rc_mlx5, rc_v, rc_verbs, rc_x, self, shm, sm, sysv, tcp, ud, ud_mlx5, ud_v, ud_verbs, ud_x
[1759809787.886526] [node1:1590671:0]     ucp_context.c:2137 UCX  WARN  UCP API version is incompatible: required >= 1.19, actual 1.16.0 (loaded from /usr/lib/x86_64-linux-gnu/libucp.so.0)
[1759809787.886526] [node1:1590669:0]     ucp_context.c:2137 UCX  WARN  UCP API version is incompatible: required >= 1.19, actual 1.16.0 (loaded from /usr/lib/x86_64-linux-gnu/libucp.so.0)
[1759809787.886529] [node1:1590670:0]     ucp_context.c:2137 UCX  WARN  UCP API version is incompatible: required >= 1.19, actual 1.16.0 (loaded from /usr/lib/x86_64-linux-gnu/libucp.so.0)
[1759809787.886529] [node1:1590668:0]     ucp_context.c:2137 UCX  WARN  UCP API version is incompatible: required >= 1.19, actual 1.16.0 (loaded from /usr/lib/x86_64-linux-gnu/libucp.so.0)
[1759809787.895710] [node1:1590670:0]           ib_md.c:1103 UCX  WARN  mlx5_0: relaxed order memory access requested, but unsupported
[1759809787.895856] [node1:1590671:0]           ib_md.c:1103 UCX  WARN  mlx5_0: relaxed order memory access requested, but unsupported
[1759809787.895998] [node1:1590669:0]           ib_md.c:1103 UCX  WARN  mlx5_0: relaxed order memory access requested, but unsupported
[1759809787.896130] [node1:1590668:0]           ib_md.c:1103 UCX  WARN  mlx5_0: relaxed order memory access requested, but unsupported
[1759809787.897571] [node1:1590670:0]     ucp_context.c:1192 UCX  WARN  transports 'cuda_copy','gdr_copy','cuda_ipc' are not available, please use one or more of: cma, dc, dc_mlx5, dc_x, ib, mm, posix, rc, rc_mlx5, rc_v, rc_verbs, rc_x, self, shm, sm, sysv, tcp, ud, ud_mlx5, ud_v, ud_verbs, ud_x
[1759809787.897678] [node1:1590671:0]     ucp_context.c:1192 UCX  WARN  transports 'cuda_copy','gdr_copy','cuda_ipc' are not available, please use one or more of: cma, dc, dc_mlx5, dc_x, ib, mm, posix, rc, rc_mlx5, rc_v, rc_verbs, rc_x, self, shm, sm, sysv, tcp, ud, ud_mlx5, ud_v, ud_verbs, ud_x
[1759809787.897935] [node1:1590669:0]     ucp_context.c:1192 UCX  WARN  transports 'cuda_copy','gdr_copy','cuda_ipc' are not available, please use one or more of: cma, dc, dc_mlx5, dc_x, ib, mm, posix, rc, rc_mlx5, rc_v, rc_verbs, rc_x, self, shm, sm, sysv, tcp, ud, ud_mlx5, ud_v, ud_verbs, ud_x
[1759809787.897980] [node1:1590668:0]     ucp_context.c:1192 UCX  WARN  transports 'cuda_copy','gdr_copy','cuda_ipc' are not available, please use one or more of: cma, dc, dc_mlx5, dc_x, ib, mm, posix, rc, rc_mlx5, rc_v, rc_verbs, rc_x, self, shm, sm, sysv, tcp, ud, ud_mlx5, ud_v, ud_verbs, ud_x

================================================================================
HPL-MxP-NVIDIA 25.9.0  -- NVIDIA accelerated HPL-MxP benchmark benchmark -- NVIDIA
================================================================================
