================================================================================
HPLinpack 2.3  --  High-Performance Linpack benchmark  --   December 2, 2018
Written by A. Petitet and R. Clint Whaley,  Innovative Computing Laboratory, UTK
Modified by Piotr Luszczek, Innovative Computing Laboratory, UTK
Modified by Julien Langou, University of Colorado Denver
================================================================================

An explanation of the input/output parameters follows:
T/V    : Wall time / encoded variant.
N      : The order of the coefficient matrix A.
NB     : The partitioning blocking factor.
P      : The number of process rows.
Q      : The number of process columns.
Time   : Time in seconds to solve the linear system.
Gflops : Rate of execution for solving the linear system.

The following parameter values will be used:

N      :    2000     4000     6000 
NB     :      64       96      128 
PMAP   : Row-major process mapping
P      :       3 
Q      :       3 
PFACT  :    Left    Crout    Right 
NBMIN  :       2        4 
NDIV   :       2 
RFACT  :    Left    Crout    Right 
BCAST  :   2ring 
DEPTH  :       1 
SWAP   : Mix (threshold = 64)
L1     : transposed form
U      : transposed form
EQUIL  : yes
ALIGN  : 8 double precision words

--------------------------------------------------------------------------------

- The matrix A is randomly generated for each test.
- The following scaled residual check will be computed:
      ||Ax-b||_oo / ( eps * ( || x ||_oo * || A ||_oo + || b ||_oo ) * N )
- The relative machine precision (eps) is taken to be               1.110223e-16
- Computational tests pass if scaled residuals are less than                16.0

================================================================================
T/V                N    NB     P     Q               Time                 Gflops
--------------------------------------------------------------------------------
WR12L2L2        2000    64     3     3               0.03             1.5300e+02
HPL_pdgesv() start time Tue Aug 26 05:00:06 2025

HPL_pdgesv() end time   Tue Aug 26 05:00:06 2025

--------------------------------------------------------------------------------
||Ax-b||_oo/(eps*(||A||_oo*||x||_oo+||b||_oo)*N)=   3.22302041e-03 ...... PASSED
================================================================================
T/V                N    NB     P     Q               Time                 Gflops
--------------------------------------------------------------------------------
WR12L2L4        2000    64     3     3               0.03             1.7351e+02
HPL_pdgesv() start time Tue Aug 26 05:00:06 2025

HPL_pdgesv() end time   Tue Aug 26 05:00:06 2025

--------------------------------------------------------------------------------
||Ax-b||_oo/(eps*(||A||_oo*||x||_oo+||b||_oo)*N)=   2.91148065e-03 ...... PASSED
================================================================================
T/V                N    NB     P     Q               Time                 Gflops
--------------------------------------------------------------------------------
WR12L2C2        2000    64     3     3               0.03             1.8527e+02
HPL_pdgesv() start time Tue Aug 26 05:00:06 2025

HPL_pdgesv() end time   Tue Aug 26 05:00:06 2025

--------------------------------------------------------------------------------
||Ax-b||_oo/(eps*(||A||_oo*||x||_oo+||b||_oo)*N)=   2.99739010e-03 ...... PASSED
================================================================================
T/V                N    NB     P     Q               Time                 Gflops
--------------------------------------------------------------------------------
WR12L2C4        2000    64     3     3               0.03             1.8621e+02
HPL_pdgesv() start time Tue Aug 26 05:00:06 2025

HPL_pdgesv() end time   Tue Aug 26 05:00:06 2025

--------------------------------------------------------------------------------
||Ax-b||_oo/(eps*(||A||_oo*||x||_oo+||b||_oo)*N)=   3.63179834e-03 ...... PASSED
================================================================================
T/V                N    NB     P     Q               Time                 Gflops
--------------------------------------------------------------------------------
WR12L2R2        2000    64     3     3               0.03             1.8495e+02
HPL_pdgesv() start time Tue Aug 26 05:00:06 2025

HPL_pdgesv() end time   Tue Aug 26 05:00:06 2025

--------------------------------------------------------------------------------
||Ax-b||_oo/(eps*(||A||_oo*||x||_oo+||b||_oo)*N)=   2.69529094e-03 ...... PASSED
================================================================================
T/V                N    NB     P     Q               Time                 Gflops
--------------------------------------------------------------------------------
WR12L2R4        2000    64     3     3               0.03             1.8757e+02
HPL_pdgesv() start time Tue Aug 26 05:00:06 2025

HPL_pdgesv() end time   Tue Aug 26 05:00:06 2025

--------------------------------------------------------------------------------
||Ax-b||_oo/(eps*(||A||_oo*||x||_oo+||b||_oo)*N)=   3.41324847e-03 ...... PASSED
================================================================================
T/V                N    NB     P     Q               Time                 Gflops
--------------------------------------------------------------------------------
WR12C2L2        2000    64     3     3               0.03             1.8523e+02
HPL_pdgesv() start time Tue Aug 26 05:00:06 2025

HPL_pdgesv() end time   Tue Aug 26 05:00:06 2025

--------------------------------------------------------------------------------
||Ax-b||_oo/(eps*(||A||_oo*||x||_oo+||b||_oo)*N)=   3.23246101e-03 ...... PASSED
================================================================================
T/V                N    NB     P     Q               Time                 Gflops
--------------------------------------------------------------------------------
WR12C2L4        2000    64     3     3               0.03             1.8495e+02
HPL_pdgesv() start time Tue Aug 26 05:00:06 2025

HPL_pdgesv() end time   Tue Aug 26 05:00:06 2025

--------------------------------------------------------------------------------
||Ax-b||_oo/(eps*(||A||_oo*||x||_oo+||b||_oo)*N)=   2.92847373e-03 ...... PASSED
================================================================================
T/V                N    NB     P     Q               Time                 Gflops
--------------------------------------------------------------------------------
WR12C2C2        2000    64     3     3               0.03             1.8410e+02
HPL_pdgesv() start time Tue Aug 26 05:00:06 2025

HPL_pdgesv() end time   Tue Aug 26 05:00:06 2025

--------------------------------------------------------------------------------
||Ax-b||_oo/(eps*(||A||_oo*||x||_oo+||b||_oo)*N)=   3.52511957e-03 ...... PASSED
================================================================================
T/V                N    NB     P     Q               Time                 Gflops
--------------------------------------------------------------------------------
WR12C2C4        2000    64     3     3               0.03             1.8574e+02
HPL_pdgesv() start time Tue Aug 26 05:00:06 2025

HPL_pdgesv() end time   Tue Aug 26 05:00:06 2025

--------------------------------------------------------------------------------
||Ax-b||_oo/(eps*(||A||_oo*||x||_oo+||b||_oo)*N)=   3.22868477e-03 ...... PASSED
================================================================================
T/V                N    NB     P     Q               Time                 Gflops
--------------------------------------------------------------------------------
WR12C2R2        2000    64     3     3               0.03             1.8444e+02
HPL_pdgesv() start time Tue Aug 26 05:00:06 2025

HPL_pdgesv() end time   Tue Aug 26 05:00:06 2025

--------------------------------------------------------------------------------
||Ax-b||_oo/(eps*(||A||_oo*||x||_oo+||b||_oo)*N)=   3.05875399e-03 ...... PASSED
================================================================================
T/V                N    NB     P     Q               Time                 Gflops
--------------------------------------------------------------------------------
WR12C2R4        2000    64     3     3               0.03             1.8552e+02
HPL_pdgesv() start time Tue Aug 26 05:00:07 2025

HPL_pdgesv() end time   Tue Aug 26 05:00:07 2025

--------------------------------------------------------------------------------
||Ax-b||_oo/(eps*(||A||_oo*||x||_oo+||b||_oo)*N)=   3.09651639e-03 ...... PASSED
================================================================================
T/V                N    NB     P     Q               Time                 Gflops
--------------------------------------------------------------------------------
WR12R2L2        2000    64     3     3               0.03             1.8410e+02
HPL_pdgesv() start time Tue Aug 26 05:00:07 2025

HPL_pdgesv() end time   Tue Aug 26 05:00:07 2025

--------------------------------------------------------------------------------
||Ax-b||_oo/(eps*(||A||_oo*||x||_oo+||b||_oo)*N)=   2.99739010e-03 ...... PASSED
================================================================================
T/V                N    NB     P     Q               Time                 Gflops
--------------------------------------------------------------------------------
WR12R2L4        2000    64     3     3               0.04             1.5030e+02
HPL_pdgesv() start time Tue Aug 26 05:00:07 2025

HPL_pdgesv() end time   Tue Aug 26 05:00:07 2025

--------------------------------------------------------------------------------
||Ax-b||_oo/(eps*(||A||_oo*||x||_oo+||b||_oo)*N)=   3.09073402e-03 ...... PASSED
================================================================================
T/V                N    NB     P     Q               Time                 Gflops
--------------------------------------------------------------------------------
WR12R2C2        2000    64     3     3               0.03             1.8338e+02
HPL_pdgesv() start time Tue Aug 26 05:00:07 2025

HPL_pdgesv() end time   Tue Aug 26 05:00:07 2025

--------------------------------------------------------------------------------
||Ax-b||_oo/(eps*(||A||_oo*||x||_oo+||b||_oo)*N)=   2.86238954e-03 ...... PASSED
================================================================================
T/V                N    NB     P     Q               Time                 Gflops
--------------------------------------------------------------------------------
WR12R2C4        2000    64     3     3               0.03             1.8497e+02
HPL_pdgesv() start time Tue Aug 26 05:00:07 2025

HPL_pdgesv() end time   Tue Aug 26 05:00:07 2025

--------------------------------------------------------------------------------
||Ax-b||_oo/(eps*(||A||_oo*||x||_oo+||b||_oo)*N)=   2.79111302e-03 ...... PASSED
================================================================================
T/V                N    NB     P     Q               Time                 Gflops
--------------------------------------------------------------------------------
WR12R2R2        2000    64     3     3               0.03             1.8411e+02
HPL_pdgesv() start time Tue Aug 26 05:00:07 2025

HPL_pdgesv() end time   Tue Aug 26 05:00:07 2025

--------------------------------------------------------------------------------
||Ax-b||_oo/(eps*(||A||_oo*||x||_oo+||b||_oo)*N)=   3.03609656e-03 ...... PASSED
================================================================================
T/V                N    NB     P     Q               Time                 Gflops
--------------------------------------------------------------------------------
WR12R2R4        2000    64     3     3               0.03             1.8435e+02
HPL_pdgesv() start time Tue Aug 26 05:00:07 2025

HPL_pdgesv() end time   Tue Aug 26 05:00:07 2025

--------------------------------------------------------------------------------
||Ax-b||_oo/(eps*(||A||_oo*||x||_oo+||b||_oo)*N)=   2.98606138e-03 ...... PASSED
================================================================================
T/V                N    NB     P     Q               Time                 Gflops
--------------------------------------------------------------------------------
WR12L2L2        2000    96     3     3               0.03             1.6306e+02
HPL_pdgesv() start time Tue Aug 26 05:00:07 2025

HPL_pdgesv() end time   Tue Aug 26 05:00:07 2025

--------------------------------------------------------------------------------
||Ax-b||_oo/(eps*(||A||_oo*||x||_oo+||b||_oo)*N)=   3.36274127e-03 ...... PASSED
================================================================================
T/V                N    NB     P     Q               Time                 Gflops
--------------------------------------------------------------------------------
WR12L2L4        2000    96     3     3               0.03             1.7112e+02
HPL_pdgesv() start time Tue Aug 26 05:00:07 2025

HPL_pdgesv() end time   Tue Aug 26 05:00:07 2025

--------------------------------------------------------------------------------
||Ax-b||_oo/(eps*(||A||_oo*||x||_oo+||b||_oo)*N)=   4.28980807e-03 ...... PASSED
================================================================================
T/V                N    NB     P     Q               Time                 Gflops
--------------------------------------------------------------------------------
WR12L2C2        2000    96     3     3               0.03             1.6971e+02
HPL_pdgesv() start time Tue Aug 26 05:00:07 2025

HPL_pdgesv() end time   Tue Aug 26 05:00:07 2025

--------------------------------------------------------------------------------
||Ax-b||_oo/(eps*(||A||_oo*||x||_oo+||b||_oo)*N)=   3.30043332e-03 ...... PASSED
================================================================================
T/V                N    NB     P     Q               Time                 Gflops
--------------------------------------------------------------------------------
WR12L2C4        2000    96     3     3               0.03             1.7188e+02
HPL_pdgesv() start time Tue Aug 26 05:00:07 2025

HPL_pdgesv() end time   Tue Aug 26 05:00:07 2025

--------------------------------------------------------------------------------
||Ax-b||_oo/(eps*(||A||_oo*||x||_oo+||b||_oo)*N)=   4.28980807e-03 ...... PASSED
================================================================================
T/V                N    NB     P     Q               Time                 Gflops
--------------------------------------------------------------------------------
WR12L2R2        2000    96     3     3               0.03             1.7107e+02
HPL_pdgesv() start time Tue Aug 26 05:00:07 2025

HPL_pdgesv() end time   Tue Aug 26 05:00:07 2025

--------------------------------------------------------------------------------
||Ax-b||_oo/(eps*(||A||_oo*||x||_oo+||b||_oo)*N)=   3.03420844e-03 ...... PASSED
================================================================================
T/V                N    NB     P     Q               Time                 Gflops
--------------------------------------------------------------------------------
WR12L2R4        2000    96     3     3               0.03             1.7251e+02
HPL_pdgesv() start time Tue Aug 26 05:00:07 2025

HPL_pdgesv() end time   Tue Aug 26 05:00:07 2025

--------------------------------------------------------------------------------
||Ax-b||_oo/(eps*(||A||_oo*||x||_oo+||b||_oo)*N)=   3.14183126e-03 ...... PASSED
================================================================================
T/V                N    NB     P     Q               Time                 Gflops
--------------------------------------------------------------------------------
WR12C2L2        2000    96     3     3               0.03             1.6970e+02
HPL_pdgesv() start time Tue Aug 26 05:00:07 2025

HPL_pdgesv() end time   Tue Aug 26 05:00:07 2025

--------------------------------------------------------------------------------
||Ax-b||_oo/(eps*(||A||_oo*||x||_oo+||b||_oo)*N)=   2.64572780e-03 ...... PASSED
================================================================================
T/V                N    NB     P     Q               Time                 Gflops
--------------------------------------------------------------------------------
WR12C2L4        2000    96     3     3               0.03             1.7190e+02
HPL_pdgesv() start time Tue Aug 26 05:00:07 2025

HPL_pdgesv() end time   Tue Aug 26 05:00:08 2025

--------------------------------------------------------------------------------
||Ax-b||_oo/(eps*(||A||_oo*||x||_oo+||b||_oo)*N)=   4.28980807e-03 ...... PASSED
================================================================================
T/V                N    NB     P     Q               Time                 Gflops
--------------------------------------------------------------------------------
WR12C2C2        2000    96     3     3               0.03             1.7112e+02
HPL_pdgesv() start time Tue Aug 26 05:00:08 2025

HPL_pdgesv() end time   Tue Aug 26 05:00:08 2025

--------------------------------------------------------------------------------
||Ax-b||_oo/(eps*(||A||_oo*||x||_oo+||b||_oo)*N)=   2.64572780e-03 ...... PASSED
================================================================================
T/V                N    NB     P     Q               Time                 Gflops
--------------------------------------------------------------------------------
WR12C2C4        2000    96     3     3               0.03             1.7201e+02
HPL_pdgesv() start time Tue Aug 26 05:00:08 2025

HPL_pdgesv() end time   Tue Aug 26 05:00:08 2025

--------------------------------------------------------------------------------
||Ax-b||_oo/(eps*(||A||_oo*||x||_oo+||b||_oo)*N)=   4.28980807e-03 ...... PASSED
================================================================================
T/V                N    NB     P     Q               Time                 Gflops
--------------------------------------------------------------------------------
WR12C2R2        2000    96     3     3               0.03             1.7080e+02
HPL_pdgesv() start time Tue Aug 26 05:00:08 2025

HPL_pdgesv() end time   Tue Aug 26 05:00:08 2025

--------------------------------------------------------------------------------
||Ax-b||_oo/(eps*(||A||_oo*||x||_oo+||b||_oo)*N)=   2.96434800e-03 ...... PASSED
================================================================================
T/V                N    NB     P     Q               Time                 Gflops
--------------------------------------------------------------------------------
WR12C2R4        2000    96     3     3               0.03             1.7112e+02
HPL_pdgesv() start time Tue Aug 26 05:00:08 2025

HPL_pdgesv() end time   Tue Aug 26 05:00:08 2025

--------------------------------------------------------------------------------
||Ax-b||_oo/(eps*(||A||_oo*||x||_oo+||b||_oo)*N)=   2.64053547e-03 ...... PASSED
================================================================================
T/V                N    NB     P     Q               Time                 Gflops
--------------------------------------------------------------------------------
WR12R2L2        2000    96     3     3               0.03             1.7024e+02
HPL_pdgesv() start time Tue Aug 26 05:00:08 2025

HPL_pdgesv() end time   Tue Aug 26 05:00:08 2025

--------------------------------------------------------------------------------
||Ax-b||_oo/(eps*(||A||_oo*||x||_oo+||b||_oo)*N)=   3.30043332e-03 ...... PASSED
================================================================================
T/V                N    NB     P     Q               Time                 Gflops
--------------------------------------------------------------------------------
WR12R2L4        2000    96     3     3               0.03             1.7124e+02
HPL_pdgesv() start time Tue Aug 26 05:00:08 2025

HPL_pdgesv() end time   Tue Aug 26 05:00:08 2025

--------------------------------------------------------------------------------
||Ax-b||_oo/(eps*(||A||_oo*||x||_oo+||b||_oo)*N)=   4.28980807e-03 ...... PASSED
================================================================================
T/V                N    NB     P     Q               Time                 Gflops
--------------------------------------------------------------------------------
WR12R2C2        2000    96     3     3               0.03             1.6957e+02
HPL_pdgesv() start time Tue Aug 26 05:00:08 2025

HPL_pdgesv() end time   Tue Aug 26 05:00:08 2025

--------------------------------------------------------------------------------
||Ax-b||_oo/(eps*(||A||_oo*||x||_oo+||b||_oo)*N)=   2.64572780e-03 ...... PASSED
================================================================================
T/V                N    NB     P     Q               Time                 Gflops
--------------------------------------------------------------------------------
WR12R2C4        2000    96     3     3               0.03             1.7092e+02
HPL_pdgesv() start time Tue Aug 26 05:00:08 2025

HPL_pdgesv() end time   Tue Aug 26 05:00:08 2025

--------------------------------------------------------------------------------
||Ax-b||_oo/(eps*(||A||_oo*||x||_oo+||b||_oo)*N)=   3.59120376e-03 ...... PASSED
================================================================================
T/V                N    NB     P     Q               Time                 Gflops
--------------------------------------------------------------------------------
WR12R2R2        2000    96     3     3               0.03             1.7168e+02
HPL_pdgesv() start time Tue Aug 26 05:00:08 2025

HPL_pdgesv() end time   Tue Aug 26 05:00:08 2025

--------------------------------------------------------------------------------
||Ax-b||_oo/(eps*(||A||_oo*||x||_oo+||b||_oo)*N)=   3.34197195e-03 ...... PASSED
================================================================================
T/V                N    NB     P     Q               Time                 Gflops
--------------------------------------------------------------------------------
WR12R2R4        2000    96     3     3               0.03             1.7176e+02
HPL_pdgesv() start time Tue Aug 26 05:00:08 2025

HPL_pdgesv() end time   Tue Aug 26 05:00:08 2025

--------------------------------------------------------------------------------
||Ax-b||_oo/(eps*(||A||_oo*||x||_oo+||b||_oo)*N)=   3.21169169e-03 ...... PASSED
================================================================================
T/V                N    NB     P     Q               Time                 Gflops
--------------------------------------------------------------------------------
WR12L2L2        2000   128     3     3               0.03             1.5645e+02
HPL_pdgesv() start time Tue Aug 26 05:00:08 2025

HPL_pdgesv() end time   Tue Aug 26 05:00:08 2025

--------------------------------------------------------------------------------
||Ax-b||_oo/(eps*(||A||_oo*||x||_oo+||b||_oo)*N)=   3.38728683e-03 ...... PASSED
================================================================================
T/V                N    NB     P     Q               Time                 Gflops
--------------------------------------------------------------------------------
WR12L2L4        2000   128     3     3               0.03             1.6279e+02
HPL_pdgesv() start time Tue Aug 26 05:00:08 2025

HPL_pdgesv() end time   Tue Aug 26 05:00:08 2025

--------------------------------------------------------------------------------
||Ax-b||_oo/(eps*(||A||_oo*||x||_oo+||b||_oo)*N)=   3.16354464e-03 ...... PASSED
================================================================================
T/V                N    NB     P     Q               Time                 Gflops
--------------------------------------------------------------------------------
WR12L2C2        2000   128     3     3               0.03             1.5939e+02
HPL_pdgesv() start time Tue Aug 26 05:00:08 2025

HPL_pdgesv() end time   Tue Aug 26 05:00:08 2025

--------------------------------------------------------------------------------
||Ax-b||_oo/(eps*(||A||_oo*||x||_oo+||b||_oo)*N)=   3.68183351e-03 ...... PASSED
================================================================================
T/V                N    NB     P     Q               Time                 Gflops
--------------------------------------------------------------------------------
WR12L2C4        2000   128     3     3               0.03             1.5964e+02
HPL_pdgesv() start time Tue Aug 26 05:00:09 2025

HPL_pdgesv() end time   Tue Aug 26 05:00:09 2025

--------------------------------------------------------------------------------
||Ax-b||_oo/(eps*(||A||_oo*||x||_oo+||b||_oo)*N)=   3.69693847e-03 ...... PASSED
================================================================================
T/V                N    NB     P     Q               Time                 Gflops
--------------------------------------------------------------------------------
WR12L2R2        2000   128     3     3               0.03             1.5934e+02
HPL_pdgesv() start time Tue Aug 26 05:00:09 2025

HPL_pdgesv() end time   Tue Aug 26 05:00:09 2025

--------------------------------------------------------------------------------
||Ax-b||_oo/(eps*(||A||_oo*||x||_oo+||b||_oo)*N)=   3.51190273e-03 ...... PASSED
================================================================================
T/V                N    NB     P     Q               Time                 Gflops
--------------------------------------------------------------------------------
WR12L2R4        2000   128     3     3               0.04             1.3778e+02
HPL_pdgesv() start time Tue Aug 26 05:00:09 2025

HPL_pdgesv() end time   Tue Aug 26 05:00:09 2025

--------------------------------------------------------------------------------
||Ax-b||_oo/(eps*(||A||_oo*||x||_oo+||b||_oo)*N)=   3.42976952e-03 ...... PASSED
================================================================================
T/V                N    NB     P     Q               Time                 Gflops
--------------------------------------------------------------------------------
WR12C2L2        2000   128     3     3               0.03             1.6518e+02
HPL_pdgesv() start time Tue Aug 26 05:00:09 2025

HPL_pdgesv() end time   Tue Aug 26 05:00:09 2025

--------------------------------------------------------------------------------
||Ax-b||_oo/(eps*(||A||_oo*||x||_oo+||b||_oo)*N)=   2.90392817e-03 ...... PASSED
================================================================================
T/V                N    NB     P     Q               Time                 Gflops
--------------------------------------------------------------------------------
WR12C2L4        2000   128     3     3               0.03             1.6744e+02
HPL_pdgesv() start time Tue Aug 26 05:00:09 2025

HPL_pdgesv() end time   Tue Aug 26 05:00:09 2025

--------------------------------------------------------------------------------
||Ax-b||_oo/(eps*(||A||_oo*||x||_oo+||b||_oo)*N)=   3.69693847e-03 ...... PASSED
================================================================================
T/V                N    NB     P     Q               Time                 Gflops
--------------------------------------------------------------------------------
WR12C2C2        2000   128     3     3               0.03             1.5839e+02
HPL_pdgesv() start time Tue Aug 26 05:00:09 2025

HPL_pdgesv() end time   Tue Aug 26 05:00:09 2025

--------------------------------------------------------------------------------
||Ax-b||_oo/(eps*(||A||_oo*||x||_oo+||b||_oo)*N)=   2.68113004e-03 ...... PASSED
================================================================================
T/V                N    NB     P     Q               Time                 Gflops
--------------------------------------------------------------------------------
WR12C2C4        2000   128     3     3               0.03             1.5936e+02
HPL_pdgesv() start time Tue Aug 26 05:00:09 2025

HPL_pdgesv() end time   Tue Aug 26 05:00:09 2025

--------------------------------------------------------------------------------
||Ax-b||_oo/(eps*(||A||_oo*||x||_oo+||b||_oo)*N)=   3.69693847e-03 ...... PASSED
================================================================================
T/V                N    NB     P     Q               Time                 Gflops
--------------------------------------------------------------------------------
WR12C2R2        2000   128     3     3               0.03             1.5898e+02
HPL_pdgesv() start time Tue Aug 26 05:00:09 2025

HPL_pdgesv() end time   Tue Aug 26 05:00:09 2025

--------------------------------------------------------------------------------
||Ax-b||_oo/(eps*(||A||_oo*||x||_oo+||b||_oo)*N)=   3.51190273e-03 ...... PASSED
================================================================================
T/V                N    NB     P     Q               Time                 Gflops
--------------------------------------------------------------------------------
WR12C2R4        2000   128     3     3               0.03             1.5980e+02
HPL_pdgesv() start time Tue Aug 26 05:00:09 2025

HPL_pdgesv() end time   Tue Aug 26 05:00:09 2025

--------------------------------------------------------------------------------
||Ax-b||_oo/(eps*(||A||_oo*||x||_oo+||b||_oo)*N)=   3.53739235e-03 ...... PASSED
================================================================================
T/V                N    NB     P     Q               Time                 Gflops
--------------------------------------------------------------------------------
WR12R2L2        2000   128     3     3               0.03             1.5855e+02
HPL_pdgesv() start time Tue Aug 26 05:00:09 2025

HPL_pdgesv() end time   Tue Aug 26 05:00:09 2025

--------------------------------------------------------------------------------
||Ax-b||_oo/(eps*(||A||_oo*||x||_oo+||b||_oo)*N)=   3.68183351e-03 ...... PASSED
================================================================================
T/V                N    NB     P     Q               Time                 Gflops
--------------------------------------------------------------------------------
WR12R2L4        2000   128     3     3               0.03             1.5955e+02
HPL_pdgesv() start time Tue Aug 26 05:00:09 2025

HPL_pdgesv() end time   Tue Aug 26 05:00:09 2025

--------------------------------------------------------------------------------
||Ax-b||_oo/(eps*(||A||_oo*||x||_oo+||b||_oo)*N)=   3.69693847e-03 ...... PASSED
================================================================================
T/V                N    NB     P     Q               Time                 Gflops
--------------------------------------------------------------------------------
WR12R2C2        2000   128     3     3               0.03             1.5871e+02
HPL_pdgesv() start time Tue Aug 26 05:00:09 2025

HPL_pdgesv() end time   Tue Aug 26 05:00:09 2025

--------------------------------------------------------------------------------
||Ax-b||_oo/(eps*(||A||_oo*||x||_oo+||b||_oo)*N)=   2.90392817e-03 ...... PASSED
================================================================================
T/V                N    NB     P     Q               Time                 Gflops
--------------------------------------------------------------------------------
WR12R2C4        2000   128     3     3               0.03             1.5922e+02
HPL_pdgesv() start time Tue Aug 26 05:00:09 2025

HPL_pdgesv() end time   Tue Aug 26 05:00:09 2025

--------------------------------------------------------------------------------
||Ax-b||_oo/(eps*(||A||_oo*||x||_oo+||b||_oo)*N)=   3.69693847e-03 ...... PASSED
================================================================================
T/V                N    NB     P     Q               Time                 Gflops
--------------------------------------------------------------------------------
WR12R2R2        2000   128     3     3               0.03             1.5938e+02
HPL_pdgesv() start time Tue Aug 26 05:00:10 2025

HPL_pdgesv() end time   Tue Aug 26 05:00:10 2025

--------------------------------------------------------------------------------
||Ax-b||_oo/(eps*(||A||_oo*||x||_oo+||b||_oo)*N)=   3.51190273e-03 ...... PASSED
================================================================================
T/V                N    NB     P     Q               Time                 Gflops
--------------------------------------------------------------------------------
WR12R2R4        2000   128     3     3               0.03             1.6028e+02
HPL_pdgesv() start time Tue Aug 26 05:00:10 2025

HPL_pdgesv() end time   Tue Aug 26 05:00:10 2025

--------------------------------------------------------------------------------
||Ax-b||_oo/(eps*(||A||_oo*||x||_oo+||b||_oo)*N)=   3.53739235e-03 ...... PASSED
================================================================================
T/V                N    NB     P     Q               Time                 Gflops
--------------------------------------------------------------------------------
WR12L2L2        4000    64     3     3               0.16             2.6991e+02
HPL_pdgesv() start time Tue Aug 26 05:00:10 2025

HPL_pdgesv() end time   Tue Aug 26 05:00:10 2025

--------------------------------------------------------------------------------
||Ax-b||_oo/(eps*(||A||_oo*||x||_oo+||b||_oo)*N)=   3.01885083e-03 ...... PASSED
================================================================================
T/V                N    NB     P     Q               Time                 Gflops
--------------------------------------------------------------------------------
WR12L2L4        4000    64     3     3               0.16             2.6310e+02
HPL_pdgesv() start time Tue Aug 26 05:00:10 2025

HPL_pdgesv() end time   Tue Aug 26 05:00:10 2025

--------------------------------------------------------------------------------
||Ax-b||_oo/(eps*(||A||_oo*||x||_oo+||b||_oo)*N)=   2.54715539e-03 ...... PASSED
================================================================================
T/V                N    NB     P     Q               Time                 Gflops
--------------------------------------------------------------------------------
WR12L2C2        4000    64     3     3               0.16             2.7361e+02
HPL_pdgesv() start time Tue Aug 26 05:00:10 2025

HPL_pdgesv() end time   Tue Aug 26 05:00:11 2025

--------------------------------------------------------------------------------
||Ax-b||_oo/(eps*(||A||_oo*||x||_oo+||b||_oo)*N)=   2.65007076e-03 ...... PASSED
================================================================================
T/V                N    NB     P     Q               Time                 Gflops
--------------------------------------------------------------------------------
WR12L2C4        4000    64     3     3               0.16             2.6930e+02
HPL_pdgesv() start time Tue Aug 26 05:00:11 2025

HPL_pdgesv() end time   Tue Aug 26 05:00:11 2025

--------------------------------------------------------------------------------
||Ax-b||_oo/(eps*(||A||_oo*||x||_oo+||b||_oo)*N)=   2.52399943e-03 ...... PASSED
================================================================================
T/V                N    NB     P     Q               Time                 Gflops
--------------------------------------------------------------------------------
WR12L2R2        4000    64     3     3               0.16             2.6922e+02
HPL_pdgesv() start time Tue Aug 26 05:00:11 2025

HPL_pdgesv() end time   Tue Aug 26 05:00:11 2025

--------------------------------------------------------------------------------
||Ax-b||_oo/(eps*(||A||_oo*||x||_oo+||b||_oo)*N)=   2.59303849e-03 ...... PASSED
================================================================================
T/V                N    NB     P     Q               Time                 Gflops
--------------------------------------------------------------------------------
WR12L2R4        4000    64     3     3               0.16             2.6310e+02
HPL_pdgesv() start time Tue Aug 26 05:00:11 2025

HPL_pdgesv() end time   Tue Aug 26 05:00:11 2025

--------------------------------------------------------------------------------
||Ax-b||_oo/(eps*(||A||_oo*||x||_oo+||b||_oo)*N)=   2.70324370e-03 ...... PASSED
================================================================================
T/V                N    NB     P     Q               Time                 Gflops
--------------------------------------------------------------------------------
WR12C2L2        4000    64     3     3               0.16             2.7068e+02
HPL_pdgesv() start time Tue Aug 26 05:00:12 2025

HPL_pdgesv() end time   Tue Aug 26 05:00:12 2025

--------------------------------------------------------------------------------
||Ax-b||_oo/(eps*(||A||_oo*||x||_oo+||b||_oo)*N)=   2.75470139e-03 ...... PASSED
================================================================================
T/V                N    NB     P     Q               Time                 Gflops
--------------------------------------------------------------------------------
WR12C2L4        4000    64     3     3               0.16             2.7018e+02
HPL_pdgesv() start time Tue Aug 26 05:00:12 2025

HPL_pdgesv() end time   Tue Aug 26 05:00:12 2025

--------------------------------------------------------------------------------
||Ax-b||_oo/(eps*(||A||_oo*||x||_oo+||b||_oo)*N)=   2.46610954e-03 ...... PASSED
================================================================================
T/V                N    NB     P     Q               Time                 Gflops
--------------------------------------------------------------------------------
WR12C2C2        4000    64     3     3               0.16             2.7208e+02
HPL_pdgesv() start time Tue Aug 26 05:00:12 2025

HPL_pdgesv() end time   Tue Aug 26 05:00:12 2025

--------------------------------------------------------------------------------
||Ax-b||_oo/(eps*(||A||_oo*||x||_oo+||b||_oo)*N)=   2.72704288e-03 ...... PASSED
================================================================================
T/V                N    NB     P     Q               Time                 Gflops
--------------------------------------------------------------------------------
WR12C2C4        4000    64     3     3               0.16             2.6913e+02
HPL_pdgesv() start time Tue Aug 26 05:00:13 2025

HPL_pdgesv() end time   Tue Aug 26 05:00:13 2025

--------------------------------------------------------------------------------
||Ax-b||_oo/(eps*(||A||_oo*||x||_oo+||b||_oo)*N)=   2.52228418e-03 ...... PASSED
================================================================================
T/V                N    NB     P     Q               Time                 Gflops
--------------------------------------------------------------------------------
WR12C2R2        4000    64     3     3               0.16             2.7095e+02
HPL_pdgesv() start time Tue Aug 26 05:00:13 2025

HPL_pdgesv() end time   Tue Aug 26 05:00:13 2025

--------------------------------------------------------------------------------
||Ax-b||_oo/(eps*(||A||_oo*||x||_oo+||b||_oo)*N)=   2.40607557e-03 ...... PASSED
================================================================================
T/V                N    NB     P     Q               Time                 Gflops
--------------------------------------------------------------------------------
WR12C2R4        4000    64     3     3               0.16             2.7227e+02
HPL_pdgesv() start time Tue Aug 26 05:00:13 2025

HPL_pdgesv() end time   Tue Aug 26 05:00:13 2025

--------------------------------------------------------------------------------
||Ax-b||_oo/(eps*(||A||_oo*||x||_oo+||b||_oo)*N)=   2.61426479e-03 ...... PASSED
================================================================================
T/V                N    NB     P     Q               Time                 Gflops
--------------------------------------------------------------------------------
WR12R2L2        4000    64     3     3               0.16             2.6914e+02
HPL_pdgesv() start time Tue Aug 26 05:00:14 2025

HPL_pdgesv() end time   Tue Aug 26 05:00:14 2025

--------------------------------------------------------------------------------
||Ax-b||_oo/(eps*(||A||_oo*||x||_oo+||b||_oo)*N)=   2.56173507e-03 ...... PASSED
================================================================================
T/V                N    NB     P     Q               Time                 Gflops
--------------------------------------------------------------------------------
WR12R2L4        4000    64     3     3               0.16             2.7101e+02
HPL_pdgesv() start time Tue Aug 26 05:00:14 2025

HPL_pdgesv() end time   Tue Aug 26 05:00:14 2025

--------------------------------------------------------------------------------
||Ax-b||_oo/(eps*(||A||_oo*||x||_oo+||b||_oo)*N)=   2.71010473e-03 ...... PASSED
================================================================================
T/V                N    NB     P     Q               Time                 Gflops
--------------------------------------------------------------------------------
WR12R2C2        4000    64     3     3               0.16             2.7111e+02
HPL_pdgesv() start time Tue Aug 26 05:00:14 2025

HPL_pdgesv() end time   Tue Aug 26 05:00:14 2025

--------------------------------------------------------------------------------
||Ax-b||_oo/(eps*(||A||_oo*||x||_oo+||b||_oo)*N)=   2.98465291e-03 ...... PASSED
================================================================================
T/V                N    NB     P     Q               Time                 Gflops
--------------------------------------------------------------------------------
WR12R2C4        4000    64     3     3               0.16             2.6824e+02
HPL_pdgesv() start time Tue Aug 26 05:00:14 2025

HPL_pdgesv() end time   Tue Aug 26 05:00:15 2025

--------------------------------------------------------------------------------
||Ax-b||_oo/(eps*(||A||_oo*||x||_oo+||b||_oo)*N)=   2.48840787e-03 ...... PASSED
================================================================================
T/V                N    NB     P     Q               Time                 Gflops
--------------------------------------------------------------------------------
WR12R2R2        4000    64     3     3               0.16             2.6802e+02
HPL_pdgesv() start time Tue Aug 26 05:00:15 2025

HPL_pdgesv() end time   Tue Aug 26 05:00:15 2025

--------------------------------------------------------------------------------
||Ax-b||_oo/(eps*(||A||_oo*||x||_oo+||b||_oo)*N)=   2.57599313e-03 ...... PASSED
================================================================================
T/V                N    NB     P     Q               Time                 Gflops
--------------------------------------------------------------------------------
WR12R2R4        4000    64     3     3               0.16             2.7078e+02
HPL_pdgesv() start time Tue Aug 26 05:00:15 2025

HPL_pdgesv() end time   Tue Aug 26 05:00:15 2025

--------------------------------------------------------------------------------
||Ax-b||_oo/(eps*(||A||_oo*||x||_oo+||b||_oo)*N)=   3.09775262e-03 ...... PASSED
================================================================================
T/V                N    NB     P     Q               Time                 Gflops
--------------------------------------------------------------------------------
WR12L2L2        4000    96     3     3               0.17             2.5399e+02
HPL_pdgesv() start time Tue Aug 26 05:00:15 2025

HPL_pdgesv() end time   Tue Aug 26 05:00:16 2025

--------------------------------------------------------------------------------
||Ax-b||_oo/(eps*(||A||_oo*||x||_oo+||b||_oo)*N)=   2.33424922e-03 ...... PASSED
================================================================================
T/V                N    NB     P     Q               Time                 Gflops
--------------------------------------------------------------------------------
WR12L2L4        4000    96     3     3               0.17             2.5640e+02
HPL_pdgesv() start time Tue Aug 26 05:00:16 2025

HPL_pdgesv() end time   Tue Aug 26 05:00:16 2025

--------------------------------------------------------------------------------
||Ax-b||_oo/(eps*(||A||_oo*||x||_oo+||b||_oo)*N)=   2.53514860e-03 ...... PASSED
================================================================================
T/V                N    NB     P     Q               Time                 Gflops
--------------------------------------------------------------------------------
WR12L2C2        4000    96     3     3               0.17             2.5647e+02
HPL_pdgesv() start time Tue Aug 26 05:00:16 2025

HPL_pdgesv() end time   Tue Aug 26 05:00:16 2025

--------------------------------------------------------------------------------
||Ax-b||_oo/(eps*(||A||_oo*||x||_oo+||b||_oo)*N)=   2.57674356e-03 ...... PASSED
================================================================================
T/V                N    NB     P     Q               Time                 Gflops
--------------------------------------------------------------------------------
WR12L2C4        4000    96     3     3               0.17             2.5068e+02
HPL_pdgesv() start time Tue Aug 26 05:00:16 2025

HPL_pdgesv() end time   Tue Aug 26 05:00:17 2025

--------------------------------------------------------------------------------
||Ax-b||_oo/(eps*(||A||_oo*||x||_oo+||b||_oo)*N)=   3.59774979e-03 ...... PASSED
================================================================================
T/V                N    NB     P     Q               Time                 Gflops
--------------------------------------------------------------------------------
WR12L2R2        4000    96     3     3               0.17             2.5858e+02
HPL_pdgesv() start time Tue Aug 26 05:00:17 2025

HPL_pdgesv() end time   Tue Aug 26 05:00:17 2025

--------------------------------------------------------------------------------
||Ax-b||_oo/(eps*(||A||_oo*||x||_oo+||b||_oo)*N)=   2.48197566e-03 ...... PASSED
================================================================================
T/V                N    NB     P     Q               Time                 Gflops
--------------------------------------------------------------------------------
WR12L2R4        4000    96     3     3               0.16             2.5947e+02
HPL_pdgesv() start time Tue Aug 26 05:00:17 2025

HPL_pdgesv() end time   Tue Aug 26 05:00:17 2025

--------------------------------------------------------------------------------
||Ax-b||_oo/(eps*(||A||_oo*||x||_oo+||b||_oo)*N)=   2.64578262e-03 ...... PASSED
================================================================================
T/V                N    NB     P     Q               Time                 Gflops
--------------------------------------------------------------------------------
WR12C2L2        4000    96     3     3               0.17             2.5774e+02
HPL_pdgesv() start time Tue Aug 26 05:00:17 2025

HPL_pdgesv() end time   Tue Aug 26 05:00:18 2025

--------------------------------------------------------------------------------
||Ax-b||_oo/(eps*(||A||_oo*||x||_oo+||b||_oo)*N)=   2.74612510e-03 ...... PASSED
================================================================================
T/V                N    NB     P     Q               Time                 Gflops
--------------------------------------------------------------------------------
WR12C2L4        4000    96     3     3               0.17             2.5872e+02
HPL_pdgesv() start time Tue Aug 26 05:00:18 2025

HPL_pdgesv() end time   Tue Aug 26 05:00:18 2025

--------------------------------------------------------------------------------
||Ax-b||_oo/(eps*(||A||_oo*||x||_oo+||b||_oo)*N)=   2.56259270e-03 ...... PASSED
================================================================================
T/V                N    NB     P     Q               Time                 Gflops
--------------------------------------------------------------------------------
WR12C2C2        4000    96     3     3               0.17             2.5820e+02
HPL_pdgesv() start time Tue Aug 26 05:00:18 2025

HPL_pdgesv() end time   Tue Aug 26 05:00:18 2025

--------------------------------------------------------------------------------
||Ax-b||_oo/(eps*(||A||_oo*||x||_oo+||b||_oo)*N)=   2.29672799e-03 ...... PASSED
================================================================================
T/V                N    NB     P     Q               Time                 Gflops
--------------------------------------------------------------------------------
WR12C2C4        4000    96     3     3               0.16             2.5922e+02
HPL_pdgesv() start time Tue Aug 26 05:00:18 2025

HPL_pdgesv() end time   Tue Aug 26 05:00:18 2025

--------------------------------------------------------------------------------
||Ax-b||_oo/(eps*(||A||_oo*||x||_oo+||b||_oo)*N)=   2.70881828e-03 ...... PASSED
================================================================================
T/V                N    NB     P     Q               Time                 Gflops
--------------------------------------------------------------------------------
WR12C2R2        4000    96     3     3               0.17             2.5850e+02
HPL_pdgesv() start time Tue Aug 26 05:00:19 2025

HPL_pdgesv() end time   Tue Aug 26 05:00:19 2025

--------------------------------------------------------------------------------
||Ax-b||_oo/(eps*(||A||_oo*||x||_oo+||b||_oo)*N)=   2.60118596e-03 ...... PASSED
================================================================================
T/V                N    NB     P     Q               Time                 Gflops
--------------------------------------------------------------------------------
WR12C2R4        4000    96     3     3               0.16             2.5959e+02
HPL_pdgesv() start time Tue Aug 26 05:00:19 2025

HPL_pdgesv() end time   Tue Aug 26 05:00:19 2025

--------------------------------------------------------------------------------
||Ax-b||_oo/(eps*(||A||_oo*||x||_oo+||b||_oo)*N)=   2.60204359e-03 ...... PASSED
================================================================================
T/V                N    NB     P     Q               Time                 Gflops
--------------------------------------------------------------------------------
WR12R2L2        4000    96     3     3               0.17             2.5706e+02
HPL_pdgesv() start time Tue Aug 26 05:00:19 2025

HPL_pdgesv() end time   Tue Aug 26 05:00:19 2025

--------------------------------------------------------------------------------
||Ax-b||_oo/(eps*(||A||_oo*||x||_oo+||b||_oo)*N)=   2.32631616e-03 ...... PASSED
================================================================================
T/V                N    NB     P     Q               Time                 Gflops
--------------------------------------------------------------------------------
WR12R2L4        4000    96     3     3               0.16             2.5877e+02
HPL_pdgesv() start time Tue Aug 26 05:00:20 2025

HPL_pdgesv() end time   Tue Aug 26 05:00:20 2025

--------------------------------------------------------------------------------
||Ax-b||_oo/(eps*(||A||_oo*||x||_oo+||b||_oo)*N)=   2.49398245e-03 ...... PASSED
================================================================================
T/V                N    NB     P     Q               Time                 Gflops
--------------------------------------------------------------------------------
WR12R2C2        4000    96     3     3               0.17             2.5213e+02
HPL_pdgesv() start time Tue Aug 26 05:00:20 2025

HPL_pdgesv() end time   Tue Aug 26 05:00:20 2025

--------------------------------------------------------------------------------
||Ax-b||_oo/(eps*(||A||_oo*||x||_oo+||b||_oo)*N)=   2.63977922e-03 ...... PASSED
================================================================================
T/V                N    NB     P     Q               Time                 Gflops
--------------------------------------------------------------------------------
WR12R2C4        4000    96     3     3               0.16             2.5910e+02
HPL_pdgesv() start time Tue Aug 26 05:00:20 2025

HPL_pdgesv() end time   Tue Aug 26 05:00:20 2025

--------------------------------------------------------------------------------
||Ax-b||_oo/(eps*(||A||_oo*||x||_oo+||b||_oo)*N)=   2.74698273e-03 ...... PASSED
================================================================================
T/V                N    NB     P     Q               Time                 Gflops
--------------------------------------------------------------------------------
WR12R2R2        4000    96     3     3               0.17             2.5693e+02
HPL_pdgesv() start time Tue Aug 26 05:00:21 2025

HPL_pdgesv() end time   Tue Aug 26 05:00:21 2025

--------------------------------------------------------------------------------
||Ax-b||_oo/(eps*(||A||_oo*||x||_oo+||b||_oo)*N)=   2.14878715e-03 ...... PASSED
================================================================================
T/V                N    NB     P     Q               Time                 Gflops
--------------------------------------------------------------------------------
WR12R2R4        4000    96     3     3               0.17             2.5793e+02
HPL_pdgesv() start time Tue Aug 26 05:00:21 2025

HPL_pdgesv() end time   Tue Aug 26 05:00:21 2025

--------------------------------------------------------------------------------
||Ax-b||_oo/(eps*(||A||_oo*||x||_oo+||b||_oo)*N)=   2.92279649e-03 ...... PASSED
================================================================================
T/V                N    NB     P     Q               Time                 Gflops
--------------------------------------------------------------------------------
WR12L2L2        4000   128     3     3               0.18             2.3816e+02
HPL_pdgesv() start time Tue Aug 26 05:00:21 2025

HPL_pdgesv() end time   Tue Aug 26 05:00:21 2025

--------------------------------------------------------------------------------
||Ax-b||_oo/(eps*(||A||_oo*||x||_oo+||b||_oo)*N)=   2.81902349e-03 ...... PASSED
================================================================================
T/V                N    NB     P     Q               Time                 Gflops
--------------------------------------------------------------------------------
WR12L2L4        4000   128     3     3               0.17             2.4409e+02
HPL_pdgesv() start time Tue Aug 26 05:00:22 2025

HPL_pdgesv() end time   Tue Aug 26 05:00:22 2025

--------------------------------------------------------------------------------
||Ax-b||_oo/(eps*(||A||_oo*||x||_oo+||b||_oo)*N)=   2.49926222e-03 ...... PASSED
================================================================================
T/V                N    NB     P     Q               Time                 Gflops
--------------------------------------------------------------------------------
WR12L2C2        4000   128     3     3               0.17             2.4870e+02
HPL_pdgesv() start time Tue Aug 26 05:00:22 2025

HPL_pdgesv() end time   Tue Aug 26 05:00:22 2025

--------------------------------------------------------------------------------
||Ax-b||_oo/(eps*(||A||_oo*||x||_oo+||b||_oo)*N)=   2.54629776e-03 ...... PASSED
================================================================================
T/V                N    NB     P     Q               Time                 Gflops
--------------------------------------------------------------------------------
WR12L2C4        4000   128     3     3               0.17             2.4886e+02
HPL_pdgesv() start time Tue Aug 26 05:00:22 2025

HPL_pdgesv() end time   Tue Aug 26 05:00:22 2025

--------------------------------------------------------------------------------
||Ax-b||_oo/(eps*(||A||_oo*||x||_oo+||b||_oo)*N)=   3.21996462e-03 ...... PASSED
================================================================================
T/V                N    NB     P     Q               Time                 Gflops
--------------------------------------------------------------------------------
WR12L2R2        4000   128     3     3               0.18             2.3434e+02
HPL_pdgesv() start time Tue Aug 26 05:00:23 2025

HPL_pdgesv() end time   Tue Aug 26 05:00:23 2025

--------------------------------------------------------------------------------
||Ax-b||_oo/(eps*(||A||_oo*||x||_oo+||b||_oo)*N)=   2.64320974e-03 ...... PASSED
================================================================================
T/V                N    NB     P     Q               Time                 Gflops
--------------------------------------------------------------------------------
WR12L2R4        4000   128     3     3               0.17             2.4805e+02
HPL_pdgesv() start time Tue Aug 26 05:00:23 2025

HPL_pdgesv() end time   Tue Aug 26 05:00:23 2025

--------------------------------------------------------------------------------
||Ax-b||_oo/(eps*(||A||_oo*||x||_oo+||b||_oo)*N)=   2.79929805e-03 ...... PASSED
================================================================================
T/V                N    NB     P     Q               Time                 Gflops
--------------------------------------------------------------------------------
WR12C2L2        4000   128     3     3               0.18             2.4205e+02
HPL_pdgesv() start time Tue Aug 26 05:00:23 2025

HPL_pdgesv() end time   Tue Aug 26 05:00:23 2025

--------------------------------------------------------------------------------
||Ax-b||_oo/(eps*(||A||_oo*||x||_oo+||b||_oo)*N)=   2.55916218e-03 ...... PASSED
================================================================================
T/V                N    NB     P     Q               Time                 Gflops
--------------------------------------------------------------------------------
WR12C2L4        4000   128     3     3               0.17             2.4683e+02
HPL_pdgesv() start time Tue Aug 26 05:00:24 2025

HPL_pdgesv() end time   Tue Aug 26 05:00:24 2025

--------------------------------------------------------------------------------
||Ax-b||_oo/(eps*(||A||_oo*||x||_oo+||b||_oo)*N)=   2.62091141e-03 ...... PASSED
================================================================================
T/V                N    NB     P     Q               Time                 Gflops
--------------------------------------------------------------------------------
WR12C2C2        4000   128     3     3               0.17             2.4480e+02
HPL_pdgesv() start time Tue Aug 26 05:00:24 2025

HPL_pdgesv() end time   Tue Aug 26 05:00:24 2025

--------------------------------------------------------------------------------
||Ax-b||_oo/(eps*(||A||_oo*||x||_oo+||b||_oo)*N)=   2.55916218e-03 ...... PASSED
================================================================================
T/V                N    NB     P     Q               Time                 Gflops
--------------------------------------------------------------------------------
WR12C2C4        4000   128     3     3               0.18             2.4310e+02
HPL_pdgesv() start time Tue Aug 26 05:00:24 2025

HPL_pdgesv() end time   Tue Aug 26 05:00:24 2025

--------------------------------------------------------------------------------
||Ax-b||_oo/(eps*(||A||_oo*||x||_oo+||b||_oo)*N)=   2.62091141e-03 ...... PASSED
================================================================================
T/V                N    NB     P     Q               Time                 Gflops
--------------------------------------------------------------------------------
WR12C2R2        4000   128     3     3               0.17             2.4824e+02
HPL_pdgesv() start time Tue Aug 26 05:00:25 2025

HPL_pdgesv() end time   Tue Aug 26 05:00:25 2025

--------------------------------------------------------------------------------
||Ax-b||_oo/(eps*(||A||_oo*||x||_oo+||b||_oo)*N)=   3.01434829e-03 ...... PASSED
================================================================================
T/V                N    NB     P     Q               Time                 Gflops
--------------------------------------------------------------------------------
WR12C2R4        4000   128     3     3               0.17             2.4575e+02
HPL_pdgesv() start time Tue Aug 26 05:00:25 2025

HPL_pdgesv() end time   Tue Aug 26 05:00:25 2025

--------------------------------------------------------------------------------
||Ax-b||_oo/(eps*(||A||_oo*||x||_oo+||b||_oo)*N)=   2.48540617e-03 ...... PASSED
================================================================================
T/V                N    NB     P     Q               Time                 Gflops
--------------------------------------------------------------------------------
WR12R2L2        4000   128     3     3               0.17             2.4967e+02
HPL_pdgesv() start time Tue Aug 26 05:00:25 2025

HPL_pdgesv() end time   Tue Aug 26 05:00:25 2025

--------------------------------------------------------------------------------
||Ax-b||_oo/(eps*(||A||_oo*||x||_oo+||b||_oo)*N)=   2.55916218e-03 ...... PASSED
================================================================================
T/V                N    NB     P     Q               Time                 Gflops
--------------------------------------------------------------------------------
WR12R2L4        4000   128     3     3               0.17             2.4811e+02
HPL_pdgesv() start time Tue Aug 26 05:00:26 2025

HPL_pdgesv() end time   Tue Aug 26 05:00:26 2025

--------------------------------------------------------------------------------
||Ax-b||_oo/(eps*(||A||_oo*||x||_oo+||b||_oo)*N)=   2.51788883e-03 ...... PASSED
================================================================================
T/V                N    NB     P     Q               Time                 Gflops
--------------------------------------------------------------------------------
WR12R2C2        4000   128     3     3               0.17             2.4619e+02
HPL_pdgesv() start time Tue Aug 26 05:00:26 2025

HPL_pdgesv() end time   Tue Aug 26 05:00:26 2025

--------------------------------------------------------------------------------
||Ax-b||_oo/(eps*(||A||_oo*||x||_oo+||b||_oo)*N)=   2.84904047e-03 ...... PASSED
================================================================================
T/V                N    NB     P     Q               Time                 Gflops
--------------------------------------------------------------------------------
WR12R2C4        4000   128     3     3               0.17             2.4718e+02
HPL_pdgesv() start time Tue Aug 26 05:00:26 2025

HPL_pdgesv() end time   Tue Aug 26 05:00:27 2025

--------------------------------------------------------------------------------
||Ax-b||_oo/(eps*(||A||_oo*||x||_oo+||b||_oo)*N)=   2.51788883e-03 ...... PASSED
================================================================================
T/V                N    NB     P     Q               Time                 Gflops
--------------------------------------------------------------------------------
WR12R2R2        4000   128     3     3               0.17             2.4562e+02
HPL_pdgesv() start time Tue Aug 26 05:00:27 2025

HPL_pdgesv() end time   Tue Aug 26 05:00:27 2025

--------------------------------------------------------------------------------
||Ax-b||_oo/(eps*(||A||_oo*||x||_oo+||b||_oo)*N)=   2.54029437e-03 ...... PASSED
================================================================================
T/V                N    NB     P     Q               Time                 Gflops
--------------------------------------------------------------------------------
WR12R2R4        4000   128     3     3               0.17             2.4753e+02
HPL_pdgesv() start time Tue Aug 26 05:00:27 2025

HPL_pdgesv() end time   Tue Aug 26 05:00:27 2025

--------------------------------------------------------------------------------
||Ax-b||_oo/(eps*(||A||_oo*||x||_oo+||b||_oo)*N)=   2.70453014e-03 ...... PASSED
================================================================================
T/V                N    NB     P     Q               Time                 Gflops
--------------------------------------------------------------------------------
WR12L2L2        6000    64     3     3               0.48             3.0289e+02
HPL_pdgesv() start time Tue Aug 26 05:00:27 2025

HPL_pdgesv() end time   Tue Aug 26 05:00:28 2025

--------------------------------------------------------------------------------
||Ax-b||_oo/(eps*(||A||_oo*||x||_oo+||b||_oo)*N)=   2.96677745e-03 ...... PASSED
================================================================================
T/V                N    NB     P     Q               Time                 Gflops
--------------------------------------------------------------------------------
WR12L2L4        6000    64     3     3               0.48             2.9808e+02
HPL_pdgesv() start time Tue Aug 26 05:00:28 2025

HPL_pdgesv() end time   Tue Aug 26 05:00:29 2025

--------------------------------------------------------------------------------
||Ax-b||_oo/(eps*(||A||_oo*||x||_oo+||b||_oo)*N)=   2.64501822e-03 ...... PASSED
================================================================================
T/V                N    NB     P     Q               Time                 Gflops
--------------------------------------------------------------------------------
WR12L2C2        6000    64     3     3               0.48             3.0249e+02
HPL_pdgesv() start time Tue Aug 26 05:00:29 2025

HPL_pdgesv() end time   Tue Aug 26 05:00:30 2025

--------------------------------------------------------------------------------
||Ax-b||_oo/(eps*(||A||_oo*||x||_oo+||b||_oo)*N)=   3.30493420e-03 ...... PASSED
================================================================================
T/V                N    NB     P     Q               Time                 Gflops
--------------------------------------------------------------------------------
WR12L2C4        6000    64     3     3               0.48             2.9721e+02
HPL_pdgesv() start time Tue Aug 26 05:00:30 2025

HPL_pdgesv() end time   Tue Aug 26 05:00:30 2025

--------------------------------------------------------------------------------
||Ax-b||_oo/(eps*(||A||_oo*||x||_oo+||b||_oo)*N)=   2.71428932e-03 ...... PASSED
================================================================================
T/V                N    NB     P     Q               Time                 Gflops
--------------------------------------------------------------------------------
WR12L2R2        6000    64     3     3               0.48             2.9857e+02
HPL_pdgesv() start time Tue Aug 26 05:00:31 2025

HPL_pdgesv() end time   Tue Aug 26 05:00:31 2025

--------------------------------------------------------------------------------
||Ax-b||_oo/(eps*(||A||_oo*||x||_oo+||b||_oo)*N)=   2.71730110e-03 ...... PASSED
================================================================================
T/V                N    NB     P     Q               Time                 Gflops
--------------------------------------------------------------------------------
WR12L2R4        6000    64     3     3               0.48             3.0283e+02
HPL_pdgesv() start time Tue Aug 26 05:00:31 2025

HPL_pdgesv() end time   Tue Aug 26 05:00:32 2025

--------------------------------------------------------------------------------
||Ax-b||_oo/(eps*(||A||_oo*||x||_oo+||b||_oo)*N)=   2.86471134e-03 ...... PASSED
================================================================================
T/V                N    NB     P     Q               Time                 Gflops
--------------------------------------------------------------------------------
WR12C2L2        6000    64     3     3               0.48             3.0092e+02
HPL_pdgesv() start time Tue Aug 26 05:00:32 2025

HPL_pdgesv() end time   Tue Aug 26 05:00:33 2025

--------------------------------------------------------------------------------
||Ax-b||_oo/(eps*(||A||_oo*||x||_oo+||b||_oo)*N)=   2.52655460e-03 ...... PASSED
================================================================================
T/V                N    NB     P     Q               Time                 Gflops
--------------------------------------------------------------------------------
WR12C2L4        6000    64     3     3               0.48             3.0178e+02
HPL_pdgesv() start time Tue Aug 26 05:00:33 2025

HPL_pdgesv() end time   Tue Aug 26 05:00:34 2025

--------------------------------------------------------------------------------
||Ax-b||_oo/(eps*(||A||_oo*||x||_oo+||b||_oo)*N)=   3.29966357e-03 ...... PASSED
================================================================================
T/V                N    NB     P     Q               Time                 Gflops
--------------------------------------------------------------------------------
WR12C2C2        6000    64     3     3               0.48             3.0093e+02
HPL_pdgesv() start time Tue Aug 26 05:00:34 2025

HPL_pdgesv() end time   Tue Aug 26 05:00:34 2025

--------------------------------------------------------------------------------
||Ax-b||_oo/(eps*(||A||_oo*||x||_oo+||b||_oo)*N)=   2.71395467e-03 ...... PASSED
================================================================================
T/V                N    NB     P     Q               Time                 Gflops
--------------------------------------------------------------------------------
WR12C2C4        6000    64     3     3               0.48             2.9765e+02
HPL_pdgesv() start time Tue Aug 26 05:00:35 2025

HPL_pdgesv() end time   Tue Aug 26 05:00:35 2025

--------------------------------------------------------------------------------
||Ax-b||_oo/(eps*(||A||_oo*||x||_oo+||b||_oo)*N)=   3.52847572e-03 ...... PASSED
================================================================================
T/V                N    NB     P     Q               Time                 Gflops
--------------------------------------------------------------------------------
WR12C2R2        6000    64     3     3               0.48             3.0220e+02
HPL_pdgesv() start time Tue Aug 26 05:00:35 2025

HPL_pdgesv() end time   Tue Aug 26 05:00:36 2025

--------------------------------------------------------------------------------
||Ax-b||_oo/(eps*(||A||_oo*||x||_oo+||b||_oo)*N)=   3.07603839e-03 ...... PASSED
================================================================================
T/V                N    NB     P     Q               Time                 Gflops
--------------------------------------------------------------------------------
WR12C2R4        6000    64     3     3               0.48             3.0072e+02
HPL_pdgesv() start time Tue Aug 26 05:00:36 2025

HPL_pdgesv() end time   Tue Aug 26 05:00:37 2025

--------------------------------------------------------------------------------
||Ax-b||_oo/(eps*(||A||_oo*||x||_oo+||b||_oo)*N)=   2.38098489e-03 ...... PASSED
================================================================================
T/V                N    NB     P     Q               Time                 Gflops
--------------------------------------------------------------------------------
WR12R2L2        6000    64     3     3               0.48             3.0105e+02
HPL_pdgesv() start time Tue Aug 26 05:00:37 2025

HPL_pdgesv() end time   Tue Aug 26 05:00:38 2025

--------------------------------------------------------------------------------
||Ax-b||_oo/(eps*(||A||_oo*||x||_oo+||b||_oo)*N)=   2.98242201e-03 ...... PASSED
================================================================================
T/V                N    NB     P     Q               Time                 Gflops
--------------------------------------------------------------------------------
WR12R2L4        6000    64     3     3               0.48             3.0199e+02
HPL_pdgesv() start time Tue Aug 26 05:00:38 2025

HPL_pdgesv() end time   Tue Aug 26 05:00:38 2025

--------------------------------------------------------------------------------
||Ax-b||_oo/(eps*(||A||_oo*||x||_oo+||b||_oo)*N)=   2.46364171e-03 ...... PASSED
================================================================================
T/V                N    NB     P     Q               Time                 Gflops
--------------------------------------------------------------------------------
WR12R2C2        6000    64     3     3               0.48             3.0130e+02
HPL_pdgesv() start time Tue Aug 26 05:00:39 2025

HPL_pdgesv() end time   Tue Aug 26 05:00:39 2025

--------------------------------------------------------------------------------
||Ax-b||_oo/(eps*(||A||_oo*||x||_oo+||b||_oo)*N)=   3.30493420e-03 ...... PASSED
================================================================================
T/V                N    NB     P     Q               Time                 Gflops
--------------------------------------------------------------------------------
WR12R2C4        6000    64     3     3               0.49             2.9446e+02
HPL_pdgesv() start time Tue Aug 26 05:00:39 2025

HPL_pdgesv() end time   Tue Aug 26 05:00:40 2025

--------------------------------------------------------------------------------
||Ax-b||_oo/(eps*(||A||_oo*||x||_oo+||b||_oo)*N)=   2.51484209e-03 ...... PASSED
================================================================================
T/V                N    NB     P     Q               Time                 Gflops
--------------------------------------------------------------------------------
WR12R2R2        6000    64     3     3               0.48             3.0254e+02
HPL_pdgesv() start time Tue Aug 26 05:00:40 2025

HPL_pdgesv() end time   Tue Aug 26 05:00:41 2025

--------------------------------------------------------------------------------
||Ax-b||_oo/(eps*(||A||_oo*||x||_oo+||b||_oo)*N)=   3.05160945e-03 ...... PASSED
================================================================================
T/V                N    NB     P     Q               Time                 Gflops
--------------------------------------------------------------------------------
WR12R2R4        6000    64     3     3               0.48             3.0291e+02
HPL_pdgesv() start time Tue Aug 26 05:00:41 2025

HPL_pdgesv() end time   Tue Aug 26 05:00:42 2025

--------------------------------------------------------------------------------
||Ax-b||_oo/(eps*(||A||_oo*||x||_oo+||b||_oo)*N)=   2.62360106e-03 ...... PASSED
================================================================================
T/V                N    NB     P     Q               Time                 Gflops
--------------------------------------------------------------------------------
WR12L2L2        6000    96     3     3               0.49             2.9404e+02
HPL_pdgesv() start time Tue Aug 26 05:00:42 2025

HPL_pdgesv() end time   Tue Aug 26 05:00:42 2025

--------------------------------------------------------------------------------
||Ax-b||_oo/(eps*(||A||_oo*||x||_oo+||b||_oo)*N)=   2.86253616e-03 ...... PASSED
================================================================================
T/V                N    NB     P     Q               Time                 Gflops
--------------------------------------------------------------------------------
WR12L2L4        6000    96     3     3               0.48             2.9893e+02
HPL_pdgesv() start time Tue Aug 26 05:00:43 2025

HPL_pdgesv() end time   Tue Aug 26 05:00:43 2025

--------------------------------------------------------------------------------
||Ax-b||_oo/(eps*(||A||_oo*||x||_oo+||b||_oo)*N)=   2.64301036e-03 ...... PASSED
================================================================================
T/V                N    NB     P     Q               Time                 Gflops
--------------------------------------------------------------------------------
WR12L2C2        6000    96     3     3               0.48             2.9778e+02
HPL_pdgesv() start time Tue Aug 26 05:00:43 2025

HPL_pdgesv() end time   Tue Aug 26 05:00:44 2025

--------------------------------------------------------------------------------
||Ax-b||_oo/(eps*(||A||_oo*||x||_oo+||b||_oo)*N)=   2.51049173e-03 ...... PASSED
================================================================================
T/V                N    NB     P     Q               Time                 Gflops
--------------------------------------------------------------------------------
WR12L2C4        6000    96     3     3               0.48             2.9879e+02
HPL_pdgesv() start time Tue Aug 26 05:00:44 2025

HPL_pdgesv() end time   Tue Aug 26 05:00:45 2025

--------------------------------------------------------------------------------
||Ax-b||_oo/(eps*(||A||_oo*||x||_oo+||b||_oo)*N)=   2.52521602e-03 ...... PASSED
================================================================================
T/V                N    NB     P     Q               Time                 Gflops
--------------------------------------------------------------------------------
WR12L2R2        6000    96     3     3               0.48             2.9998e+02
HPL_pdgesv() start time Tue Aug 26 05:00:45 2025

HPL_pdgesv() end time   Tue Aug 26 05:00:46 2025

--------------------------------------------------------------------------------
||Ax-b||_oo/(eps*(||A||_oo*||x||_oo+||b||_oo)*N)=   2.60117998e-03 ...... PASSED
================================================================================
T/V                N    NB     P     Q               Time                 Gflops
--------------------------------------------------------------------------------
WR12L2R4        6000    96     3     3               0.48             3.0029e+02
HPL_pdgesv() start time Tue Aug 26 05:00:46 2025

HPL_pdgesv() end time   Tue Aug 26 05:00:46 2025

--------------------------------------------------------------------------------
||Ax-b||_oo/(eps*(||A||_oo*||x||_oo+||b||_oo)*N)=   2.49116610e-03 ...... PASSED
================================================================================
T/V                N    NB     P     Q               Time                 Gflops
--------------------------------------------------------------------------------
WR12C2L2        6000    96     3     3               0.48             2.9801e+02
HPL_pdgesv() start time Tue Aug 26 05:00:47 2025

HPL_pdgesv() end time   Tue Aug 26 05:00:47 2025

--------------------------------------------------------------------------------
||Ax-b||_oo/(eps*(||A||_oo*||x||_oo+||b||_oo)*N)=   2.42816956e-03 ...... PASSED
================================================================================
T/V                N    NB     P     Q               Time                 Gflops
--------------------------------------------------------------------------------
WR12C2L4        6000    96     3     3               0.48             2.9935e+02
HPL_pdgesv() start time Tue Aug 26 05:00:47 2025

HPL_pdgesv() end time   Tue Aug 26 05:00:48 2025

--------------------------------------------------------------------------------
||Ax-b||_oo/(eps*(||A||_oo*||x||_oo+||b||_oo)*N)=   2.57206604e-03 ...... PASSED
================================================================================
T/V                N    NB     P     Q               Time                 Gflops
--------------------------------------------------------------------------------
WR12C2C2        6000    96     3     3               0.48             2.9916e+02
HPL_pdgesv() start time Tue Aug 26 05:00:48 2025

HPL_pdgesv() end time   Tue Aug 26 05:00:49 2025

--------------------------------------------------------------------------------
||Ax-b||_oo/(eps*(||A||_oo*||x||_oo+||b||_oo)*N)=   2.51049173e-03 ...... PASSED
================================================================================
T/V                N    NB     P     Q               Time                 Gflops
--------------------------------------------------------------------------------
WR12C2C4        6000    96     3     3               0.49             2.9497e+02
HPL_pdgesv() start time Tue Aug 26 05:00:49 2025

HPL_pdgesv() end time   Tue Aug 26 05:00:50 2025

--------------------------------------------------------------------------------
||Ax-b||_oo/(eps*(||A||_oo*||x||_oo+||b||_oo)*N)=   2.93080333e-03 ...... PASSED
================================================================================
T/V                N    NB     P     Q               Time                 Gflops
--------------------------------------------------------------------------------
WR12C2R2        6000    96     3     3               0.50             2.8954e+02
HPL_pdgesv() start time Tue Aug 26 05:00:50 2025

HPL_pdgesv() end time   Tue Aug 26 05:00:50 2025

--------------------------------------------------------------------------------
||Ax-b||_oo/(eps*(||A||_oo*||x||_oo+||b||_oo)*N)=   2.37730382e-03 ...... PASSED
================================================================================
T/V                N    NB     P     Q               Time                 Gflops
--------------------------------------------------------------------------------
WR12C2R4        6000    96     3     3               0.48             3.0230e+02
HPL_pdgesv() start time Tue Aug 26 05:00:51 2025

HPL_pdgesv() end time   Tue Aug 26 05:00:51 2025

--------------------------------------------------------------------------------
||Ax-b||_oo/(eps*(||A||_oo*||x||_oo+||b||_oo)*N)=   2.95556691e-03 ...... PASSED
================================================================================
T/V                N    NB     P     Q               Time                 Gflops
--------------------------------------------------------------------------------
WR12R2L2        6000    96     3     3               0.48             2.9796e+02
HPL_pdgesv() start time Tue Aug 26 05:00:51 2025

HPL_pdgesv() end time   Tue Aug 26 05:00:52 2025

--------------------------------------------------------------------------------
||Ax-b||_oo/(eps*(||A||_oo*||x||_oo+||b||_oo)*N)=   2.70989713e-03 ...... PASSED
================================================================================
T/V                N    NB     P     Q               Time                 Gflops
--------------------------------------------------------------------------------
WR12R2L4        6000    96     3     3               0.48             3.0005e+02
HPL_pdgesv() start time Tue Aug 26 05:00:52 2025

HPL_pdgesv() end time   Tue Aug 26 05:00:53 2025

--------------------------------------------------------------------------------
||Ax-b||_oo/(eps*(||A||_oo*||x||_oo+||b||_oo)*N)=   3.26109597e-03 ...... PASSED
================================================================================
T/V                N    NB     P     Q               Time                 Gflops
--------------------------------------------------------------------------------
WR12R2C2        6000    96     3     3               0.48             2.9843e+02
HPL_pdgesv() start time Tue Aug 26 05:00:53 2025

HPL_pdgesv() end time   Tue Aug 26 05:00:53 2025

--------------------------------------------------------------------------------
||Ax-b||_oo/(eps*(||A||_oo*||x||_oo+||b||_oo)*N)=   2.44222456e-03 ...... PASSED
================================================================================
T/V                N    NB     P     Q               Time                 Gflops
--------------------------------------------------------------------------------
WR12R2C4        6000    96     3     3               0.48             2.9967e+02
HPL_pdgesv() start time Tue Aug 26 05:00:54 2025

HPL_pdgesv() end time   Tue Aug 26 05:00:54 2025

--------------------------------------------------------------------------------
||Ax-b||_oo/(eps*(||A||_oo*||x||_oo+||b||_oo)*N)=   2.60553034e-03 ...... PASSED
================================================================================
T/V                N    NB     P     Q               Time                 Gflops
--------------------------------------------------------------------------------
WR12R2R2        6000    96     3     3               0.48             2.9930e+02
HPL_pdgesv() start time Tue Aug 26 05:00:55 2025

HPL_pdgesv() end time   Tue Aug 26 05:00:55 2025

--------------------------------------------------------------------------------
||Ax-b||_oo/(eps*(||A||_oo*||x||_oo+||b||_oo)*N)=   2.90635348e-03 ...... PASSED
================================================================================
T/V                N    NB     P     Q               Time                 Gflops
--------------------------------------------------------------------------------
WR12R2R4        6000    96     3     3               0.48             2.9736e+02
HPL_pdgesv() start time Tue Aug 26 05:00:55 2025

HPL_pdgesv() end time   Tue Aug 26 05:00:56 2025

--------------------------------------------------------------------------------
||Ax-b||_oo/(eps*(||A||_oo*||x||_oo+||b||_oo)*N)=   2.70475199e-03 ...... PASSED
================================================================================
T/V                N    NB     P     Q               Time                 Gflops
--------------------------------------------------------------------------------
WR12L2L2        6000   128     3     3               0.51             2.8066e+02
HPL_pdgesv() start time Tue Aug 26 05:00:56 2025

HPL_pdgesv() end time   Tue Aug 26 05:00:57 2025

--------------------------------------------------------------------------------
||Ax-b||_oo/(eps*(||A||_oo*||x||_oo+||b||_oo)*N)=   2.78623756e-03 ...... PASSED
================================================================================
T/V                N    NB     P     Q               Time                 Gflops
--------------------------------------------------------------------------------
WR12L2L4        6000   128     3     3               0.51             2.8286e+02
HPL_pdgesv() start time Tue Aug 26 05:00:57 2025

HPL_pdgesv() end time   Tue Aug 26 05:00:58 2025

--------------------------------------------------------------------------------
||Ax-b||_oo/(eps*(||A||_oo*||x||_oo+||b||_oo)*N)=   2.42950813e-03 ...... PASSED
================================================================================
T/V                N    NB     P     Q               Time                 Gflops
--------------------------------------------------------------------------------
WR12L2C2        6000   128     3     3               0.51             2.8321e+02
HPL_pdgesv() start time Tue Aug 26 05:00:58 2025

HPL_pdgesv() end time   Tue Aug 26 05:00:58 2025

--------------------------------------------------------------------------------
||Ax-b||_oo/(eps*(||A||_oo*||x||_oo+||b||_oo)*N)=   2.78623756e-03 ...... PASSED
================================================================================
T/V                N    NB     P     Q               Time                 Gflops
--------------------------------------------------------------------------------
WR12L2C4        6000   128     3     3               0.51             2.8377e+02
HPL_pdgesv() start time Tue Aug 26 05:00:59 2025

HPL_pdgesv() end time   Tue Aug 26 05:00:59 2025

--------------------------------------------------------------------------------
||Ax-b||_oo/(eps*(||A||_oo*||x||_oo+||b||_oo)*N)=   2.42950813e-03 ...... PASSED
================================================================================
T/V                N    NB     P     Q               Time                 Gflops
--------------------------------------------------------------------------------
WR12L2R2        6000   128     3     3               0.51             2.8317e+02
HPL_pdgesv() start time Tue Aug 26 05:01:00 2025

HPL_pdgesv() end time   Tue Aug 26 05:01:00 2025

--------------------------------------------------------------------------------
||Ax-b||_oo/(eps*(||A||_oo*||x||_oo+||b||_oo)*N)=   2.68249823e-03 ...... PASSED
================================================================================
T/V                N    NB     P     Q               Time                 Gflops
--------------------------------------------------------------------------------
WR12L2R4        6000   128     3     3               0.50             2.8535e+02
HPL_pdgesv() start time Tue Aug 26 05:01:00 2025

HPL_pdgesv() end time   Tue Aug 26 05:01:01 2025

--------------------------------------------------------------------------------
||Ax-b||_oo/(eps*(||A||_oo*||x||_oo+||b||_oo)*N)=   2.90804761e-03 ...... PASSED
================================================================================
T/V                N    NB     P     Q               Time                 Gflops
--------------------------------------------------------------------------------
WR12C2L2        6000   128     3     3               0.51             2.8340e+02
HPL_pdgesv() start time Tue Aug 26 05:01:01 2025

HPL_pdgesv() end time   Tue Aug 26 05:01:02 2025

--------------------------------------------------------------------------------
||Ax-b||_oo/(eps*(||A||_oo*||x||_oo+||b||_oo)*N)=   3.55323930e-03 ...... PASSED
================================================================================
T/V                N    NB     P     Q               Time                 Gflops
--------------------------------------------------------------------------------
WR12C2L4        6000   128     3     3               0.51             2.8352e+02
HPL_pdgesv() start time Tue Aug 26 05:01:02 2025

HPL_pdgesv() end time   Tue Aug 26 05:01:03 2025

--------------------------------------------------------------------------------
||Ax-b||_oo/(eps*(||A||_oo*||x||_oo+||b||_oo)*N)=   2.49208637e-03 ...... PASSED
================================================================================
T/V                N    NB     P     Q               Time                 Gflops
--------------------------------------------------------------------------------
WR12C2C2        6000   128     3     3               0.51             2.8282e+02
HPL_pdgesv() start time Tue Aug 26 05:01:03 2025

HPL_pdgesv() end time   Tue Aug 26 05:01:03 2025

--------------------------------------------------------------------------------
||Ax-b||_oo/(eps*(||A||_oo*||x||_oo+||b||_oo)*N)=   2.78623756e-03 ...... PASSED
================================================================================
T/V                N    NB     P     Q               Time                 Gflops
--------------------------------------------------------------------------------
WR12C2C4        6000   128     3     3               0.51             2.8393e+02
HPL_pdgesv() start time Tue Aug 26 05:01:04 2025

HPL_pdgesv() end time   Tue Aug 26 05:01:04 2025

--------------------------------------------------------------------------------
||Ax-b||_oo/(eps*(||A||_oo*||x||_oo+||b||_oo)*N)=   2.42950813e-03 ...... PASSED
================================================================================
T/V                N    NB     P     Q               Time                 Gflops
--------------------------------------------------------------------------------
WR12C2R2        6000   128     3     3               0.51             2.8396e+02
HPL_pdgesv() start time Tue Aug 26 05:01:05 2025

HPL_pdgesv() end time   Tue Aug 26 05:01:05 2025

--------------------------------------------------------------------------------
||Ax-b||_oo/(eps*(||A||_oo*||x||_oo+||b||_oo)*N)=   2.68249823e-03 ...... PASSED
================================================================================
T/V                N    NB     P     Q               Time                 Gflops
--------------------------------------------------------------------------------
WR12C2R4        6000   128     3     3               0.51             2.8448e+02
HPL_pdgesv() start time Tue Aug 26 05:01:05 2025

HPL_pdgesv() end time   Tue Aug 26 05:01:06 2025

--------------------------------------------------------------------------------
||Ax-b||_oo/(eps*(||A||_oo*||x||_oo+||b||_oo)*N)=   2.88161081e-03 ...... PASSED
================================================================================
T/V                N    NB     P     Q               Time                 Gflops
--------------------------------------------------------------------------------
WR12R2L2        6000   128     3     3               0.51             2.8359e+02
HPL_pdgesv() start time Tue Aug 26 05:01:06 2025

HPL_pdgesv() end time   Tue Aug 26 05:01:07 2025

--------------------------------------------------------------------------------
||Ax-b||_oo/(eps*(||A||_oo*||x||_oo+||b||_oo)*N)=   2.78623756e-03 ...... PASSED
================================================================================
T/V                N    NB     P     Q               Time                 Gflops
--------------------------------------------------------------------------------
WR12R2L4        6000   128     3     3               0.51             2.8437e+02
HPL_pdgesv() start time Tue Aug 26 05:01:07 2025

HPL_pdgesv() end time   Tue Aug 26 05:01:08 2025

--------------------------------------------------------------------------------
||Ax-b||_oo/(eps*(||A||_oo*||x||_oo+||b||_oo)*N)=   2.42950813e-03 ...... PASSED
================================================================================
T/V                N    NB     P     Q               Time                 Gflops
--------------------------------------------------------------------------------
WR12R2C2        6000   128     3     3               0.51             2.8339e+02
HPL_pdgesv() start time Tue Aug 26 05:01:08 2025

HPL_pdgesv() end time   Tue Aug 26 05:01:08 2025

--------------------------------------------------------------------------------
||Ax-b||_oo/(eps*(||A||_oo*||x||_oo+||b||_oo)*N)=   3.05729838e-03 ...... PASSED
================================================================================
T/V                N    NB     P     Q               Time                 Gflops
--------------------------------------------------------------------------------
WR12R2C4        6000   128     3     3               0.51             2.8439e+02
HPL_pdgesv() start time Tue Aug 26 05:01:09 2025

HPL_pdgesv() end time   Tue Aug 26 05:01:09 2025

--------------------------------------------------------------------------------
||Ax-b||_oo/(eps*(||A||_oo*||x||_oo+||b||_oo)*N)=   2.49208637e-03 ...... PASSED
================================================================================
T/V                N    NB     P     Q               Time                 Gflops
--------------------------------------------------------------------------------
WR12R2R2        6000   128     3     3               0.51             2.8516e+02
HPL_pdgesv() start time Tue Aug 26 05:01:09 2025

HPL_pdgesv() end time   Tue Aug 26 05:01:10 2025

--------------------------------------------------------------------------------
||Ax-b||_oo/(eps*(||A||_oo*||x||_oo+||b||_oo)*N)=   2.68249823e-03 ...... PASSED
================================================================================
T/V                N    NB     P     Q               Time                 Gflops
--------------------------------------------------------------------------------
WR12R2R4        6000   128     3     3               0.51             2.8422e+02
HPL_pdgesv() start time Tue Aug 26 05:01:10 2025

HPL_pdgesv() end time   Tue Aug 26 05:01:11 2025

--------------------------------------------------------------------------------
||Ax-b||_oo/(eps*(||A||_oo*||x||_oo+||b||_oo)*N)=   2.72131682e-03 ...... PASSED
================================================================================

Finished    162 tests with the following results:
            162 tests completed and passed residual checks,
              0 tests completed and failed residual checks,
              0 tests skipped because of illegal input values.
--------------------------------------------------------------------------------

End of Tests.
================================================================================
