[node1:1591864:1:1591906]      cma_ep.c:85   process_vm_writev(pid=1591866 {0x761053a00000,524288}-->{0x725cd7400000,524288}) returned -1: Bad address
==== backtrace (tid:1591906) ====
 0  /usr/lib/x86_64-linux-gnu/libucs.so.0(ucs_handle_error+0x2ec) [0x7610b6ac964c]
 1  /usr/lib/x86_64-linux-gnu/libucs.so.0(ucs_fatal_error_message+0xb2) [0x7610b6ac97f2]
 2  /usr/lib/x86_64-linux-gnu/libucs.so.0(ucs_log_default_handler+0x9d3) [0x7610b6acecc3]
 3  /usr/lib/x86_64-linux-gnu/libucs.so.0(ucs_log_dispatch+0xf6) [0x7610b6ac76d6]
 4  /usr/lib/x86_64-linux-gnu/ucx/libuct_cma.so.0(+0x3d89) [0x7610b7f89d89]
 5  /usr/lib/x86_64-linux-gnu/ucx/libuct_cma.so.0(uct_cma_ep_tx+0x2ba) [0x7610b7f8a06a]
 6  /usr/lib/x86_64-linux-gnu/libuct.so.0(uct_scopy_ep_progress_tx+0x77) [0x7610b6f4d947]
 7  /usr/lib/x86_64-linux-gnu/libucs.so.0(ucs_arbiter_dispatch_nonempty+0x119) [0x7610b6abdf09]
 8  /usr/lib/x86_64-linux-gnu/libuct.so.0(uct_scopy_iface_progress+0x88) [0x7610b6f59be8]
 9  /usr/lib/x86_64-linux-gnu/libucs.so.0(+0x25c18) [0x7610b6ac3c18]
10  /usr/lib/x86_64-linux-gnu/libucp.so.0(ucp_worker_progress+0x7a) [0x7610a48f82ca]
11  /home/hpc/hpcx/hpcx-v2.24-gcc-doca_ofed-ubuntu24.04-cuda13-x86_64/ompi/lib/libopen-pal.so.40(opal_progress+0x34) [0x7610e6f20314]
12  /home/hpc/hpcx/hpcx-v2.24-gcc-doca_ofed-ubuntu24.04-cuda13-x86_64/ompi/lib/libopen-pal.so.40(ompi_sync_wait_mt+0x115) [0x7610e6f26b15]
13  /home/hpc/hpcx/hpcx-v2.24-gcc-doca_ofed-ubuntu24.04-cuda13-x86_64/ompi/lib/libmpi.so.40(ompi_request_default_wait+0x24b) [0x7610faf4b03b]
14  /home/hpc/hpcx/hpcx-v2.24-gcc-doca_ofed-ubuntu24.04-cuda13-x86_64/ompi/lib/libmpi.so.40(PMPI_Wait+0x1e) [0x7610faf77e9e]
15  ./xhpl_mxp-nvidia() [0x50eac7]
16  ./xhpl_mxp-nvidia() [0x4dc7d3]
17  ./xhpl_mxp-nvidia() [0x4df810]
18  ./xhpl_mxp-nvidia() [0x4df793]
19  ./xhpl_mxp-nvidia() [0x4df703]
20  ./xhpl_mxp-nvidia() [0x4df6bc]
21  ./xhpl_mxp-nvidia() [0x4df6a0]
22  ./xhpl_mxp-nvidia() [0x5bd493]
23  /usr/lib/x86_64-linux-gnu/libc.so.6(+0x9caa4) [0x7610b689caa4]
24  /usr/lib/x86_64-linux-gnu/libc.so.6(+0x129c6c) [0x7610b6929c6c]
=================================
[node1:1591864] *** Process received signal ***
[node1:1591864] Signal: Aborted (6)
[node1:1591864] Signal code:  (-6)
[node1:1591864] [ 0] /usr/lib/x86_64-linux-gnu/libc.so.6(+0x45330)[0x7610b6845330]
[node1:1591864] [ 1] /usr/lib/x86_64-linux-gnu/libc.so.6(pthread_kill+0x11c)[0x7610b689eb2c]
[node1:1591864] [ 2] /usr/lib/x86_64-linux-gnu/libc.so.6(gsignal+0x1e)[0x7610b684527e]
[node1:1591864] [ 3] /usr/lib/x86_64-linux-gnu/libc.so.6(abort+0xdf)[0x7610b68288ff]
[node1:1591864] [ 4] /usr/lib/x86_64-linux-gnu/libucs.so.0(+0x2b7f7)[0x7610b6ac97f7]
[node1:1591864] [ 5] /usr/lib/x86_64-linux-gnu/libucs.so.0(ucs_log_default_handler+0x9d3)[0x7610b6acecc3]
[node1:1591864] [ 6] /usr/lib/x86_64-linux-gnu/libucs.so.0(ucs_log_dispatch+0xf6)[0x7610b6ac76d6]
[node1:1591864] [ 7] /usr/lib/x86_64-linux-gnu/ucx/libuct_cma.so.0(+0x3d89)[0x7610b7f89d89]
[node1:1591864] [ 8] /usr/lib/x86_64-linux-gnu/ucx/libuct_cma.so.0(uct_cma_ep_tx+0x2ba)[0x7610b7f8a06a]
[node1:1591864] [ 9] /usr/lib/x86_64-linux-gnu/libuct.so.0(uct_scopy_ep_progress_tx+0x77)[0x7610b6f4d947]
[node1:1591864] [10] /usr/lib/x86_64-linux-gnu/libucs.so.0(ucs_arbiter_dispatch_nonempty+0x119)[0x7610b6abdf09]
[node1:1591864] [11] /usr/lib/x86_64-linux-gnu/libuct.so.0(uct_scopy_iface_progress+0x88)[0x7610b6f59be8]
[node1:1591864] [12] /usr/lib/x86_64-linux-gnu/libucs.so.0(+0x25c18)[0x7610b6ac3c18]
[node1:1591864] [13] /usr/lib/x86_64-linux-gnu/libucp.so.0(ucp_worker_progress+0x7a)[0x7610a48f82ca]
[node1:1591864] [14] /home/hpc/hpcx/hpcx-v2.24-gcc-doca_ofed-ubuntu24.04-cuda13-x86_64/ompi/lib/libopen-pal.so.40(opal_progress+0x34)[0x7610e6f20314]
[node1:1591864] [15] /home/hpc/hpcx/hpcx-v2.24-gcc-doca_ofed-ubuntu24.04-cuda13-x86_64/ompi/lib/libopen-pal.so.40(ompi_sync_wait_mt+0x115)[0x7610e6f26b15]
[node1:1591864] [16] /home/hpc/hpcx/hpcx-v2.24-gcc-doca_ofed-ubuntu24.04-cuda13-x86_64/ompi/lib/libmpi.so.40(ompi_request_default_wait+0x24b)[0x7610faf4b03b]
[node1:1591864] [17] /home/hpc/hpcx/hpcx-v2.24-gcc-doca_ofed-ubuntu24.04-cuda13-x86_64/ompi/lib/libmpi.so.40(PMPI_Wait+0x1e)[0x7610faf77e9e]
[node1:1591864] [18] ./xhpl_mxp-nvidia[0x50eac7]
[node1:1591864] [19] ./xhpl_mxp-nvidia[0x4dc7d3]
[node1:1591864] [20] ./xhpl_mxp-nvidia[0x4df810]
[node1:1591864] [21] ./xhpl_mxp-nvidia[0x4df793]
[node1:1591864] [22] ./xhpl_mxp-nvidia[0x4df703]
[node1:1591864] [23] ./xhpl_mxp-nvidia[0x4df6bc]
[node1:1591864] [24] ./xhpl_mxp-nvidia[0x4df6a0]
[node1:1591864] [25] ./xhpl_mxp-nvidia[0x5bd493]
[node1:1591864] [26] /usr/lib/x86_64-linux-gnu/libc.so.6(+0x9caa4)[0x7610b689caa4]
[node1:1591864] [27] /usr/lib/x86_64-linux-gnu/libc.so.6(+0x129c6c)[0x7610b6929c6c]
[node1:1591864] *** End of error message ***
[node1:1591863:1:1591902]      cma_ep.c:85   process_vm_writev(pid=1591865 {0x7d538f400000,524288}-->{0x73ca4ba00000,524288}) returned -1: Bad address
==== backtrace (tid:1591902) ====
 0  /usr/lib/x86_64-linux-gnu/libucs.so.0(ucs_handle_error+0x2ec) [0x7d53fa9b764c]
 1  /usr/lib/x86_64-linux-gnu/libucs.so.0(ucs_fatal_error_message+0xb2) [0x7d53fa9b77f2]
 2  /usr/lib/x86_64-linux-gnu/libucs.so.0(ucs_log_default_handler+0x9d3) [0x7d53fa9bccc3]
 3  /usr/lib/x86_64-linux-gnu/libucs.so.0(ucs_log_dispatch+0xf6) [0x7d53fa9b56d6]
 4  /usr/lib/x86_64-linux-gnu/ucx/libuct_cma.so.0(+0x3d89) [0x7d53fa987d89]
 5  /usr/lib/x86_64-linux-gnu/ucx/libuct_cma.so.0(uct_cma_ep_tx+0x2ba) [0x7d53fa98806a]
 6  /usr/lib/x86_64-linux-gnu/libuct.so.0(uct_scopy_ep_progress_tx+0x77) [0x7d53f994d947]
 7  /usr/lib/x86_64-linux-gnu/libucs.so.0(ucs_arbiter_dispatch_nonempty+0x119) [0x7d53fa9abf09]
 8  /usr/lib/x86_64-linux-gnu/libuct.so.0(uct_scopy_iface_progress+0x88) [0x7d53f9959be8]
 9  /usr/lib/x86_64-linux-gnu/libucs.so.0(+0x25c18) [0x7d53fa9b1c18]
10  /usr/lib/x86_64-linux-gnu/libucp.so.0(ucp_worker_progress+0x7a) [0x7d53e72f82ca]
11  /home/hpc/hpcx/hpcx-v2.24-gcc-doca_ofed-ubuntu24.04-cuda13-x86_64/ompi/lib/libopen-pal.so.40(opal_progress+0x34) [0x7d5429920314]
12  /home/hpc/hpcx/hpcx-v2.24-gcc-doca_ofed-ubuntu24.04-cuda13-x86_64/ompi/lib/libopen-pal.so.40(ompi_sync_wait_mt+0x115) [0x7d5429926b15]
13  /home/hpc/hpcx/hpcx-v2.24-gcc-doca_ofed-ubuntu24.04-cuda13-x86_64/ompi/lib/libmpi.so.40(ompi_request_default_wait+0x24b) [0x7d543d99703b]
14  /home/hpc/hpcx/hpcx-v2.24-gcc-doca_ofed-ubuntu24.04-cuda13-x86_64/ompi/lib/libmpi.so.40(PMPI_Wait+0x1e) [0x7d543d9c3e9e]
15  ./xhpl_mxp-nvidia() [0x50eac7]
16  ./xhpl_mxp-nvidia() [0x4dc7d3]
17  ./xhpl_mxp-nvidia() [0x4df810]
18  ./xhpl_mxp-nvidia() [0x4df793]
19  ./xhpl_mxp-nvidia() [0x4df703]
20  ./xhpl_mxp-nvidia() [0x4df6bc]
21  ./xhpl_mxp-nvidia() [0x4df6a0]
22  ./xhpl_mxp-nvidia() [0x5bd493]
23  /usr/lib/x86_64-linux-gnu/libc.so.6(+0x9caa4) [0x7d53f929caa4]
24  /usr/lib/x86_64-linux-gnu/libc.so.6(+0x129c6c) [0x7d53f9329c6c]
=================================
[node1:1591863] *** Process received signal ***
[node1:1591863] Signal: Aborted (6)
[node1:1591863] Signal code:  (-6)
[node1:1591863] [ 0] /usr/lib/x86_64-linux-gnu/libc.so.6(+0x45330)[0x7d53f9245330]
[node1:1591863] [ 1] /usr/lib/x86_64-linux-gnu/libc.so.6(pthread_kill+0x11c)[0x7d53f929eb2c]
[node1:1591863] [ 2] /usr/lib/x86_64-linux-gnu/libc.so.6(gsignal+0x1e)[0x7d53f924527e]
[node1:1591863] [ 3] /usr/lib/x86_64-linux-gnu/libc.so.6(abort+0xdf)[0x7d53f92288ff]
[node1:1591863] [ 4] /usr/lib/x86_64-linux-gnu/libucs.so.0(+0x2b7f7)[0x7d53fa9b77f7]
[node1:1591863] [ 5] /usr/lib/x86_64-linux-gnu/libucs.so.0(ucs_log_default_handler+0x9d3)[0x7d53fa9bccc3]
[node1:1591863] [ 6] /usr/lib/x86_64-linux-gnu/libucs.so.0(ucs_log_dispatch+0xf6)[0x7d53fa9b56d6]
[node1:1591863] [ 7] /usr/lib/x86_64-linux-gnu/ucx/libuct_cma.so.0(+0x3d89)[0x7d53fa987d89]
[node1:1591863] [ 8] /usr/lib/x86_64-linux-gnu/ucx/libuct_cma.so.0(uct_cma_ep_tx+0x2ba)[0x7d53fa98806a]
[node1:1591863] [ 9] /usr/lib/x86_64-linux-gnu/libuct.so.0(uct_scopy_ep_progress_tx+0x77)[0x7d53f994d947]
[node1:1591863] [10] /usr/lib/x86_64-linux-gnu/libucs.so.0(ucs_arbiter_dispatch_nonempty+0x119)[0x7d53fa9abf09]
[node1:1591863] [11] /usr/lib/x86_64-linux-gnu/libuct.so.0(uct_scopy_iface_progress+0x88)[0x7d53f9959be8]
[node1:1591863] [12] /usr/lib/x86_64-linux-gnu/libucs.so.0(+0x25c18)[0x7d53fa9b1c18]
[node1:1591863] [13] /usr/lib/x86_64-linux-gnu/libucp.so.0(ucp_worker_progress+0x7a)[0x7d53e72f82ca]
[node1:1591863] [14] /home/hpc/hpcx/hpcx-v2.24-gcc-doca_ofed-ubuntu24.04-cuda13-x86_64/ompi/lib/libopen-pal.so.40(opal_progress+0x34)[0x7d5429920314]
[node1:1591863] [15] /home/hpc/hpcx/hpcx-v2.24-gcc-doca_ofed-ubuntu24.04-cuda13-x86_64/ompi/lib/libopen-pal.so.40(ompi_sync_wait_mt+0x115)[0x7d5429926b15]
[node1:1591863] [16] /home/hpc/hpcx/hpcx-v2.24-gcc-doca_ofed-ubuntu24.04-cuda13-x86_64/ompi/lib/libmpi.so.40(ompi_request_default_wait+0x24b)[0x7d543d99703b]
[node1:1591863] [17] /home/hpc/hpcx/hpcx-v2.24-gcc-doca_ofed-ubuntu24.04-cuda13-x86_64/ompi/lib/libmpi.so.40(PMPI_Wait+0x1e)[0x7d543d9c3e9e]
[node1:1591863] [18] ./xhpl_mxp-nvidia[0x50eac7]
[node1:1591863] [19] ./xhpl_mxp-nvidia[0x4dc7d3]
[node1:1591863] [20] ./xhpl_mxp-nvidia[0x4df810]
[node1:1591863] [21] ./xhpl_mxp-nvidia[0x4df793]
[node1:1591863] [22] ./xhpl_mxp-nvidia[0x4df703]
[node1:1591863] [23] ./xhpl_mxp-nvidia[0x4df6bc]
[node1:1591863] [24] ./xhpl_mxp-nvidia[0x4df6a0]
[node1:1591863] [25] ./xhpl_mxp-nvidia[0x5bd493]
[node1:1591863] [26] /usr/lib/x86_64-linux-gnu/libc.so.6(+0x9caa4)[0x7d53f929caa4]
[node1:1591863] [27] /usr/lib/x86_64-linux-gnu/libc.so.6(+0x129c6c)[0x7d53f9329c6c]
[node1:1591863] *** End of error message ***
--------------------------------------------------------------------------
Primary job  terminated normally, but 1 process returned
a non-zero exit code. Per user-direction, the job has been aborted.
--------------------------------------------------------------------------
--------------------------------------------------------------------------
mpirun noticed that process rank 1 with PID 1591864 on node node1 exited on signal 6 (Aborted).
--------------------------------------------------------------------------
