[node1:1594077:1:1594124]      cma_ep.c:85   process_vm_writev(pid=1594079 {0x796a94400000,524288}-->{0x78e8e4400000,524288}) returned -1: Bad address
==== backtrace (tid:1594124) ====
 0  /usr/lib/x86_64-linux-gnu/libucs.so.0(ucs_handle_error+0x2ec) [0x796af70c964c]
 1  /usr/lib/x86_64-linux-gnu/libucs.so.0(ucs_fatal_error_message+0xb2) [0x796af70c97f2]
 2  /usr/lib/x86_64-linux-gnu/libucs.so.0(ucs_log_default_handler+0x9d3) [0x796af70cecc3]
 3  /usr/lib/x86_64-linux-gnu/libucs.so.0(ucs_log_dispatch+0xf6) [0x796af70c76d6]
 4  /usr/lib/x86_64-linux-gnu/ucx/libuct_cma.so.0(+0x3d89) [0x796af7534d89]
 5  /usr/lib/x86_64-linux-gnu/ucx/libuct_cma.so.0(uct_cma_ep_tx+0x2ba) [0x796af753506a]
 6  /usr/lib/x86_64-linux-gnu/libuct.so.0(uct_scopy_ep_progress_tx+0x77) [0x796af754d947]
 7  /usr/lib/x86_64-linux-gnu/libucs.so.0(ucs_arbiter_dispatch_nonempty+0x119) [0x796af70bdf09]
 8  /usr/lib/x86_64-linux-gnu/libuct.so.0(uct_scopy_iface_progress+0x88) [0x796af7559be8]
 9  /usr/lib/x86_64-linux-gnu/libucs.so.0(+0x25c18) [0x796af70c3c18]
10  /usr/lib/x86_64-linux-gnu/libucp.so.0(ucp_worker_progress+0x7a) [0x796ae4ef82ca]
11  /home/hpc/hpcx/hpcx-v2.24-gcc-doca_ofed-ubuntu24.04-cuda13-x86_64/ompi/lib/libopen-pal.so.40(opal_progress+0x34) [0x796b27520314]
12  /home/hpc/hpcx/hpcx-v2.24-gcc-doca_ofed-ubuntu24.04-cuda13-x86_64/ompi/lib/libopen-pal.so.40(ompi_sync_wait_mt+0x115) [0x796b27526b15]
13  /home/hpc/hpcx/hpcx-v2.24-gcc-doca_ofed-ubuntu24.04-cuda13-x86_64/ompi/lib/libmpi.so.40(ompi_request_default_wait+0x24b) [0x796b3b53703b]
14  /home/hpc/hpcx/hpcx-v2.24-gcc-doca_ofed-ubuntu24.04-cuda13-x86_64/ompi/lib/libmpi.so.40(PMPI_Wait+0x1e) [0x796b3b563e9e]
15  ./xhpl_mxp-nvidia() [0x50eac7]
16  ./xhpl_mxp-nvidia() [0x4dc7d3]
17  ./xhpl_mxp-nvidia() [0x4df810]
18  ./xhpl_mxp-nvidia() [0x4df793]
19  ./xhpl_mxp-nvidia() [0x4df703]
20  ./xhpl_mxp-nvidia() [0x4df6bc]
21  ./xhpl_mxp-nvidia() [0x4df6a0]
22  ./xhpl_mxp-nvidia() [0x5bd493]
23  /usr/lib/x86_64-linux-gnu/libc.so.6(+0x9caa4) [0x796af6e9caa4]
24  /usr/lib/x86_64-linux-gnu/libc.so.6(+0x129c6c) [0x796af6f29c6c]
=================================
[node1:1594077] *** Process received signal ***
[node1:1594077] Signal: Aborted (6)
[node1:1594077] Signal code:  (-6)
[node1:1594077] [ 0] /usr/lib/x86_64-linux-gnu/libc.so.6(+0x45330)[0x796af6e45330]
[node1:1594077] [ 1] /usr/lib/x86_64-linux-gnu/libc.so.6(pthread_kill+0x11c)[0x796af6e9eb2c]
[node1:1594077] [ 2] /usr/lib/x86_64-linux-gnu/libc.so.6(gsignal+0x1e)[0x796af6e4527e]
[node1:1594077] [ 3] /usr/lib/x86_64-linux-gnu/libc.so.6(abort+0xdf)[0x796af6e288ff]
[node1:1594077] [ 4] /usr/lib/x86_64-linux-gnu/libucs.so.0(+0x2b7f7)[0x796af70c97f7]
[node1:1594077] [ 5] /usr/lib/x86_64-linux-gnu/libucs.so.0(ucs_log_default_handler+0x9d3)[0x796af70cecc3]
[node1:1594077] [ 6] /usr/lib/x86_64-linux-gnu/libucs.so.0(ucs_log_dispatch+0xf6)[0x796af70c76d6]
[node1:1594077] [ 7] /usr/lib/x86_64-linux-gnu/ucx/libuct_cma.so.0(+0x3d89)[0x796af7534d89]
[node1:1594077] [node1:1594078:1:1594120]      cma_ep.c:85   process_vm_writev(pid=1594080 {0x78cce8400000,524288}-->{0x7c3014400000,524288}) returned -1: Bad address
[ 8] /usr/lib/x86_64-linux-gnu/ucx/libuct_cma.so.0(uct_cma_ep_tx+0x2ba)[0x796af753506a]
[node1:1594077] [ 9] /usr/lib/x86_64-linux-gnu/libuct.so.0(uct_scopy_ep_progress_tx+0x77)[0x796af754d947]
[node1:1594077] [10] /usr/lib/x86_64-linux-gnu/libucs.so.0(ucs_arbiter_dispatch_nonempty+0x119)[0x796af70bdf09]
[node1:1594077] [11] /usr/lib/x86_64-linux-gnu/libuct.so.0(uct_scopy_iface_progress+0x88)[0x796af7559be8]
[node1:1594077] [12] /usr/lib/x86_64-linux-gnu/libucs.so.0(+0x25c18)[0x796af70c3c18]
[node1:1594077] [13] /usr/lib/x86_64-linux-gnu/libucp.so.0(ucp_worker_progress+0x7a)[0x796ae4ef82ca]
[node1:1594077] [14] /home/hpc/hpcx/hpcx-v2.24-gcc-doca_ofed-ubuntu24.04-cuda13-x86_64/ompi/lib/libopen-pal.so.40(opal_progress+0x34)[0x796b27520314]
[node1:1594077] [15] /home/hpc/hpcx/hpcx-v2.24-gcc-doca_ofed-ubuntu24.04-cuda13-x86_64/ompi/lib/libopen-pal.so.40(ompi_sync_wait_mt+0x115)[0x796b27526b15]
[node1:1594077] [16] /home/hpc/hpcx/hpcx-v2.24-gcc-doca_ofed-ubuntu24.04-cuda13-x86_64/ompi/lib/libmpi.so.40(ompi_request_default_wait+0x24b)[0x796b3b53703b]
[node1:1594077] [17] /home/hpc/hpcx/hpcx-v2.24-gcc-doca_ofed-ubuntu24.04-cuda13-x86_64/ompi/lib/libmpi.so.40(PMPI_Wait+0x1e)[0x796b3b563e9e]
[node1:1594077] [18] ./xhpl_mxp-nvidia[0x50eac7]
[node1:1594077] [19] ./xhpl_mxp-nvidia[0x4dc7d3]
[node1:1594077] [20] ./xhpl_mxp-nvidia[0x4df810]
[node1:1594077] [21] ./xhpl_mxp-nvidia[0x4df793]
[node1:1594077] [22] ./xhpl_mxp-nvidia[0x4df703]
[node1:1594077] [23] ./xhpl_mxp-nvidia[0x4df6bc]
[node1:1594077] [24] ./xhpl_mxp-nvidia[0x4df6a0]
[node1:1594077] [25] ./xhpl_mxp-nvidia[0x5bd493]
[node1:1594077] [26] /usr/lib/x86_64-linux-gnu/libc.so.6(+0x9caa4)[0x796af6e9caa4]
[node1:1594077] [27] /usr/lib/x86_64-linux-gnu/libc.so.6(+0x129c6c)[0x796af6f29c6c]
[node1:1594077] *** End of error message ***
==== backtrace (tid:1594120) ====
 0  /usr/lib/x86_64-linux-gnu/libucs.so.0(ucs_handle_error+0x2ec) [0x78cd430c964c]
 1  /usr/lib/x86_64-linux-gnu/libucs.so.0(ucs_fatal_error_message+0xb2) [0x78cd430c97f2]
 2  /usr/lib/x86_64-linux-gnu/libucs.so.0(ucs_log_default_handler+0x9d3) [0x78cd430cecc3]
 3  /usr/lib/x86_64-linux-gnu/libucs.so.0(ucs_log_dispatch+0xf6) [0x78cd430c76d6]
 4  /usr/lib/x86_64-linux-gnu/ucx/libuct_cma.so.0(+0x3d89) [0x78cd43525d89]
 5  /usr/lib/x86_64-linux-gnu/ucx/libuct_cma.so.0(uct_cma_ep_tx+0x2ba) [0x78cd4352606a]
 6  /usr/lib/x86_64-linux-gnu/libuct.so.0(uct_scopy_ep_progress_tx+0x77) [0x78cd4306c947]
 7  /usr/lib/x86_64-linux-gnu/libucs.so.0(ucs_arbiter_dispatch_nonempty+0x119) [0x78cd430bdf09]
 8  /usr/lib/x86_64-linux-gnu/libuct.so.0(uct_scopy_iface_progress+0x88) [0x78cd43078be8]
 9  /usr/lib/x86_64-linux-gnu/libucs.so.0(+0x25c18) [0x78cd430c3c18]
10  /usr/lib/x86_64-linux-gnu/libucp.so.0(ucp_worker_progress+0x7a) [0x78cd30ef82ca]
11  /home/hpc/hpcx/hpcx-v2.24-gcc-doca_ofed-ubuntu24.04-cuda13-x86_64/ompi/lib/libopen-pal.so.40(opal_progress+0x34) [0x78cd73520314]
12  /home/hpc/hpcx/hpcx-v2.24-gcc-doca_ofed-ubuntu24.04-cuda13-x86_64/ompi/lib/libopen-pal.so.40(ompi_sync_wait_mt+0x115) [0x78cd73526b15]
13  /home/hpc/hpcx/hpcx-v2.24-gcc-doca_ofed-ubuntu24.04-cuda13-x86_64/ompi/lib/libmpi.so.40(ompi_request_default_wait+0x24b) [0x78cd7bf3203b]
14  /home/hpc/hpcx/hpcx-v2.24-gcc-doca_ofed-ubuntu24.04-cuda13-x86_64/ompi/lib/libmpi.so.40(PMPI_Wait+0x1e) [0x78cd7bf5ee9e]
15  ./xhpl_mxp-nvidia() [0x50eac7]
16  ./xhpl_mxp-nvidia() [0x4dc7d3]
17  ./xhpl_mxp-nvidia() [0x4df810]
18  ./xhpl_mxp-nvidia() [0x4df793]
19  ./xhpl_mxp-nvidia() [0x4df703]
20  ./xhpl_mxp-nvidia() [0x4df6bc]
21  ./xhpl_mxp-nvidia() [0x4df6a0]
22  ./xhpl_mxp-nvidia() [0x5bd493]
23  /usr/lib/x86_64-linux-gnu/libc.so.6(+0x9caa4) [0x78cd42e9caa4]
24  /usr/lib/x86_64-linux-gnu/libc.so.6(+0x129c6c) [0x78cd42f29c6c]
=================================
[node1:1594078] *** Process received signal ***
[node1:1594078] Signal: Aborted (6)
[node1:1594078] Signal code:  (-6)
[node1:1594078] [ 0] /usr/lib/x86_64-linux-gnu/libc.so.6(+0x45330)[0x78cd42e45330]
[node1:1594078] [ 1] /usr/lib/x86_64-linux-gnu/libc.so.6(pthread_kill+0x11c)[0x78cd42e9eb2c]
[node1:1594078] [ 2] /usr/lib/x86_64-linux-gnu/libc.so.6(gsignal+0x1e)[0x78cd42e4527e]
[node1:1594078] [ 3] /usr/lib/x86_64-linux-gnu/libc.so.6(abort+0xdf)[0x78cd42e288ff]
[node1:1594078] [ 4] /usr/lib/x86_64-linux-gnu/libucs.so.0(+0x2b7f7)[0x78cd430c97f7]
[node1:1594078] [ 5] /usr/lib/x86_64-linux-gnu/libucs.so.0(ucs_log_default_handler+0x9d3)[0x78cd430cecc3]
[node1:1594078] [ 6] /usr/lib/x86_64-linux-gnu/libucs.so.0(ucs_log_dispatch+0xf6)[0x78cd430c76d6]
[node1:1594078] [ 7] /usr/lib/x86_64-linux-gnu/ucx/libuct_cma.so.0(+0x3d89)[0x78cd43525d89]
[node1:1594078] [ 8] /usr/lib/x86_64-linux-gnu/ucx/libuct_cma.so.0(uct_cma_ep_tx+0x2ba)[0x78cd4352606a]
[node1:1594078] [ 9] /usr/lib/x86_64-linux-gnu/libuct.so.0(uct_scopy_ep_progress_tx+0x77)[0x78cd4306c947]
[node1:1594078] [10] /usr/lib/x86_64-linux-gnu/libucs.so.0(ucs_arbiter_dispatch_nonempty+0x119)[0x78cd430bdf09]
[node1:1594078] [11] /usr/lib/x86_64-linux-gnu/libuct.so.0(uct_scopy_iface_progress+0x88)[0x78cd43078be8]
[node1:1594078] [12] /usr/lib/x86_64-linux-gnu/libucs.so.0(+0x25c18)[0x78cd430c3c18]
[node1:1594078] [13] /usr/lib/x86_64-linux-gnu/libucp.so.0(ucp_worker_progress+0x7a)[0x78cd30ef82ca]
[node1:1594078] [14] /home/hpc/hpcx/hpcx-v2.24-gcc-doca_ofed-ubuntu24.04-cuda13-x86_64/ompi/lib/libopen-pal.so.40(opal_progress+0x34)[0x78cd73520314]
[node1:1594078] [15] /home/hpc/hpcx/hpcx-v2.24-gcc-doca_ofed-ubuntu24.04-cuda13-x86_64/ompi/lib/libopen-pal.so.40(ompi_sync_wait_mt+0x115)[0x78cd73526b15]
[node1:1594078] [16] /home/hpc/hpcx/hpcx-v2.24-gcc-doca_ofed-ubuntu24.04-cuda13-x86_64/ompi/lib/libmpi.so.40(ompi_request_default_wait+0x24b)[0x78cd7bf3203b]
[node1:1594078] [17] /home/hpc/hpcx/hpcx-v2.24-gcc-doca_ofed-ubuntu24.04-cuda13-x86_64/ompi/lib/libmpi.so.40(PMPI_Wait+0x1e)[0x78cd7bf5ee9e]
[node1:1594078] [18] ./xhpl_mxp-nvidia[0x50eac7]
[node1:1594078] [19] ./xhpl_mxp-nvidia[0x4dc7d3]
[node1:1594078] [20] ./xhpl_mxp-nvidia[0x4df810]
[node1:1594078] [21] ./xhpl_mxp-nvidia[0x4df793]
[node1:1594078] [22] ./xhpl_mxp-nvidia[0x4df703]
[node1:1594078] [23] ./xhpl_mxp-nvidia[0x4df6bc]
[node1:1594078] [24] ./xhpl_mxp-nvidia[0x4df6a0]
[node1:1594078] [25] ./xhpl_mxp-nvidia[0x5bd493]
[node1:1594078] [26] /usr/lib/x86_64-linux-gnu/libc.so.6(+0x9caa4)[0x78cd42e9caa4]
[node1:1594078] [27] /usr/lib/x86_64-linux-gnu/libc.so.6(+0x129c6c)[0x78cd42f29c6c]
[node1:1594078] *** End of error message ***
--------------------------------------------------------------------------
Primary job  terminated normally, but 1 process returned
a non-zero exit code. Per user-direction, the job has been aborted.
--------------------------------------------------------------------------
--------------------------------------------------------------------------
mpirun noticed that process rank 1 with PID 1594078 on node node1 exited on signal 6 (Aborted).
--------------------------------------------------------------------------
