[node1:1617737:1:1617776]      cma_ep.c:85   process_vm_writev(pid=1617739 {0x7b24e8400000,524288}-->{0x73b596400000,524288}) returned -1: Bad address
==== backtrace (tid:1617776) ====
 0  /usr/lib/x86_64-linux-gnu/libucs.so.0(ucs_handle_error+0x2ec) [0x7b2548caa64c]
 1  /usr/lib/x86_64-linux-gnu/libucs.so.0(ucs_fatal_error_message+0xb2) [0x7b2548caa7f2]
 2  /usr/lib/x86_64-linux-gnu/libucs.so.0(ucs_log_default_handler+0x9d3) [0x7b2548cafcc3]
 3  /usr/lib/x86_64-linux-gnu/libucs.so.0(ucs_log_dispatch+0xf6) [0x7b2548ca86d6]
 4  /usr/lib/x86_64-linux-gnu/ucx/libuct_cma.so.0(+0x3d89) [0x7b2549123d89]
 5  /usr/lib/x86_64-linux-gnu/ucx/libuct_cma.so.0(uct_cma_ep_tx+0x2ba) [0x7b254912406a]
 6  /usr/lib/x86_64-linux-gnu/libuct.so.0(uct_scopy_ep_progress_tx+0x77) [0x7b2548c4d947]
 7  /usr/lib/x86_64-linux-gnu/libucs.so.0(ucs_arbiter_dispatch_nonempty+0x119) [0x7b2548c9ef09]
 8  /usr/lib/x86_64-linux-gnu/libuct.so.0(uct_scopy_iface_progress+0x88) [0x7b2548c59be8]
 9  /usr/lib/x86_64-linux-gnu/libucs.so.0(+0x25c18) [0x7b2548ca4c18]
10  /usr/lib/x86_64-linux-gnu/libucp.so.0(ucp_worker_progress+0x7a) [0x7b25336f82ca]
11  /home/hpc/hpcx/hpcx-v2.24-gcc-doca_ofed-ubuntu24.04-cuda13-x86_64/ompi/lib/libopen-pal.so.40(opal_progress+0x34) [0x7b2548d20314]
12  /home/hpc/hpcx/hpcx-v2.24-gcc-doca_ofed-ubuntu24.04-cuda13-x86_64/ompi/lib/libopen-pal.so.40(ompi_sync_wait_mt+0x115) [0x7b2548d26b15]
13  /home/hpc/hpcx/hpcx-v2.24-gcc-doca_ofed-ubuntu24.04-cuda13-x86_64/ompi/lib/libmpi.so.40(ompi_request_default_wait+0x24b) [0x7b2581b2603b]
14  /home/hpc/hpcx/hpcx-v2.24-gcc-doca_ofed-ubuntu24.04-cuda13-x86_64/ompi/lib/libmpi.so.40(PMPI_Wait+0x1e) [0x7b2581b52e9e]
15  ./xhpl_mxp-nvidia() [0x50eac7]
16  ./xhpl_mxp-nvidia() [0x4dc7d3]
17  ./xhpl_mxp-nvidia() [0x4df810]
18  ./xhpl_mxp-nvidia() [0x4df793]
19  ./xhpl_mxp-nvidia() [0x4df703]
20  ./xhpl_mxp-nvidia() [0x4df6bc]
21  ./xhpl_mxp-nvidia() [0x4df6a0]
22  ./xhpl_mxp-nvidia() [0x5bd493]
23  /usr/lib/x86_64-linux-gnu/libc.so.6(+0x9caa4) [0x7b2548a9caa4]
24  /usr/lib/x86_64-linux-gnu/libc.so.6(+0x129c6c) [0x7b2548b29c6c]
=================================
[node1:1617737] *** Process received signal ***
[node1:1617737] Signal: Aborted (6)
[node1:1617737] Signal code:  (-6)
[node1:1617737] [ 0] /usr/lib/x86_64-linux-gnu/libc.so.6(+0x45330)[0x7b2548a45330]
[node1:1617737] [ 1] /usr/lib/x86_64-linux-gnu/libc.so.6(pthread_kill+0x11c)[0x7b2548a9eb2c]
[node1:1617737] [ 2] /usr/lib/x86_64-linux-gnu/libc.so.6(gsignal+0x1e)[0x7b2548a4527e]
[node1:1617737] [ 3] /usr/lib/x86_64-linux-gnu/libc.so.6(abort+0xdf)[0x7b2548a288ff]
[node1:1617737] [ 4] /usr/lib/x86_64-linux-gnu/libucs.so.0(+0x2b7f7)[0x7b2548caa7f7]
[node1:1617737] [ 5] /usr/lib/x86_64-linux-gnu/libucs.so.0(ucs_log_default_handler+0x9d3)[0x7b2548cafcc3]
[node1:1617737] [ 6] /usr/lib/x86_64-linux-gnu/libucs.so.0(ucs_log_dispatch+0xf6)[0x7b2548ca86d6]
[node1:1617737] [ 7] /usr/lib/x86_64-linux-gnu/ucx/libuct_cma.so.0(+0x3d89)[0x7b2549123d89]
[node1:1617737] [ 8] /usr/lib/x86_64-linux-gnu/ucx/libuct_cma.so.0(uct_cma_ep_tx+0x2ba)[0x7b254912406a]
[node1:1617737] [ 9] /usr/lib/x86_64-linux-gnu/libuct.so.0(uct_scopy_ep_progress_tx+0x77)[0x7b2548c4d947]
[node1:1617737] [10] /usr/lib/x86_64-linux-gnu/libucs.so.0(ucs_arbiter_dispatch_nonempty+0x119)[0x7b2548c9ef09]
[node1:1617737] [11] /usr/lib/x86_64-linux-gnu/libuct.so.0(uct_scopy_iface_progress+0x88)[0x7b2548c59be8]
[node1:1617737] [12] /usr/lib/x86_64-linux-gnu/libucs.so.0(+0x25c18)[0x7b2548ca4c18]
[node1:1617737] [13] /usr/lib/x86_64-linux-gnu/libucp.so.0(ucp_worker_progress+0x7a)[0x7b25336f82ca]
[node1:1617737] [14] /home/hpc/hpcx/hpcx-v2.24-gcc-doca_ofed-ubuntu24.04-cuda13-x86_64/ompi/lib/libopen-pal.so.40(opal_progress+0x34)[0x7b2548d20314]
[node1:1617737] [15] /home/hpc/hpcx/hpcx-v2.24-gcc-doca_ofed-ubuntu24.04-cuda13-x86_64/ompi/lib/libopen-pal.so.40(ompi_sync_wait_mt+0x115)[0x7b2548d26b15]
[node1:1617737] [16] /home/hpc/hpcx/hpcx-v2.24-gcc-doca_ofed-ubuntu24.04-cuda13-x86_64/ompi/lib/libmpi.so.40(ompi_request_default_wait+0x24b)[0x7b2581b2603b]
[node1:1617737] [17] /home/hpc/hpcx/hpcx-v2.24-gcc-doca_ofed-ubuntu24.04-cuda13-x86_64/ompi/lib/libmpi.so.40(PMPI_Wait+0x1e)[0x7b2581b52e9e]
[node1:1617737] [18] ./xhpl_mxp-nvidia[0x50eac7]
[node1:1617737] [19] ./xhpl_mxp-nvidia[0x4dc7d3]
[node1:1617737] [20] ./xhpl_mxp-nvidia[0x4df810]
[node1:1617737] [21] ./xhpl_mxp-nvidia[0x4df793]
[node1:1617737] [22] ./xhpl_mxp-nvidia[0x4df703]
[node1:1617737] [23] ./xhpl_mxp-nvidia[0x4df6bc]
[node1:1617737] [24] ./xhpl_mxp-nvidia[0x4df6a0]
[node1:1617737] [25] ./xhpl_mxp-nvidia[0x5bd493]
[node1:1617737] [26] /usr/lib/x86_64-linux-gnu/libc.so.6(+0x9caa4)[0x7b2548a9caa4]
[node1:1617737] [27] /usr/lib/x86_64-linux-gnu/libc.so.6(+0x129c6c)[0x7b2548b29c6c]
[node1:1617737] *** End of error message ***
[node1:1617736:1:1617780]      cma_ep.c:85   process_vm_writev(pid=1617738 {0x783f48400000,524288}-->{0x748b88400000,524288}) returned -1: Bad address
==== backtrace (tid:1617780) ====
 0  /usr/lib/x86_64-linux-gnu/libucs.so.0(ucs_handle_error+0x2ec) [0x783faf0c964c]
 1  /usr/lib/x86_64-linux-gnu/libucs.so.0(ucs_fatal_error_message+0xb2) [0x783faf0c97f2]
 2  /usr/lib/x86_64-linux-gnu/libucs.so.0(ucs_log_default_handler+0x9d3) [0x783faf0cecc3]
 3  /usr/lib/x86_64-linux-gnu/libucs.so.0(ucs_log_dispatch+0xf6) [0x783faf0c76d6]
 4  /usr/lib/x86_64-linux-gnu/ucx/libuct_cma.so.0(+0x3d89) [0x783faecd6d89]
 5  /usr/lib/x86_64-linux-gnu/ucx/libuct_cma.so.0(uct_cma_ep_tx+0x2ba) [0x783faecd706a]
 6  /usr/lib/x86_64-linux-gnu/libuct.so.0(uct_scopy_ep_progress_tx+0x77) [0x783faf06c947]
 7  /usr/lib/x86_64-linux-gnu/libucs.so.0(ucs_arbiter_dispatch_nonempty+0x119) [0x783faf0bdf09]
 8  /usr/lib/x86_64-linux-gnu/libuct.so.0(uct_scopy_iface_progress+0x88) [0x783faf078be8]
 9  /usr/lib/x86_64-linux-gnu/libucs.so.0(+0x25c18) [0x783faf0c3c18]
10  /usr/lib/x86_64-linux-gnu/libucp.so.0(ucp_worker_progress+0x7a) [0x783f9cef82ca]
11  /home/hpc/hpcx/hpcx-v2.24-gcc-doca_ofed-ubuntu24.04-cuda13-x86_64/ompi/lib/libopen-pal.so.40(opal_progress+0x34) [0x783fdf520314]
12  /home/hpc/hpcx/hpcx-v2.24-gcc-doca_ofed-ubuntu24.04-cuda13-x86_64/ompi/lib/libopen-pal.so.40(ompi_sync_wait_mt+0x115) [0x783fdf526b15]
13  /home/hpc/hpcx/hpcx-v2.24-gcc-doca_ofed-ubuntu24.04-cuda13-x86_64/ompi/lib/libmpi.so.40(ompi_request_default_wait+0x24b) [0x783ff34f503b]
14  /home/hpc/hpcx/hpcx-v2.24-gcc-doca_ofed-ubuntu24.04-cuda13-x86_64/ompi/lib/libmpi.so.40(PMPI_Wait+0x1e) [0x783ff3521e9e]
15  ./xhpl_mxp-nvidia() [0x50eac7]
16  ./xhpl_mxp-nvidia() [0x4dc7d3]
17  ./xhpl_mxp-nvidia() [0x4df810]
18  ./xhpl_mxp-nvidia() [0x4df793]
19  ./xhpl_mxp-nvidia() [0x4df703]
20  ./xhpl_mxp-nvidia() [0x4df6bc]
21  ./xhpl_mxp-nvidia() [0x4df6a0]
22  ./xhpl_mxp-nvidia() [0x5bd493]
23  /usr/lib/x86_64-linux-gnu/libc.so.6(+0x9caa4) [0x783faee9caa4]
24  /usr/lib/x86_64-linux-gnu/libc.so.6(+0x129c6c) [0x783faef29c6c]
=================================
[node1:1617736] *** Process received signal ***
[node1:1617736] Signal: Aborted (6)
[node1:1617736] Signal code:  (-6)
[node1:1617736] [ 0] /usr/lib/x86_64-linux-gnu/libc.so.6(+0x45330)[0x783faee45330]
[node1:1617736] [ 1] /usr/lib/x86_64-linux-gnu/libc.so.6(pthread_kill+0x11c)[0x783faee9eb2c]
[node1:1617736] [ 2] /usr/lib/x86_64-linux-gnu/libc.so.6(gsignal+0x1e)[0x783faee4527e]
[node1:1617736] [ 3] /usr/lib/x86_64-linux-gnu/libc.so.6(abort+0xdf)[0x783faee288ff]
[node1:1617736] [ 4] /usr/lib/x86_64-linux-gnu/libucs.so.0(+0x2b7f7)[0x783faf0c97f7]
[node1:1617736] [ 5] /usr/lib/x86_64-linux-gnu/libucs.so.0(ucs_log_default_handler+0x9d3)[0x783faf0cecc3]
[node1:1617736] [ 6] /usr/lib/x86_64-linux-gnu/libucs.so.0(ucs_log_dispatch+0xf6)[0x783faf0c76d6]
[node1:1617736] [ 7] /usr/lib/x86_64-linux-gnu/ucx/libuct_cma.so.0(+0x3d89)[0x783faecd6d89]
[node1:1617736] [ 8] /usr/lib/x86_64-linux-gnu/ucx/libuct_cma.so.0(uct_cma_ep_tx+0x2ba)[0x783faecd706a]
[node1:1617736] [ 9] /usr/lib/x86_64-linux-gnu/libuct.so.0(uct_scopy_ep_progress_tx+0x77)[0x783faf06c947]
[node1:1617736] [10] /usr/lib/x86_64-linux-gnu/libucs.so.0(ucs_arbiter_dispatch_nonempty+0x119)[0x783faf0bdf09]
[node1:1617736] [11] /usr/lib/x86_64-linux-gnu/libuct.so.0(uct_scopy_iface_progress+0x88)[0x783faf078be8]
[node1:1617736] [12] /usr/lib/x86_64-linux-gnu/libucs.so.0(+0x25c18)[0x783faf0c3c18]
[node1:1617736] [13] /usr/lib/x86_64-linux-gnu/libucp.so.0(ucp_worker_progress+0x7a)[0x783f9cef82ca]
[node1:1617736] [14] /home/hpc/hpcx/hpcx-v2.24-gcc-doca_ofed-ubuntu24.04-cuda13-x86_64/ompi/lib/libopen-pal.so.40(opal_progress+0x34)[0x783fdf520314]
[node1:1617736] [15] /home/hpc/hpcx/hpcx-v2.24-gcc-doca_ofed-ubuntu24.04-cuda13-x86_64/ompi/lib/libopen-pal.so.40(ompi_sync_wait_mt+0x115)[0x783fdf526b15]
[node1:1617736] [16] /home/hpc/hpcx/hpcx-v2.24-gcc-doca_ofed-ubuntu24.04-cuda13-x86_64/ompi/lib/libmpi.so.40(ompi_request_default_wait+0x24b)[0x783ff34f503b]
[node1:1617736] [17] /home/hpc/hpcx/hpcx-v2.24-gcc-doca_ofed-ubuntu24.04-cuda13-x86_64/ompi/lib/libmpi.so.40(PMPI_Wait+0x1e)[0x783ff3521e9e]
[node1:1617736] [18] ./xhpl_mxp-nvidia[0x50eac7]
[node1:1617736] [19] ./xhpl_mxp-nvidia[0x4dc7d3]
[node1:1617736] [20] ./xhpl_mxp-nvidia[0x4df810]
[node1:1617736] [21] ./xhpl_mxp-nvidia[0x4df793]
[node1:1617736] [22] ./xhpl_mxp-nvidia[0x4df703]
[node1:1617736] [23] ./xhpl_mxp-nvidia[0x4df6bc]
[node1:1617736] [24] ./xhpl_mxp-nvidia[0x4df6a0]
[node1:1617736] [25] ./xhpl_mxp-nvidia[0x5bd493]
[node1:1617736] [26] /usr/lib/x86_64-linux-gnu/libc.so.6(+0x9caa4)[0x783faee9caa4]
[node1:1617736] [27] /usr/lib/x86_64-linux-gnu/libc.so.6(+0x129c6c)[0x783faef29c6c]
[node1:1617736] *** End of error message ***
--------------------------------------------------------------------------
Primary job  terminated normally, but 1 process returned
a non-zero exit code. Per user-direction, the job has been aborted.
--------------------------------------------------------------------------
--------------------------------------------------------------------------
mpirun noticed that process rank 1 with PID 1617737 on node node1 exited on signal 6 (Aborted).
--------------------------------------------------------------------------
