[1758674288.625607] [node2:349381:0]           ib_md.c:1190 UCX  WARN  mlx5_0: relaxed order memory access requested, but unsupported
[1758674288.625648] [node2:349380:0]           ib_md.c:1190 UCX  WARN  mlx5_0: relaxed order memory access requested, but unsupported
[1758674288.642585] [node1:442411:0]           ib_md.c:1190 UCX  WARN  mlx5_0: relaxed order memory access requested, but unsupported
[1758674288.639491] [node2:349379:0]           ib_md.c:1190 UCX  WARN  mlx5_0: relaxed order memory access requested, but unsupported
[1758674288.640377] [node2:349378:0]           ib_md.c:1190 UCX  WARN  mlx5_0: relaxed order memory access requested, but unsupported
[1758674288.638167] [node4:305060:0]           ib_md.c:1190 UCX  WARN  mlx5_0: relaxed order memory access requested, but unsupported
[1758674288.645108] [node4:305058:0]           ib_md.c:1190 UCX  WARN  mlx5_0: relaxed order memory access requested, but unsupported
[1758674288.652522] [node3:307113:0]           ib_md.c:1190 UCX  WARN  mlx5_0: relaxed order memory access requested, but unsupported
[1758674288.652722] [node4:305061:0]           ib_md.c:1190 UCX  WARN  mlx5_0: relaxed order memory access requested, but unsupported
[1758674288.670614] [node1:442408:0]           ib_md.c:1190 UCX  WARN  mlx5_0: relaxed order memory access requested, but unsupported
[1758674288.676924] [node1:442410:0]           ib_md.c:1190 UCX  WARN  mlx5_0: relaxed order memory access requested, but unsupported
[1758674288.681673] [node1:442409:0]           ib_md.c:1190 UCX  WARN  mlx5_0: relaxed order memory access requested, but unsupported
[1758674288.679338] [node4:305059:0]           ib_md.c:1190 UCX  WARN  mlx5_0: relaxed order memory access requested, but unsupported
[1758674288.688572] [node3:307116:0]           ib_md.c:1190 UCX  WARN  mlx5_0: relaxed order memory access requested, but unsupported
[1758674288.694996] [node3:307114:0]           ib_md.c:1190 UCX  WARN  mlx5_0: relaxed order memory access requested, but unsupported
[1758674288.696416] [node3:307115:0]           ib_md.c:1190 UCX  WARN  mlx5_0: relaxed order memory access requested, but unsupported
[1758674288.803346] [node4:305061:0]           ib_md.c:1190 UCX  WARN  mlx5_0: relaxed order memory access requested, but unsupported
[1758674288.808622] [node2:349378:0]           ib_md.c:1190 UCX  WARN  mlx5_0: relaxed order memory access requested, but unsupported
[1758674288.808895] [node2:349381:0]           ib_md.c:1190 UCX  WARN  mlx5_0: relaxed order memory access requested, but unsupported
[1758674288.808960] [node2:349380:0]           ib_md.c:1190 UCX  WARN  mlx5_0: relaxed order memory access requested, but unsupported
[1758674288.809173] [node2:349379:0]           ib_md.c:1190 UCX  WARN  mlx5_0: relaxed order memory access requested, but unsupported
[1758674288.806888] [node4:305060:0]           ib_md.c:1190 UCX  WARN  mlx5_0: relaxed order memory access requested, but unsupported
[1758674288.816271] [node1:442411:0]           ib_md.c:1190 UCX  WARN  mlx5_0: relaxed order memory access requested, but unsupported
[1758674288.815585] [node3:307113:0]           ib_md.c:1190 UCX  WARN  mlx5_0: relaxed order memory access requested, but unsupported
[1758674288.812607] [node4:305058:0]           ib_md.c:1190 UCX  WARN  mlx5_0: relaxed order memory access requested, but unsupported
[1758674288.812655] [node4:305059:0]           ib_md.c:1190 UCX  WARN  mlx5_0: relaxed order memory access requested, but unsupported
[1758674288.821967] [node1:442408:0]           ib_md.c:1190 UCX  WARN  mlx5_0: relaxed order memory access requested, but unsupported
[1758674288.822203] [node1:442409:0]           ib_md.c:1190 UCX  WARN  mlx5_0: relaxed order memory access requested, but unsupported
[1758674288.822407] [node1:442410:0]           ib_md.c:1190 UCX  WARN  mlx5_0: relaxed order memory access requested, but unsupported
[1758674288.817022] [node3:307116:0]           ib_md.c:1190 UCX  WARN  mlx5_0: relaxed order memory access requested, but unsupported
[1758674288.817294] [node3:307115:0]           ib_md.c:1190 UCX  WARN  mlx5_0: relaxed order memory access requested, but unsupported
[1758674288.817653] [node3:307114:0]           ib_md.c:1190 UCX  WARN  mlx5_0: relaxed order memory access requested, but unsupported
[1758674288.855537] [node4:305061:0]           ib_md.c:1190 UCX  WARN  mlx5_0: relaxed order memory access requested, but unsupported
[1758674288.860167] [node2:349378:0]           ib_md.c:1190 UCX  WARN  mlx5_0: relaxed order memory access requested, but unsupported
[1758674288.860222] [node2:349381:0]           ib_md.c:1190 UCX  WARN  mlx5_0: relaxed order memory access requested, but unsupported
[1758674288.860278] [node2:349380:0]           ib_md.c:1190 UCX  WARN  mlx5_0: relaxed order memory access requested, but unsupported
[1758674288.860440] [node2:349379:0]           ib_md.c:1190 UCX  WARN  mlx5_0: relaxed order memory access requested, but unsupported
[1758674288.861107] [node4:305060:0]           ib_md.c:1190 UCX  WARN  mlx5_0: relaxed order memory access requested, but unsupported
[1758674288.871184] [node1:442411:0]           ib_md.c:1190 UCX  WARN  mlx5_0: relaxed order memory access requested, but unsupported
[1758674288.873417] [node3:307113:0]           ib_md.c:1190 UCX  WARN  mlx5_0: relaxed order memory access requested, but unsupported
[1758674288.870526] [node4:305059:0]           ib_md.c:1190 UCX  WARN  mlx5_0: relaxed order memory access requested, but unsupported
[1758674288.879873] [node1:442409:0]           ib_md.c:1190 UCX  WARN  mlx5_0: relaxed order memory access requested, but unsupported
[1758674288.871016] [node4:305058:0]           ib_md.c:1190 UCX  WARN  mlx5_0: relaxed order memory access requested, but unsupported
[1758674288.879941] [node1:442408:0]           ib_md.c:1190 UCX  WARN  mlx5_0: relaxed order memory access requested, but unsupported
[1758674288.880393] [node1:442410:0]           ib_md.c:1190 UCX  WARN  mlx5_0: relaxed order memory access requested, but unsupported
[1758674288.875181] [node3:307114:0]           ib_md.c:1190 UCX  WARN  mlx5_0: relaxed order memory access requested, but unsupported
[1758674288.875435] [node3:307116:0]           ib_md.c:1190 UCX  WARN  mlx5_0: relaxed order memory access requested, but unsupported
[1758674288.875600] [node3:307115:0]           ib_md.c:1190 UCX  WARN  mlx5_0: relaxed order memory access requested, but unsupported

================================================================================
HPL-NVIDIA 25.4.0  -- NVIDIA accelerated HPL benchmark -- NVIDIA
================================================================================
HPLinpack 2.1  --  High-Performance Linpack benchmark  --   October 26, 2012
Written by A. Petitet and R. Clint Whaley,  Innovative Computing Laboratory, UTK
Modified by Piotr Luszczek, Innovative Computing Laboratory, UTK
Modified by Julien Langou, University of Colorado Denver
================================================================================

An explanation of the input/output parameters follows:
T/V    : Wall time / encoded variant.
N      : The order of the coefficient matrix A.
NB     : The partitioning blocking factor.
P      : The number of process rows.
Q      : The number of process columns.
Time   : Time in seconds to solve the linear system.
Gflops : Rate of execution for solving the linear system.

The following parameter values will be used:

N      :  275000 
NB     :     512 
PMAP   : Column-major process mapping
P      :       4 
Q      :       4 
PFACT  :    Left 
NBMIN  :       2 
NDIV   :       2 
RFACT  :    Left 
BCAST  :  2ringM 
DEPTH  :       1 
SWAP   : Spread-roll (long)
L1     : no-transposed form
U      : transposed form
EQUIL  : no
ALIGN  : 8 double precision words

--------------------------------------------------------------------------------

- The matrix A is randomly generated for each test.
- The following scaled residual check will be computed:
      ||Ax-b||_oo / ( eps * ( || x ||_oo * || A ||_oo + || b ||_oo ) * N )
- The relative machine precision (eps) is taken to be               1.110223e-16
- Computational tests pass if scaled residuals are less than                16.0


HPL-NVIDIA ignores the following parameters from input file:
	* Broadcast parameters
	* Panel factorization parameters
	* Look-ahead value
	* L1 layout
	* U layout
	* Equilibration parameter
	* Memory alignment parameter

HPL-NVIDIA settings from environment variables:
--- DEVICE INFO ---
  Peak clock frequency: 1410 MHz
  SM version          : 80
  Number of SMs       : 108
-------------------
[HPL TRACE] cuda_nvshmem_init: max=0.1619 (12) min=0.1531 (2)
[WARNING] Change Input N 275000 to 274944
