[node1:1592553:1:1592595]      cma_ep.c:85   process_vm_writev(pid=1592555 {0x7e6a36400000,524288}-->{0x7df544400000,524288}) returned -1: Bad address
==== backtrace (tid:1592595) ====
 0  /usr/lib/x86_64-linux-gnu/libucs.so.0(ucs_handle_error+0x2ec) [0x7e6a95caa64c]
 1  /usr/lib/x86_64-linux-gnu/libucs.so.0(ucs_fatal_error_message+0xb2) [0x7e6a95caa7f2]
 2  /usr/lib/x86_64-linux-gnu/libucs.so.0(ucs_log_default_handler+0x9d3) [0x7e6a95cafcc3]
 3  /usr/lib/x86_64-linux-gnu/libucs.so.0(ucs_log_dispatch+0xf6) [0x7e6a95ca86d6]
 4  /usr/lib/x86_64-linux-gnu/ucx/libuct_cma.so.0(+0x3d89) [0x7e6a95c15d89]
 5  /usr/lib/x86_64-linux-gnu/ucx/libuct_cma.so.0(uct_cma_ep_tx+0x2ba) [0x7e6a95c1606a]
 6  /usr/lib/x86_64-linux-gnu/libuct.so.0(uct_scopy_ep_progress_tx+0x77) [0x7e6a96146947]
 7  /usr/lib/x86_64-linux-gnu/libucs.so.0(ucs_arbiter_dispatch_nonempty+0x119) [0x7e6a95c9ef09]
 8  /usr/lib/x86_64-linux-gnu/libuct.so.0(uct_scopy_iface_progress+0x88) [0x7e6a96152be8]
 9  /usr/lib/x86_64-linux-gnu/libucs.so.0(+0x25c18) [0x7e6a95ca4c18]
10  /usr/lib/x86_64-linux-gnu/libucp.so.0(ucp_worker_progress+0x7a) [0x7e6a806f82ca]
11  /home/hpc/hpcx/hpcx-v2.24-gcc-doca_ofed-ubuntu24.04-cuda13-x86_64/ompi/lib/libopen-pal.so.40(opal_progress+0x34) [0x7e6a95d20314]
12  /home/hpc/hpcx/hpcx-v2.24-gcc-doca_ofed-ubuntu24.04-cuda13-x86_64/ompi/lib/libopen-pal.so.40(ompi_sync_wait_mt+0x115) [0x7e6a95d26b15]
13  /home/hpc/hpcx/hpcx-v2.24-gcc-doca_ofed-ubuntu24.04-cuda13-x86_64/ompi/lib/libmpi.so.40(ompi_request_default_wait+0x24b) [0x7e6aceb3203b]
14  /home/hpc/hpcx/hpcx-v2.24-gcc-doca_ofed-ubuntu24.04-cuda13-x86_64/ompi/lib/libmpi.so.40(PMPI_Wait+0x1e) [0x7e6aceb5ee9e]
15  ./xhpl_mxp-nvidia() [0x50eac7]
16  ./xhpl_mxp-nvidia() [0x4dc7d3]
17  ./xhpl_mxp-nvidia() [0x4df810]
18  ./xhpl_mxp-nvidia() [0x4df793]
19  ./xhpl_mxp-nvidia() [0x4df703]
20  ./xhpl_mxp-nvidia() [0x4df6bc]
21  ./xhpl_mxp-nvidia() [0x4df6a0]
22  ./xhpl_mxp-nvidia() [0x5bd493]
23  /usr/lib/x86_64-linux-gnu/libc.so.6(+0x9caa4) [0x7e6a95a9caa4]
24  /usr/lib/x86_64-linux-gnu/libc.so.6(+0x129c6c) [0x7e6a95b29c6c]
=================================
[node1:1592553] *** Process received signal ***
[node1:1592553] Signal: Aborted (6)
[node1:1592553] Signal code:  (-6)
[node1:1592553] [ 0] /usr/lib/x86_64-linux-gnu/libc.so.6(+0x45330)[0x7e6a95a45330]
[node1:1592553] [ 1] /usr/lib/x86_64-linux-gnu/libc.so.6(pthread_kill+0x11c)[0x7e6a95a9eb2c]
[node1:1592553] [ 2] /usr/lib/x86_64-linux-gnu/libc.so.6(gsignal+0x1e)[0x7e6a95a4527e]
[node1:1592553] [ 3] /usr/lib/x86_64-linux-gnu/libc.so.6(abort+0xdf)[0x7e6a95a288ff]
[node1:1592553] [ 4] /usr/lib/x86_64-linux-gnu/libucs.so.0(+0x2b7f7)[0x7e6a95caa7f7]
[node1:1592553] [ 5] /usr/lib/x86_64-linux-gnu/libucs.so.0(ucs_log_default_handler+0x9d3)[0x7e6a95cafcc3]
[node1:1592553] [ 6] /usr/lib/x86_64-linux-gnu/libucs.so.0(ucs_log_dispatch+0xf6)[0x7e6a95ca86d6]
[node1:1592553] [ 7] /usr/lib/x86_64-linux-gnu/ucx/libuct_cma.so.0(+0x3d89)[0x7e6a95c15d89]
[node1:1592553] [ 8] /usr/lib/x86_64-linux-gnu/ucx/libuct_cma.so.0(uct_cma_ep_tx+0x2ba)[0x7e6a95c1606a]
[node1:1592553] [ 9] /usr/lib/x86_64-linux-gnu/libuct.so.0(uct_scopy_ep_progress_tx+0x77)[0x7e6a96146947]
[node1:1592553] [10] /usr/lib/x86_64-linux-gnu/libucs.so.0(ucs_arbiter_dispatch_nonempty+0x119)[0x7e6a95c9ef09]
[node1:1592553] [11] /usr/lib/x86_64-linux-gnu/libuct.so.0(uct_scopy_iface_progress+0x88)[0x7e6a96152be8]
[node1:1592553] [12] /usr/lib/x86_64-linux-gnu/libucs.so.0(+0x25c18)[0x7e6a95ca4c18]
[node1:1592553] [13] /usr/lib/x86_64-linux-gnu/libucp.so.0(ucp_worker_progress+0x7a)[0x7e6a806f82ca]
[node1:1592553] [14] /home/hpc/hpcx/hpcx-v2.24-gcc-doca_ofed-ubuntu24.04-cuda13-x86_64/ompi/lib/libopen-pal.so.40(opal_progress+0x34)[0x7e6a95d20314]
[node1:1592553] [15] /home/hpc/hpcx/hpcx-v2.24-gcc-doca_ofed-ubuntu24.04-cuda13-x86_64/ompi/lib/libopen-pal.so.40(ompi_sync_wait_mt+0x115)[0x7e6a95d26b15]
[node1:1592553] [16] /home/hpc/hpcx/hpcx-v2.24-gcc-doca_ofed-ubuntu24.04-cuda13-x86_64/ompi/lib/libmpi.so.40(ompi_request_default_wait+0x24b)[0x7e6aceb3203b]
[node1:1592553] [17] /home/hpc/hpcx/hpcx-v2.24-gcc-doca_ofed-ubuntu24.04-cuda13-x86_64/ompi/lib/libmpi.so.40(PMPI_Wait+0x1e)[0x7e6aceb5ee9e]
[node1:1592553] [18] ./xhpl_mxp-nvidia[0x50eac7]
[node1:1592553] [19] ./xhpl_mxp-nvidia[0x4dc7d3]
[node1:1592553] [20] ./xhpl_mxp-nvidia[0x4df810]
[node1:1592553] [21] ./xhpl_mxp-nvidia[0x4df793]
[node1:1592553] [22] ./xhpl_mxp-nvidia[0x4df703]
[node1:1592553] [23] ./xhpl_mxp-nvidia[0x4df6bc]
[node1:1592553] [24] ./xhpl_mxp-nvidia[0x4df6a0]
[node1:1592553] [25] ./xhpl_mxp-nvidia[0x5bd493]
[node1:1592553] [26] /usr/lib/x86_64-linux-gnu/libc.so.6(+0x9caa4)[0x7e6a95a9caa4]
[node1:1592553] [27] /usr/lib/x86_64-linux-gnu/libc.so.6(+0x129c6c)[0x7e6a95b29c6c]
[node1:1592553] *** End of error message ***
[node1:1592552:1:1592592]      cma_ep.c:85   process_vm_writev(pid=1592554 {0x708c78400000,524288}-->{0x76b5e8400000,524288}) returned -1: Bad address
==== backtrace (tid:1592592) ====
 0  /usr/lib/x86_64-linux-gnu/libucs.so.0(ucs_handle_error+0x2ec) [0x708ce069c64c]
 1  /usr/lib/x86_64-linux-gnu/libucs.so.0(ucs_fatal_error_message+0xb2) [0x708ce069c7f2]
 2  /usr/lib/x86_64-linux-gnu/libucs.so.0(ucs_log_default_handler+0x9d3) [0x708ce06a1cc3]
 3  /usr/lib/x86_64-linux-gnu/libucs.so.0(ucs_log_dispatch+0xf6) [0x708ce069a6d6]
 4  /usr/lib/x86_64-linux-gnu/ucx/libuct_cma.so.0(+0x3d89) [0x708ce0616d89]
 5  /usr/lib/x86_64-linux-gnu/ucx/libuct_cma.so.0(uct_cma_ep_tx+0x2ba) [0x708ce061706a]
 6  /usr/lib/x86_64-linux-gnu/libuct.so.0(uct_scopy_ep_progress_tx+0x77) [0x708ce063f947]
 7  /usr/lib/x86_64-linux-gnu/libucs.so.0(ucs_arbiter_dispatch_nonempty+0x119) [0x708ce0690f09]
 8  /usr/lib/x86_64-linux-gnu/libuct.so.0(uct_scopy_iface_progress+0x88) [0x708ce064bbe8]
 9  /usr/lib/x86_64-linux-gnu/libucs.so.0(+0x25c18) [0x708ce0696c18]
10  /usr/lib/x86_64-linux-gnu/libucp.so.0(ucp_worker_progress+0x7a) [0x708ccb0f82ca]
11  /home/hpc/hpcx/hpcx-v2.24-gcc-doca_ofed-ubuntu24.04-cuda13-x86_64/ompi/lib/libopen-pal.so.40(opal_progress+0x34) [0x708ce0720314]
12  /home/hpc/hpcx/hpcx-v2.24-gcc-doca_ofed-ubuntu24.04-cuda13-x86_64/ompi/lib/libopen-pal.so.40(ompi_sync_wait_mt+0x115) [0x708ce0726b15]
13  /home/hpc/hpcx/hpcx-v2.24-gcc-doca_ofed-ubuntu24.04-cuda13-x86_64/ompi/lib/libmpi.so.40(ompi_request_default_wait+0x24b) [0x708d1951703b]
14  /home/hpc/hpcx/hpcx-v2.24-gcc-doca_ofed-ubuntu24.04-cuda13-x86_64/ompi/lib/libmpi.so.40(PMPI_Wait+0x1e) [0x708d19543e9e]
15  ./xhpl_mxp-nvidia() [0x50eac7]
16  ./xhpl_mxp-nvidia() [0x4dc7d3]
17  ./xhpl_mxp-nvidia() [0x4df810]
18  ./xhpl_mxp-nvidia() [0x4df793]
19  ./xhpl_mxp-nvidia() [0x4df703]
20  ./xhpl_mxp-nvidia() [0x4df6bc]
21  ./xhpl_mxp-nvidia() [0x4df6a0]
22  ./xhpl_mxp-nvidia() [0x5bd493]
23  /usr/lib/x86_64-linux-gnu/libc.so.6(+0x9caa4) [0x708ce049caa4]
24  /usr/lib/x86_64-linux-gnu/libc.so.6(+0x129c6c) [0x708ce0529c6c]
=================================
[node1:1592552] *** Process received signal ***
[node1:1592552] Signal: Aborted (6)
[node1:1592552] Signal code:  (-6)
[node1:1592552] [ 0] /usr/lib/x86_64-linux-gnu/libc.so.6(+0x45330)[0x708ce0445330]
[node1:1592552] [ 1] /usr/lib/x86_64-linux-gnu/libc.so.6(pthread_kill+0x11c)[0x708ce049eb2c]
[node1:1592552] [ 2] /usr/lib/x86_64-linux-gnu/libc.so.6(gsignal+0x1e)[0x708ce044527e]
[node1:1592552] [ 3] /usr/lib/x86_64-linux-gnu/libc.so.6(abort+0xdf)[0x708ce04288ff]
[node1:1592552] [ 4] /usr/lib/x86_64-linux-gnu/libucs.so.0(+0x2b7f7)[0x708ce069c7f7]
[node1:1592552] [ 5] /usr/lib/x86_64-linux-gnu/libucs.so.0(ucs_log_default_handler+0x9d3)[0x708ce06a1cc3]
[node1:1592552] [ 6] /usr/lib/x86_64-linux-gnu/libucs.so.0(ucs_log_dispatch+0xf6)[0x708ce069a6d6]
[node1:1592552] [ 7] /usr/lib/x86_64-linux-gnu/ucx/libuct_cma.so.0(+0x3d89)[0x708ce0616d89]
[node1:1592552] [ 8] /usr/lib/x86_64-linux-gnu/ucx/libuct_cma.so.0(uct_cma_ep_tx+0x2ba)[0x708ce061706a]
[node1:1592552] [ 9] /usr/lib/x86_64-linux-gnu/libuct.so.0(uct_scopy_ep_progress_tx+0x77)[0x708ce063f947]
[node1:1592552] [10] /usr/lib/x86_64-linux-gnu/libucs.so.0(ucs_arbiter_dispatch_nonempty+0x119)[0x708ce0690f09]
[node1:1592552] [11] /usr/lib/x86_64-linux-gnu/libuct.so.0(uct_scopy_iface_progress+0x88)[0x708ce064bbe8]
[node1:1592552] [12] /usr/lib/x86_64-linux-gnu/libucs.so.0(+0x25c18)[0x708ce0696c18]
[node1:1592552] [13] /usr/lib/x86_64-linux-gnu/libucp.so.0(ucp_worker_progress+0x7a)[0x708ccb0f82ca]
[node1:1592552] [14] /home/hpc/hpcx/hpcx-v2.24-gcc-doca_ofed-ubuntu24.04-cuda13-x86_64/ompi/lib/libopen-pal.so.40(opal_progress+0x34)[0x708ce0720314]
[node1:1592552] [15] /home/hpc/hpcx/hpcx-v2.24-gcc-doca_ofed-ubuntu24.04-cuda13-x86_64/ompi/lib/libopen-pal.so.40(ompi_sync_wait_mt+0x115)[0x708ce0726b15]
[node1:1592552] [16] /home/hpc/hpcx/hpcx-v2.24-gcc-doca_ofed-ubuntu24.04-cuda13-x86_64/ompi/lib/libmpi.so.40(ompi_request_default_wait+0x24b)[0x708d1951703b]
[node1:1592552] [17] /home/hpc/hpcx/hpcx-v2.24-gcc-doca_ofed-ubuntu24.04-cuda13-x86_64/ompi/lib/libmpi.so.40(PMPI_Wait+0x1e)[0x708d19543e9e]
[node1:1592552] [18] ./xhpl_mxp-nvidia[0x50eac7]
[node1:1592552] [19] ./xhpl_mxp-nvidia[0x4dc7d3]
[node1:1592552] [20] ./xhpl_mxp-nvidia[0x4df810]
[node1:1592552] [21] ./xhpl_mxp-nvidia[0x4df793]
[node1:1592552] [22] ./xhpl_mxp-nvidia[0x4df703]
[node1:1592552] [23] ./xhpl_mxp-nvidia[0x4df6bc]
[node1:1592552] [24] ./xhpl_mxp-nvidia[0x4df6a0]
[node1:1592552] [25] ./xhpl_mxp-nvidia[0x5bd493]
[node1:1592552] [26] /usr/lib/x86_64-linux-gnu/libc.so.6(+0x9caa4)[0x708ce049caa4]
[node1:1592552] [27] /usr/lib/x86_64-linux-gnu/libc.so.6(+0x129c6c)[0x708ce0529c6c]
[node1:1592552] *** End of error message ***
--------------------------------------------------------------------------
Primary job  terminated normally, but 1 process returned
a non-zero exit code. Per user-direction, the job has been aborted.
--------------------------------------------------------------------------
--------------------------------------------------------------------------
mpirun noticed that process rank 1 with PID 1592553 on node node1 exited on signal 6 (Aborted).
--------------------------------------------------------------------------
