[1759829694.332233] [node1:1614330:0]     ucp_context.c:2137 UCX  WARN  UCP API version is incompatible: required >= 1.19, actual 1.16.0 (loaded from /usr/lib/x86_64-linux-gnu/libucp.so.0)
[1759829694.332481] [node1:1614331:0]     ucp_context.c:2137 UCX  WARN  UCP API version is incompatible: required >= 1.19, actual 1.16.0 (loaded from /usr/lib/x86_64-linux-gnu/libucp.so.0)
[1759829694.332763] [node1:1614329:0]     ucp_context.c:2137 UCX  WARN  UCP API version is incompatible: required >= 1.19, actual 1.16.0 (loaded from /usr/lib/x86_64-linux-gnu/libucp.so.0)
[1759829694.332827] [node1:1614328:0]     ucp_context.c:2137 UCX  WARN  UCP API version is incompatible: required >= 1.19, actual 1.16.0 (loaded from /usr/lib/x86_64-linux-gnu/libucp.so.0)
[1759829694.347494] [node1:1614330:0]     ucp_context.c:1192 UCX  WARN  intra-node devices 'posix','sysv' are not available, please use one or more of: 'memory'(cma), 'memory'(posix), 'memory'(sysv)
[1759829694.347511] [node1:1614330:0]     ucp_context.c:1192 UCX  WARN  transports 'cuda_ipc','cuda_copy','gdr_copy' are not available, please use one or more of: cma, dc, dc_mlx5, dc_x, ib, mm, posix, rc, rc_mlx5, rc_v, rc_verbs, rc_x, self, shm, sm, sysv, tcp, ud, ud_mlx5, ud_v, ud_verbs, ud_x
[1759829694.347592] [node1:1614328:0]     ucp_context.c:1192 UCX  WARN  intra-node devices 'posix','sysv' are not available, please use one or more of: 'memory'(cma), 'memory'(posix), 'memory'(sysv)
[1759829694.347607] [node1:1614328:0]     ucp_context.c:1192 UCX  WARN  transports 'cuda_ipc','cuda_copy','gdr_copy' are not available, please use one or more of: cma, dc, dc_mlx5, dc_x, ib, mm, posix, rc, rc_mlx5, rc_v, rc_verbs, rc_x, self, shm, sm, sysv, tcp, ud, ud_mlx5, ud_v, ud_verbs, ud_x
[1759829694.347685] [node1:1614329:0]     ucp_context.c:1192 UCX  WARN  intra-node devices 'posix','sysv' are not available, please use one or more of: 'memory'(cma), 'memory'(posix), 'memory'(sysv)
[1759829694.347702] [node1:1614329:0]     ucp_context.c:1192 UCX  WARN  transports 'cuda_ipc','cuda_copy','gdr_copy' are not available, please use one or more of: cma, dc, dc_mlx5, dc_x, ib, mm, posix, rc, rc_mlx5, rc_v, rc_verbs, rc_x, self, shm, sm, sysv, tcp, ud, ud_mlx5, ud_v, ud_verbs, ud_x
[1759829694.347753] [node1:1614331:0]     ucp_context.c:1192 UCX  WARN  intra-node devices 'posix','sysv' are not available, please use one or more of: 'memory'(cma), 'memory'(posix), 'memory'(sysv)
[1759829694.347767] [node1:1614331:0]     ucp_context.c:1192 UCX  WARN  transports 'cuda_ipc','cuda_copy','gdr_copy' are not available, please use one or more of: cma, dc, dc_mlx5, dc_x, ib, mm, posix, rc, rc_mlx5, rc_v, rc_verbs, rc_x, self, shm, sm, sysv, tcp, ud, ud_mlx5, ud_v, ud_verbs, ud_x
[1759829694.351108] [node1:1614330:0]          parser.c:2033 UCX  WARN  unused environment variables: UCX_CMA_ENABLE (maybe: UCX_VFS_ENABLE?); UCX_TLS_SHARED_DISABLE
[1759829694.351108] [node1:1614330:0]          parser.c:2033 UCX  WARN  (set UCX_WARN_UNUSED_ENV_VARS=n to suppress this warning)
[1759829694.351110] [node1:1614331:0]          parser.c:2033 UCX  WARN  unused environment variables: UCX_CMA_ENABLE (maybe: UCX_VFS_ENABLE?); UCX_TLS_SHARED_DISABLE
[1759829694.351110] [node1:1614331:0]          parser.c:2033 UCX  WARN  (set UCX_WARN_UNUSED_ENV_VARS=n to suppress this warning)
[1759829694.351113] [node1:1614329:0]          parser.c:2033 UCX  WARN  unused environment variables: UCX_CMA_ENABLE (maybe: UCX_VFS_ENABLE?); UCX_TLS_SHARED_DISABLE
[1759829694.351113] [node1:1614329:0]          parser.c:2033 UCX  WARN  (set UCX_WARN_UNUSED_ENV_VARS=n to suppress this warning)
[1759829694.351125] [node1:1614328:0]          parser.c:2033 UCX  WARN  unused environment variables: UCX_CMA_ENABLE (maybe: UCX_VFS_ENABLE?); UCX_TLS_SHARED_DISABLE
[1759829694.351125] [node1:1614328:0]          parser.c:2033 UCX  WARN  (set UCX_WARN_UNUSED_ENV_VARS=n to suppress this warning)
[1759829694.351869] [node1:1614328:0]     ucp_context.c:2137 UCX  WARN  UCP API version is incompatible: required >= 1.19, actual 1.16.0 (loaded from /usr/lib/x86_64-linux-gnu/libucp.so.0)
[1759829694.351916] [node1:1614331:0]     ucp_context.c:2137 UCX  WARN  UCP API version is incompatible: required >= 1.19, actual 1.16.0 (loaded from /usr/lib/x86_64-linux-gnu/libucp.so.0)
[1759829694.351924] [node1:1614330:0]     ucp_context.c:2137 UCX  WARN  UCP API version is incompatible: required >= 1.19, actual 1.16.0 (loaded from /usr/lib/x86_64-linux-gnu/libucp.so.0)
[1759829694.351949] [node1:1614329:0]     ucp_context.c:2137 UCX  WARN  UCP API version is incompatible: required >= 1.19, actual 1.16.0 (loaded from /usr/lib/x86_64-linux-gnu/libucp.so.0)
[1759829694.364786] [node1:1614328:0]     ucp_context.c:1192 UCX  WARN  intra-node devices 'posix','sysv' are not available, please use one or more of: 'memory'(cma), 'memory'(posix), 'memory'(sysv)
[1759829694.364798] [node1:1614328:0]     ucp_context.c:1192 UCX  WARN  transports 'cuda_ipc','cuda_copy','gdr_copy' are not available, please use one or more of: cma, dc, dc_mlx5, dc_x, ib, mm, posix, rc, rc_mlx5, rc_v, rc_verbs, rc_x, self, shm, sm, sysv, tcp, ud, ud_mlx5, ud_v, ud_verbs, ud_x
[1759829694.364889] [node1:1614331:0]     ucp_context.c:1192 UCX  WARN  intra-node devices 'posix','sysv' are not available, please use one or more of: 'memory'(cma), 'memory'(posix), 'memory'(sysv)
[1759829694.364901] [node1:1614331:0]     ucp_context.c:1192 UCX  WARN  transports 'cuda_ipc','cuda_copy','gdr_copy' are not available, please use one or more of: cma, dc, dc_mlx5, dc_x, ib, mm, posix, rc, rc_mlx5, rc_v, rc_verbs, rc_x, self, shm, sm, sysv, tcp, ud, ud_mlx5, ud_v, ud_verbs, ud_x
[1759829694.364982] [node1:1614329:0]     ucp_context.c:1192 UCX  WARN  intra-node devices 'posix','sysv' are not available, please use one or more of: 'memory'(cma), 'memory'(posix), 'memory'(sysv)
[1759829694.365004] [node1:1614329:0]     ucp_context.c:1192 UCX  WARN  transports 'cuda_ipc','cuda_copy','gdr_copy' are not available, please use one or more of: cma, dc, dc_mlx5, dc_x, ib, mm, posix, rc, rc_mlx5, rc_v, rc_verbs, rc_x, self, shm, sm, sysv, tcp, ud, ud_mlx5, ud_v, ud_verbs, ud_x
[1759829694.365056] [node1:1614330:0]     ucp_context.c:1192 UCX  WARN  intra-node devices 'posix','sysv' are not available, please use one or more of: 'memory'(cma), 'memory'(posix), 'memory'(sysv)
[1759829694.365068] [node1:1614330:0]     ucp_context.c:1192 UCX  WARN  transports 'cuda_ipc','cuda_copy','gdr_copy' are not available, please use one or more of: cma, dc, dc_mlx5, dc_x, ib, mm, posix, rc, rc_mlx5, rc_v, rc_verbs, rc_x, self, shm, sm, sysv, tcp, ud, ud_mlx5, ud_v, ud_verbs, ud_x
[1759829694.365642] [node1:1614328:0]          select.c:629  UCX  ERROR   no active messages transport to <no debug data>: self/memory - Destination is unreachable
[1759829694.365641] [node1:1614331:0]          select.c:629  UCX  ERROR   no active messages transport to <no debug data>: self/memory - Destination is unreachable
[1759829694.365688] [node1:1614329:0]          select.c:629  UCX  ERROR   no active messages transport to <no debug data>: self/memory - Destination is unreachable
[1759829694.365757] [node1:1614330:0]          select.c:629  UCX  ERROR   no active messages transport to <no debug data>: self/memory - Destination is unreachable
