[1,5]<stdout>:[1758262589.159270] [node4:16981:f]        vfs_sock.c:63   UCX  DIAG  failed to create directory '/run/user/1000/ucx': No such file or directory
[1,5]<stdout>:[1758262589.159303] [node4:16981:f]        vfs_fuse.c:440  UCX  DIAG  failed to watch on '/run/user/1000/ucx/vfs.sock': Input/output error, VFS will be disabled
[1,6]<stdout>:[1758262589.159267] [node4:16982:f]        vfs_sock.c:63   UCX  DIAG  failed to create directory '/run/user/1000/ucx': No such file or directory
[1,6]<stdout>:[1758262589.159306] [node4:16982:f]        vfs_fuse.c:440  UCX  DIAG  failed to watch on '/run/user/1000/ucx/vfs.sock': Input/output error, VFS will be disabled
[1,7]<stdout>:[1758262589.159267] [node4:16983:f]        vfs_sock.c:63   UCX  DIAG  failed to create directory '/run/user/1000/ucx': No such file or directory
[1,7]<stdout>:[1758262589.159303] [node4:16983:f]        vfs_fuse.c:440  UCX  DIAG  failed to watch on '/run/user/1000/ucx/vfs.sock': Input/output error, VFS will be disabled
[1,4]<stdout>:[1758262589.159267] [node4:16980:f]        vfs_sock.c:63   UCX  DIAG  failed to create directory '/run/user/1000/ucx': No such file or directory
[1,4]<stdout>:[1758262589.159305] [node4:16980:f]        vfs_fuse.c:440  UCX  DIAG  failed to watch on '/run/user/1000/ucx/vfs.sock': Input/output error, VFS will be disabled
[1,7]<stdout>:[1758262589.159457] [node4:16983:0]     ucp_context.c:2339 UCX  INFO  Version 1.19.0 (loaded from /home/hpc/hpcx/hpcx-v2.24-gcc-doca_ofed-ubuntu24.04-cuda13-x86_64/ucx/lib/libucp.so.0)
[1,5]<stdout>:[1758262589.159459] [node4:16981:0]     ucp_context.c:2339 UCX  INFO  Version 1.19.0 (loaded from /home/hpc/hpcx/hpcx-v2.24-gcc-doca_ofed-ubuntu24.04-cuda13-x86_64/ucx/lib/libucp.so.0)
[1,6]<stdout>:[1758262589.159490] [node4:16982:0]     ucp_context.c:2339 UCX  INFO  Version 1.19.0 (loaded from /home/hpc/hpcx/hpcx-v2.24-gcc-doca_ofed-ubuntu24.04-cuda13-x86_64/ucx/lib/libucp.so.0)
[1,4]<stdout>:[1758262589.159500] [node4:16980:0]     ucp_context.c:2339 UCX  INFO  Version 1.19.0 (loaded from /home/hpc/hpcx/hpcx-v2.24-gcc-doca_ofed-ubuntu24.04-cuda13-x86_64/ucx/lib/libucp.so.0)
[1,3]<stdout>:[1758262589.166087] [node1:91666:0]     ucp_context.c:2339 UCX  INFO  Version 1.19.0 (loaded from /home/hpc/hpcx/hpcx-v2.24-gcc-doca_ofed-ubuntu24.04-cuda13-x86_64/ucx/lib/libucp.so.0)
[1,1]<stdout>:[1758262589.166106] [node1:91664:0]     ucp_context.c:2339 UCX  INFO  Version 1.19.0 (loaded from /home/hpc/hpcx/hpcx-v2.24-gcc-doca_ofed-ubuntu24.04-cuda13-x86_64/ucx/lib/libucp.so.0)
[1,0]<stdout>:[1758262589.166238] [node1:91663:0]     ucp_context.c:2339 UCX  INFO  Version 1.19.0 (loaded from /home/hpc/hpcx/hpcx-v2.24-gcc-doca_ofed-ubuntu24.04-cuda13-x86_64/ucx/lib/libucp.so.0)
[1,2]<stdout>:[1758262589.166420] [node1:91665:0]     ucp_context.c:2339 UCX  INFO  Version 1.19.0 (loaded from /home/hpc/hpcx/hpcx-v2.24-gcc-doca_ofed-ubuntu24.04-cuda13-x86_64/ucx/lib/libucp.so.0)
[1,2]<stdout>:[1758262590.372430] [node1:91665:0]          parser.c:2368 UCX  INFO  UCX_* env variables: UCX_TLS=tcp,sm,self,cuda_copy,cuda_ipc UCX_LOG_LEVEL=info
[1,0]<stdout>:[1758262590.374074] [node1:91663:0]          parser.c:2368 UCX  INFO  UCX_* env variables: UCX_TLS=tcp,sm,self,cuda_copy,cuda_ipc UCX_LOG_LEVEL=info
[1,6]<stdout>:[1758262590.383518] [node4:16982:0]          parser.c:2368 UCX  INFO  UCX_* env variables: UCX_TLS=tcp,sm,self,cuda_copy,cuda_ipc UCX_LOG_LEVEL=info
[1,3]<stdout>:[1758262590.390668] [node1:91666:0]          parser.c:2368 UCX  INFO  UCX_* env variables: UCX_TLS=tcp,sm,self,cuda_copy,cuda_ipc UCX_LOG_LEVEL=info
[1,5]<stdout>:[1758262590.389152] [node4:16981:0]          parser.c:2368 UCX  INFO  UCX_* env variables: UCX_TLS=tcp,sm,self,cuda_copy,cuda_ipc UCX_LOG_LEVEL=info
[1,4]<stdout>:[1758262590.389818] [node4:16980:0]          parser.c:2368 UCX  INFO  UCX_* env variables: UCX_TLS=tcp,sm,self,cuda_copy,cuda_ipc UCX_LOG_LEVEL=info
[1,7]<stdout>:[1758262590.391642] [node4:16983:0]          parser.c:2368 UCX  INFO  UCX_* env variables: UCX_TLS=tcp,sm,self,cuda_copy,cuda_ipc UCX_LOG_LEVEL=info
[1,1]<stdout>:[1758262590.393973] [node1:91664:0]          parser.c:2368 UCX  INFO  UCX_* env variables: UCX_TLS=tcp,sm,self,cuda_copy,cuda_ipc UCX_LOG_LEVEL=info
[1,2]<stdout>:[1758262590.395047] [node1:91665:0]     ucp_context.c:2339 UCX  INFO  Version 1.19.0 (loaded from /home/hpc/hpcx/hpcx-v2.24-gcc-doca_ofed-ubuntu24.04-cuda13-x86_64/ucx/lib/libucp.so.0)
[1,1]<stdout>:[1758262590.395052] [node1:91664:0]     ucp_context.c:2339 UCX  INFO  Version 1.19.0 (loaded from /home/hpc/hpcx/hpcx-v2.24-gcc-doca_ofed-ubuntu24.04-cuda13-x86_64/ucx/lib/libucp.so.0)
[1,0]<stdout>:[1758262590.395189] [node1:91663:0]     ucp_context.c:2339 UCX  INFO  Version 1.19.0 (loaded from /home/hpc/hpcx/hpcx-v2.24-gcc-doca_ofed-ubuntu24.04-cuda13-x86_64/ucx/lib/libucp.so.0)
[1,3]<stdout>:[1758262590.395192] [node1:91666:0]     ucp_context.c:2339 UCX  INFO  Version 1.19.0 (loaded from /home/hpc/hpcx/hpcx-v2.24-gcc-doca_ofed-ubuntu24.04-cuda13-x86_64/ucx/lib/libucp.so.0)
[1,5]<stdout>:[1758262590.392930] [node4:16981:0]     ucp_context.c:2339 UCX  INFO  Version 1.19.0 (loaded from /home/hpc/hpcx/hpcx-v2.24-gcc-doca_ofed-ubuntu24.04-cuda13-x86_64/ucx/lib/libucp.so.0)
[1,7]<stdout>:[1758262590.392940] [node4:16983:0]     ucp_context.c:2339 UCX  INFO  Version 1.19.0 (loaded from /home/hpc/hpcx/hpcx-v2.24-gcc-doca_ofed-ubuntu24.04-cuda13-x86_64/ucx/lib/libucp.so.0)
[1,4]<stdout>:[1758262590.392943] [node4:16980:0]     ucp_context.c:2339 UCX  INFO  Version 1.19.0 (loaded from /home/hpc/hpcx/hpcx-v2.24-gcc-doca_ofed-ubuntu24.04-cuda13-x86_64/ucx/lib/libucp.so.0)
[1,6]<stdout>:[1758262590.393090] [node4:16982:0]     ucp_context.c:2339 UCX  INFO  Version 1.19.0 (loaded from /home/hpc/hpcx/hpcx-v2.24-gcc-doca_ofed-ubuntu24.04-cuda13-x86_64/ucx/lib/libucp.so.0)
[1,4]<stdout>:[1758262590.420887] [node4:16980:0]      ucp_worker.c:1903 UCX  INFO    ucp_context_0 self cfg#1 tag(self/memory cma/memory)
[1,5]<stdout>:[1758262590.421302] [node4:16981:0]      ucp_worker.c:1903 UCX  INFO    ucp_context_0 self cfg#1 tag(self/memory cma/memory)
[1,4]<stdout>:[1758262590.421473] [node4:16980:0]      ucp_worker.c:1903 UCX  INFO    ucp_context_0 intra-node cfg#2 tag(sysv/memory cma/memory cuda_ipc/cuda)
[1,5]<stdout>:[1758262590.421877] [node4:16981:0]      ucp_worker.c:1903 UCX  INFO    ucp_context_0 intra-node cfg#2 tag(sysv/memory cma/memory cuda_ipc/cuda)
[1,7]<stdout>:[1758262590.422356] [node4:16983:0]      ucp_worker.c:1903 UCX  INFO    ucp_context_0 self cfg#1 tag(self/memory cma/memory)
[1,6]<stdout>:[1758262590.422773] [node4:16982:0]      ucp_worker.c:1903 UCX  INFO    ucp_context_0 self cfg#1 tag(self/memory cma/memory)
[1,7]<stdout>:[1758262590.422920] [node4:16983:0]      ucp_worker.c:1903 UCX  INFO    ucp_context_0 intra-node cfg#2 tag(sysv/memory cma/memory cuda_ipc/cuda)
[1,6]<stdout>:[1758262590.423417] [node4:16982:0]      ucp_worker.c:1903 UCX  INFO    ucp_context_0 intra-node cfg#2 tag(sysv/memory cma/memory cuda_ipc/cuda)
[1,1]<stdout>:[1758262590.429535] [node1:91664:0]      ucp_worker.c:1903 UCX  INFO    ucp_context_0 self cfg#1 tag(self/memory cma/memory)
[1,2]<stdout>:[1758262590.429562] [node1:91665:0]      ucp_worker.c:1903 UCX  INFO    ucp_context_0 self cfg#1 tag(self/memory cma/memory)
[1,2]<stdout>:[1758262590.430365] [node1:91665:0]      ucp_worker.c:1903 UCX  INFO    ucp_context_0 intra-node cfg#2 tag(sysv/memory cma/memory cuda_ipc/cuda)
[1,1]<stdout>:[1758262590.430394] [node1:91664:0]      ucp_worker.c:1903 UCX  INFO    ucp_context_0 intra-node cfg#2 tag(sysv/memory cma/memory cuda_ipc/cuda)
[1,0]<stdout>:[1758262590.431140] [node1:91663:0]      ucp_worker.c:1903 UCX  INFO    ucp_context_0 self cfg#1 tag(self/memory cma/memory)
[1,0]<stdout>:[1758262590.432101] [node1:91663:0]      ucp_worker.c:1903 UCX  INFO    ucp_context_0 intra-node cfg#2 tag(sysv/memory cma/memory cuda_ipc/cuda)
[1,3]<stdout>:[1758262590.432305] [node1:91666:0]      ucp_worker.c:1903 UCX  INFO    ucp_context_0 self cfg#1 tag(self/memory cma/memory)
[1,3]<stdout>:[1758262590.433261] [node1:91666:0]      ucp_worker.c:1903 UCX  INFO    ucp_context_0 intra-node cfg#2 tag(sysv/memory cma/memory cuda_ipc/cuda)
[1,1]<stdout>:[1758262590.442948] [node1:91664:0]     ucp_context.c:2339 UCX  INFO  Version 1.19.0 (loaded from /home/hpc/hpcx/hpcx-v2.24-gcc-doca_ofed-ubuntu24.04-cuda13-x86_64/ucx/lib/libucp.so.0)
[1,0]<stdout>:[1758262590.444103] [node1:91663:0]     ucp_context.c:2339 UCX  INFO  Version 1.19.0 (loaded from /home/hpc/hpcx/hpcx-v2.24-gcc-doca_ofed-ubuntu24.04-cuda13-x86_64/ucx/lib/libucp.so.0)
[1,2]<stdout>:[1758262590.444113] [node1:91665:0]     ucp_context.c:2339 UCX  INFO  Version 1.19.0 (loaded from /home/hpc/hpcx/hpcx-v2.24-gcc-doca_ofed-ubuntu24.04-cuda13-x86_64/ucx/lib/libucp.so.0)
[1,3]<stdout>:[1758262590.444118] [node1:91666:0]     ucp_context.c:2339 UCX  INFO  Version 1.19.0 (loaded from /home/hpc/hpcx/hpcx-v2.24-gcc-doca_ofed-ubuntu24.04-cuda13-x86_64/ucx/lib/libucp.so.0)
[1,4]<stdout>:[1758262590.462088] [node4:16980:0]     ucp_context.c:2339 UCX  INFO  Version 1.19.0 (loaded from /home/hpc/hpcx/hpcx-v2.24-gcc-doca_ofed-ubuntu24.04-cuda13-x86_64/ucx/lib/libucp.so.0)
[1,7]<stdout>:[1758262590.462088] [node4:16983:0]     ucp_context.c:2339 UCX  INFO  Version 1.19.0 (loaded from /home/hpc/hpcx/hpcx-v2.24-gcc-doca_ofed-ubuntu24.04-cuda13-x86_64/ucx/lib/libucp.so.0)
[1,5]<stdout>:[1758262590.462094] [node4:16981:0]     ucp_context.c:2339 UCX  INFO  Version 1.19.0 (loaded from /home/hpc/hpcx/hpcx-v2.24-gcc-doca_ofed-ubuntu24.04-cuda13-x86_64/ucx/lib/libucp.so.0)
[1,6]<stdout>:[1758262590.462277] [node4:16982:0]     ucp_context.c:2339 UCX  INFO  Version 1.19.0 (loaded from /home/hpc/hpcx/hpcx-v2.24-gcc-doca_ofed-ubuntu24.04-cuda13-x86_64/ucx/lib/libucp.so.0)
[1,3]<stdout>:[1758262590.507702] [node1:91666:0]      ucp_worker.c:1903 UCX  INFO    ucp_context_0 inter-node cfg#3 tag(tcp/ibp225s0)
[1,5]<stdout>:[1758262590.521217] [node4:16981:0]      ucp_worker.c:1903 UCX  INFO    ucp_context_0 inter-node cfg#3 tag(tcp/ibp225s0)
[1,7]<stdout>:[1758262590.521319] [node4:16983:0]      ucp_worker.c:1903 UCX  INFO    ucp_context_0 inter-node cfg#3 tag(tcp/ibp225s0)
[1,6]<stdout>:[1758262590.521449] [node4:16982:0]      ucp_worker.c:1903 UCX  INFO    ucp_context_0 inter-node cfg#3 tag(tcp/ibp225s0)
[1,4]<stdout>:[1758262590.521579] [node4:16980:0]      ucp_worker.c:1903 UCX  INFO    ucp_context_0 inter-node cfg#3 tag(tcp/ibp225s0)
