[node1:1633326:1:1633364]      cma_ep.c:85   process_vm_writev(pid=1633328 {0x743fc0000000,524288}-->{0x77844e000000,524288}) returned -1: Bad address
==== backtrace (tid:1633364) ====
 0  /usr/lib/x86_64-linux-gnu/libucs.so.0(ucs_handle_error+0x2ec) [0x74401e95364c]
 1  /usr/lib/x86_64-linux-gnu/libucs.so.0(ucs_fatal_error_message+0xb2) [0x74401e9537f2]
 2  /usr/lib/x86_64-linux-gnu/libucs.so.0(ucs_log_default_handler+0x9d3) [0x74401e958cc3]
 3  /usr/lib/x86_64-linux-gnu/libucs.so.0(ucs_log_dispatch+0xf6) [0x74401e9516d6]
 4  /usr/lib/x86_64-linux-gnu/ucx/libuct_cma.so.0(+0x3d89) [0x74401e41bd89]
 5  /usr/lib/x86_64-linux-gnu/ucx/libuct_cma.so.0(uct_cma_ep_tx+0x2ba) [0x74401e41c06a]
 6  /usr/lib/x86_64-linux-gnu/libuct.so.0(uct_scopy_ep_progress_tx+0x77) [0x74401e451947]
 7  /usr/lib/x86_64-linux-gnu/libucs.so.0(ucs_arbiter_dispatch_nonempty+0x119) [0x74401e947f09]
 8  /usr/lib/x86_64-linux-gnu/libuct.so.0(uct_scopy_iface_progress+0x88) [0x74401e45dbe8]
 9  /usr/lib/x86_64-linux-gnu/libucs.so.0(+0x25c18) [0x74401e94dc18]
10  /usr/lib/x86_64-linux-gnu/libucp.so.0(ucp_worker_progress+0x7a) [0x74400c2f82ca]
11  /home/hpc/hpcx/hpcx-v2.24-gcc-doca_ofed-ubuntu24.04-cuda13-x86_64/ompi/lib/libopen-pal.so.40(opal_progress+0x34) [0x74404e920314]
12  /home/hpc/hpcx/hpcx-v2.24-gcc-doca_ofed-ubuntu24.04-cuda13-x86_64/ompi/lib/libopen-pal.so.40(ompi_sync_wait_mt+0x115) [0x74404e926b15]
13  /home/hpc/hpcx/hpcx-v2.24-gcc-doca_ofed-ubuntu24.04-cuda13-x86_64/ompi/lib/libmpi.so.40(ompi_request_default_wait+0x24b) [0x74405733203b]
14  /home/hpc/hpcx/hpcx-v2.24-gcc-doca_ofed-ubuntu24.04-cuda13-x86_64/ompi/lib/libmpi.so.40(PMPI_Wait+0x1e) [0x74405735ee9e]
15  ./xhpl_mxp-nvidia() [0x50eac7]
16  ./xhpl_mxp-nvidia() [0x4dc7d3]
17  ./xhpl_mxp-nvidia() [0x4df810]
18  ./xhpl_mxp-nvidia() [0x4df793]
19  ./xhpl_mxp-nvidia() [0x4df703]
20  ./xhpl_mxp-nvidia() [0x4df6bc]
21  ./xhpl_mxp-nvidia() [0x4df6a0]
22  ./xhpl_mxp-nvidia() [0x5bd493]
23  /usr/lib/x86_64-linux-gnu/libc.so.6(+0x9caa4) [0x74401e29caa4]
24  /usr/lib/x86_64-linux-gnu/libc.so.6(+0x129c6c) [0x74401e329c6c]
=================================
[node1:1633326] *** Process received signal ***
[node1:1633326] Signal: Aborted (6)
[node1:1633326] Signal code:  (-6)
[node1:1633326] [ 0] /usr/lib/x86_64-linux-gnu/libc.so.6(+0x45330)[0x74401e245330]
[node1:1633326] [ 1] /usr/lib/x86_64-linux-gnu/libc.so.6(pthread_kill+0x11c)[0x74401e29eb2c]
[node1:1633326] [ 2] /usr/lib/x86_64-linux-gnu/libc.so.6(gsignal+0x1e)[0x74401e24527e]
[node1:1633326] [ 3] /usr/lib/x86_64-linux-gnu/libc.so.6(abort+0xdf)[0x74401e2288ff]
[node1:1633326] [ 4] /usr/lib/x86_64-linux-gnu/libucs.so.0(+0x2b7f7)[0x74401e9537f7]
[node1:1633326] [ 5] [node1:1633325:1:1633368]      cma_ep.c:85   process_vm_writev(pid=1633327 {0x74f3ba000000,524288}-->{0x7153e2000000,524288}) returned -1: Bad address
/usr/lib/x86_64-linux-gnu/libucs.so.0(ucs_log_default_handler+0x9d3)[0x74401e958cc3]
[node1:1633326] [ 6] /usr/lib/x86_64-linux-gnu/libucs.so.0(ucs_log_dispatch+0xf6)[0x74401e9516d6]
[node1:1633326] [ 7] /usr/lib/x86_64-linux-gnu/ucx/libuct_cma.so.0(+0x3d89)[0x74401e41bd89]
[node1:1633326] [ 8] /usr/lib/x86_64-linux-gnu/ucx/libuct_cma.so.0(uct_cma_ep_tx+0x2ba)[0x74401e41c06a]
[node1:1633326] [ 9] /usr/lib/x86_64-linux-gnu/libuct.so.0(uct_scopy_ep_progress_tx+0x77)[0x74401e451947]
[node1:1633326] [10] /usr/lib/x86_64-linux-gnu/libucs.so.0(ucs_arbiter_dispatch_nonempty+0x119)[0x74401e947f09]
[node1:1633326] [11] /usr/lib/x86_64-linux-gnu/libuct.so.0(uct_scopy_iface_progress+0x88)[0x74401e45dbe8]
[node1:1633326] [12] /usr/lib/x86_64-linux-gnu/libucs.so.0(+0x25c18)[0x74401e94dc18]
[node1:1633326] [13] /usr/lib/x86_64-linux-gnu/libucp.so.0(ucp_worker_progress+0x7a)[0x74400c2f82ca]
[node1:1633326] [14] /home/hpc/hpcx/hpcx-v2.24-gcc-doca_ofed-ubuntu24.04-cuda13-x86_64/ompi/lib/libopen-pal.so.40(opal_progress+0x34)[0x74404e920314]
[node1:1633326] [15] /home/hpc/hpcx/hpcx-v2.24-gcc-doca_ofed-ubuntu24.04-cuda13-x86_64/ompi/lib/libopen-pal.so.40(ompi_sync_wait_mt+0x115)[0x74404e926b15]
[node1:1633326] [16] /home/hpc/hpcx/hpcx-v2.24-gcc-doca_ofed-ubuntu24.04-cuda13-x86_64/ompi/lib/libmpi.so.40(ompi_request_default_wait+0x24b)[0x74405733203b]
[node1:1633326] [17] /home/hpc/hpcx/hpcx-v2.24-gcc-doca_ofed-ubuntu24.04-cuda13-x86_64/ompi/lib/libmpi.so.40(PMPI_Wait+0x1e)[0x74405735ee9e]
[node1:1633326] [18] ./xhpl_mxp-nvidia[0x50eac7]
[node1:1633326] [19] ./xhpl_mxp-nvidia[0x4dc7d3]
[node1:1633326] [20] ./xhpl_mxp-nvidia[0x4df810]
[node1:1633326] [21] ./xhpl_mxp-nvidia[0x4df793]
[node1:1633326] [22] ./xhpl_mxp-nvidia[0x4df703]
[node1:1633326] [23] ./xhpl_mxp-nvidia[0x4df6bc]
[node1:1633326] [24] ./xhpl_mxp-nvidia[0x4df6a0]
[node1:1633326] [25] ./xhpl_mxp-nvidia[0x5bd493]
[node1:1633326] [26] /usr/lib/x86_64-linux-gnu/libc.so.6(+0x9caa4)[0x74401e29caa4]
[node1:1633326] [27] /usr/lib/x86_64-linux-gnu/libc.so.6(+0x129c6c)[0x74401e329c6c]
[node1:1633326] *** End of error message ***
==== backtrace (tid:1633368) ====
 0  /usr/lib/x86_64-linux-gnu/libucs.so.0(ucs_handle_error+0x2ec) [0x74f41fec964c]
 1  /usr/lib/x86_64-linux-gnu/libucs.so.0(ucs_fatal_error_message+0xb2) [0x74f41fec97f2]
 2  /usr/lib/x86_64-linux-gnu/libucs.so.0(ucs_log_default_handler+0x9d3) [0x74f41fececc3]
 3  /usr/lib/x86_64-linux-gnu/libucs.so.0(ucs_log_dispatch+0xf6) [0x74f41fec76d6]
 4  /usr/lib/x86_64-linux-gnu/ucx/libuct_cma.so.0(+0x3d89) [0x74f421388d89]
 5  /usr/lib/x86_64-linux-gnu/ucx/libuct_cma.so.0(uct_cma_ep_tx+0x2ba) [0x74f42138906a]
 6  /usr/lib/x86_64-linux-gnu/libuct.so.0(uct_scopy_ep_progress_tx+0x77) [0x74f42034d947]
 7  /usr/lib/x86_64-linux-gnu/libucs.so.0(ucs_arbiter_dispatch_nonempty+0x119) [0x74f41febdf09]
 8  /usr/lib/x86_64-linux-gnu/libuct.so.0(uct_scopy_iface_progress+0x88) [0x74f420359be8]
 9  /usr/lib/x86_64-linux-gnu/libucs.so.0(+0x25c18) [0x74f41fec3c18]
10  /usr/lib/x86_64-linux-gnu/libucp.so.0(ucp_worker_progress+0x7a) [0x74f40dcf82ca]
11  /home/hpc/hpcx/hpcx-v2.24-gcc-doca_ofed-ubuntu24.04-cuda13-x86_64/ompi/lib/libopen-pal.so.40(opal_progress+0x34) [0x74f450320314]
12  /home/hpc/hpcx/hpcx-v2.24-gcc-doca_ofed-ubuntu24.04-cuda13-x86_64/ompi/lib/libopen-pal.so.40(ompi_sync_wait_mt+0x115) [0x74f450326b15]
13  /home/hpc/hpcx/hpcx-v2.24-gcc-doca_ofed-ubuntu24.04-cuda13-x86_64/ompi/lib/libmpi.so.40(ompi_request_default_wait+0x24b) [0x74f46432e03b]
14  /home/hpc/hpcx/hpcx-v2.24-gcc-doca_ofed-ubuntu24.04-cuda13-x86_64/ompi/lib/libmpi.so.40(PMPI_Wait+0x1e) [0x74f46435ae9e]
15  ./xhpl_mxp-nvidia() [0x50eac7]
16  ./xhpl_mxp-nvidia() [0x4dc7d3]
17  ./xhpl_mxp-nvidia() [0x4df810]
18  ./xhpl_mxp-nvidia() [0x4df793]
19  ./xhpl_mxp-nvidia() [0x4df703]
20  ./xhpl_mxp-nvidia() [0x4df6bc]
21  ./xhpl_mxp-nvidia() [0x4df6a0]
22  ./xhpl_mxp-nvidia() [0x5bd493]
23  /usr/lib/x86_64-linux-gnu/libc.so.6(+0x9caa4) [0x74f41fc9caa4]
24  /usr/lib/x86_64-linux-gnu/libc.so.6(+0x129c6c) [0x74f41fd29c6c]
=================================
[node1:1633325] *** Process received signal ***
[node1:1633325] Signal: Aborted (6)
[node1:1633325] Signal code:  (-6)
[node1:1633325] [ 0] /usr/lib/x86_64-linux-gnu/libc.so.6(+0x45330)[0x74f41fc45330]
[node1:1633325] [ 1] /usr/lib/x86_64-linux-gnu/libc.so.6(pthread_kill+0x11c)[0x74f41fc9eb2c]
[node1:1633325] [ 2] /usr/lib/x86_64-linux-gnu/libc.so.6(gsignal+0x1e)[0x74f41fc4527e]
[node1:1633325] [ 3] /usr/lib/x86_64-linux-gnu/libc.so.6(abort+0xdf)[0x74f41fc288ff]
[node1:1633325] [ 4] /usr/lib/x86_64-linux-gnu/libucs.so.0(+0x2b7f7)[0x74f41fec97f7]
[node1:1633325] [ 5] /usr/lib/x86_64-linux-gnu/libucs.so.0(ucs_log_default_handler+0x9d3)[0x74f41fececc3]
[node1:1633325] [ 6] /usr/lib/x86_64-linux-gnu/libucs.so.0(ucs_log_dispatch+0xf6)[0x74f41fec76d6]
[node1:1633325] [ 7] /usr/lib/x86_64-linux-gnu/ucx/libuct_cma.so.0(+0x3d89)[0x74f421388d89]
[node1:1633325] [ 8] /usr/lib/x86_64-linux-gnu/ucx/libuct_cma.so.0(uct_cma_ep_tx+0x2ba)[0x74f42138906a]
[node1:1633325] [ 9] /usr/lib/x86_64-linux-gnu/libuct.so.0(uct_scopy_ep_progress_tx+0x77)[0x74f42034d947]
[node1:1633325] [10] /usr/lib/x86_64-linux-gnu/libucs.so.0(ucs_arbiter_dispatch_nonempty+0x119)[0x74f41febdf09]
[node1:1633325] [11] /usr/lib/x86_64-linux-gnu/libuct.so.0(uct_scopy_iface_progress+0x88)[0x74f420359be8]
[node1:1633325] [12] /usr/lib/x86_64-linux-gnu/libucs.so.0(+0x25c18)[0x74f41fec3c18]
[node1:1633325] [13] /usr/lib/x86_64-linux-gnu/libucp.so.0(ucp_worker_progress+0x7a)[0x74f40dcf82ca]
[node1:1633325] [14] /home/hpc/hpcx/hpcx-v2.24-gcc-doca_ofed-ubuntu24.04-cuda13-x86_64/ompi/lib/libopen-pal.so.40(opal_progress+0x34)[0x74f450320314]
[node1:1633325] [15] /home/hpc/hpcx/hpcx-v2.24-gcc-doca_ofed-ubuntu24.04-cuda13-x86_64/ompi/lib/libopen-pal.so.40(ompi_sync_wait_mt+0x115)[0x74f450326b15]
[node1:1633325] [16] /home/hpc/hpcx/hpcx-v2.24-gcc-doca_ofed-ubuntu24.04-cuda13-x86_64/ompi/lib/libmpi.so.40(ompi_request_default_wait+0x24b)[0x74f46432e03b]
[node1:1633325] [17] /home/hpc/hpcx/hpcx-v2.24-gcc-doca_ofed-ubuntu24.04-cuda13-x86_64/ompi/lib/libmpi.so.40(PMPI_Wait+0x1e)[0x74f46435ae9e]
[node1:1633325] [18] ./xhpl_mxp-nvidia[0x50eac7]
[node1:1633325] [19] ./xhpl_mxp-nvidia[0x4dc7d3]
[node1:1633325] [20] ./xhpl_mxp-nvidia[0x4df810]
[node1:1633325] [21] ./xhpl_mxp-nvidia[0x4df793]
[node1:1633325] [22] ./xhpl_mxp-nvidia[0x4df703]
[node1:1633325] [23] ./xhpl_mxp-nvidia[0x4df6bc]
[node1:1633325] [24] ./xhpl_mxp-nvidia[0x4df6a0]
[node1:1633325] [25] ./xhpl_mxp-nvidia[0x5bd493]
[node1:1633325] [26] /usr/lib/x86_64-linux-gnu/libc.so.6(+0x9caa4)[0x74f41fc9caa4]
[node1:1633325] [27] /usr/lib/x86_64-linux-gnu/libc.so.6(+0x129c6c)[0x74f41fd29c6c]
[node1:1633325] *** End of error message ***
--------------------------------------------------------------------------
Primary job  terminated normally, but 1 process returned
a non-zero exit code. Per user-direction, the job has been aborted.
--------------------------------------------------------------------------
--------------------------------------------------------------------------
mpirun noticed that process rank 1 with PID 1633326 on node node1 exited on signal 6 (Aborted).
--------------------------------------------------------------------------
