[1,6]<stdout>:[1758250467.174722] [node4:15557:0]     ucp_context.c:2339 UCX  INFO  Version 1.19.0 (loaded from /home/hpc/hpcx/hpcx-v2.24-gcc-doca_ofed-ubuntu24.04-cuda13-x86_64/ucx/lib/libucp.so.0)
[1,5]<stdout>:[1758250467.174721] [node4:15556:0]     ucp_context.c:2339 UCX  INFO  Version 1.19.0 (loaded from /home/hpc/hpcx/hpcx-v2.24-gcc-doca_ofed-ubuntu24.04-cuda13-x86_64/ucx/lib/libucp.so.0)
[1,4]<stdout>:[1758250467.174722] [node4:15555:0]     ucp_context.c:2339 UCX  INFO  Version 1.19.0 (loaded from /home/hpc/hpcx/hpcx-v2.24-gcc-doca_ofed-ubuntu24.04-cuda13-x86_64/ucx/lib/libucp.so.0)
[1,7]<stdout>:[1758250467.174744] [node4:15558:0]     ucp_context.c:2339 UCX  INFO  Version 1.19.0 (loaded from /home/hpc/hpcx/hpcx-v2.24-gcc-doca_ofed-ubuntu24.04-cuda13-x86_64/ucx/lib/libucp.so.0)
[1,2]<stdout>:[1758250467.177363] [node1:74465:0]     ucp_context.c:2339 UCX  INFO  Version 1.19.0 (loaded from /home/hpc/hpcx/hpcx-v2.24-gcc-doca_ofed-ubuntu24.04-cuda13-x86_64/ucx/lib/libucp.so.0)
[1,3]<stdout>:[1758250467.177364] [node1:74466:0]     ucp_context.c:2339 UCX  INFO  Version 1.19.0 (loaded from /home/hpc/hpcx/hpcx-v2.24-gcc-doca_ofed-ubuntu24.04-cuda13-x86_64/ucx/lib/libucp.so.0)
[1,1]<stdout>:[1758250467.177395] [node1:74464:0]     ucp_context.c:2339 UCX  INFO  Version 1.19.0 (loaded from /home/hpc/hpcx/hpcx-v2.24-gcc-doca_ofed-ubuntu24.04-cuda13-x86_64/ucx/lib/libucp.so.0)
[1,0]<stdout>:[1758250467.177497] [node1:74463:0]     ucp_context.c:2339 UCX  INFO  Version 1.19.0 (loaded from /home/hpc/hpcx/hpcx-v2.24-gcc-doca_ofed-ubuntu24.04-cuda13-x86_64/ucx/lib/libucp.so.0)
[1,6]<stdout>:[1758250468.388105] [node4:15557:0]          parser.c:2368 UCX  INFO  UCX_* env variables: UCX_TLS=tcp,sm,self,cuda_copy,cuda_ipc UCX_LOG_LEVEL=info
[1,7]<stdout>:[1758250468.395394] [node4:15558:0]          parser.c:2368 UCX  INFO  UCX_* env variables: UCX_TLS=tcp,sm,self,cuda_copy,cuda_ipc UCX_LOG_LEVEL=info
[1,2]<stdout>:[1758250468.414824] [node1:74465:0]          parser.c:2368 UCX  INFO  UCX_* env variables: UCX_TLS=tcp,sm,self,cuda_copy,cuda_ipc UCX_LOG_LEVEL=info
[1,4]<stdout>:[1758250468.413008] [node4:15555:0]          parser.c:2368 UCX  INFO  UCX_* env variables: UCX_TLS=tcp,sm,self,cuda_copy,cuda_ipc UCX_LOG_LEVEL=info
[1,5]<stdout>:[1758250468.415495] [node4:15556:0]          parser.c:2368 UCX  INFO  UCX_* env variables: UCX_TLS=tcp,sm,self,cuda_copy,cuda_ipc UCX_LOG_LEVEL=info
[1,3]<stdout>:[1758250468.418925] [node1:74466:0]          parser.c:2368 UCX  INFO  UCX_* env variables: UCX_TLS=tcp,sm,self,cuda_copy,cuda_ipc UCX_LOG_LEVEL=info
[1,1]<stdout>:[1758250468.419555] [node1:74464:0]          parser.c:2368 UCX  INFO  UCX_* env variables: UCX_TLS=tcp,sm,self,cuda_copy,cuda_ipc UCX_LOG_LEVEL=info
[1,0]<stdout>:[1758250468.426984] [node1:74463:0]          parser.c:2368 UCX  INFO  UCX_* env variables: UCX_TLS=tcp,sm,self,cuda_copy,cuda_ipc UCX_LOG_LEVEL=info
[1,0]<stdout>:[1758250468.427864] [node1:74463:0]     ucp_context.c:2339 UCX  INFO  Version 1.19.0 (loaded from /home/hpc/hpcx/hpcx-v2.24-gcc-doca_ofed-ubuntu24.04-cuda13-x86_64/ucx/lib/libucp.so.0)
[1,3]<stdout>:[1758250468.427864] [node1:74466:0]     ucp_context.c:2339 UCX  INFO  Version 1.19.0 (loaded from /home/hpc/hpcx/hpcx-v2.24-gcc-doca_ofed-ubuntu24.04-cuda13-x86_64/ucx/lib/libucp.so.0)
[1,1]<stdout>:[1758250468.427869] [node1:74464:0]     ucp_context.c:2339 UCX  INFO  Version 1.19.0 (loaded from /home/hpc/hpcx/hpcx-v2.24-gcc-doca_ofed-ubuntu24.04-cuda13-x86_64/ucx/lib/libucp.so.0)
[1,2]<stdout>:[1758250468.427913] [node1:74465:0]     ucp_context.c:2339 UCX  INFO  Version 1.19.0 (loaded from /home/hpc/hpcx/hpcx-v2.24-gcc-doca_ofed-ubuntu24.04-cuda13-x86_64/ucx/lib/libucp.so.0)
[1,6]<stdout>:[1758250468.426069] [node4:15557:0]     ucp_context.c:2339 UCX  INFO  Version 1.19.0 (loaded from /home/hpc/hpcx/hpcx-v2.24-gcc-doca_ofed-ubuntu24.04-cuda13-x86_64/ucx/lib/libucp.so.0)
[1,4]<stdout>:[1758250468.426070] [node4:15555:0]     ucp_context.c:2339 UCX  INFO  Version 1.19.0 (loaded from /home/hpc/hpcx/hpcx-v2.24-gcc-doca_ofed-ubuntu24.04-cuda13-x86_64/ucx/lib/libucp.so.0)
[1,7]<stdout>:[1758250468.426179] [node4:15558:0]     ucp_context.c:2339 UCX  INFO  Version 1.19.0 (loaded from /home/hpc/hpcx/hpcx-v2.24-gcc-doca_ofed-ubuntu24.04-cuda13-x86_64/ucx/lib/libucp.so.0)
[1,5]<stdout>:[1758250468.426185] [node4:15556:0]     ucp_context.c:2339 UCX  INFO  Version 1.19.0 (loaded from /home/hpc/hpcx/hpcx-v2.24-gcc-doca_ofed-ubuntu24.04-cuda13-x86_64/ucx/lib/libucp.so.0)
[1,1]<stdout>:[1758250468.456020] [node1:74464:0]      ucp_worker.c:1903 UCX  INFO    ucp_context_0 self cfg#1 tag(self/memory cma/memory)
[1,1]<stdout>:[1758250468.456519] [node1:74464:0]      ucp_worker.c:1903 UCX  INFO    ucp_context_0 intra-node cfg#2 tag(sysv/memory cma/memory cuda_ipc/cuda)
[1,0]<stdout>:[1758250468.458794] [node1:74463:0]      ucp_worker.c:1903 UCX  INFO    ucp_context_0 self cfg#1 tag(self/memory cma/memory)
[1,2]<stdout>:[1758250468.458877] [node1:74465:0]      ucp_worker.c:1903 UCX  INFO    ucp_context_0 self cfg#1 tag(self/memory cma/memory)
[1,0]<stdout>:[1758250468.459423] [node1:74463:0]      ucp_worker.c:1903 UCX  INFO    ucp_context_0 intra-node cfg#2 tag(sysv/memory cma/memory cuda_ipc/cuda)
[1,2]<stdout>:[1758250468.459457] [node1:74465:0]      ucp_worker.c:1903 UCX  INFO    ucp_context_0 intra-node cfg#2 tag(sysv/memory cma/memory cuda_ipc/cuda)
[1,3]<stdout>:[1758250468.461207] [node1:74466:0]      ucp_worker.c:1903 UCX  INFO    ucp_context_0 self cfg#1 tag(self/memory cma/memory)
[1,3]<stdout>:[1758250468.461827] [node1:74466:0]      ucp_worker.c:1903 UCX  INFO    ucp_context_0 intra-node cfg#2 tag(sysv/memory cma/memory cuda_ipc/cuda)
[1,6]<stdout>:[1758250468.459922] [node4:15557:0]      ucp_worker.c:1903 UCX  INFO    ucp_context_0 self cfg#1 tag(self/memory cma/memory)
[1,6]<stdout>:[1758250468.460787] [node4:15557:0]      ucp_worker.c:1903 UCX  INFO    ucp_context_0 intra-node cfg#2 tag(sysv/memory cma/memory cuda_ipc/cuda)
[1,4]<stdout>:[1758250468.461700] [node4:15555:0]      ucp_worker.c:1903 UCX  INFO    ucp_context_0 self cfg#1 tag(self/memory cma/memory)
[1,5]<stdout>:[1758250468.462759] [node4:15556:0]      ucp_worker.c:1903 UCX  INFO    ucp_context_0 self cfg#1 tag(self/memory cma/memory)
[1,4]<stdout>:[1758250468.462778] [node4:15555:0]      ucp_worker.c:1903 UCX  INFO    ucp_context_0 intra-node cfg#2 tag(sysv/memory cma/memory cuda_ipc/cuda)
[1,5]<stdout>:[1758250468.463746] [node4:15556:0]      ucp_worker.c:1903 UCX  INFO    ucp_context_0 intra-node cfg#2 tag(sysv/memory cma/memory cuda_ipc/cuda)
[1,7]<stdout>:[1758250468.467407] [node4:15558:0]      ucp_worker.c:1903 UCX  INFO    ucp_context_0 self cfg#1 tag(self/memory cma/memory)
[1,7]<stdout>:[1758250468.468645] [node4:15558:0]      ucp_worker.c:1903 UCX  INFO    ucp_context_0 intra-node cfg#2 tag(sysv/memory cma/memory cuda_ipc/cuda)
[1,1]<stdout>:[1758250468.478237] [node1:74464:0]     ucp_context.c:2339 UCX  INFO  Version 1.19.0 (loaded from /home/hpc/hpcx/hpcx-v2.24-gcc-doca_ofed-ubuntu24.04-cuda13-x86_64/ucx/lib/libucp.so.0)
[1,2]<stdout>:[1758250468.478391] [node1:74465:0]     ucp_context.c:2339 UCX  INFO  Version 1.19.0 (loaded from /home/hpc/hpcx/hpcx-v2.24-gcc-doca_ofed-ubuntu24.04-cuda13-x86_64/ucx/lib/libucp.so.0)
[1,0]<stdout>:[1758250468.478452] [node1:74463:0]     ucp_context.c:2339 UCX  INFO  Version 1.19.0 (loaded from /home/hpc/hpcx/hpcx-v2.24-gcc-doca_ofed-ubuntu24.04-cuda13-x86_64/ucx/lib/libucp.so.0)
[1,3]<stdout>:[1758250468.478847] [node1:74466:0]     ucp_context.c:2339 UCX  INFO  Version 1.19.0 (loaded from /home/hpc/hpcx/hpcx-v2.24-gcc-doca_ofed-ubuntu24.04-cuda13-x86_64/ucx/lib/libucp.so.0)
[1,5]<stdout>:[1758250468.503381] [node4:15556:0]     ucp_context.c:2339 UCX  INFO  Version 1.19.0 (loaded from /home/hpc/hpcx/hpcx-v2.24-gcc-doca_ofed-ubuntu24.04-cuda13-x86_64/ucx/lib/libucp.so.0)
[1,4]<stdout>:[1758250468.503641] [node4:15555:0]     ucp_context.c:2339 UCX  INFO  Version 1.19.0 (loaded from /home/hpc/hpcx/hpcx-v2.24-gcc-doca_ofed-ubuntu24.04-cuda13-x86_64/ucx/lib/libucp.so.0)
[1,7]<stdout>:[1758250468.503669] [node4:15558:0]     ucp_context.c:2339 UCX  INFO  Version 1.19.0 (loaded from /home/hpc/hpcx/hpcx-v2.24-gcc-doca_ofed-ubuntu24.04-cuda13-x86_64/ucx/lib/libucp.so.0)
[1,6]<stdout>:[1758250468.504051] [node4:15557:0]     ucp_context.c:2339 UCX  INFO  Version 1.19.0 (loaded from /home/hpc/hpcx/hpcx-v2.24-gcc-doca_ofed-ubuntu24.04-cuda13-x86_64/ucx/lib/libucp.so.0)
[1,3]<stdout>:[1758250468.526926] [node1:74466:0]      ucp_worker.c:1903 UCX  INFO    ucp_context_0 inter-node cfg#3 tag(tcp/ibp225s0)
[1,5]<stdout>:[1758250468.552136] [node4:15556:0]      ucp_worker.c:1903 UCX  INFO    ucp_context_0 inter-node cfg#3 tag(tcp/ibp225s0)
[1,6]<stdout>:[1758250468.552262] [node4:15557:0]      ucp_worker.c:1903 UCX  INFO    ucp_context_0 inter-node cfg#3 tag(tcp/ibp225s0)
[1,7]<stdout>:[1758250468.552341] [node4:15558:0]      ucp_worker.c:1903 UCX  INFO    ucp_context_0 inter-node cfg#3 tag(tcp/ibp225s0)
[1,4]<stdout>:[1758250468.554892] [node4:15555:0]      ucp_worker.c:1903 UCX  INFO    ucp_context_0 inter-node cfg#3 tag(tcp/ibp225s0)
