[node1:1606538:1:1606579]      cma_ep.c:85   process_vm_writev(pid=1606540 {0x785074400000,524288}-->{0x7e8830400000,524288}) returned -1: Bad address
==== backtrace (tid:1606579) ====
 0  /usr/lib/x86_64-linux-gnu/libucs.so.0(ucs_handle_error+0x2ec) [0x7850db0aa64c]
 1  /usr/lib/x86_64-linux-gnu/libucs.so.0(ucs_fatal_error_message+0xb2) [0x7850db0aa7f2]
 2  /usr/lib/x86_64-linux-gnu/libucs.so.0(ucs_log_default_handler+0x9d3) [0x7850db0afcc3]
 3  /usr/lib/x86_64-linux-gnu/libucs.so.0(ucs_log_dispatch+0xf6) [0x7850db0a86d6]
 4  /usr/lib/x86_64-linux-gnu/ucx/libuct_cma.so.0(+0x3d89) [0x7850dc587d89]
 5  /usr/lib/x86_64-linux-gnu/ucx/libuct_cma.so.0(uct_cma_ep_tx+0x2ba) [0x7850dc58806a]
 6  /usr/lib/x86_64-linux-gnu/libuct.so.0(uct_scopy_ep_progress_tx+0x77) [0x7850db54d947]
 7  /usr/lib/x86_64-linux-gnu/libucs.so.0(ucs_arbiter_dispatch_nonempty+0x119) [0x7850db09ef09]
 8  /usr/lib/x86_64-linux-gnu/libuct.so.0(uct_scopy_iface_progress+0x88) [0x7850db559be8]
 9  /usr/lib/x86_64-linux-gnu/libucs.so.0(+0x25c18) [0x7850db0a4c18]
10  /usr/lib/x86_64-linux-gnu/libucp.so.0(ucp_worker_progress+0x7a) [0x7850c5af82ca]
11  /home/hpc/hpcx/hpcx-v2.24-gcc-doca_ofed-ubuntu24.04-cuda13-x86_64/ompi/lib/libopen-pal.so.40(opal_progress+0x34) [0x7850db120314]
12  /home/hpc/hpcx/hpcx-v2.24-gcc-doca_ofed-ubuntu24.04-cuda13-x86_64/ompi/lib/libopen-pal.so.40(ompi_sync_wait_mt+0x115) [0x7850db126b15]
13  /home/hpc/hpcx/hpcx-v2.24-gcc-doca_ofed-ubuntu24.04-cuda13-x86_64/ompi/lib/libmpi.so.40(ompi_request_default_wait+0x24b) [0x785113f3203b]
14  /home/hpc/hpcx/hpcx-v2.24-gcc-doca_ofed-ubuntu24.04-cuda13-x86_64/ompi/lib/libmpi.so.40(PMPI_Wait+0x1e) [0x785113f5ee9e]
15  ./xhpl_mxp-nvidia() [0x50eac7]
16  ./xhpl_mxp-nvidia() [0x4dc7d3]
17  ./xhpl_mxp-nvidia() [0x4df810]
18  ./xhpl_mxp-nvidia() [0x4df793]
19  ./xhpl_mxp-nvidia() [0x4df703]
20  ./xhpl_mxp-nvidia() [0x4df6bc]
21  ./xhpl_mxp-nvidia() [0x4df6a0]
22  ./xhpl_mxp-nvidia() [0x5bd493]
23  /usr/lib/x86_64-linux-gnu/libc.so.6(+0x9caa4) [0x7850dae9caa4]
24  /usr/lib/x86_64-linux-gnu/libc.so.6(+0x129c6c) [0x7850daf29c6c]
=================================
[node1:1606538] *** Process received signal ***
[node1:1606538] Signal: Aborted (6)
[node1:1606538] Signal code:  (-6)
[node1:1606538] [ 0] /usr/lib/x86_64-linux-gnu/libc.so.6(+0x45330)[0x7850dae45330]
[node1:1606538] [ 1] /usr/lib/x86_64-linux-gnu/libc.so.6(pthread_kill+0x11c)[0x7850dae9eb2c]
[node1:1606538] [ 2] /usr/lib/x86_64-linux-gnu/libc.so.6(gsignal+0x1e)[0x7850dae4527e]
[node1:1606538] [ 3] /usr/lib/x86_64-linux-gnu/libc.so.6(abort+0xdf)[0x7850dae288ff]
[node1:1606538] [ 4] /usr/lib/x86_64-linux-gnu/libucs.so.0(+0x2b7f7)[0x7850db0aa7f7]
[node1:1606538] [ 5] /usr/lib/x86_64-linux-gnu/libucs.so.0(ucs_log_default_handler+0x9d3)[0x7850db0afcc3]
[node1:1606538] [ 6] /usr/lib/x86_64-linux-gnu/libucs.so.0(ucs_log_dispatch+0xf6)[0x7850db0a86d6]
[node1:1606538] [ 7] /usr/lib/x86_64-linux-gnu/ucx/libuct_cma.so.0(+0x3d89)[0x7850dc587d89]
[node1:1606538] [ 8] /usr/lib/x86_64-linux-gnu/ucx/libuct_cma.so.0(uct_cma_ep_tx+0x2ba)[0x7850dc58806a]
[node1:1606538] [ 9] /usr/lib/x86_64-linux-gnu/libuct.so.0(uct_scopy_ep_progress_tx+0x77)[0x7850db54d947]
[node1:1606538] [10] /usr/lib/x86_64-linux-gnu/libucs.so.0(ucs_arbiter_dispatch_nonempty+0x119)[0x7850db09ef09]
[node1:1606538] [11] /usr/lib/x86_64-linux-gnu/libuct.so.0(uct_scopy_iface_progress+0x88)[0x7850db559be8]
[node1:1606538] [12] /usr/lib/x86_64-linux-gnu/libucs.so.0(+0x25c18)[0x7850db0a4c18]
[node1:1606538] [13] /usr/lib/x86_64-linux-gnu/libucp.so.0(ucp_worker_progress+0x7a)[0x7850c5af82ca]
[node1:1606538] [14] /home/hpc/hpcx/hpcx-v2.24-gcc-doca_ofed-ubuntu24.04-cuda13-x86_64/ompi/lib/libopen-pal.so.40(opal_progress+0x34)[0x7850db120314]
[node1:1606538] [15] /home/hpc/hpcx/hpcx-v2.24-gcc-doca_ofed-ubuntu24.04-cuda13-x86_64/ompi/lib/libopen-pal.so.40(ompi_sync_wait_mt+0x115)[0x7850db126b15]
[node1:1606538] [16] /home/hpc/hpcx/hpcx-v2.24-gcc-doca_ofed-ubuntu24.04-cuda13-x86_64/ompi/lib/libmpi.so.40(ompi_request_default_wait+0x24b)[0x785113f3203b]
[node1:1606538] [17] /home/hpc/hpcx/hpcx-v2.24-gcc-doca_ofed-ubuntu24.04-cuda13-x86_64/ompi/lib/libmpi.so.40(PMPI_Wait+0x1e)[0x785113f5ee9e]
[node1:1606538] [18] ./xhpl_mxp-nvidia[0x50eac7]
[node1:1606538] [19] [node1:1606539:1:1606577]      cma_ep.c:85   process_vm_writev(pid=1606541 {0x752c10400000,524288}-->{0x724026400000,524288}) returned -1: Bad address
==== backtrace (tid:1606577) ====
 0  /usr/lib/x86_64-linux-gnu/libucs.so.0(ucs_handle_error+0x2ec) [0x752c6f2bb64c]
 1  /usr/lib/x86_64-linux-gnu/libucs.so.0(ucs_fatal_error_message+0xb2) [0x752c6f2bb7f2]
 2  /usr/lib/x86_64-linux-gnu/libucs.so.0(ucs_log_default_handler+0x9d3) [0x752c6f2c0cc3]
 3  /usr/lib/x86_64-linux-gnu/libucs.so.0(ucs_log_dispatch+0xf6) [0x752c6f2b96d6]
 4  /usr/lib/x86_64-linux-gnu/ucx/libuct_cma.so.0(+0x3d89) [0x752c6ee92d89]
 5  /usr/lib/x86_64-linux-gnu/ucx/libuct_cma.so.0(uct_cma_ep_tx+0x2ba) [0x752c6ee9306a]
 6  /usr/lib/x86_64-linux-gnu/libuct.so.0(uct_scopy_ep_progress_tx+0x77) [0x752c6f257947]
 7  /usr/lib/x86_64-linux-gnu/libucs.so.0(ucs_arbiter_dispatch_nonempty+0x119) [0x752c6f2aff09]
 8  /usr/lib/x86_64-linux-gnu/libuct.so.0(uct_scopy_iface_progress+0x88) [0x752c6f263be8]
 9  /usr/lib/x86_64-linux-gnu/libucs.so.0(+0x25c18) [0x752c6f2b5c18]
10  /usr/lib/x86_64-linux-gnu/libucp.so.0(ucp_worker_progress+0x7a) [0x752c5d0f82ca]
11  /home/hpc/hpcx/hpcx-v2.24-gcc-doca_ofed-ubuntu24.04-cuda13-x86_64/ompi/lib/libopen-pal.so.40(opal_progress+0x34) [0x752c9f720314]
12  /home/hpc/hpcx/hpcx-v2.24-gcc-doca_ofed-ubuntu24.04-cuda13-x86_64/ompi/lib/libopen-pal.so.40(ompi_sync_wait_mt+0x115) [0x752c9f726b15]
13  /home/hpc/hpcx/hpcx-v2.24-gcc-doca_ofed-ubuntu24.04-cuda13-x86_64/ompi/lib/libmpi.so.40(ompi_request_default_wait+0x24b) [0x752ca813203b]
14  /home/hpc/hpcx/hpcx-v2.24-gcc-doca_ofed-ubuntu24.04-cuda13-x86_64/ompi/lib/libmpi.so.40(PMPI_Wait+0x1e) [0x752ca815ee9e]
15  ./xhpl_mxp-nvidia() [0x50eac7]
16  ./xhpl_mxp-nvidia() [0x4dc7d3]
17  ./xhpl_mxp-nvidia() [0x4df810]
18  ./xhpl_mxp-nvidia() [0x4df793]
19  ./xhpl_mxp-nvidia() [0x4df703]
20  ./xhpl_mxp-nvidia() [0x4df6bc]
21  ./xhpl_mxp-nvidia() [0x4df6a0]
22  ./xhpl_mxp-nvidia() [0x5bd493]
23  /usr/lib/x86_64-linux-gnu/libc.so.6(+0x9caa4) [0x752c6f09caa4]
24  /usr/lib/x86_64-linux-gnu/libc.so.6(+0x129c6c) [0x752c6f129c6c]
=================================
[node1:1606539] *** Process received signal ***
[node1:1606539] Signal: Aborted (6)
[node1:1606539] Signal code:  (-6)
[node1:1606539] [ 0] /usr/lib/x86_64-linux-gnu/libc.so.6(+0x45330)[0x752c6f045330]
[node1:1606539] [ 1] /usr/lib/x86_64-linux-gnu/libc.so.6(pthread_kill+0x11c)[0x752c6f09eb2c]
[node1:1606539] [ 2] /usr/lib/x86_64-linux-gnu/libc.so.6(gsignal+0x1e)[0x752c6f04527e]
[node1:1606539] [ 3] /usr/lib/x86_64-linux-gnu/libc.so.6(abort+0xdf)[0x752c6f0288ff]
[node1:1606539] [ 4] /usr/lib/x86_64-linux-gnu/libucs.so.0(+0x2b7f7)[0x752c6f2bb7f7]
[node1:1606539] [ 5] /usr/lib/x86_64-linux-gnu/libucs.so.0(ucs_log_default_handler+0x9d3)[0x752c6f2c0cc3]
[node1:1606539] [ 6] /usr/lib/x86_64-linux-gnu/libucs.so.0(ucs_log_dispatch+0xf6)[0x752c6f2b96d6]
[node1:1606539] [ 7] /usr/lib/x86_64-linux-gnu/ucx/libuct_cma.so.0(+0x3d89)[0x752c6ee92d89]
[node1:1606539] [ 8] /usr/lib/x86_64-linux-gnu/ucx/libuct_cma.so.0(uct_cma_ep_tx+0x2ba)[0x752c6ee9306a]
[node1:1606539] [ 9] /usr/lib/x86_64-linux-gnu/libuct.so.0(uct_scopy_ep_progress_tx+0x77)[0x752c6f257947]
[node1:1606539] [10] /usr/lib/x86_64-linux-gnu/libucs.so.0(ucs_arbiter_dispatch_nonempty+0x119)[0x752c6f2aff09]
[node1:1606539] [11] /usr/lib/x86_64-linux-gnu/libuct.so.0(uct_scopy_iface_progress+0x88)[0x752c6f263be8]
[node1:1606539] [12] /usr/lib/x86_64-linux-gnu/libucs.so.0(+0x25c18)[0x752c6f2b5c18]
[node1:1606539] [13] /usr/lib/x86_64-linux-gnu/libucp.so.0(ucp_worker_progress+0x7a)[0x752c5d0f82ca]
[node1:1606539] [14] /home/hpc/hpcx/hpcx-v2.24-gcc-doca_ofed-ubuntu24.04-cuda13-x86_64/ompi/lib/libopen-pal.so.40(opal_progress+0x34)[0x752c9f720314]
[node1:1606539] [15] /home/hpc/hpcx/hpcx-v2.24-gcc-doca_ofed-ubuntu24.04-cuda13-x86_64/ompi/lib/libopen-pal.so.40(ompi_sync_wait_mt+0x115)[0x752c9f726b15]
[node1:1606539] [16] /home/hpc/hpcx/hpcx-v2.24-gcc-doca_ofed-ubuntu24.04-cuda13-x86_64/ompi/lib/libmpi.so.40(ompi_request_default_wait+0x24b)[0x752ca813203b]
[node1:1606539] [17] /home/hpc/hpcx/hpcx-v2.24-gcc-doca_ofed-ubuntu24.04-cuda13-x86_64/ompi/lib/libmpi.so.40(PMPI_Wait+0x1e)[0x752ca815ee9e]
[node1:1606539] [18] ./xhpl_mxp-nvidia[0x50eac7]
[node1:1606539] [19] ./xhpl_mxp-nvidia[0x4dc7d3]
[node1:1606539] [20] ./xhpl_mxp-nvidia[0x4df810]
[node1:1606539] [21] ./xhpl_mxp-nvidia[0x4df793]
[node1:1606539] [22] ./xhpl_mxp-nvidia[0x4df703]
[node1:1606539] [23] ./xhpl_mxp-nvidia[0x4df6bc]
[node1:1606539] [24] ./xhpl_mxp-nvidia[0x4df6a0]
[node1:1606539] [25] ./xhpl_mxp-nvidia[0x5bd493]
[node1:1606539] [26] /usr/lib/x86_64-linux-gnu/libc.so.6(+0x9caa4)[0x752c6f09caa4]
[node1:1606539] [27] /usr/lib/x86_64-linux-gnu/libc.so.6(+0x129c6c)[0x752c6f129c6c]
[node1:1606539] *** End of error message ***
./xhpl_mxp-nvidia[0x4dc7d3]
[node1:1606538] [20] ./xhpl_mxp-nvidia[0x4df810]
[node1:1606538] [21] ./xhpl_mxp-nvidia[0x4df793]
[node1:1606538] [22] ./xhpl_mxp-nvidia[0x4df703]
[node1:1606538] [23] ./xhpl_mxp-nvidia[0x4df6bc]
[node1:1606538] [24] ./xhpl_mxp-nvidia[0x4df6a0]
[node1:1606538] [25] ./xhpl_mxp-nvidia[0x5bd493]
[node1:1606538] [26] /usr/lib/x86_64-linux-gnu/libc.so.6(+0x9caa4)[0x7850dae9caa4]
[node1:1606538] [27] /usr/lib/x86_64-linux-gnu/libc.so.6(+0x129c6c)[0x7850daf29c6c]
[node1:1606538] *** End of error message ***
--------------------------------------------------------------------------
Primary job  terminated normally, but 1 process returned
a non-zero exit code. Per user-direction, the job has been aborted.
--------------------------------------------------------------------------
--------------------------------------------------------------------------
mpirun noticed that process rank 1 with PID 1606539 on node node1 exited on signal 6 (Aborted).
--------------------------------------------------------------------------
