[node1:1633404:1:1633445]      cma_ep.c:85   process_vm_writev(pid=1633406 {0x716abf880000,250368}-->{0x78a56b880000,250368}) returned -1: Bad address
==== backtrace (tid:1633445) ====
 0  /usr/lib/x86_64-linux-gnu/libucs.so.0(ucs_handle_error+0x2ec) [0x716b2a4aa64c]
 1  /usr/lib/x86_64-linux-gnu/libucs.so.0(ucs_fatal_error_message+0xb2) [0x716b2a4aa7f2]
 2  /usr/lib/x86_64-linux-gnu/libucs.so.0(ucs_log_default_handler+0x9d3) [0x716b2a4afcc3]
 3  /usr/lib/x86_64-linux-gnu/libucs.so.0(ucs_log_dispatch+0xf6) [0x716b2a4a86d6]
 4  /usr/lib/x86_64-linux-gnu/ucx/libuct_cma.so.0(+0x3d89) [0x716b2a0bbd89]
 5  /usr/lib/x86_64-linux-gnu/ucx/libuct_cma.so.0(uct_cma_ep_tx+0x2ba) [0x716b2a0bc06a]
 6  /usr/lib/x86_64-linux-gnu/libuct.so.0(uct_scopy_ep_progress_tx+0x77) [0x716b2a44d947]
 7  /usr/lib/x86_64-linux-gnu/libucs.so.0(ucs_arbiter_dispatch_nonempty+0x119) [0x716b2a49ef09]
 8  /usr/lib/x86_64-linux-gnu/libuct.so.0(uct_scopy_iface_progress+0x88) [0x716b2a459be8]
 9  /usr/lib/x86_64-linux-gnu/libucs.so.0(+0x25c18) [0x716b2a4a4c18]
10  /usr/lib/x86_64-linux-gnu/libucp.so.0(ucp_worker_progress+0x7a) [0x716b14ef82ca]
11  /home/hpc/hpcx/hpcx-v2.24-gcc-doca_ofed-ubuntu24.04-cuda13-x86_64/ompi/lib/libopen-pal.so.40(opal_progress+0x34) [0x716b2a520314]
12  /home/hpc/hpcx/hpcx-v2.24-gcc-doca_ofed-ubuntu24.04-cuda13-x86_64/ompi/lib/libopen-pal.so.40(ompi_sync_wait_mt+0x115) [0x716b2a526b15]
13  /home/hpc/hpcx/hpcx-v2.24-gcc-doca_ofed-ubuntu24.04-cuda13-x86_64/ompi/lib/libmpi.so.40(ompi_request_default_wait+0x24b) [0x716b6333203b]
14  /home/hpc/hpcx/hpcx-v2.24-gcc-doca_ofed-ubuntu24.04-cuda13-x86_64/ompi/lib/libmpi.so.40(PMPI_Wait+0x1e) [0x716b6335ee9e]
15  ./xhpl_mxp-nvidia() [0x50eac7]
16  ./xhpl_mxp-nvidia() [0x4dc7d3]
17  ./xhpl_mxp-nvidia() [0x4df810]
18  ./xhpl_mxp-nvidia() [0x4df793]
19  ./xhpl_mxp-nvidia() [0x4df703]
20  ./xhpl_mxp-nvidia() [0x4df6bc]
21  ./xhpl_mxp-nvidia() [0x4df6a0]
22  ./xhpl_mxp-nvidia() [0x5bd493]
23  /usr/lib/x86_64-linux-gnu/libc.so.6(+0x9caa4) [0x716b2a29caa4]
24  /usr/lib/x86_64-linux-gnu/libc.so.6(+0x129c6c) [0x716b2a329c6c]
=================================
[node1:1633404] *** Process received signal ***
[node1:1633404] Signal: Aborted (6)
[node1:1633404] Signal code:  (-6)
[node1:1633404] [ 0] /usr/lib/x86_64-linux-gnu/libc.so.6(+0x45330)[0x716b2a245330]
[node1:1633404] [ 1] /usr/lib/x86_64-linux-gnu/libc.so.6(pthread_kill+0x11c)[0x716b2a29eb2c]
[node1:1633404] [ 2] /usr/lib/x86_64-linux-gnu/libc.so.6(gsignal+0x1e)[0x716b2a24527e]
[node1:1633404] [ 3] /usr/lib/x86_64-linux-gnu/libc.so.6(abort+0xdf)[0x716b2a2288ff]
[node1:1633404] [ 4] /usr/lib/x86_64-linux-gnu/libucs.so.0(+0x2b7f7)[0x716b2a4aa7f7]
[node1:1633404] [ 5] /usr/lib/x86_64-linux-gnu/libucs.so.0(ucs_log_default_handler+0x9d3)[0x716b2a4afcc3]
[node1:1633404] [ 6] /usr/lib/x86_64-linux-gnu/libucs.so.0(ucs_log_dispatch+0xf6)[0x716b2a4a86d6]
[node1:1633404] [ 7] /usr/lib/x86_64-linux-gnu/ucx/libuct_cma.so.0(+0x3d89)[0x716b2a0bbd89]
[node1:1633404] [ 8] /usr/lib/x86_64-linux-gnu/ucx/libuct_cma.so.0(uct_cma_ep_tx+0x2ba)[0x716b2a0bc06a]
[node1:1633404] [ 9] /usr/lib/x86_64-linux-gnu/libuct.so.0(uct_scopy_ep_progress_tx+0x77)[0x716b2a44d947]
[node1:1633404] [10] /usr/lib/x86_64-linux-gnu/libucs.so.0(ucs_arbiter_dispatch_nonempty+0x119)[0x716b2a49ef09]
[node1:1633404] [11] /usr/lib/x86_64-linux-gnu/libuct.so.0(uct_scopy_iface_progress+0x88)[0x716b2a459be8]
[node1:1633404] [12] /usr/lib/x86_64-linux-gnu/libucs.so.0(+0x25c18)[0x716b2a4a4c18]
[node1:1633404] [13] /usr/lib/x86_64-linux-gnu/libucp.so.0(ucp_worker_progress+0x7a)[0x716b14ef82ca]
[node1:1633404] [14] /home/hpc/hpcx/hpcx-v2.24-gcc-doca_ofed-ubuntu24.04-cuda13-x86_64/ompi/lib/libopen-pal.so.40(opal_progress+0x34)[0x716b2a520314]
[node1:1633404] [15] /home/hpc/hpcx/hpcx-v2.24-gcc-doca_ofed-ubuntu24.04-cuda13-x86_64/ompi/lib/libopen-pal.so.40(ompi_sync_wait_mt+0x115)[0x716b2a526b15]
[node1:1633404] [16] /home/hpc/hpcx/hpcx-v2.24-gcc-doca_ofed-ubuntu24.04-cuda13-x86_64/ompi/lib/libmpi.so.40(ompi_request_default_wait+0x24b)[0x716b6333203b]
[node1:1633404] [17] /home/hpc/hpcx/hpcx-v2.24-gcc-doca_ofed-ubuntu24.04-cuda13-x86_64/ompi/lib/libmpi.so.40(PMPI_Wait+0x1e)[0x716b6335ee9e]
[node1:1633404] [18] ./xhpl_mxp-nvidia[0x50eac7]
[node1:1633404] [19] ./xhpl_mxp-nvidia[0x4dc7d3]
[node1:1633404] [20] ./xhpl_mxp-nvidia[0x4df810]
[node1:1633404] [21] ./xhpl_mxp-nvidia[0x4df793]
[node1:1633404] [22] ./xhpl_mxp-nvidia[0x4df703]
[node1:1633404] [23] ./xhpl_mxp-nvidia[0x4df6bc]
[node1:1633404] [24] ./xhpl_mxp-nvidia[0x4df6a0]
[node1:1633404] [25] ./xhpl_mxp-nvidia[0x5bd493]
[node1:1633404] [26] /usr/lib/x86_64-linux-gnu/libc.so.6(+0x9caa4)[0x716b2a29caa4]
[node1:1633404] [27] /usr/lib/x86_64-linux-gnu/libc.so.6(+0x129c6c)[0x716b2a329c6c]
[node1:1633404] *** End of error message ***
[node1:1633403:1:1633442]      cma_ep.c:85   process_vm_writev(pid=1633405 {0x7d39a5981000,262656}-->{0x752f55981000,262656}) returned -1: Bad address
==== backtrace (tid:1633442) ====
 0  /usr/lib/x86_64-linux-gnu/libucs.so.0(ucs_handle_error+0x2ec) [0x7d3a19cc964c]
 1  /usr/lib/x86_64-linux-gnu/libucs.so.0(ucs_fatal_error_message+0xb2) [0x7d3a19cc97f2]
 2  /usr/lib/x86_64-linux-gnu/libucs.so.0(ucs_log_default_handler+0x9d3) [0x7d3a19ccecc3]
 3  /usr/lib/x86_64-linux-gnu/libucs.so.0(ucs_log_dispatch+0xf6) [0x7d3a19cc76d6]
 4  /usr/lib/x86_64-linux-gnu/ucx/libuct_cma.so.0(+0x3d89) [0x7d3a198d6d89]
 5  /usr/lib/x86_64-linux-gnu/ucx/libuct_cma.so.0(uct_cma_ep_tx+0x2ba) [0x7d3a198d706a]
 6  /usr/lib/x86_64-linux-gnu/libuct.so.0(uct_scopy_ep_progress_tx+0x77) [0x7d3a19c6c947]
 7  /usr/lib/x86_64-linux-gnu/libucs.so.0(ucs_arbiter_dispatch_nonempty+0x119) [0x7d3a19cbdf09]
 8  /usr/lib/x86_64-linux-gnu/libuct.so.0(uct_scopy_iface_progress+0x88) [0x7d3a19c78be8]
 9  /usr/lib/x86_64-linux-gnu/libucs.so.0(+0x25c18) [0x7d3a19cc3c18]
10  /usr/lib/x86_64-linux-gnu/libucp.so.0(ucp_worker_progress+0x7a) [0x7d3a07af82ca]
11  /home/hpc/hpcx/hpcx-v2.24-gcc-doca_ofed-ubuntu24.04-cuda13-x86_64/ompi/lib/libopen-pal.so.40(opal_progress+0x34) [0x7d3a4a120314]
12  /home/hpc/hpcx/hpcx-v2.24-gcc-doca_ofed-ubuntu24.04-cuda13-x86_64/ompi/lib/libopen-pal.so.40(ompi_sync_wait_mt+0x115) [0x7d3a4a126b15]
13  /home/hpc/hpcx/hpcx-v2.24-gcc-doca_ofed-ubuntu24.04-cuda13-x86_64/ompi/lib/libmpi.so.40(ompi_request_default_wait+0x24b) [0x7d3a5e0f403b]
14  /home/hpc/hpcx/hpcx-v2.24-gcc-doca_ofed-ubuntu24.04-cuda13-x86_64/ompi/lib/libmpi.so.40(PMPI_Wait+0x1e) [0x7d3a5e120e9e]
15  ./xhpl_mxp-nvidia() [0x50eac7]
16  ./xhpl_mxp-nvidia() [0x4dc7d3]
17  ./xhpl_mxp-nvidia() [0x4df810]
18  ./xhpl_mxp-nvidia() [0x4df793]
19  ./xhpl_mxp-nvidia() [0x4df703]
20  ./xhpl_mxp-nvidia() [0x4df6bc]
21  ./xhpl_mxp-nvidia() [0x4df6a0]
22  ./xhpl_mxp-nvidia() [0x5bd493]
23  /usr/lib/x86_64-linux-gnu/libc.so.6(+0x9caa4) [0x7d3a19a9caa4]
24  /usr/lib/x86_64-linux-gnu/libc.so.6(+0x129c6c) [0x7d3a19b29c6c]
=================================
[node1:1633403] *** Process received signal ***
[node1:1633403] Signal: Aborted (6)
[node1:1633403] Signal code:  (-6)
[node1:1633403] [ 0] /usr/lib/x86_64-linux-gnu/libc.so.6(+0x45330)[0x7d3a19a45330]
[node1:1633403] [ 1] /usr/lib/x86_64-linux-gnu/libc.so.6(pthread_kill+0x11c)[0x7d3a19a9eb2c]
[node1:1633403] [ 2] /usr/lib/x86_64-linux-gnu/libc.so.6(gsignal+0x1e)[0x7d3a19a4527e]
[node1:1633403] [ 3] /usr/lib/x86_64-linux-gnu/libc.so.6(abort+0xdf)[0x7d3a19a288ff]
[node1:1633403] [ 4] /usr/lib/x86_64-linux-gnu/libucs.so.0(+0x2b7f7)[0x7d3a19cc97f7]
[node1:1633403] [ 5] /usr/lib/x86_64-linux-gnu/libucs.so.0(ucs_log_default_handler+0x9d3)[0x7d3a19ccecc3]
[node1:1633403] [ 6] /usr/lib/x86_64-linux-gnu/libucs.so.0(ucs_log_dispatch+0xf6)[0x7d3a19cc76d6]
[node1:1633403] [ 7] /usr/lib/x86_64-linux-gnu/ucx/libuct_cma.so.0(+0x3d89)[0x7d3a198d6d89]
[node1:1633403] [ 8] /usr/lib/x86_64-linux-gnu/ucx/libuct_cma.so.0(uct_cma_ep_tx+0x2ba)[0x7d3a198d706a]
[node1:1633403] [ 9] /usr/lib/x86_64-linux-gnu/libuct.so.0(uct_scopy_ep_progress_tx+0x77)[0x7d3a19c6c947]
[node1:1633403] [10] /usr/lib/x86_64-linux-gnu/libucs.so.0(ucs_arbiter_dispatch_nonempty+0x119)[0x7d3a19cbdf09]
[node1:1633403] [11] /usr/lib/x86_64-linux-gnu/libuct.so.0(uct_scopy_iface_progress+0x88)[0x7d3a19c78be8]
[node1:1633403] [12] /usr/lib/x86_64-linux-gnu/libucs.so.0(+0x25c18)[0x7d3a19cc3c18]
[node1:1633403] [13] /usr/lib/x86_64-linux-gnu/libucp.so.0(ucp_worker_progress+0x7a)[0x7d3a07af82ca]
[node1:1633403] [14] /home/hpc/hpcx/hpcx-v2.24-gcc-doca_ofed-ubuntu24.04-cuda13-x86_64/ompi/lib/libopen-pal.so.40(opal_progress+0x34)[0x7d3a4a120314]
[node1:1633403] [15] /home/hpc/hpcx/hpcx-v2.24-gcc-doca_ofed-ubuntu24.04-cuda13-x86_64/ompi/lib/libopen-pal.so.40(ompi_sync_wait_mt+0x115)[0x7d3a4a126b15]
[node1:1633403] [16] /home/hpc/hpcx/hpcx-v2.24-gcc-doca_ofed-ubuntu24.04-cuda13-x86_64/ompi/lib/libmpi.so.40(ompi_request_default_wait+0x24b)[0x7d3a5e0f403b]
[node1:1633403] [17] /home/hpc/hpcx/hpcx-v2.24-gcc-doca_ofed-ubuntu24.04-cuda13-x86_64/ompi/lib/libmpi.so.40(PMPI_Wait+0x1e)[0x7d3a5e120e9e]
[node1:1633403] [18] ./xhpl_mxp-nvidia[0x50eac7]
[node1:1633403] [19] ./xhpl_mxp-nvidia[0x4dc7d3]
[node1:1633403] [20] ./xhpl_mxp-nvidia[0x4df810]
[node1:1633403] [21] ./xhpl_mxp-nvidia[0x4df793]
[node1:1633403] [22] ./xhpl_mxp-nvidia[0x4df703]
[node1:1633403] [23] ./xhpl_mxp-nvidia[0x4df6bc]
[node1:1633403] [24] ./xhpl_mxp-nvidia[0x4df6a0]
[node1:1633403] [25] ./xhpl_mxp-nvidia[0x5bd493]
[node1:1633403] [26] /usr/lib/x86_64-linux-gnu/libc.so.6(+0x9caa4)[0x7d3a19a9caa4]
[node1:1633403] [27] /usr/lib/x86_64-linux-gnu/libc.so.6(+0x129c6c)[0x7d3a19b29c6c]
[node1:1633403] *** End of error message ***
--------------------------------------------------------------------------
Primary job  terminated normally, but 1 process returned
a non-zero exit code. Per user-direction, the job has been aborted.
--------------------------------------------------------------------------
--------------------------------------------------------------------------
mpirun noticed that process rank 1 with PID 1633404 on node node1 exited on signal 6 (Aborted).
--------------------------------------------------------------------------
