ldd: missing file arguments
Try `ldd --help' for more information.
[node1:1598984:1:1599063]      cma_ep.c:85   process_vm_writev(pid=1598986 {0x7a1b6e400000,524288}-->{0x719198400000,524288}) returned -1: Bad address
==== backtrace (tid:1599063) ====
 0  /usr/lib/x86_64-linux-gnu/libucs.so.0(ucs_handle_error+0x2ec) [0x7a1bce8aa64c]
 1  /usr/lib/x86_64-linux-gnu/libucs.so.0(ucs_fatal_error_message+0xb2) [0x7a1bce8aa7f2]
 2  /usr/lib/x86_64-linux-gnu/libucs.so.0(ucs_log_default_handler+0x9d3) [0x7a1bce8afcc3]
 3  /usr/lib/x86_64-linux-gnu/libucs.so.0(ucs_log_dispatch+0xf6) [0x7a1bce8a86d6]
 4  /usr/lib/x86_64-linux-gnu/ucx/libuct_cma.so.0(+0x3d89) [0x7a1bce4bbd89]
 5  /usr/lib/x86_64-linux-gnu/ucx/libuct_cma.so.0(uct_cma_ep_tx+0x2ba) [0x7a1bce4bc06a]
 6  /usr/lib/x86_64-linux-gnu/libuct.so.0(uct_scopy_ep_progress_tx+0x77) [0x7a1bce84d947]
 7  /usr/lib/x86_64-linux-gnu/libucs.so.0(ucs_arbiter_dispatch_nonempty+0x119) [0x7a1bce89ef09]
 8  /usr/lib/x86_64-linux-gnu/libuct.so.0(uct_scopy_iface_progress+0x88) [0x7a1bce859be8]
 9  /usr/lib/x86_64-linux-gnu/libucs.so.0(+0x25c18) [0x7a1bce8a4c18]
10  /usr/lib/x86_64-linux-gnu/libucp.so.0(ucp_worker_progress+0x7a) [0x7a1bb92f82ca]
11  /home/hpc/hpcx/hpcx-v2.24-gcc-doca_ofed-ubuntu24.04-cuda13-x86_64/ompi/lib/libopen-pal.so.40(opal_progress+0x34) [0x7a1bce920314]
12  /home/hpc/hpcx/hpcx-v2.24-gcc-doca_ofed-ubuntu24.04-cuda13-x86_64/ompi/lib/libopen-pal.so.40(ompi_sync_wait_mt+0x115) [0x7a1bce926b15]
13  /home/hpc/hpcx/hpcx-v2.24-gcc-doca_ofed-ubuntu24.04-cuda13-x86_64/ompi/lib/libmpi.so.40(ompi_request_default_wait+0x24b) [0x7a1c0773203b]
14  /home/hpc/hpcx/hpcx-v2.24-gcc-doca_ofed-ubuntu24.04-cuda13-x86_64/ompi/lib/libmpi.so.40(PMPI_Wait+0x1e) [0x7a1c0775ee9e]
15  ./xhpl_mxp-nvidia() [0x50eac7]
16  ./xhpl_mxp-nvidia() [0x4dc7d3]
17  ./xhpl_mxp-nvidia() [0x4df810]
18  ./xhpl_mxp-nvidia() [0x4df793]
19  ./xhpl_mxp-nvidia() [0x4df703]
20  ./xhpl_mxp-nvidia() [0x4df6bc]
21  ./xhpl_mxp-nvidia() [0x4df6a0]
22  ./xhpl_mxp-nvidia() [0x5bd493]
23  /usr/lib/x86_64-linux-gnu/libc.so.6(+0x9caa4) [0x7a1bce69caa4]
24  /usr/lib/x86_64-linux-gnu/libc.so.6(+0x129c6c) [0x7a1bce729c6c]
=================================
[node1:1598984] *** Process received signal ***
[node1:1598984] Signal: Aborted (6)
[node1:1598984] Signal code:  (-6)
[node1:1598984] [ 0] /usr/lib/x86_64-linux-gnu/libc.so.6(+0x45330)[0x7a1bce645330]
[node1:1598984] [ 1] /usr/lib/x86_64-linux-gnu/libc.so.6(pthread_kill+0x11c)[0x7a1bce69eb2c]
[node1:1598984] [ 2] /usr/lib/x86_64-linux-gnu/libc.so.6(gsignal+0x1e)[0x7a1bce64527e]
[node1:1598984] [ 3] [node1:1598983:1:1599067]      cma_ep.c:85   process_vm_writev(pid=1598985 {0x774f0e400000,524288}-->{0x7af578400000,524288}) returned -1: Bad address
/usr/lib/x86_64-linux-gnu/libc.so.6(abort+0xdf)[0x7a1bce6288ff]
[node1:1598984] [ 4] /usr/lib/x86_64-linux-gnu/libucs.so.0(+0x2b7f7)[0x7a1bce8aa7f7]
[node1:1598984] [ 5] /usr/lib/x86_64-linux-gnu/libucs.so.0(ucs_log_default_handler+0x9d3)[0x7a1bce8afcc3]
[node1:1598984] [ 6] /usr/lib/x86_64-linux-gnu/libucs.so.0(ucs_log_dispatch+0xf6)[0x7a1bce8a86d6]
[node1:1598984] [ 7] /usr/lib/x86_64-linux-gnu/ucx/libuct_cma.so.0(+0x3d89)[0x7a1bce4bbd89]
[node1:1598984] [ 8] /usr/lib/x86_64-linux-gnu/ucx/libuct_cma.so.0(uct_cma_ep_tx+0x2ba)[0x7a1bce4bc06a]
[node1:1598984] [ 9] /usr/lib/x86_64-linux-gnu/libuct.so.0(uct_scopy_ep_progress_tx+0x77)[0x7a1bce84d947]
[node1:1598984] [10] /usr/lib/x86_64-linux-gnu/libucs.so.0(ucs_arbiter_dispatch_nonempty+0x119)[0x7a1bce89ef09]
[node1:1598984] [11] /usr/lib/x86_64-linux-gnu/libuct.so.0(uct_scopy_iface_progress+0x88)[0x7a1bce859be8]
[node1:1598984] [12] /usr/lib/x86_64-linux-gnu/libucs.so.0(+0x25c18)[0x7a1bce8a4c18]
[node1:1598984] [13] /usr/lib/x86_64-linux-gnu/libucp.so.0(ucp_worker_progress+0x7a)[0x7a1bb92f82ca]
[node1:1598984] [14] /home/hpc/hpcx/hpcx-v2.24-gcc-doca_ofed-ubuntu24.04-cuda13-x86_64/ompi/lib/libopen-pal.so.40(opal_progress+0x34)[0x7a1bce920314]
[node1:1598984] [15] /home/hpc/hpcx/hpcx-v2.24-gcc-doca_ofed-ubuntu24.04-cuda13-x86_64/ompi/lib/libopen-pal.so.40(ompi_sync_wait_mt+0x115)[0x7a1bce926b15]
[node1:1598984] [16] /home/hpc/hpcx/hpcx-v2.24-gcc-doca_ofed-ubuntu24.04-cuda13-x86_64/ompi/lib/libmpi.so.40(ompi_request_default_wait+0x24b)[0x7a1c0773203b]
[node1:1598984] [17] /home/hpc/hpcx/hpcx-v2.24-gcc-doca_ofed-ubuntu24.04-cuda13-x86_64/ompi/lib/libmpi.so.40(PMPI_Wait+0x1e)[0x7a1c0775ee9e]
[node1:1598984] [18] ./xhpl_mxp-nvidia[0x50eac7]
[node1:1598984] [19] ./xhpl_mxp-nvidia[0x4dc7d3]
[node1:1598984] [20] ./xhpl_mxp-nvidia[0x4df810]
[node1:1598984] [21] ./xhpl_mxp-nvidia[0x4df793]
[node1:1598984] [22] ./xhpl_mxp-nvidia[0x4df703]
[node1:1598984] [23] ./xhpl_mxp-nvidia[0x4df6bc]
[node1:1598984] [24] ./xhpl_mxp-nvidia[0x4df6a0]
[node1:1598984] [25] ./xhpl_mxp-nvidia[0x5bd493]
[node1:1598984] [26] /usr/lib/x86_64-linux-gnu/libc.so.6(+0x9caa4)[0x7a1bce69caa4]
[node1:1598984] [27] ==== backtrace (tid:1599067) ====
 0  /usr/lib/x86_64-linux-gnu/libucs.so.0(ucs_handle_error+0x2ec) [0x774f7734e64c]
 1  /usr/lib/x86_64-linux-gnu/libucs.so.0(ucs_fatal_error_message+0xb2) [0x774f7734e7f2]
 2  /usr/lib/x86_64-linux-gnu/libucs.so.0(ucs_log_default_handler+0x9d3) [0x774f77353cc3]
 3  /usr/lib/x86_64-linux-gnu/libucs.so.0(ucs_log_dispatch+0xf6) [0x774f7734c6d6]
 4  /usr/lib/x86_64-linux-gnu/ucx/libuct_cma.so.0(+0x3d89) [0x774f76a82d89]
 5  /usr/lib/x86_64-linux-gnu/ucx/libuct_cma.so.0(uct_cma_ep_tx+0x2ba) [0x774f76a8306a]
 6  /usr/lib/x86_64-linux-gnu/libuct.so.0(uct_scopy_ep_progress_tx+0x77) [0x774f76e4a947]
 7  /usr/lib/x86_64-linux-gnu/libucs.so.0(ucs_arbiter_dispatch_nonempty+0x119) [0x774f77342f09]
 8  /usr/lib/x86_64-linux-gnu/libuct.so.0(uct_scopy_iface_progress+0x88) [0x774f76e56be8]
/usr/lib/x86_64-linux-gnu/libc.so.6(+0x129c6c)[0x7a1bce729c6c]
[node1:1598984] *** End of error message ***
 9  /usr/lib/x86_64-linux-gnu/libucs.so.0(+0x25c18) [0x774f77348c18]
10  /usr/lib/x86_64-linux-gnu/libucp.so.0(ucp_worker_progress+0x7a) [0x774f64cf82ca]
11  /home/hpc/hpcx/hpcx-v2.24-gcc-doca_ofed-ubuntu24.04-cuda13-x86_64/ompi/lib/libopen-pal.so.40(opal_progress+0x34) [0x774fa7320314]
12  /home/hpc/hpcx/hpcx-v2.24-gcc-doca_ofed-ubuntu24.04-cuda13-x86_64/ompi/lib/libopen-pal.so.40(ompi_sync_wait_mt+0x115) [0x774fa7326b15]
13  /home/hpc/hpcx/hpcx-v2.24-gcc-doca_ofed-ubuntu24.04-cuda13-x86_64/ompi/lib/libmpi.so.40(ompi_request_default_wait+0x24b) [0x774fafd3203b]
14  /home/hpc/hpcx/hpcx-v2.24-gcc-doca_ofed-ubuntu24.04-cuda13-x86_64/ompi/lib/libmpi.so.40(PMPI_Wait+0x1e) [0x774fafd5ee9e]
15  ./xhpl_mxp-nvidia() [0x50eac7]
16  ./xhpl_mxp-nvidia() [0x4dc7d3]
17  ./xhpl_mxp-nvidia() [0x4df810]
18  ./xhpl_mxp-nvidia() [0x4df793]
19  ./xhpl_mxp-nvidia() [0x4df703]
20  ./xhpl_mxp-nvidia() [0x4df6bc]
21  ./xhpl_mxp-nvidia() [0x4df6a0]
22  ./xhpl_mxp-nvidia() [0x5bd493]
23  /usr/lib/x86_64-linux-gnu/libc.so.6(+0x9caa4) [0x774f76c9caa4]
24  /usr/lib/x86_64-linux-gnu/libc.so.6(+0x129c6c) [0x774f76d29c6c]
=================================
[node1:1598983] *** Process received signal ***
[node1:1598983] Signal: Aborted (6)
[node1:1598983] Signal code:  (-6)
[node1:1598983] [ 0] /usr/lib/x86_64-linux-gnu/libc.so.6(+0x45330)[0x774f76c45330]
[node1:1598983] [ 1] /usr/lib/x86_64-linux-gnu/libc.so.6(pthread_kill+0x11c)[0x774f76c9eb2c]
[node1:1598983] [ 2] /usr/lib/x86_64-linux-gnu/libc.so.6(gsignal+0x1e)[0x774f76c4527e]
[node1:1598983] [ 3] /usr/lib/x86_64-linux-gnu/libc.so.6(abort+0xdf)[0x774f76c288ff]
[node1:1598983] [ 4] /usr/lib/x86_64-linux-gnu/libucs.so.0(+0x2b7f7)[0x774f7734e7f7]
[node1:1598983] [ 5] /usr/lib/x86_64-linux-gnu/libucs.so.0(ucs_log_default_handler+0x9d3)[0x774f77353cc3]
[node1:1598983] [ 6] /usr/lib/x86_64-linux-gnu/libucs.so.0(ucs_log_dispatch+0xf6)[0x774f7734c6d6]
[node1:1598983] [ 7] /usr/lib/x86_64-linux-gnu/ucx/libuct_cma.so.0(+0x3d89)[0x774f76a82d89]
[node1:1598983] [ 8] /usr/lib/x86_64-linux-gnu/ucx/libuct_cma.so.0(uct_cma_ep_tx+0x2ba)[0x774f76a8306a]
[node1:1598983] [ 9] /usr/lib/x86_64-linux-gnu/libuct.so.0(uct_scopy_ep_progress_tx+0x77)[0x774f76e4a947]
[node1:1598983] [10] /usr/lib/x86_64-linux-gnu/libucs.so.0(ucs_arbiter_dispatch_nonempty+0x119)[0x774f77342f09]
[node1:1598983] [11] /usr/lib/x86_64-linux-gnu/libuct.so.0(uct_scopy_iface_progress+0x88)[0x774f76e56be8]
[node1:1598983] [12] /usr/lib/x86_64-linux-gnu/libucs.so.0(+0x25c18)[0x774f77348c18]
[node1:1598983] [13] /usr/lib/x86_64-linux-gnu/libucp.so.0(ucp_worker_progress+0x7a)[0x774f64cf82ca]
[node1:1598983] [14] /home/hpc/hpcx/hpcx-v2.24-gcc-doca_ofed-ubuntu24.04-cuda13-x86_64/ompi/lib/libopen-pal.so.40(opal_progress+0x34)[0x774fa7320314]
[node1:1598983] [15] /home/hpc/hpcx/hpcx-v2.24-gcc-doca_ofed-ubuntu24.04-cuda13-x86_64/ompi/lib/libopen-pal.so.40(ompi_sync_wait_mt+0x115)[0x774fa7326b15]
[node1:1598983] [16] /home/hpc/hpcx/hpcx-v2.24-gcc-doca_ofed-ubuntu24.04-cuda13-x86_64/ompi/lib/libmpi.so.40(ompi_request_default_wait+0x24b)[0x774fafd3203b]
[node1:1598983] [17] /home/hpc/hpcx/hpcx-v2.24-gcc-doca_ofed-ubuntu24.04-cuda13-x86_64/ompi/lib/libmpi.so.40(PMPI_Wait+0x1e)[0x774fafd5ee9e]
[node1:1598983] [18] ./xhpl_mxp-nvidia[0x50eac7]
[node1:1598983] [19] ./xhpl_mxp-nvidia[0x4dc7d3]
[node1:1598983] [20] ./xhpl_mxp-nvidia[0x4df810]
[node1:1598983] [21] ./xhpl_mxp-nvidia[0x4df793]
[node1:1598983] [22] ./xhpl_mxp-nvidia[0x4df703]
[node1:1598983] [23] ./xhpl_mxp-nvidia[0x4df6bc]
[node1:1598983] [24] ./xhpl_mxp-nvidia[0x4df6a0]
[node1:1598983] [25] ./xhpl_mxp-nvidia[0x5bd493]
[node1:1598983] [26] /usr/lib/x86_64-linux-gnu/libc.so.6(+0x9caa4)[0x774f76c9caa4]
[node1:1598983] [27] /usr/lib/x86_64-linux-gnu/libc.so.6(+0x129c6c)[0x774f76d29c6c]
[node1:1598983] *** End of error message ***
--------------------------------------------------------------------------
Primary job  terminated normally, but 1 process returned
a non-zero exit code. Per user-direction, the job has been aborted.
--------------------------------------------------------------------------
--------------------------------------------------------------------------
mpirun noticed that process rank 1 with PID 1598984 on node node1 exited on signal 6 (Aborted).
--------------------------------------------------------------------------
