[1759810908.679930] [node1:1595539:0]     ucp_context.c:2137 UCX  WARN  UCP API version is incompatible: required >= 1.19, actual 1.16.0 (loaded from /usr/lib/x86_64-linux-gnu/libucp.so.0)
[1759810908.679969] [node1:1595538:0]     ucp_context.c:2137 UCX  WARN  UCP API version is incompatible: required >= 1.19, actual 1.16.0 (loaded from /usr/lib/x86_64-linux-gnu/libucp.so.0)
[1759810908.680155] [node1:1595536:0]     ucp_context.c:2137 UCX  WARN  UCP API version is incompatible: required >= 1.19, actual 1.16.0 (loaded from /usr/lib/x86_64-linux-gnu/libucp.so.0)
[1759810908.680265] [node1:1595537:0]     ucp_context.c:2137 UCX  WARN  UCP API version is incompatible: required >= 1.19, actual 1.16.0 (loaded from /usr/lib/x86_64-linux-gnu/libucp.so.0)
[1759810908.692589] [node1:1595537:0]           ib_md.c:1103 UCX  WARN  mlx5_0: relaxed order memory access requested, but unsupported
[1759810908.692624] [node1:1595538:0]           ib_md.c:1103 UCX  WARN  mlx5_0: relaxed order memory access requested, but unsupported
[1759810908.692652] [node1:1595539:0]           ib_md.c:1103 UCX  WARN  mlx5_0: relaxed order memory access requested, but unsupported
[1759810908.692780] [node1:1595536:0]           ib_md.c:1103 UCX  WARN  mlx5_0: relaxed order memory access requested, but unsupported
[1759810908.695834] [node1:1595537:0]     ucp_context.c:1192 UCX  WARN  intra-node device '^cma' is not available, please use one or more of: 'memory'(cma), 'memory'(posix), 'memory'(sysv)
[1759810908.695848] [node1:1595537:0]     ucp_context.c:1192 UCX  WARN  transports 'cuda_copy','gdr_copy','cuda_ipc' are not available, please use one or more of: cma, dc, dc_mlx5, dc_x, ib, mm, posix, rc, rc_mlx5, rc_v, rc_verbs, rc_x, self, shm, sm, sysv, tcp, ud, ud_mlx5, ud_v, ud_verbs, ud_x
[1759810908.695899] [node1:1595538:0]     ucp_context.c:1192 UCX  WARN  intra-node device '^cma' is not available, please use one or more of: 'memory'(cma), 'memory'(posix), 'memory'(sysv)
[1759810908.695914] [node1:1595538:0]     ucp_context.c:1192 UCX  WARN  transports 'cuda_copy','gdr_copy','cuda_ipc' are not available, please use one or more of: cma, dc, dc_mlx5, dc_x, ib, mm, posix, rc, rc_mlx5, rc_v, rc_verbs, rc_x, self, shm, sm, sysv, tcp, ud, ud_mlx5, ud_v, ud_verbs, ud_x
[1759810908.696040] [node1:1595539:0]     ucp_context.c:1192 UCX  WARN  intra-node device '^cma' is not available, please use one or more of: 'memory'(cma), 'memory'(posix), 'memory'(sysv)
[1759810908.696053] [node1:1595539:0]     ucp_context.c:1192 UCX  WARN  transports 'cuda_copy','gdr_copy','cuda_ipc' are not available, please use one or more of: cma, dc, dc_mlx5, dc_x, ib, mm, posix, rc, rc_mlx5, rc_v, rc_verbs, rc_x, self, shm, sm, sysv, tcp, ud, ud_mlx5, ud_v, ud_verbs, ud_x
[1759810908.696113] [node1:1595536:0]     ucp_context.c:1192 UCX  WARN  intra-node device '^cma' is not available, please use one or more of: 'memory'(cma), 'memory'(posix), 'memory'(sysv)
[1759810908.696129] [node1:1595536:0]     ucp_context.c:1192 UCX  WARN  transports 'cuda_copy','gdr_copy','cuda_ipc' are not available, please use one or more of: cma, dc, dc_mlx5, dc_x, ib, mm, posix, rc, rc_mlx5, rc_v, rc_verbs, rc_x, self, shm, sm, sysv, tcp, ud, ud_mlx5, ud_v, ud_verbs, ud_x
[1759810908.699309] [node1:1595537:0]          parser.c:2033 UCX  WARN  unused environment variable: UCX_POSIX_USE_PROC_PATH
[1759810908.699309] [node1:1595537:0]          parser.c:2033 UCX  WARN  (set UCX_WARN_UNUSED_ENV_VARS=n to suppress this warning)
[1759810908.699311] [node1:1595538:0]          parser.c:2033 UCX  WARN  unused environment variable: UCX_POSIX_USE_PROC_PATH
[1759810908.699311] [node1:1595538:0]          parser.c:2033 UCX  WARN  (set UCX_WARN_UNUSED_ENV_VARS=n to suppress this warning)
[1759810908.699326] [node1:1595539:0]          parser.c:2033 UCX  WARN  unused environment variable: UCX_POSIX_USE_PROC_PATH
[1759810908.699326] [node1:1595539:0]          parser.c:2033 UCX  WARN  (set UCX_WARN_UNUSED_ENV_VARS=n to suppress this warning)
[1759810908.699450] [node1:1595536:0]          parser.c:2033 UCX  WARN  unused environment variable: UCX_POSIX_USE_PROC_PATH
[1759810908.699450] [node1:1595536:0]          parser.c:2033 UCX  WARN  (set UCX_WARN_UNUSED_ENV_VARS=n to suppress this warning)
[1759810908.700069] [node1:1595538:0]     ucp_context.c:2137 UCX  WARN  UCP API version is incompatible: required >= 1.19, actual 1.16.0 (loaded from /usr/lib/x86_64-linux-gnu/libucp.so.0)
[1759810908.700076] [node1:1595537:0]     ucp_context.c:2137 UCX  WARN  UCP API version is incompatible: required >= 1.19, actual 1.16.0 (loaded from /usr/lib/x86_64-linux-gnu/libucp.so.0)
[1759810908.700100] [node1:1595539:0]     ucp_context.c:2137 UCX  WARN  UCP API version is incompatible: required >= 1.19, actual 1.16.0 (loaded from /usr/lib/x86_64-linux-gnu/libucp.so.0)
[1759810908.700138] [node1:1595536:0]     ucp_context.c:2137 UCX  WARN  UCP API version is incompatible: required >= 1.19, actual 1.16.0 (loaded from /usr/lib/x86_64-linux-gnu/libucp.so.0)
[1759810908.709633] [node1:1595538:0]           ib_md.c:1103 UCX  WARN  mlx5_0: relaxed order memory access requested, but unsupported
[1759810908.709678] [node1:1595536:0]           ib_md.c:1103 UCX  WARN  mlx5_0: relaxed order memory access requested, but unsupported
[1759810908.709695] [node1:1595539:0]           ib_md.c:1103 UCX  WARN  mlx5_0: relaxed order memory access requested, but unsupported
[1759810908.709831] [node1:1595537:0]           ib_md.c:1103 UCX  WARN  mlx5_0: relaxed order memory access requested, but unsupported
[1759810908.712591] [node1:1595538:0]     ucp_context.c:1192 UCX  WARN  intra-node device '^cma' is not available, please use one or more of: 'memory'(cma), 'memory'(posix), 'memory'(sysv)
[1759810908.712608] [node1:1595538:0]     ucp_context.c:1192 UCX  WARN  transports 'cuda_copy','gdr_copy','cuda_ipc' are not available, please use one or more of: cma, dc, dc_mlx5, dc_x, ib, mm, posix, rc, rc_mlx5, rc_v, rc_verbs, rc_x, self, shm, sm, sysv, tcp, ud, ud_mlx5, ud_v, ud_verbs, ud_x
[1759810908.712684] [node1:1595536:0]     ucp_context.c:1192 UCX  WARN  intra-node device '^cma' is not available, please use one or more of: 'memory'(cma), 'memory'(posix), 'memory'(sysv)
[1759810908.712697] [node1:1595536:0]     ucp_context.c:1192 UCX  WARN  transports 'cuda_copy','gdr_copy','cuda_ipc' are not available, please use one or more of: cma, dc, dc_mlx5, dc_x, ib, mm, posix, rc, rc_mlx5, rc_v, rc_verbs, rc_x, self, shm, sm, sysv, tcp, ud, ud_mlx5, ud_v, ud_verbs, ud_x
[1759810908.712782] [node1:1595539:0]     ucp_context.c:1192 UCX  WARN  intra-node device '^cma' is not available, please use one or more of: 'memory'(cma), 'memory'(posix), 'memory'(sysv)
[1759810908.712795] [node1:1595539:0]     ucp_context.c:1192 UCX  WARN  transports 'cuda_copy','gdr_copy','cuda_ipc' are not available, please use one or more of: cma, dc, dc_mlx5, dc_x, ib, mm, posix, rc, rc_mlx5, rc_v, rc_verbs, rc_x, self, shm, sm, sysv, tcp, ud, ud_mlx5, ud_v, ud_verbs, ud_x
[1759810908.712854] [node1:1595537:0]     ucp_context.c:1192 UCX  WARN  intra-node device '^cma' is not available, please use one or more of: 'memory'(cma), 'memory'(posix), 'memory'(sysv)
[1759810908.712868] [node1:1595537:0]     ucp_context.c:1192 UCX  WARN  transports 'cuda_copy','gdr_copy','cuda_ipc' are not available, please use one or more of: cma, dc, dc_mlx5, dc_x, ib, mm, posix, rc, rc_mlx5, rc_v, rc_verbs, rc_x, self, shm, sm, sysv, tcp, ud, ud_mlx5, ud_v, ud_verbs, ud_x
[1759810908.713339] [node1:1595538:0]          select.c:629  UCX  ERROR   no active messages transport to <no debug data>: self/memory - Destination is unreachable
[1759810908.713372] [node1:1595536:0]          select.c:629  UCX  ERROR   no active messages transport to <no debug data>: self/memory - Destination is unreachable
[1759810908.713409] [node1:1595539:0]          select.c:629  UCX  ERROR   no active messages transport to <no debug data>: self/memory - Destination is unreachable
[1759810908.713493] [node1:1595537:0]          select.c:629  UCX  ERROR   no active messages transport to <no debug data>: self/memory - Destination is unreachable
