[node1:1609310:1:1609348]      cma_ep.c:85   process_vm_writev(pid=1609312 {0x7d6994400000,524288}-->{0x70bb54400000,524288}) returned -1: Bad address
[node1:1609309:1:1609351]      cma_ep.c:85   process_vm_writev(pid=1609311 {0x70ee0e400000,524288}-->{0x75e150400000,524288}) returned -1: Bad address
==== backtrace (tid:1609348) ====
 0  /usr/lib/x86_64-linux-gnu/libucs.so.0(ucs_handle_error+0x2ec) [0x7d69f3eaa64c]
 1  /usr/lib/x86_64-linux-gnu/libucs.so.0(ucs_fatal_error_message+0xb2) [0x7d69f3eaa7f2]
 2  /usr/lib/x86_64-linux-gnu/libucs.so.0(ucs_log_default_handler+0x9d3) [0x7d69f3eafcc3]
 3  /usr/lib/x86_64-linux-gnu/libucs.so.0(ucs_log_dispatch+0xf6) [0x7d69f3ea86d6]
 4  /usr/lib/x86_64-linux-gnu/ucx/libuct_cma.so.0(+0x3d89) [0x7d69f4325d89]
 5  /usr/lib/x86_64-linux-gnu/ucx/libuct_cma.so.0(uct_cma_ep_tx+0x2ba) [0x7d69f432606a]
 6  /usr/lib/x86_64-linux-gnu/libuct.so.0(uct_scopy_ep_progress_tx+0x77) [0x7d69f3e4d947]
 7  /usr/lib/x86_64-linux-gnu/libucs.so.0(ucs_arbiter_dispatch_nonempty+0x119) [0x7d69f3e9ef09]
 8  /usr/lib/x86_64-linux-gnu/libuct.so.0(uct_scopy_iface_progress+0x88) [0x7d69f3e59be8]
 9  /usr/lib/x86_64-linux-gnu/libucs.so.0(+0x25c18) [0x7d69f3ea4c18]
10  /usr/lib/x86_64-linux-gnu/libucp.so.0(ucp_worker_progress+0x7a) [0x7d69de8f82ca]
11  /home/hpc/hpcx/hpcx-v2.24-gcc-doca_ofed-ubuntu24.04-cuda13-x86_64/ompi/lib/libopen-pal.so.40(opal_progress+0x34) [0x7d69f3f20314]
12  /home/hpc/hpcx/hpcx-v2.24-gcc-doca_ofed-ubuntu24.04-cuda13-x86_64/ompi/lib/libopen-pal.so.40(ompi_sync_wait_mt+0x115) [0x7d69f3f26b15]
13  /home/hpc/hpcx/hpcx-v2.24-gcc-doca_ofed-ubuntu24.04-cuda13-x86_64/ompi/lib/libmpi.so.40(ompi_request_default_wait+0x24b) [0x7d6a2cd2d03b]
14  /home/hpc/hpcx/hpcx-v2.24-gcc-doca_ofed-ubuntu24.04-cuda13-x86_64/ompi/lib/libmpi.so.40(PMPI_Wait+0x1e) [0x7d6a2cd59e9e]
15  ./xhpl_mxp-nvidia() [0x50eac7]
16  ./xhpl_mxp-nvidia() [0x4dc7d3]
17  ./xhpl_mxp-nvidia() [0x4df810]
18  ./xhpl_mxp-nvidia() [0x4df793]
19  ./xhpl_mxp-nvidia() [0x4df703]
20  ./xhpl_mxp-nvidia() [0x4df6bc]
21  ./xhpl_mxp-nvidia() [0x4df6a0]
22  ./xhpl_mxp-nvidia() [0x5bd493]
23  /usr/lib/x86_64-linux-gnu/libc.so.6(+0x9caa4) [0x7d69f3c9caa4]
24  /usr/lib/x86_64-linux-gnu/libc.so.6(+0x129c6c) [0x7d69f3d29c6c]
=================================
[node1:1609310] *** Process received signal ***
[node1:1609310] Signal: Aborted (6)
[node1:1609310] Signal code:  (-6)
[node1:1609310] [ 0] /usr/lib/x86_64-linux-gnu/libc.so.6(+0x45330)[0x7d69f3c45330]
[node1:1609310] [ 1] /usr/lib/x86_64-linux-gnu/libc.so.6(pthread_kill+0x11c)[0x7d69f3c9eb2c]
[node1:1609310] [ 2] /usr/lib/x86_64-linux-gnu/libc.so.6(gsignal+0x1e)[0x7d69f3c4527e]
[node1:1609310] [ 3] /usr/lib/x86_64-linux-gnu/libc.so.6(abort+0xdf)[0x7d69f3c288ff]
[node1:1609310] [ 4] /usr/lib/x86_64-linux-gnu/libucs.so.0(+0x2b7f7)[0x7d69f3eaa7f7]
[node1:1609310] [ 5] ==== backtrace (tid:1609351) ====
 0  /usr/lib/x86_64-linux-gnu/libucs.so.0(ucs_handle_error+0x2ec) [0x70ee76fc564c]
 1  /usr/lib/x86_64-linux-gnu/libucs.so.0(ucs_fatal_error_message+0xb2) [0x70ee76fc57f2]
 2  /usr/lib/x86_64-linux-gnu/libucs.so.0(ucs_log_default_handler+0x9d3) [0x70ee76fcacc3]
 3  /usr/lib/x86_64-linux-gnu/libucs.so.0(ucs_log_dispatch+0xf6) [0x70ee76fc36d6]
 4  /usr/lib/x86_64-linux-gnu/ucx/libuct_cma.so.0(+0x3d89) [0x70ee7cf46d89]
 5  /usr/lib/x86_64-linux-gnu/ucx/libuct_cma.so.0(uct_cma_ep_tx+0x2ba) [0x70ee7cf4706a]
 6  /usr/lib/x86_64-linux-gnu/libuct.so.0(uct_scopy_ep_progress_tx+0x77) [0x70ee75f4d947]
/usr/lib/x86_64-linux-gnu/libucs.so.0(ucs_log_default_handler+0x9d3)[0x7d69f3eafcc3]
[node1:1609310] [ 6] /usr/lib/x86_64-linux-gnu/libucs.so.0(ucs_log_dispatch+0xf6)[0x7d69f3ea86d6]
[node1:1609310] [ 7] /usr/lib/x86_64-linux-gnu/ucx/libuct_cma.so.0(+0x3d89)[0x7d69f4325d89]
[node1:1609310] [ 8] /usr/lib/x86_64-linux-gnu/ucx/libuct_cma.so.0(uct_cma_ep_tx+0x2ba)[0x7d69f432606a]
[node1:1609310] [ 9] /usr/lib/x86_64-linux-gnu/libuct.so.0(uct_scopy_ep_progress_tx+0x77)[0x7d69f3e4d947]
[node1:1609310] [10]  7  /usr/lib/x86_64-linux-gnu/libucs.so.0(ucs_arbiter_dispatch_nonempty+0x119) [0x70ee76fb9f09]
 8  /usr/lib/x86_64-linux-gnu/libuct.so.0(uct_scopy_iface_progress+0x88) [0x70ee75f59be8]
 9  /usr/lib/x86_64-linux-gnu/libucs.so.0(+0x25c18) [0x70ee76fbfc18]
10  /usr/lib/x86_64-linux-gnu/libucp.so.0(ucp_worker_progress+0x7a) [0x70ee604f82ca]
11  /home/hpc/hpcx/hpcx-v2.24-gcc-doca_ofed-ubuntu24.04-cuda13-x86_64/ompi/lib/libopen-pal.so.40(opal_progress+0x34) [0x70ee75b20314]
12  /home/hpc/hpcx/hpcx-v2.24-gcc-doca_ofed-ubuntu24.04-cuda13-x86_64/ompi/lib/libopen-pal.so.40(ompi_sync_wait_mt+0x115) [0x70ee75b26b15]
13  /home/hpc/hpcx/hpcx-v2.24-gcc-doca_ofed-ubuntu24.04-cuda13-x86_64/ompi/lib/libmpi.so.40(ompi_request_default_wait+0x24b) [0x70eeae93203b]
14  /home/hpc/hpcx/hpcx-v2.24-gcc-doca_ofed-ubuntu24.04-cuda13-x86_64/ompi/lib/libmpi.so.40(PMPI_Wait+0x1e) [0x70eeae95ee9e]
15  ./xhpl_mxp-nvidia() [0x50eac7]
16  ./xhpl_mxp-nvidia() [0x4dc7d3]
17  ./xhpl_mxp-nvidia() [0x4df810]
18  ./xhpl_mxp-nvidia() [0x4df793]
19  ./xhpl_mxp-nvidia() [0x4df703]
20  ./xhpl_mxp-nvidia() [0x4df6bc]
21  ./xhpl_mxp-nvidia() [0x4df6a0]
22  ./xhpl_mxp-nvidia() [0x5bd493]
23  /usr/lib/x86_64-linux-gnu/libc.so.6(+0x9caa4) [0x70ee7589caa4]
24  /usr/lib/x86_64-linux-gnu/libc.so.6(+0x129c6c) [0x70ee75929c6c]
=================================
[node1:1609309] *** Process received signal ***
[node1:1609309] Signal: Aborted (6)
[node1:1609309] Signal code:  (-6)
[node1:1609309] [ 0] /usr/lib/x86_64-linux-gnu/libc.so.6(+0x45330)[0x70ee75845330]
[node1:1609309] [ 1] /usr/lib/x86_64-linux-gnu/libc.so.6(pthread_kill+0x11c)[0x70ee7589eb2c]
[node1:1609309] [ 2] /usr/lib/x86_64-linux-gnu/libc.so.6(gsignal+0x1e)[0x70ee7584527e]
[node1:1609309] [ 3] /usr/lib/x86_64-linux-gnu/libc.so.6(abort+0xdf)[0x70ee758288ff]
[node1:1609309] [ 4] /usr/lib/x86_64-linux-gnu/libucs.so.0(+0x2b7f7)[0x70ee76fc57f7]
[node1:1609309] [ 5] /usr/lib/x86_64-linux-gnu/libucs.so.0(ucs_log_default_handler+0x9d3)[0x70ee76fcacc3]
[node1:1609309] [ 6] /usr/lib/x86_64-linux-gnu/libucs.so.0(ucs_log_dispatch+0xf6)[0x70ee76fc36d6]
[node1:1609309] [ 7] /usr/lib/x86_64-linux-gnu/ucx/libuct_cma.so.0(+0x3d89)[0x70ee7cf46d89]
[node1:1609309] [ 8] /usr/lib/x86_64-linux-gnu/ucx/libuct_cma.so.0(uct_cma_ep_tx+0x2ba)[0x70ee7cf4706a]
[node1:1609309] [ 9] /usr/lib/x86_64-linux-gnu/libuct.so.0(uct_scopy_ep_progress_tx+0x77)[0x70ee75f4d947]
[node1:1609309] [10] /usr/lib/x86_64-linux-gnu/libucs.so.0(ucs_arbiter_dispatch_nonempty+0x119)[0x70ee76fb9f09]
[node1:1609309] [11] /usr/lib/x86_64-linux-gnu/libuct.so.0(uct_scopy_iface_progress+0x88)[0x70ee75f59be8]
[node1:1609309] [12] /usr/lib/x86_64-linux-gnu/libucs.so.0(+0x25c18)[0x70ee76fbfc18]
[node1:1609309] [13] /usr/lib/x86_64-linux-gnu/libucp.so.0(ucp_worker_progress+0x7a)[0x70ee604f82ca]
[node1:1609309] [14] /home/hpc/hpcx/hpcx-v2.24-gcc-doca_ofed-ubuntu24.04-cuda13-x86_64/ompi/lib/libopen-pal.so.40(opal_progress+0x34)[0x70ee75b20314]
[node1:1609309] [15] /home/hpc/hpcx/hpcx-v2.24-gcc-doca_ofed-ubuntu24.04-cuda13-x86_64/ompi/lib/libopen-pal.so.40(ompi_sync_wait_mt+0x115)[0x70ee75b26b15]
[node1:1609309] [16] /home/hpc/hpcx/hpcx-v2.24-gcc-doca_ofed-ubuntu24.04-cuda13-x86_64/ompi/lib/libmpi.so.40(ompi_request_default_wait+0x24b)[0x70eeae93203b]
[node1:1609309] [17] /home/hpc/hpcx/hpcx-v2.24-gcc-doca_ofed-ubuntu24.04-cuda13-x86_64/ompi/lib/libmpi.so.40(PMPI_Wait+0x1e)[0x70eeae95ee9e]
[node1:1609309] [18] ./xhpl_mxp-nvidia[0x50eac7]
[node1:1609309] [19] ./xhpl_mxp-nvidia[0x4dc7d3]
[node1:1609309] [20] ./xhpl_mxp-nvidia[0x4df810]
[node1:1609309] [21] ./xhpl_mxp-nvidia[0x4df793]
[node1:1609309] [22] ./xhpl_mxp-nvidia[0x4df703]
[node1:1609309] [23] ./xhpl_mxp-nvidia[0x4df6bc]
[node1:1609309] [24] ./xhpl_mxp-nvidia[0x4df6a0]
[node1:1609309] [25] ./xhpl_mxp-nvidia[0x5bd493]
[node1:1609309] [26] /usr/lib/x86_64-linux-gnu/libc.so.6(+0x9caa4)[0x70ee7589caa4]
[node1:1609309] [27] /usr/lib/x86_64-linux-gnu/libc.so.6(+0x129c6c)[0x70ee75929c6c]
[node1:1609309] *** End of error message ***
/usr/lib/x86_64-linux-gnu/libucs.so.0(ucs_arbiter_dispatch_nonempty+0x119)[0x7d69f3e9ef09]
[node1:1609310] [11] /usr/lib/x86_64-linux-gnu/libuct.so.0(uct_scopy_iface_progress+0x88)[0x7d69f3e59be8]
[node1:1609310] [12] /usr/lib/x86_64-linux-gnu/libucs.so.0(+0x25c18)[0x7d69f3ea4c18]
[node1:1609310] [13] /usr/lib/x86_64-linux-gnu/libucp.so.0(ucp_worker_progress+0x7a)[0x7d69de8f82ca]
[node1:1609310] [14] /home/hpc/hpcx/hpcx-v2.24-gcc-doca_ofed-ubuntu24.04-cuda13-x86_64/ompi/lib/libopen-pal.so.40(opal_progress+0x34)[0x7d69f3f20314]
[node1:1609310] [15] /home/hpc/hpcx/hpcx-v2.24-gcc-doca_ofed-ubuntu24.04-cuda13-x86_64/ompi/lib/libopen-pal.so.40(ompi_sync_wait_mt+0x115)[0x7d69f3f26b15]
[node1:1609310] [16] /home/hpc/hpcx/hpcx-v2.24-gcc-doca_ofed-ubuntu24.04-cuda13-x86_64/ompi/lib/libmpi.so.40(ompi_request_default_wait+0x24b)[0x7d6a2cd2d03b]
[node1:1609310] [17] /home/hpc/hpcx/hpcx-v2.24-gcc-doca_ofed-ubuntu24.04-cuda13-x86_64/ompi/lib/libmpi.so.40(PMPI_Wait+0x1e)[0x7d6a2cd59e9e]
[node1:1609310] [18] ./xhpl_mxp-nvidia[0x50eac7]
[node1:1609310] [19] ./xhpl_mxp-nvidia[0x4dc7d3]
[node1:1609310] [20] ./xhpl_mxp-nvidia[0x4df810]
[node1:1609310] [21] ./xhpl_mxp-nvidia[0x4df793]
[node1:1609310] [22] ./xhpl_mxp-nvidia[0x4df703]
[node1:1609310] [23] ./xhpl_mxp-nvidia[0x4df6bc]
[node1:1609310] [24] ./xhpl_mxp-nvidia[0x4df6a0]
[node1:1609310] [25] ./xhpl_mxp-nvidia[0x5bd493]
[node1:1609310] [26] /usr/lib/x86_64-linux-gnu/libc.so.6(+0x9caa4)[0x7d69f3c9caa4]
[node1:1609310] [27] /usr/lib/x86_64-linux-gnu/libc.so.6(+0x129c6c)[0x7d69f3d29c6c]
[node1:1609310] *** End of error message ***
--------------------------------------------------------------------------
Primary job  terminated normally, but 1 process returned
a non-zero exit code. Per user-direction, the job has been aborted.
--------------------------------------------------------------------------
--------------------------------------------------------------------------
mpirun noticed that process rank 1 with PID 1609310 on node node1 exited on signal 6 (Aborted).
--------------------------------------------------------------------------
