[node1:1615700:1:1615743]      cma_ep.c:85   process_vm_writev(pid=1615702 {0x791092400000,524288}-->{0x7dd542400000,524288}) returned -1: Bad address
==== backtrace (tid:1615743) ====
 0  /usr/lib/x86_64-linux-gnu/libucs.so.0(ucs_handle_error+0x2ec) [0x7910f9cc964c]
 1  /usr/lib/x86_64-linux-gnu/libucs.so.0(ucs_fatal_error_message+0xb2) [0x7910f9cc97f2]
 2  /usr/lib/x86_64-linux-gnu/libucs.so.0(ucs_log_default_handler+0x9d3) [0x7910f9ccecc3]
 3  /usr/lib/x86_64-linux-gnu/libucs.so.0(ucs_log_dispatch+0xf6) [0x7910f9cc76d6]
 4  /usr/lib/x86_64-linux-gnu/ucx/libuct_cma.so.0(+0x3d89) [0x7910fa124d89]
 5  /usr/lib/x86_64-linux-gnu/ucx/libuct_cma.so.0(uct_cma_ep_tx+0x2ba) [0x7910fa12506a]
 6  /usr/lib/x86_64-linux-gnu/libuct.so.0(uct_scopy_ep_progress_tx+0x77) [0x7910fa14d947]
 7  /usr/lib/x86_64-linux-gnu/libucs.so.0(ucs_arbiter_dispatch_nonempty+0x119) [0x7910f9cbdf09]
 8  /usr/lib/x86_64-linux-gnu/libuct.so.0(uct_scopy_iface_progress+0x88) [0x7910fa159be8]
 9  /usr/lib/x86_64-linux-gnu/libucs.so.0(+0x25c18) [0x7910f9cc3c18]
10  /usr/lib/x86_64-linux-gnu/libucp.so.0(ucp_worker_progress+0x7a) [0x7910e7af82ca]
11  /home/hpc/hpcx/hpcx-v2.24-gcc-doca_ofed-ubuntu24.04-cuda13-x86_64/ompi/lib/libopen-pal.so.40(opal_progress+0x34) [0x79112a120314]
12  /home/hpc/hpcx/hpcx-v2.24-gcc-doca_ofed-ubuntu24.04-cuda13-x86_64/ompi/lib/libopen-pal.so.40(ompi_sync_wait_mt+0x115) [0x79112a126b15]
13  /home/hpc/hpcx/hpcx-v2.24-gcc-doca_ofed-ubuntu24.04-cuda13-x86_64/ompi/lib/libmpi.so.40(ompi_request_default_wait+0x24b) [0x79113e12903b]
14  /home/hpc/hpcx/hpcx-v2.24-gcc-doca_ofed-ubuntu24.04-cuda13-x86_64/ompi/lib/libmpi.so.40(PMPI_Wait+0x1e) [0x79113e155e9e]
15  ./xhpl_mxp-nvidia() [0x50eac7]
16  ./xhpl_mxp-nvidia() [0x4dc7d3]
17  ./xhpl_mxp-nvidia() [0x4df810]
18  ./xhpl_mxp-nvidia() [0x4df793]
19  ./xhpl_mxp-nvidia() [0x4df703]
20  ./xhpl_mxp-nvidia() [0x4df6bc]
21  ./xhpl_mxp-nvidia() [0x4df6a0]
22  ./xhpl_mxp-nvidia() [0x5bd493]
23  /usr/lib/x86_64-linux-gnu/libc.so.6(+0x9caa4) [0x7910f9a9caa4]
24  /usr/lib/x86_64-linux-gnu/libc.so.6(+0x129c6c) [0x7910f9b29c6c]
=================================
[node1:1615700] *** Process received signal ***
[node1:1615700] Signal: Aborted (6)
[node1:1615700] Signal code:  (-6)
[node1:1615700] [ 0] /usr/lib/x86_64-linux-gnu/libc.so.6(+0x45330)[0x7910f9a45330]
[node1:1615700] [ 1] /usr/lib/x86_64-linux-gnu/libc.so.6(pthread_kill+0x11c)[0x7910f9a9eb2c]
[node1:1615700] [ 2] /usr/lib/x86_64-linux-gnu/libc.so.6(gsignal+0x1e)[0x7910f9a4527e]
[node1:1615700] [ 3] /usr/lib/x86_64-linux-gnu/libc.so.6(abort+0xdf)[0x7910f9a288ff]
[node1:1615700] [ 4] /usr/lib/x86_64-linux-gnu/libucs.so.0(+0x2b7f7)[0x7910f9cc97f7]
[node1:1615700] [ 5] /usr/lib/x86_64-linux-gnu/libucs.so.0(ucs_log_default_handler+0x9d3)[0x7910f9ccecc3]
[node1:1615700] [ 6] /usr/lib/x86_64-linux-gnu/libucs.so.0(ucs_log_dispatch+0xf6)[0x7910f9cc76d6]
[node1:1615700] [ 7] /usr/lib/x86_64-linux-gnu/ucx/libuct_cma.so.0(+0x3d89)[0x7910fa124d89]
[node1:1615700] [ 8] /usr/lib/x86_64-linux-gnu/ucx/libuct_cma.so.0(uct_cma_ep_tx+0x2ba)[0x7910fa12506a]
[node1:1615700] [ 9] /usr/lib/x86_64-linux-gnu/libuct.so.0(uct_scopy_ep_progress_tx+0x77)[0x7910fa14d947]
[node1:1615700] [10] /usr/lib/x86_64-linux-gnu/libucs.so.0(ucs_arbiter_dispatch_nonempty+0x119)[0x7910f9cbdf09]
[node1:1615700] [node1:1615701:1:1615739]      cma_ep.c:85   process_vm_writev(pid=1615703 {0x725380400000,524288}-->{0x7a6f74400000,524288}) returned -1: Bad address
[11] /usr/lib/x86_64-linux-gnu/libuct.so.0(uct_scopy_iface_progress+0x88)[0x7910fa159be8]
[node1:1615700] [12] /usr/lib/x86_64-linux-gnu/libucs.so.0(+0x25c18)[0x7910f9cc3c18]
[node1:1615700] [13] /usr/lib/x86_64-linux-gnu/libucp.so.0(ucp_worker_progress+0x7a)[0x7910e7af82ca]
[node1:1615700] [14] /home/hpc/hpcx/hpcx-v2.24-gcc-doca_ofed-ubuntu24.04-cuda13-x86_64/ompi/lib/libopen-pal.so.40(opal_progress+0x34)[0x79112a120314]
[node1:1615700] [15] /home/hpc/hpcx/hpcx-v2.24-gcc-doca_ofed-ubuntu24.04-cuda13-x86_64/ompi/lib/libopen-pal.so.40(ompi_sync_wait_mt+0x115)[0x79112a126b15]
[node1:1615700] [16] /home/hpc/hpcx/hpcx-v2.24-gcc-doca_ofed-ubuntu24.04-cuda13-x86_64/ompi/lib/libmpi.so.40(ompi_request_default_wait+0x24b)[0x79113e12903b]
[node1:1615700] [17] /home/hpc/hpcx/hpcx-v2.24-gcc-doca_ofed-ubuntu24.04-cuda13-x86_64/ompi/lib/libmpi.so.40(PMPI_Wait+0x1e)[0x79113e155e9e]
[node1:1615700] [18] ./xhpl_mxp-nvidia[0x50eac7]
==== backtrace (tid:1615739) ====
 0  /usr/lib/x86_64-linux-gnu/libucs.so.0(ucs_handle_error+0x2ec) [0x7253e0ec964c]
 1  /usr/lib/x86_64-linux-gnu/libucs.so.0(ucs_fatal_error_message+0xb2) [0x7253e0ec97f2]
 2  /usr/lib/x86_64-linux-gnu/libucs.so.0(ucs_log_default_handler+0x9d3) [0x7253e0ececc3]
 3  /usr/lib/x86_64-linux-gnu/libucs.so.0(ucs_log_dispatch+0xf6) [0x7253e0ec76d6]
 4  /usr/lib/x86_64-linux-gnu/ucx/libuct_cma.so.0(+0x3d89) [0x7253e0ad6d89]
 5  /usr/lib/x86_64-linux-gnu/ucx/libuct_cma.so.0(uct_cma_ep_tx+0x2ba) [0x7253e0ad706a]
 6  /usr/lib/x86_64-linux-gnu/libuct.so.0(uct_scopy_ep_progress_tx+0x77) [0x7253e0e6c947]
 7  /usr/lib/x86_64-linux-gnu/libucs.so.0(ucs_arbiter_dispatch_nonempty+0x119) [0x7253e0ebdf09]
 8  /usr/lib/x86_64-linux-gnu/libuct.so.0(uct_scopy_iface_progress+0x88) [0x7253e0e78be8]
 9  /usr/lib/x86_64-linux-gnu/libucs.so.0(+0x25c18) [0x7253e0ec3c18]
10  /usr/lib/x86_64-linux-gnu/libucp.so.0(ucp_worker_progress+0x7a) [0x7253cecf82ca]
11  /home/hpc/hpcx/hpcx-v2.24-gcc-doca_ofed-ubuntu24.04-cuda13-x86_64/ompi/lib/libopen-pal.so.40(opal_progress+0x34) [0x725411320314]
12  /home/hpc/hpcx/hpcx-v2.24-gcc-doca_ofed-ubuntu24.04-cuda13-x86_64/ompi/lib/libopen-pal.so.40(ompi_sync_wait_mt+0x115) [0x725411326b15]
13  /home/hpc/hpcx/hpcx-v2.24-gcc-doca_ofed-ubuntu24.04-cuda13-x86_64/ompi/lib/libmpi.so.40(ompi_request_default_wait+0x24b) [0x7254252f303b]
14  /home/hpc/hpcx/hpcx-v2.24-gcc-doca_ofed-ubuntu24.04-cuda13-x86_64/ompi/lib/libmpi.so.40(PMPI_Wait+0x1e) [0x72542531fe9e]
15  ./xhpl_mxp-nvidia() [0x50eac7]
16  ./xhpl_mxp-nvidia() [0x4dc7d3]
17  ./xhpl_mxp-nvidia() [0x4df810]
18  ./xhpl_mxp-nvidia() [0x4df793]
19  ./xhpl_mxp-nvidia() [0x4df703]
20  ./xhpl_mxp-nvidia() [0x4df6bc]
21  ./xhpl_mxp-nvidia() [0x4df6a0]
22  ./xhpl_mxp-nvidia() [0x5bd493]
23  /usr/lib/x86_64-linux-gnu/libc.so.6(+0x9caa4) [0x7253e0c9caa4]
24  /usr/lib/x86_64-linux-gnu/libc.so.6(+0x129c6c) [0x7253e0d29c6c]
=================================
[node1:1615700] [19] [node1:1615701] *** Process received signal ***
[node1:1615701] Signal: Aborted (6)
[node1:1615701] Signal code:  (-6)
[node1:1615701] [ 0] /usr/lib/x86_64-linux-gnu/libc.so.6(+0x45330)[0x7253e0c45330]
[node1:1615701] [ 1] ./xhpl_mxp-nvidia[0x4dc7d3]
/usr/lib/x86_64-linux-gnu/libc.so.6(pthread_kill+0x11c)[0x7253e0c9eb2c]
[node1:1615701] [ 2] [node1:1615700] /usr/lib/x86_64-linux-gnu/libc.so.6(gsignal+0x1e)[0x7253e0c4527e]
[node1:1615701] [ 3] [20] /usr/lib/x86_64-linux-gnu/libc.so.6(abort+0xdf)[0x7253e0c288ff]
[node1:1615701] [ 4] /usr/lib/x86_64-linux-gnu/libucs.so.0(+0x2b7f7)[0x7253e0ec97f7]
[node1:1615701] [ 5] /usr/lib/x86_64-linux-gnu/libucs.so.0(ucs_log_default_handler+0x9d3)[0x7253e0ececc3]
[node1:1615701] [ 6] /usr/lib/x86_64-linux-gnu/libucs.so.0(ucs_log_dispatch+0xf6)[0x7253e0ec76d6]
[node1:1615701] [ 7] /usr/lib/x86_64-linux-gnu/ucx/libuct_cma.so.0(+0x3d89)[0x7253e0ad6d89]
[node1:1615701] [ 8] /usr/lib/x86_64-linux-gnu/ucx/libuct_cma.so.0(uct_cma_ep_tx+0x2ba)[0x7253e0ad706a]
[node1:1615701] [ 9] /usr/lib/x86_64-linux-gnu/libuct.so.0(uct_scopy_ep_progress_tx+0x77)[0x7253e0e6c947]
[node1:1615701] [10] /usr/lib/x86_64-linux-gnu/libucs.so.0(ucs_arbiter_dispatch_nonempty+0x119)[0x7253e0ebdf09]
[node1:1615701] [11] /usr/lib/x86_64-linux-gnu/libuct.so.0(uct_scopy_iface_progress+0x88)[0x7253e0e78be8]
[node1:1615701] [12] /usr/lib/x86_64-linux-gnu/libucs.so.0(+0x25c18)[0x7253e0ec3c18]
[node1:1615701] [13] /usr/lib/x86_64-linux-gnu/libucp.so.0(ucp_worker_progress+0x7a)[0x7253cecf82ca]
[node1:1615701] [14] /home/hpc/hpcx/hpcx-v2.24-gcc-doca_ofed-ubuntu24.04-cuda13-x86_64/ompi/lib/libopen-pal.so.40(opal_progress+0x34)[0x725411320314]
[node1:1615701] [15] /home/hpc/hpcx/hpcx-v2.24-gcc-doca_ofed-ubuntu24.04-cuda13-x86_64/ompi/lib/libopen-pal.so.40(ompi_sync_wait_mt+0x115)[0x725411326b15]
[node1:1615701] [16] /home/hpc/hpcx/hpcx-v2.24-gcc-doca_ofed-ubuntu24.04-cuda13-x86_64/ompi/lib/libmpi.so.40(ompi_request_default_wait+0x24b)[0x7254252f303b]
[node1:1615701] [17] ./xhpl_mxp-nvidia[0x4df810]
/home/hpc/hpcx/hpcx-v2.24-gcc-doca_ofed-ubuntu24.04-cuda13-x86_64/ompi/lib/libmpi.so.40(PMPI_Wait+0x1e)[0x72542531fe9e]
[node1:1615701] [18] [node1:1615700] [21] ./xhpl_mxp-nvidia[0x50eac7]
[node1:1615701] [19] ./xhpl_mxp-nvidia[0x4dc7d3]
[node1:1615701] [20] ./xhpl_mxp-nvidia[0x4df793]
[node1:1615700] ./xhpl_mxp-nvidia[0x4df810]
[node1:1615701] [21] [22] ./xhpl_mxp-nvidia[0x4df793]
[node1:1615701] [22] ./xhpl_mxp-nvidia[0x4df703]
./xhpl_mxp-nvidia[0x4df703]
[node1:1615701] [23] [node1:1615700] ./xhpl_mxp-nvidia[0x4df6bc]
[node1:1615701] [24] [23] ./xhpl_mxp-nvidia[0x4df6a0]
[node1:1615701] [25] ./xhpl_mxp-nvidia[0x4df6bc]
[node1:1615700] ./xhpl_mxp-nvidia[0x5bd493]
[node1:1615701] [26] [24] /usr/lib/x86_64-linux-gnu/libc.so.6(+0x9caa4)[0x7253e0c9caa4]
[node1:1615701] [27] ./xhpl_mxp-nvidia[0x4df6a0]
/usr/lib/x86_64-linux-gnu/libc.so.6(+0x129c6c)[0x7253e0d29c6c]
[node1:1615701] *** End of error message ***
[node1:1615700] [25] ./xhpl_mxp-nvidia[0x5bd493]
[node1:1615700] [26] /usr/lib/x86_64-linux-gnu/libc.so.6(+0x9caa4)[0x7910f9a9caa4]
[node1:1615700] [27] /usr/lib/x86_64-linux-gnu/libc.so.6(+0x129c6c)[0x7910f9b29c6c]
[node1:1615700] *** End of error message ***
--------------------------------------------------------------------------
Primary job  terminated normally, but 1 process returned
a non-zero exit code. Per user-direction, the job has been aborted.
--------------------------------------------------------------------------
--------------------------------------------------------------------------
mpirun noticed that process rank 0 with PID 1615700 on node node1 exited on signal 6 (Aborted).
--------------------------------------------------------------------------
