[1757990689.625562] [node1:85837:0]           ib_md.c:1190 UCX  WARN  mlx5_0: relaxed order memory access requested, but unsupported
[1757990689.654812] [node1:85836:0]           ib_md.c:1190 UCX  WARN  mlx5_0: relaxed order memory access requested, but unsupported
[1757990689.652448] [node2:18984:0]           ib_md.c:1190 UCX  WARN  mlx5_0: relaxed order memory access requested, but unsupported
[1757990689.668958] [node1:85835:0]           ib_md.c:1190 UCX  WARN  mlx5_0: relaxed order memory access requested, but unsupported
[1757990689.669914] [node1:85834:0]           ib_md.c:1190 UCX  WARN  mlx5_0: relaxed order memory access requested, but unsupported
[1757990689.673028] [node2:18981:0]           ib_md.c:1190 UCX  WARN  mlx5_0: relaxed order memory access requested, but unsupported
[1757990689.692425] [node2:18983:0]           ib_md.c:1190 UCX  WARN  mlx5_0: relaxed order memory access requested, but unsupported
[1757990689.694117] [node2:18982:0]           ib_md.c:1190 UCX  WARN  mlx5_0: relaxed order memory access requested, but unsupported
[1757990689.754526] [node1:85837:0]           ib_md.c:1190 UCX  WARN  mlx5_0: relaxed order memory access requested, but unsupported
[1757990689.751225] [node2:18983:0]           ib_md.c:1190 UCX  WARN  mlx5_0: relaxed order memory access requested, but unsupported
[1757990689.752671] [node2:18982:0]           ib_md.c:1190 UCX  WARN  mlx5_0: relaxed order memory access requested, but unsupported
[1757990689.758977] [node1:85835:0]           ib_md.c:1190 UCX  WARN  mlx5_0: relaxed order memory access requested, but unsupported
[1757990689.755252] [node2:18984:0]           ib_md.c:1190 UCX  WARN  mlx5_0: relaxed order memory access requested, but unsupported
[1757990689.759066] [node1:85836:0]           ib_md.c:1190 UCX  WARN  mlx5_0: relaxed order memory access requested, but unsupported
[1757990689.755387] [node2:18981:0]           ib_md.c:1190 UCX  WARN  mlx5_0: relaxed order memory access requested, but unsupported
[1757990689.759262] [node1:85834:0]           ib_md.c:1190 UCX  WARN  mlx5_0: relaxed order memory access requested, but unsupported
[1757990689.799067] [node1:85837:0]           ib_md.c:1190 UCX  WARN  mlx5_0: relaxed order memory access requested, but unsupported
[1757990689.802463] [node2:18982:0]           ib_md.c:1190 UCX  WARN  mlx5_0: relaxed order memory access requested, but unsupported
[1757990689.803110] [node2:18983:0]           ib_md.c:1190 UCX  WARN  mlx5_0: relaxed order memory access requested, but unsupported
[1757990689.811535] [node2:18981:0]           ib_md.c:1190 UCX  WARN  mlx5_0: relaxed order memory access requested, but unsupported
[1757990689.811619] [node2:18984:0]           ib_md.c:1190 UCX  WARN  mlx5_0: relaxed order memory access requested, but unsupported
[1757990689.816103] [node1:85835:0]           ib_md.c:1190 UCX  WARN  mlx5_0: relaxed order memory access requested, but unsupported
[1757990689.816230] [node1:85836:0]           ib_md.c:1190 UCX  WARN  mlx5_0: relaxed order memory access requested, but unsupported
[1757990689.816577] [node1:85834:0]           ib_md.c:1190 UCX  WARN  mlx5_0: relaxed order memory access requested, but unsupported
[1757990689.912928] [node1:85837:0]           ib_md.c:1190 UCX  WARN  mlx5_0: relaxed order memory access requested, but unsupported
[1757990689.909526] [node2:18983:0]           ib_md.c:1190 UCX  WARN  mlx5_0: relaxed order memory access requested, but unsupported
[1757990689.909687] [node2:18982:0]           ib_md.c:1190 UCX  WARN  mlx5_0: relaxed order memory access requested, but unsupported
[1757990689.920392] [node1:85836:0]           ib_md.c:1190 UCX  WARN  mlx5_0: relaxed order memory access requested, but unsupported
[1757990689.918582] [node2:18984:0]           ib_md.c:1190 UCX  WARN  mlx5_0: relaxed order memory access requested, but unsupported
[1757990689.922585] [node1:85835:0]           ib_md.c:1190 UCX  WARN  mlx5_0: relaxed order memory access requested, but unsupported
[1757990689.922835] [node1:85834:0]           ib_md.c:1190 UCX  WARN  mlx5_0: relaxed order memory access requested, but unsupported
[1757990689.919593] [node2:18981:0]           ib_md.c:1190 UCX  WARN  mlx5_0: relaxed order memory access requested, but unsupported

================================================================================
HPL-NVIDIA 25.4.0  -- NVIDIA accelerated HPL benchmark -- NVIDIA
================================================================================
HPLinpack 2.1  --  High-Performance Linpack benchmark  --   October 26, 2012
Written by A. Petitet and R. Clint Whaley,  Innovative Computing Laboratory, UTK
Modified by Piotr Luszczek, Innovative Computing Laboratory, UTK
Modified by Julien Langou, University of Colorado Denver
================================================================================

An explanation of the input/output parameters follows:
T/V    : Wall time / encoded variant.
N      : The order of the coefficient matrix A.
NB     : The partitioning blocking factor.
P      : The number of process rows.
Q      : The number of process columns.
Time   : Time in seconds to solve the linear system.
Gflops : Rate of execution for solving the linear system.

The following parameter values will be used:

N      :  200000 
NB     :     512 
PMAP   : Column-major process mapping
P      :       4 
Q      :       2 
PFACT  :    Left 
NBMIN  :       2 
NDIV   :       2 
RFACT  :    Left 
BCAST  :  2ringM 
DEPTH  :       1 
SWAP   : Spread-roll (long)
L1     : no-transposed form
U      : transposed form
EQUIL  : no
ALIGN  : 8 double precision words

--------------------------------------------------------------------------------

- The matrix A is randomly generated for each test.
- The following scaled residual check will be computed:
      ||Ax-b||_oo / ( eps * ( || x ||_oo * || A ||_oo + || b ||_oo ) * N )
- The relative machine precision (eps) is taken to be               1.110223e-16
- Computational tests pass if scaled residuals are less than                16.0


HPL-NVIDIA ignores the following parameters from input file:
	* Broadcast parameters
	* Panel factorization parameters
	* Look-ahead value
	* L1 layout
	* U layout
	* Equilibration parameter
	* Memory alignment parameter

HPL-NVIDIA settings from environment variables:
--- DEVICE INFO ---
  Peak clock frequency: 1410 MHz
  SM version          : 80
  Number of SMs       : 108
-------------------
[HPL TRACE] cuda_nvshmem_init: max=1.0806 (4) min=1.0806 (1)
[WARNING] Change Input N 200000 to 199680
[HPL TRACE] ncclCommInitRank: max=0.0917 (0) min=0.0886 (2)
[HPL TRACE] cugetrfs_mp_init: max=0.1601 (0) min=0.1601 (3)
--- MEMORY INFO ---
DEVICE
  System           =      2.78660 GiB (MIN)      2.78660 GiB (MAX)      2.78660 GiB (AVG)
  HPL buffers      =     40.74900 GiB (MIN)     41.12987 GiB (MAX)     40.93944 GiB (AVG)
  Used             =     43.53561 GiB (MIN)     43.91647 GiB (MAX)     43.72604 GiB (AVG)
  Total            =     40.00000 GiB (MIN)     40.00000 GiB (MAX)     40.00000 GiB (AVG)
HOST
  HPL buffers      =      0.00041 GiB (MIN)      0.00041 GiB (MAX)      0.00041 GiB (AVG)
-------------------
