/dvs/p4/build/sw/rel/gpgpu/toolkit/r12.8/main_nvshmem/src/modules/transport/ibrc/ibrc.cpp:nvshmemt_init:1852: neither nv_peer_mem, or nvidia_peermem detected. Skipping transport.

/dvs/p4/build/sw/rel/gpgpu/toolkit/r12.8/main_nvshmem/src/modules/transport/ibrc/ibrc.cpp:nvshmemt_init:1852: neither nv_peer_mem, or nvidia_peermem detected. Skipping transport.

/dvs/p4/build/sw/rel/gpgpu/toolkit/r12.8/main_nvshmem/src/host/topo/topo.cpp:469: [GPU 10] Peer GPU 0 is not accessible, exiting ... 
/dvs/p4/build/sw/rel/gpgpu/toolkit/r12.8/main_nvshmem/src/host/init/init.cu:998: non-zero status: 3 building transport map failed 

/dvs/p4/build/sw/rel/gpgpu/toolkit/r12.8/main_nvshmem/src/host/topo/topo.cpp:469: [GPU 2] Peer GPU 4 is not accessible, exiting ... 
/dvs/p4/build/sw/rel/gpgpu/toolkit/r12.8/main_nvshmem/src/host/init/init.cu:998: non-zero status: 3 building transport map failed 

/dvs/p4/build/sw/rel/gpgpu/toolkit/r12.8/main_nvshmem/src/modules/transport/ibrc/ibrc.cpp:nvshmemt_init:1852: neither nv_peer_mem, or nvidia_peermem detected. Skipping transport.

/dvs/p4/build/sw/rel/gpgpu/toolkit/r12.8/main_nvshmem/src/host/topo/topo.cpp:469: [GPU 6] Peer GPU 0 is not accessible, exiting ... 
/dvs/p4/build/sw/rel/gpgpu/toolkit/r12.8/main_nvshmem/src/host/init/init.cu:998: non-zero status: 3 building transport map failed 

/dvs/p4/build/sw/rel/gpgpu/toolkit/r12.8/main_nvshmem/src/modules/transport/ibrc/ibrc.cpp:nvshmemt_init:1852: neither nv_peer_mem, or nvidia_peermem detected. Skipping transport.

/dvs/p4/build/sw/rel/gpgpu/toolkit/r12.8/main_nvshmem/src/host/topo/topo.cpp:469: [GPU 11] Peer GPU 0 is not accessible, exiting ... 
/dvs/p4/build/sw/rel/gpgpu/toolkit/r12.8/main_nvshmem/src/host/init/init.cu:998: non-zero status: 3 building transport map failed 

/dvs/p4/build/sw/rel/gpgpu/toolkit/r12.8/main_nvshmem/src/modules/transport/ibrc/ibrc.cpp:nvshmemt_init:1852: neither nv_peer_mem, or nvidia_peermem detected. Skipping transport.

/dvs/p4/build/sw/rel/gpgpu/toolkit/r12.8/main_nvshmem/src/modules/transport/ibrc/ibrc.cpp:nvshmemt_init:1852: neither nv_peer_mem, or nvidia_peermem detected. Skipping transport.

/dvs/p4/build/sw/rel/gpgpu/toolkit/r12.8/main_nvshmem/src/host/topo/topo.cpp:469: [GPU 14] Peer GPU 0 is not accessible, exiting ... 
/dvs/p4/build/sw/rel/gpgpu/toolkit/r12.8/main_nvshmem/src/host/init/init.cu:998: non-zero status: 3 building transport map failed 

/dvs/p4/build/sw/rel/gpgpu/toolkit/r12.8/main_nvshmem/src/modules/transport/ibrc/ibrc.cpp:nvshmemt_init:1852: neither nv_peer_mem, or nvidia_peermem detected. Skipping transport.

/dvs/p4/build/sw/rel/gpgpu/toolkit/r12.8/main_nvshmem/src/modules/transport/ibrc/ibrc.cpp:nvshmemt_init:1852: neither nv_peer_mem, or nvidia_peermem detected. Skipping transport.

/dvs/p4/build/sw/rel/gpgpu/toolkit/r12.8/main_nvshmem/src/host/topo/topo.cpp:469: [GPU 0] Peer GPU 4 is not accessible, exiting ... 
/dvs/p4/build/sw/rel/gpgpu/toolkit/r12.8/main_nvshmem/src/host/init/init.cu:998: non-zero status: 3 building transport map failed 

/dvs/p4/build/sw/rel/gpgpu/toolkit/r12.8/main_nvshmem/src/modules/transport/ibrc/ibrc.cpp:nvshmemt_init:1852: neither nv_peer_mem, or nvidia_peermem detected. Skipping transport.

/dvs/p4/build/sw/rel/gpgpu/toolkit/r12.8/main_nvshmem/src/host/topo/topo.cpp:469: [GPU 8] Peer GPU 0 is not accessible, exiting ... 
/dvs/p4/build/sw/rel/gpgpu/toolkit/r12.8/main_nvshmem/src/host/init/init.cu:998: non-zero status: 3 building transport map failed 

/dvs/p4/build/sw/rel/gpgpu/toolkit/r12.8/main_nvshmem/src/modules/transport/ibrc/ibrc.cpp:nvshmemt_init:1852: neither nv_peer_mem, or nvidia_peermem detected. Skipping transport.

/dvs/p4/build/sw/rel/gpgpu/toolkit/r12.8/main_nvshmem/src/modules/transport/ibrc/ibrc.cpp:nvshmemt_init:1852: neither nv_peer_mem, or nvidia_peermem detected. Skipping transport.

/dvs/p4/build/sw/rel/gpgpu/toolkit/r12.8/main_nvshmem/src/host/topo/topo.cpp:469: [GPU 4] Peer GPU 0 is not accessible, exiting ... 
/dvs/p4/build/sw/rel/gpgpu/toolkit/r12.8/main_nvshmem/src/host/init/init.cu:998: non-zero status: 3 building transport map failed 

/dvs/p4/build/sw/rel/gpgpu/toolkit/r12.8/main_nvshmem/src/host/topo/topo.cpp:469: [GPU 9] Peer GPU 0 is not accessible, exiting ... 
/dvs/p4/build/sw/rel/gpgpu/toolkit/r12.8/main_nvshmem/src/host/init/init.cu:998: non-zero status: 3 building transport map failed 

/dvs/p4/build/sw/rel/gpgpu/toolkit/r12.8/main_nvshmem/src/modules/transport/ibrc/ibrc.cpp:nvshmemt_init:1852: neither nv_peer_mem, or nvidia_peermem detected. Skipping transport.

/dvs/p4/build/sw/rel/gpgpu/toolkit/r12.8/main_nvshmem/src/host/topo/topo.cpp:469: [GPU 3] Peer GPU 4 is not accessible, exiting ... 
/dvs/p4/build/sw/rel/gpgpu/toolkit/r12.8/main_nvshmem/src/host/init/init.cu:998: non-zero status: 3 building transport map failed 

/dvs/p4/build/sw/rel/gpgpu/toolkit/r12.8/main_nvshmem/src/modules/transport/ibrc/ibrc.cpp:nvshmemt_init:1852: neither nv_peer_mem, or nvidia_peermem detected. Skipping transport.

/dvs/p4/build/sw/rel/gpgpu/toolkit/r12.8/main_nvshmem/src/host/topo/topo.cpp:469: [GPU 7] Peer GPU 0 is not accessible, exiting ... 
/dvs/p4/build/sw/rel/gpgpu/toolkit/r12.8/main_nvshmem/src/host/init/init.cu:998: non-zero status: 3 building transport map failed 

/dvs/p4/build/sw/rel/gpgpu/toolkit/r12.8/main_nvshmem/src/modules/transport/ibrc/ibrc.cpp:nvshmemt_init:1852: neither nv_peer_mem, or nvidia_peermem detected. Skipping transport.

/dvs/p4/build/sw/rel/gpgpu/toolkit/r12.8/main_nvshmem/src/host/topo/topo.cpp:469: [GPU 5] Peer GPU 0 is not accessible, exiting ... 
/dvs/p4/build/sw/rel/gpgpu/toolkit/r12.8/main_nvshmem/src/host/init/init.cu:998: non-zero status: 3 building transport map failed 

/dvs/p4/build/sw/rel/gpgpu/toolkit/r12.8/main_nvshmem/src/host/topo/topo.cpp:469: [GPU 12] Peer GPU 0 is not accessible, exiting ... 
/dvs/p4/build/sw/rel/gpgpu/toolkit/r12.8/main_nvshmem/src/host/init/init.cu:998: non-zero status: 3 building transport map failed 

/dvs/p4/build/sw/rel/gpgpu/toolkit/r12.8/main_nvshmem/src/modules/transport/ibrc/ibrc.cpp:nvshmemt_init:1852: neither nv_peer_mem, or nvidia_peermem detected. Skipping transport.

/dvs/p4/build/sw/rel/gpgpu/toolkit/r12.8/main_nvshmem/src/host/topo/topo.cpp:469: [GPU 1] Peer GPU 4 is not accessible, exiting ... 
/dvs/p4/build/sw/rel/gpgpu/toolkit/r12.8/main_nvshmem/src/host/init/init.cu:998: non-zero status: 3 building transport map failed 

/dvs/p4/build/sw/rel/gpgpu/toolkit/r12.8/main_nvshmem/src/modules/transport/ibrc/ibrc.cpp:nvshmemt_init:1852: neither nv_peer_mem, or nvidia_peermem detected. Skipping transport.

/dvs/p4/build/sw/rel/gpgpu/toolkit/r12.8/main_nvshmem/src/host/topo/topo.cpp:469: [GPU 13] Peer GPU 0 is not accessible, exiting ... 
/dvs/p4/build/sw/rel/gpgpu/toolkit/r12.8/main_nvshmem/src/host/init/init.cu:998: non-zero status: 3 building transport map failed 

/dvs/p4/build/sw/rel/gpgpu/toolkit/r12.8/main_nvshmem/src/host/topo/topo.cpp:469: [GPU 15] Peer GPU 0 is not accessible, exiting ... 
/dvs/p4/build/sw/rel/gpgpu/toolkit/r12.8/main_nvshmem/src/host/init/init.cu:998: non-zero status: 3 building transport map failed 

/dvs/p4/build/sw/rel/gpgpu/toolkit/r12.8/main_nvshmem/src/modules/transport/ibrc/ibrc.cpp:nvshmemt_init:1852: neither nv_peer_mem, or nvidia_peermem detected. Skipping transport.

/dvs/p4/build/sw/rel/gpgpu/toolkit/r12.8/main_nvshmem/src/host/topo/topo.cpp:469: [GPU 10] Peer GPU 0 is not accessible, exiting ... 
/dvs/p4/build/sw/rel/gpgpu/toolkit/r12.8/main_nvshmem/src/host/init/init.cu:998: non-zero status: 3 building transport map failed 

/dvs/p4/build/sw/rel/gpgpu/toolkit/r12.8/main_nvshmem/src/host/init/init.cu:nvshmemi_check_state_and_init:1080: nvshmem initialization failed, exiting 

/dvs/p4/build/sw/rel/gpgpu/toolkit/r12.8/main_nvshmem/src/host/util/cs.cpp:21: non-zero status: 16: Device or resource busy, exiting... mutex destroy failed 

/dvs/p4/build/sw/rel/gpgpu/toolkit/r12.8/main_nvshmem/src/modules/transport/ibrc/ibrc.cpp:nvshmemt_init:1852: neither nv_peer_mem, or nvidia_peermem detected. Skipping transport.

/dvs/p4/build/sw/rel/gpgpu/toolkit/r12.8/main_nvshmem/src/host/topo/topo.cpp:469: [GPU 15] Peer GPU 0 is not accessible, exiting ... 
/dvs/p4/build/sw/rel/gpgpu/toolkit/r12.8/main_nvshmem/src/host/init/init.cu:998: non-zero status: 3 building transport map failed 

/dvs/p4/build/sw/rel/gpgpu/toolkit/r12.8/main_nvshmem/src/host/init/init.cu:nvshmemi_check_state_and_init:1080: nvshmem initialization failed, exiting 

/dvs/p4/build/sw/rel/gpgpu/toolkit/r12.8/main_nvshmem/src/host/util/cs.cpp:21: non-zero status: 16: Device or resource busy, exiting... mutex destroy failed 

/dvs/p4/build/sw/rel/gpgpu/toolkit/r12.8/main_nvshmem/src/modules/transport/ibrc/ibrc.cpp:nvshmemt_init:1852: neither nv_peer_mem, or nvidia_peermem detected. Skipping transport.

/dvs/p4/build/sw/rel/gpgpu/toolkit/r12.8/main_nvshmem/src/modules/transport/ibrc/ibrc.cpp:nvshmemt_init:1852: neither nv_peer_mem, or nvidia_peermem detected. Skipping transport.

/dvs/p4/build/sw/rel/gpgpu/toolkit/r12.8/main_nvshmem/src/host/topo/topo.cpp:469: [GPU 7] Peer GPU 0 is not accessible, exiting ... 
/dvs/p4/build/sw/rel/gpgpu/toolkit/r12.8/main_nvshmem/src/host/init/init.cu:998: non-zero status: 3 building transport map failed 

/dvs/p4/build/sw/rel/gpgpu/toolkit/r12.8/main_nvshmem/src/host/init/init.cu:nvshmemi_check_state_and_init:1080: nvshmem initialization failed, exiting 

/dvs/p4/build/sw/rel/gpgpu/toolkit/r12.8/main_nvshmem/src/host/util/cs.cpp:21: non-zero status: 16: Device or resource busy, exiting... mutex destroy failed 

/dvs/p4/build/sw/rel/gpgpu/toolkit/r12.8/main_nvshmem/src/modules/transport/ibrc/ibrc.cpp:nvshmemt_init:1852: neither nv_peer_mem, or nvidia_peermem detected. Skipping transport.

/dvs/p4/build/sw/rel/gpgpu/toolkit/r12.8/main_nvshmem/src/host/topo/topo.cpp:469: [GPU 2] Peer GPU 4 is not accessible, exiting ... 
/dvs/p4/build/sw/rel/gpgpu/toolkit/r12.8/main_nvshmem/src/host/init/init.cu:998: non-zero status: 3 building transport map failed 

/dvs/p4/build/sw/rel/gpgpu/toolkit/r12.8/main_nvshmem/src/host/init/init.cu:nvshmemi_check_state_and_init:1080: nvshmem initialization failed, exiting 

/dvs/p4/build/sw/rel/gpgpu/toolkit/r12.8/main_nvshmem/src/host/topo/topo.cpp:469: [GPU 11] Peer GPU 0 is not accessible, exiting ... 
/dvs/p4/build/sw/rel/gpgpu/toolkit/r12.8/main_nvshmem/src/host/init/init.cu:998: non-zero status: 3 building transport map failed 

/dvs/p4/build/sw/rel/gpgpu/toolkit/r12.8/main_nvshmem/src/host/init/init.cu:nvshmemi_check_state_and_init:1080: nvshmem initialization failed, exiting 

/dvs/p4/build/sw/rel/gpgpu/toolkit/r12.8/main_nvshmem/src/host/util/cs.cpp:21: non-zero status: 16: Device or resource busy, exiting... mutex destroy failed 

/dvs/p4/build/sw/rel/gpgpu/toolkit/r12.8/main_nvshmem/src/host/util/cs.cpp:21: non-zero status: 16: Device or resource busy, exiting... mutex destroy failed 

/dvs/p4/build/sw/rel/gpgpu/toolkit/r12.8/main_nvshmem/src/modules/transport/ibrc/ibrc.cpp:nvshmemt_init:1852: neither nv_peer_mem, or nvidia_peermem detected. Skipping transport.

/dvs/p4/build/sw/rel/gpgpu/toolkit/r12.8/main_nvshmem/src/modules/transport/ibrc/ibrc.cpp:nvshmemt_init:1852: neither nv_peer_mem, or nvidia_peermem detected. Skipping transport.

/dvs/p4/build/sw/rel/gpgpu/toolkit/r12.8/main_nvshmem/src/modules/transport/ibrc/ibrc.cpp:nvshmemt_init:1852: neither nv_peer_mem, or nvidia_peermem detected. Skipping transport.

/dvs/p4/build/sw/rel/gpgpu/toolkit/r12.8/main_nvshmem/src/host/topo/topo.cpp:469: [GPU 4] Peer GPU 0 is not accessible, exiting ... 
/dvs/p4/build/sw/rel/gpgpu/toolkit/r12.8/main_nvshmem/src/host/init/init.cu:998: non-zero status: 3 building transport map failed 

/dvs/p4/build/sw/rel/gpgpu/toolkit/r12.8/main_nvshmem/src/host/init/init.cu:nvshmemi_check_state_and_init:1080: nvshmem initialization failed, exiting 

/dvs/p4/build/sw/rel/gpgpu/toolkit/r12.8/main_nvshmem/src/host/topo/topo.cpp:469: [GPU 8] Peer GPU 0 is not accessible, exiting ... 
/dvs/p4/build/sw/rel/gpgpu/toolkit/r12.8/main_nvshmem/src/host/init/init.cu:998: non-zero status: 3 building transport map failed 

/dvs/p4/build/sw/rel/gpgpu/toolkit/r12.8/main_nvshmem/src/host/init/init.cu:nvshmemi_check_state_and_init:1080: nvshmem initialization failed, exiting 

/dvs/p4/build/sw/rel/gpgpu/toolkit/r12.8/main_nvshmem/src/host/topo/topo.cpp:469: [GPU 13] Peer GPU 0 is not accessible, exiting ... 
/dvs/p4/build/sw/rel/gpgpu/toolkit/r12.8/main_nvshmem/src/host/init/init.cu:998: non-zero status: 3 building transport map failed 

/dvs/p4/build/sw/rel/gpgpu/toolkit/r12.8/main_nvshmem/src/host/init/init.cu:nvshmemi_check_state_and_init:1080: nvshmem initialization failed, exiting 

/dvs/p4/build/sw/rel/gpgpu/toolkit/r12.8/main_nvshmem/src/host/util/cs.cpp:21: non-zero status: 16: Device or resource busy, exiting... mutex destroy failed 

/dvs/p4/build/sw/rel/gpgpu/toolkit/r12.8/main_nvshmem/src/host/util/cs.cpp:21: non-zero status: 16: Device or resource busy, exiting... mutex destroy failed 

/dvs/p4/build/sw/rel/gpgpu/toolkit/r12.8/main_nvshmem/src/host/util/cs.cpp:21: non-zero status: 16: Device or resource busy, exiting... mutex destroy failed 

/dvs/p4/build/sw/rel/gpgpu/toolkit/r12.8/main_nvshmem/src/modules/transport/ibrc/ibrc.cpp:nvshmemt_init:1852: neither nv_peer_mem, or nvidia_peermem detected. Skipping transport.

/dvs/p4/build/sw/rel/gpgpu/toolkit/r12.8/main_nvshmem/src/modules/transport/ibrc/ibrc.cpp:nvshmemt_init:1852: neither nv_peer_mem, or nvidia_peermem detected. Skipping transport.

/dvs/p4/build/sw/rel/gpgpu/toolkit/r12.8/main_nvshmem/src/modules/transport/ibrc/ibrc.cpp:nvshmemt_init:1852: neither nv_peer_mem, or nvidia_peermem detected. Skipping transport.

/dvs/p4/build/sw/rel/gpgpu/toolkit/r12.8/main_nvshmem/src/host/topo/topo.cpp:469: [GPU 9] Peer GPU 0 is not accessible, exiting ... 
/dvs/p4/build/sw/rel/gpgpu/toolkit/r12.8/main_nvshmem/src/host/init/init.cu:998: non-zero status: 3 building transport map failed 

/dvs/p4/build/sw/rel/gpgpu/toolkit/r12.8/main_nvshmem/src/host/init/init.cu:nvshmemi_check_state_and_init:1080: nvshmem initialization failed, exiting 

/dvs/p4/build/sw/rel/gpgpu/toolkit/r12.8/main_nvshmem/src/host/util/cs.cpp:21: non-zero status: 16: Device or resource busy, exiting... mutex destroy failed 

/dvs/p4/build/sw/rel/gpgpu/toolkit/r12.8/main_nvshmem/src/modules/transport/ibrc/ibrc.cpp:nvshmemt_init:1852: neither nv_peer_mem, or nvidia_peermem detected. Skipping transport.

/dvs/p4/build/sw/rel/gpgpu/toolkit/r12.8/main_nvshmem/src/host/topo/topo.cpp:469: [GPU 12] Peer GPU 0 is not accessible, exiting ... 
/dvs/p4/build/sw/rel/gpgpu/toolkit/r12.8/main_nvshmem/src/host/init/init.cu:998: non-zero status: 3 building transport map failed 

/dvs/p4/build/sw/rel/gpgpu/toolkit/r12.8/main_nvshmem/src/host/init/init.cu:nvshmemi_check_state_and_init:1080: nvshmem initialization failed, exiting 

/dvs/p4/build/sw/rel/gpgpu/toolkit/r12.8/main_nvshmem/src/modules/transport/ibrc/ibrc.cpp:nvshmemt_init:1852: neither nv_peer_mem, or nvidia_peermem detected. Skipping transport.

/dvs/p4/build/sw/rel/gpgpu/toolkit/r12.8/main_nvshmem/src/host/util/cs.cpp:21: non-zero status: 16: Device or resource busy, exiting... mutex destroy failed 

/dvs/p4/build/sw/rel/gpgpu/toolkit/r12.8/main_nvshmem/src/modules/transport/ibrc/ibrc.cpp:nvshmemt_init:1852: neither nv_peer_mem, or nvidia_peermem detected. Skipping transport.

/dvs/p4/build/sw/rel/gpgpu/toolkit/r12.8/main_nvshmem/src/modules/transport/ibrc/ibrc.cpp:nvshmemt_init:1852: neither nv_peer_mem, or nvidia_peermem detected. Skipping transport.

/dvs/p4/build/sw/rel/gpgpu/toolkit/r12.8/main_nvshmem/src/host/topo/topo.cpp:469: [GPU 5] Peer GPU 0 is not accessible, exiting ... 
/dvs/p4/build/sw/rel/gpgpu/toolkit/r12.8/main_nvshmem/src/host/init/init.cu:998: non-zero status: 3 building transport map failed 

/dvs/p4/build/sw/rel/gpgpu/toolkit/r12.8/main_nvshmem/src/host/init/init.cu:nvshmemi_check_state_and_init:1080: nvshmem initialization failed, exiting 

/dvs/p4/build/sw/rel/gpgpu/toolkit/r12.8/main_nvshmem/src/host/topo/topo.cpp:469: [GPU 0] Peer GPU 4 is not accessible, exiting ... 
/dvs/p4/build/sw/rel/gpgpu/toolkit/r12.8/main_nvshmem/src/host/init/init.cu:998: non-zero status: 3 building transport map failed 

/dvs/p4/build/sw/rel/gpgpu/toolkit/r12.8/main_nvshmem/src/host/init/init.cu:nvshmemi_check_state_and_init:1080: nvshmem initialization failed, exiting 

/dvs/p4/build/sw/rel/gpgpu/toolkit/r12.8/main_nvshmem/src/host/topo/topo.cpp:469: [GPU 14] Peer GPU 0 is not accessible, exiting ... 
/dvs/p4/build/sw/rel/gpgpu/toolkit/r12.8/main_nvshmem/src/host/init/init.cu:998: non-zero status: 3 building transport map failed 

/dvs/p4/build/sw/rel/gpgpu/toolkit/r12.8/main_nvshmem/src/host/init/init.cu:nvshmemi_check_state_and_init:1080: nvshmem initialization failed, exiting 

/dvs/p4/build/sw/rel/gpgpu/toolkit/r12.8/main_nvshmem/src/host/util/cs.cpp:21: non-zero status: 16: Device or resource busy, exiting... mutex destroy failed 

/dvs/p4/build/sw/rel/gpgpu/toolkit/r12.8/main_nvshmem/src/host/util/cs.cpp:21: non-zero status: 16: Device or resource busy, exiting... mutex destroy failed 

/dvs/p4/build/sw/rel/gpgpu/toolkit/r12.8/main_nvshmem/src/host/topo/topo.cpp:469: [GPU 3] Peer GPU 4 is not accessible, exiting ... 
/dvs/p4/build/sw/rel/gpgpu/toolkit/r12.8/main_nvshmem/src/host/init/init.cu:998: non-zero status: 3 building transport map failed 

/dvs/p4/build/sw/rel/gpgpu/toolkit/r12.8/main_nvshmem/src/host/init/init.cu:nvshmemi_check_state_and_init:1080: nvshmem initialization failed, exiting 

/dvs/p4/build/sw/rel/gpgpu/toolkit/r12.8/main_nvshmem/src/modules/transport/ibrc/ibrc.cpp:nvshmemt_init:1852: neither nv_peer_mem, or nvidia_peermem detected. Skipping transport.

/dvs/p4/build/sw/rel/gpgpu/toolkit/r12.8/main_nvshmem/src/host/util/cs.cpp:21: non-zero status: 16: Device or resource busy, exiting... mutex destroy failed 

/dvs/p4/build/sw/rel/gpgpu/toolkit/r12.8/main_nvshmem/src/host/util/cs.cpp:21: non-zero status: 16: Device or resource busy, exiting... mutex destroy failed 

/dvs/p4/build/sw/rel/gpgpu/toolkit/r12.8/main_nvshmem/src/host/topo/topo.cpp:469: [GPU 6] Peer GPU 0 is not accessible, exiting ... 
/dvs/p4/build/sw/rel/gpgpu/toolkit/r12.8/main_nvshmem/src/host/init/init.cu:998: non-zero status: 3 building transport map failed 

/dvs/p4/build/sw/rel/gpgpu/toolkit/r12.8/main_nvshmem/src/host/init/init.cu:nvshmemi_check_state_and_init:1080: nvshmem initialization failed, exiting 

/dvs/p4/build/sw/rel/gpgpu/toolkit/r12.8/main_nvshmem/src/host/util/cs.cpp:21: non-zero status: 16: Device or resource busy, exiting... mutex destroy failed 

/dvs/p4/build/sw/rel/gpgpu/toolkit/r12.8/main_nvshmem/src/host/topo/topo.cpp:469: [GPU 1] Peer GPU 4 is not accessible, exiting ... 
/dvs/p4/build/sw/rel/gpgpu/toolkit/r12.8/main_nvshmem/src/host/init/init.cu:998: non-zero status: 3 building transport map failed 

/dvs/p4/build/sw/rel/gpgpu/toolkit/r12.8/main_nvshmem/src/host/init/init.cu:nvshmemi_check_state_and_init:1080: nvshmem initialization failed, exiting 

/dvs/p4/build/sw/rel/gpgpu/toolkit/r12.8/main_nvshmem/src/host/util/cs.cpp:21: non-zero status: 16: Device or resource busy, exiting... mutex destroy failed 

--------------------------------------------------------------------------
Primary job  terminated normally, but 1 process returned
a non-zero exit code. Per user-direction, the job has been aborted.
--------------------------------------------------------------------------
--------------------------------------------------------------------------
mpirun detected that one or more processes exited with non-zero status, thus causing
the job to be terminated. The first process to do so was:

  Process name: [[54877,1],3]
  Exit code:    255
--------------------------------------------------------------------------
