[1758601990.510389] [node3:288756:0]     ucp_context.c:2137 UCX  WARN  UCP API version is incompatible: required >= 1.19, actual 1.16.0 (loaded from /usr/lib/x86_64-linux-gnu/libucp.so.0)
[1758601990.510809] [node3:288755:0]     ucp_context.c:2137 UCX  WARN  UCP API version is incompatible: required >= 1.19, actual 1.16.0 (loaded from /usr/lib/x86_64-linux-gnu/libucp.so.0)
[1758601990.513870] [node4:286680:0]     ucp_context.c:2137 UCX  WARN  UCP API version is incompatible: required >= 1.19, actual 1.16.0 (loaded from /usr/lib/x86_64-linux-gnu/libucp.so.0)
[1758601990.515379] [node4:286681:0]     ucp_context.c:2137 UCX  WARN  UCP API version is incompatible: required >= 1.19, actual 1.16.0 (loaded from /usr/lib/x86_64-linux-gnu/libucp.so.0)
[1758601990.520021] [node1:395576:0]     ucp_context.c:2137 UCX  WARN  UCP API version is incompatible: required >= 1.19, actual 1.16.0 (loaded from /usr/lib/x86_64-linux-gnu/libucp.so.0)
[1758601990.520174] [node1:395577:0]     ucp_context.c:2137 UCX  WARN  UCP API version is incompatible: required >= 1.19, actual 1.16.0 (loaded from /usr/lib/x86_64-linux-gnu/libucp.so.0)
[1758601990.514613] [node2:331417:0]     ucp_context.c:2137 UCX  WARN  UCP API version is incompatible: required >= 1.19, actual 1.16.0 (loaded from /usr/lib/x86_64-linux-gnu/libucp.so.0)
[1758601990.515147] [node2:331418:0]     ucp_context.c:2137 UCX  WARN  UCP API version is incompatible: required >= 1.19, actual 1.16.0 (loaded from /usr/lib/x86_64-linux-gnu/libucp.so.0)
[1758601990.521941] [node3:288755:0]           ib_md.c:1103 UCX  WARN  mlx5_0: relaxed order memory access requested, but unsupported
[1758601990.521960] [node3:288756:0]           ib_md.c:1103 UCX  WARN  mlx5_0: relaxed order memory access requested, but unsupported
[1758601990.525195] [node4:286680:0]           ib_md.c:1103 UCX  WARN  mlx5_0: relaxed order memory access requested, but unsupported
[1758601990.524004] [node3:288756:0]     ucp_context.c:1192 UCX  WARN  transports 'cuda_copy','gdr_copy','cuda_ipc' are not available, please use one or more of: cma, dc, dc_mlx5, dc_x, ib, mm, posix, rc, rc_mlx5, rc_v, rc_verbs, rc_x, self, shm, sm, sysv, tcp, ud, ud_mlx5, ud_v, ud_verbs, ud_x
[1758601990.524108] [node3:288755:0]     ucp_context.c:1192 UCX  WARN  transports 'cuda_copy','gdr_copy','cuda_ipc' are not available, please use one or more of: cma, dc, dc_mlx5, dc_x, ib, mm, posix, rc, rc_mlx5, rc_v, rc_verbs, rc_x, self, shm, sm, sysv, tcp, ud, ud_mlx5, ud_v, ud_verbs, ud_x
[1758601990.525835] [node4:286681:0]           ib_md.c:1103 UCX  WARN  mlx5_0: relaxed order memory access requested, but unsupported
[1758601990.527313] [node4:286680:0]     ucp_context.c:1192 UCX  WARN  transports 'cuda_copy','gdr_copy','cuda_ipc' are not available, please use one or more of: cma, dc, dc_mlx5, dc_x, ib, mm, posix, rc, rc_mlx5, rc_v, rc_verbs, rc_x, self, shm, sm, sysv, tcp, ud, ud_mlx5, ud_v, ud_verbs, ud_x
[1758601990.527766] [node4:286681:0]     ucp_context.c:1192 UCX  WARN  transports 'cuda_copy','gdr_copy','cuda_ipc' are not available, please use one or more of: cma, dc, dc_mlx5, dc_x, ib, mm, posix, rc, rc_mlx5, rc_v, rc_verbs, rc_x, self, shm, sm, sysv, tcp, ud, ud_mlx5, ud_v, ud_verbs, ud_x
[1758601990.526432] [node3:288757:0]     ucp_context.c:2137 UCX  WARN  UCP API version is incompatible: required >= 1.19, actual 1.16.0 (loaded from /usr/lib/x86_64-linux-gnu/libucp.so.0)
[1758601990.524259] [node2:331419:0]     ucp_context.c:2137 UCX  WARN  UCP API version is incompatible: required >= 1.19, actual 1.16.0 (loaded from /usr/lib/x86_64-linux-gnu/libucp.so.0)
[1758601990.531145] [node1:395578:0]     ucp_context.c:2137 UCX  WARN  UCP API version is incompatible: required >= 1.19, actual 1.16.0 (loaded from /usr/lib/x86_64-linux-gnu/libucp.so.0)
[1758601990.524966] [node2:331420:0]     ucp_context.c:2137 UCX  WARN  UCP API version is incompatible: required >= 1.19, actual 1.16.0 (loaded from /usr/lib/x86_64-linux-gnu/libucp.so.0)
[1758601990.532154] [node1:395576:0]           ib_md.c:1103 UCX  WARN  mlx5_0: relaxed order memory access requested, but unsupported
[1758601990.532180] [node1:395577:0]           ib_md.c:1103 UCX  WARN  mlx5_0: relaxed order memory access requested, but unsupported
[1758601990.526166] [node2:331418:0]           ib_md.c:1103 UCX  WARN  mlx5_0: relaxed order memory access requested, but unsupported
[1758601990.526204] [node2:331417:0]           ib_md.c:1103 UCX  WARN  mlx5_0: relaxed order memory access requested, but unsupported
[1758601990.534297] [node1:395577:0]     ucp_context.c:1192 UCX  WARN  transports 'cuda_copy','gdr_copy','cuda_ipc' are not available, please use one or more of: cma, dc, dc_mlx5, dc_x, ib, mm, posix, rc, rc_mlx5, rc_v, rc_verbs, rc_x, self, shm, sm, sysv, tcp, ud, ud_mlx5, ud_v, ud_verbs, ud_x
[1758601990.534314] [node1:395576:0]     ucp_context.c:1192 UCX  WARN  transports 'cuda_copy','gdr_copy','cuda_ipc' are not available, please use one or more of: cma, dc, dc_mlx5, dc_x, ib, mm, posix, rc, rc_mlx5, rc_v, rc_verbs, rc_x, self, shm, sm, sysv, tcp, ud, ud_mlx5, ud_v, ud_verbs, ud_x
[1758601990.528244] [node2:331418:0]     ucp_context.c:1192 UCX  WARN  transports 'cuda_copy','gdr_copy','cuda_ipc' are not available, please use one or more of: cma, dc, dc_mlx5, dc_x, ib, mm, posix, rc, rc_mlx5, rc_v, rc_verbs, rc_x, self, shm, sm, sysv, tcp, ud, ud_mlx5, ud_v, ud_verbs, ud_x
[1758601990.533055] [node4:286682:0]     ucp_context.c:2137 UCX  WARN  UCP API version is incompatible: required >= 1.19, actual 1.16.0 (loaded from /usr/lib/x86_64-linux-gnu/libucp.so.0)
[1758601990.528317] [node2:331417:0]     ucp_context.c:1192 UCX  WARN  transports 'cuda_copy','gdr_copy','cuda_ipc' are not available, please use one or more of: cma, dc, dc_mlx5, dc_x, ib, mm, posix, rc, rc_mlx5, rc_v, rc_verbs, rc_x, self, shm, sm, sysv, tcp, ud, ud_mlx5, ud_v, ud_verbs, ud_x
[1758601990.533055] [node4:286683:0]     ucp_context.c:2137 UCX  WARN  UCP API version is incompatible: required >= 1.19, actual 1.16.0 (loaded from /usr/lib/x86_64-linux-gnu/libucp.so.0)
[1758601990.535511] [node1:395579:0]     ucp_context.c:2137 UCX  WARN  UCP API version is incompatible: required >= 1.19, actual 1.16.0 (loaded from /usr/lib/x86_64-linux-gnu/libucp.so.0)
[1758601990.537288] [node3:288757:0]           ib_md.c:1103 UCX  WARN  mlx5_0: relaxed order memory access requested, but unsupported
[1758601990.534592] [node2:331419:0]           ib_md.c:1103 UCX  WARN  mlx5_0: relaxed order memory access requested, but unsupported
[1758601990.534983] [node2:331420:0]           ib_md.c:1103 UCX  WARN  mlx5_0: relaxed order memory access requested, but unsupported
[1758601990.538394] [node3:288758:0]     ucp_context.c:2137 UCX  WARN  UCP API version is incompatible: required >= 1.19, actual 1.16.0 (loaded from /usr/lib/x86_64-linux-gnu/libucp.so.0)
[1758601990.541876] [node1:395578:0]           ib_md.c:1103 UCX  WARN  mlx5_0: relaxed order memory access requested, but unsupported
[1758601990.539378] [node3:288757:0]     ucp_context.c:1192 UCX  WARN  transports 'cuda_copy','gdr_copy','cuda_ipc' are not available, please use one or more of: cma, dc, dc_mlx5, dc_x, ib, mm, posix, rc, rc_mlx5, rc_v, rc_verbs, rc_x, self, shm, sm, sysv, tcp, ud, ud_mlx5, ud_v, ud_verbs, ud_x
[1758601990.536694] [node2:331419:0]     ucp_context.c:1192 UCX  WARN  transports 'cuda_copy','gdr_copy','cuda_ipc' are not available, please use one or more of: cma, dc, dc_mlx5, dc_x, ib, mm, posix, rc, rc_mlx5, rc_v, rc_verbs, rc_x, self, shm, sm, sysv, tcp, ud, ud_mlx5, ud_v, ud_verbs, ud_x
[1758601990.537084] [node2:331420:0]     ucp_context.c:1192 UCX  WARN  transports 'cuda_copy','gdr_copy','cuda_ipc' are not available, please use one or more of: cma, dc, dc_mlx5, dc_x, ib, mm, posix, rc, rc_mlx5, rc_v, rc_verbs, rc_x, self, shm, sm, sysv, tcp, ud, ud_mlx5, ud_v, ud_verbs, ud_x
[1758601990.544028] [node1:395578:0]     ucp_context.c:1192 UCX  WARN  transports 'cuda_copy','gdr_copy','cuda_ipc' are not available, please use one or more of: cma, dc, dc_mlx5, dc_x, ib, mm, posix, rc, rc_mlx5, rc_v, rc_verbs, rc_x, self, shm, sm, sysv, tcp, ud, ud_mlx5, ud_v, ud_verbs, ud_x
[1758601990.544011] [node4:286683:0]           ib_md.c:1103 UCX  WARN  mlx5_0: relaxed order memory access requested, but unsupported
[1758601990.544180] [node4:286682:0]           ib_md.c:1103 UCX  WARN  mlx5_0: relaxed order memory access requested, but unsupported
[1758601990.546404] [node1:395579:0]           ib_md.c:1103 UCX  WARN  mlx5_0: relaxed order memory access requested, but unsupported
[1758601990.545930] [node4:286683:0]     ucp_context.c:1192 UCX  WARN  transports 'cuda_copy','gdr_copy','cuda_ipc' are not available, please use one or more of: cma, dc, dc_mlx5, dc_x, ib, mm, posix, rc, rc_mlx5, rc_v, rc_verbs, rc_x, self, shm, sm, sysv, tcp, ud, ud_mlx5, ud_v, ud_verbs, ud_x
[1758601990.546120] [node4:286682:0]     ucp_context.c:1192 UCX  WARN  transports 'cuda_copy','gdr_copy','cuda_ipc' are not available, please use one or more of: cma, dc, dc_mlx5, dc_x, ib, mm, posix, rc, rc_mlx5, rc_v, rc_verbs, rc_x, self, shm, sm, sysv, tcp, ud, ud_mlx5, ud_v, ud_verbs, ud_x
[1758601990.548384] [node1:395579:0]     ucp_context.c:1192 UCX  WARN  transports 'cuda_copy','gdr_copy','cuda_ipc' are not available, please use one or more of: cma, dc, dc_mlx5, dc_x, ib, mm, posix, rc, rc_mlx5, rc_v, rc_verbs, rc_x, self, shm, sm, sysv, tcp, ud, ud_mlx5, ud_v, ud_verbs, ud_x
[1758601990.549015] [node3:288758:0]           ib_md.c:1103 UCX  WARN  mlx5_0: relaxed order memory access requested, but unsupported
[1758601990.550984] [node3:288758:0]     ucp_context.c:1192 UCX  WARN  transports 'cuda_copy','gdr_copy','cuda_ipc' are not available, please use one or more of: cma, dc, dc_mlx5, dc_x, ib, mm, posix, rc, rc_mlx5, rc_v, rc_verbs, rc_x, self, shm, sm, sysv, tcp, ud, ud_mlx5, ud_v, ud_verbs, ud_x
[1758601990.571408] [node1:395576:0]     ucp_context.c:2137 UCX  WARN  UCP API version is incompatible: required >= 1.19, actual 1.16.0 (loaded from /usr/lib/x86_64-linux-gnu/libucp.so.0)
[1758601990.571470] [node1:395579:0]     ucp_context.c:2137 UCX  WARN  UCP API version is incompatible: required >= 1.19, actual 1.16.0 (loaded from /usr/lib/x86_64-linux-gnu/libucp.so.0)
[1758601990.571534] [node1:395578:0]     ucp_context.c:2137 UCX  WARN  UCP API version is incompatible: required >= 1.19, actual 1.16.0 (loaded from /usr/lib/x86_64-linux-gnu/libucp.so.0)
[1758601990.571565] [node1:395577:0]     ucp_context.c:2137 UCX  WARN  UCP API version is incompatible: required >= 1.19, actual 1.16.0 (loaded from /usr/lib/x86_64-linux-gnu/libucp.so.0)
[1758601990.565264] [node2:331417:0]     ucp_context.c:2137 UCX  WARN  UCP API version is incompatible: required >= 1.19, actual 1.16.0 (loaded from /usr/lib/x86_64-linux-gnu/libucp.so.0)
[1758601990.568650] [node3:288756:0]     ucp_context.c:2137 UCX  WARN  UCP API version is incompatible: required >= 1.19, actual 1.16.0 (loaded from /usr/lib/x86_64-linux-gnu/libucp.so.0)
[1758601990.568651] [node3:288755:0]     ucp_context.c:2137 UCX  WARN  UCP API version is incompatible: required >= 1.19, actual 1.16.0 (loaded from /usr/lib/x86_64-linux-gnu/libucp.so.0)
[1758601990.570279] [node4:286680:0]     ucp_context.c:2137 UCX  WARN  UCP API version is incompatible: required >= 1.19, actual 1.16.0 (loaded from /usr/lib/x86_64-linux-gnu/libucp.so.0)
[1758601990.570299] [node4:286682:0]     ucp_context.c:2137 UCX  WARN  UCP API version is incompatible: required >= 1.19, actual 1.16.0 (loaded from /usr/lib/x86_64-linux-gnu/libucp.so.0)
[1758601990.565409] [node2:331419:0]     ucp_context.c:2137 UCX  WARN  UCP API version is incompatible: required >= 1.19, actual 1.16.0 (loaded from /usr/lib/x86_64-linux-gnu/libucp.so.0)
[1758601990.568802] [node3:288758:0]     ucp_context.c:2137 UCX  WARN  UCP API version is incompatible: required >= 1.19, actual 1.16.0 (loaded from /usr/lib/x86_64-linux-gnu/libucp.so.0)
[1758601990.565414] [node2:331420:0]     ucp_context.c:2137 UCX  WARN  UCP API version is incompatible: required >= 1.19, actual 1.16.0 (loaded from /usr/lib/x86_64-linux-gnu/libucp.so.0)
[1758601990.565427] [node2:331418:0]     ucp_context.c:2137 UCX  WARN  UCP API version is incompatible: required >= 1.19, actual 1.16.0 (loaded from /usr/lib/x86_64-linux-gnu/libucp.so.0)
[1758601990.568816] [node3:288757:0]     ucp_context.c:2137 UCX  WARN  UCP API version is incompatible: required >= 1.19, actual 1.16.0 (loaded from /usr/lib/x86_64-linux-gnu/libucp.so.0)
[1758601990.570307] [node4:286683:0]     ucp_context.c:2137 UCX  WARN  UCP API version is incompatible: required >= 1.19, actual 1.16.0 (loaded from /usr/lib/x86_64-linux-gnu/libucp.so.0)
[1758601990.570406] [node4:286681:0]     ucp_context.c:2137 UCX  WARN  UCP API version is incompatible: required >= 1.19, actual 1.16.0 (loaded from /usr/lib/x86_64-linux-gnu/libucp.so.0)
[1758601990.574513] [node2:331417:0]           ib_md.c:1103 UCX  WARN  mlx5_0: relaxed order memory access requested, but unsupported
[1758601990.574653] [node2:331419:0]           ib_md.c:1103 UCX  WARN  mlx5_0: relaxed order memory access requested, but unsupported
[1758601990.574818] [node2:331420:0]           ib_md.c:1103 UCX  WARN  mlx5_0: relaxed order memory access requested, but unsupported
[1758601990.581174] [node1:395576:0]           ib_md.c:1103 UCX  WARN  mlx5_0: relaxed order memory access requested, but unsupported
[1758601990.581318] [node1:395579:0]           ib_md.c:1103 UCX  WARN  mlx5_0: relaxed order memory access requested, but unsupported
[1758601990.575113] [node2:331418:0]           ib_md.c:1103 UCX  WARN  mlx5_0: relaxed order memory access requested, but unsupported
[1758601990.581452] [node1:395578:0]           ib_md.c:1103 UCX  WARN  mlx5_0: relaxed order memory access requested, but unsupported
[1758601990.581590] [node1:395577:0]           ib_md.c:1103 UCX  WARN  mlx5_0: relaxed order memory access requested, but unsupported
[1758601990.580142] [node4:286682:0]           ib_md.c:1103 UCX  WARN  mlx5_0: relaxed order memory access requested, but unsupported
[1758601990.580411] [node4:286683:0]           ib_md.c:1103 UCX  WARN  mlx5_0: relaxed order memory access requested, but unsupported
[1758601990.580547] [node4:286680:0]           ib_md.c:1103 UCX  WARN  mlx5_0: relaxed order memory access requested, but unsupported
[1758601990.580681] [node4:286681:0]           ib_md.c:1103 UCX  WARN  mlx5_0: relaxed order memory access requested, but unsupported
[1758601990.576395] [node2:331417:0]     ucp_context.c:1192 UCX  WARN  transports 'cuda_copy','gdr_copy','cuda_ipc' are not available, please use one or more of: cma, dc, dc_mlx5, dc_x, ib, mm, posix, rc, rc_mlx5, rc_v, rc_verbs, rc_x, self, shm, sm, sysv, tcp, ud, ud_mlx5, ud_v, ud_verbs, ud_x
[1758601990.579966] [node3:288758:0]           ib_md.c:1103 UCX  WARN  mlx5_0: relaxed order memory access requested, but unsupported
[1758601990.580097] [node3:288757:0]           ib_md.c:1103 UCX  WARN  mlx5_0: relaxed order memory access requested, but unsupported
[1758601990.583150] [node1:395576:0]     ucp_context.c:1192 UCX  WARN  transports 'cuda_copy','gdr_copy','cuda_ipc' are not available, please use one or more of: cma, dc, dc_mlx5, dc_x, ib, mm, posix, rc, rc_mlx5, rc_v, rc_verbs, rc_x, self, shm, sm, sysv, tcp, ud, ud_mlx5, ud_v, ud_verbs, ud_x
[1758601990.583179] [node1:395579:0]     ucp_context.c:1192 UCX  WARN  transports 'cuda_copy','gdr_copy','cuda_ipc' are not available, please use one or more of: cma, dc, dc_mlx5, dc_x, ib, mm, posix, rc, rc_mlx5, rc_v, rc_verbs, rc_x, self, shm, sm, sysv, tcp, ud, ud_mlx5, ud_v, ud_verbs, ud_x
[1758601990.580285] [node3:288756:0]           ib_md.c:1103 UCX  WARN  mlx5_0: relaxed order memory access requested, but unsupported
[1758601990.583321] [node1:395578:0]     ucp_context.c:1192 UCX  WARN  transports 'cuda_copy','gdr_copy','cuda_ipc' are not available, please use one or more of: cma, dc, dc_mlx5, dc_x, ib, mm, posix, rc, rc_mlx5, rc_v, rc_verbs, rc_x, self, shm, sm, sysv, tcp, ud, ud_mlx5, ud_v, ud_verbs, ud_x
[1758601990.580431] [node3:288755:0]           ib_md.c:1103 UCX  WARN  mlx5_0: relaxed order memory access requested, but unsupported
[1758601990.577133] [node2:331419:0]     ucp_context.c:1192 UCX  WARN  transports 'cuda_copy','gdr_copy','cuda_ipc' are not available, please use one or more of: cma, dc, dc_mlx5, dc_x, ib, mm, posix, rc, rc_mlx5, rc_v, rc_verbs, rc_x, self, shm, sm, sysv, tcp, ud, ud_mlx5, ud_v, ud_verbs, ud_x
[1758601990.581992] [node4:286682:0]     ucp_context.c:1192 UCX  WARN  transports 'cuda_copy','gdr_copy','cuda_ipc' are not available, please use one or more of: cma, dc, dc_mlx5, dc_x, ib, mm, posix, rc, rc_mlx5, rc_v, rc_verbs, rc_x, self, shm, sm, sysv, tcp, ud, ud_mlx5, ud_v, ud_verbs, ud_x
[1758601990.583464] [node1:395577:0]     ucp_context.c:1192 UCX  WARN  transports 'cuda_copy','gdr_copy','cuda_ipc' are not available, please use one or more of: cma, dc, dc_mlx5, dc_x, ib, mm, posix, rc, rc_mlx5, rc_v, rc_verbs, rc_x, self, shm, sm, sysv, tcp, ud, ud_mlx5, ud_v, ud_verbs, ud_x
[1758601990.577357] [node2:331420:0]     ucp_context.c:1192 UCX  WARN  transports 'cuda_copy','gdr_copy','cuda_ipc' are not available, please use one or more of: cma, dc, dc_mlx5, dc_x, ib, mm, posix, rc, rc_mlx5, rc_v, rc_verbs, rc_x, self, shm, sm, sysv, tcp, ud, ud_mlx5, ud_v, ud_verbs, ud_x
[1758601990.582247] [node4:286683:0]     ucp_context.c:1192 UCX  WARN  transports 'cuda_copy','gdr_copy','cuda_ipc' are not available, please use one or more of: cma, dc, dc_mlx5, dc_x, ib, mm, posix, rc, rc_mlx5, rc_v, rc_verbs, rc_x, self, shm, sm, sysv, tcp, ud, ud_mlx5, ud_v, ud_verbs, ud_x
[1758601990.577513] [node2:331418:0]     ucp_context.c:1192 UCX  WARN  transports 'cuda_copy','gdr_copy','cuda_ipc' are not available, please use one or more of: cma, dc, dc_mlx5, dc_x, ib, mm, posix, rc, rc_mlx5, rc_v, rc_verbs, rc_x, self, shm, sm, sysv, tcp, ud, ud_mlx5, ud_v, ud_verbs, ud_x
[1758601990.582485] [node4:286680:0]     ucp_context.c:1192 UCX  WARN  transports 'cuda_copy','gdr_copy','cuda_ipc' are not available, please use one or more of: cma, dc, dc_mlx5, dc_x, ib, mm, posix, rc, rc_mlx5, rc_v, rc_verbs, rc_x, self, shm, sm, sysv, tcp, ud, ud_mlx5, ud_v, ud_verbs, ud_x
[1758601990.582591] [node4:286681:0]     ucp_context.c:1192 UCX  WARN  transports 'cuda_copy','gdr_copy','cuda_ipc' are not available, please use one or more of: cma, dc, dc_mlx5, dc_x, ib, mm, posix, rc, rc_mlx5, rc_v, rc_verbs, rc_x, self, shm, sm, sysv, tcp, ud, ud_mlx5, ud_v, ud_verbs, ud_x
[1758601990.581852] [node3:288758:0]     ucp_context.c:1192 UCX  WARN  transports 'cuda_copy','gdr_copy','cuda_ipc' are not available, please use one or more of: cma, dc, dc_mlx5, dc_x, ib, mm, posix, rc, rc_mlx5, rc_v, rc_verbs, rc_x, self, shm, sm, sysv, tcp, ud, ud_mlx5, ud_v, ud_verbs, ud_x
[1758601990.582038] [node3:288757:0]     ucp_context.c:1192 UCX  WARN  transports 'cuda_copy','gdr_copy','cuda_ipc' are not available, please use one or more of: cma, dc, dc_mlx5, dc_x, ib, mm, posix, rc, rc_mlx5, rc_v, rc_verbs, rc_x, self, shm, sm, sysv, tcp, ud, ud_mlx5, ud_v, ud_verbs, ud_x
[1758601990.582213] [node3:288756:0]     ucp_context.c:1192 UCX  WARN  transports 'cuda_copy','gdr_copy','cuda_ipc' are not available, please use one or more of: cma, dc, dc_mlx5, dc_x, ib, mm, posix, rc, rc_mlx5, rc_v, rc_verbs, rc_x, self, shm, sm, sysv, tcp, ud, ud_mlx5, ud_v, ud_verbs, ud_x
[1758601990.582507] [node3:288755:0]     ucp_context.c:1192 UCX  WARN  transports 'cuda_copy','gdr_copy','cuda_ipc' are not available, please use one or more of: cma, dc, dc_mlx5, dc_x, ib, mm, posix, rc, rc_mlx5, rc_v, rc_verbs, rc_x, self, shm, sm, sysv, tcp, ud, ud_mlx5, ud_v, ud_verbs, ud_x
[1758601990.607075] [node3:288756:0]     ucp_context.c:2137 UCX  WARN  UCP API version is incompatible: required >= 1.19, actual 1.16.0 (loaded from /usr/lib/x86_64-linux-gnu/libucp.so.0)
[1758601990.609249] [node4:286682:0]     ucp_context.c:2137 UCX  WARN  UCP API version is incompatible: required >= 1.19, actual 1.16.0 (loaded from /usr/lib/x86_64-linux-gnu/libucp.so.0)
[1758601990.604467] [node2:331417:0]     ucp_context.c:2137 UCX  WARN  UCP API version is incompatible: required >= 1.19, actual 1.16.0 (loaded from /usr/lib/x86_64-linux-gnu/libucp.so.0)
[1758601990.607965] [node3:288758:0]     ucp_context.c:2137 UCX  WARN  UCP API version is incompatible: required >= 1.19, actual 1.16.0 (loaded from /usr/lib/x86_64-linux-gnu/libucp.so.0)
[1758601990.604583] [node2:331419:0]     ucp_context.c:2137 UCX  WARN  UCP API version is incompatible: required >= 1.19, actual 1.16.0 (loaded from /usr/lib/x86_64-linux-gnu/libucp.so.0)
[1758601990.610978] [node1:395577:0]     ucp_context.c:2137 UCX  WARN  UCP API version is incompatible: required >= 1.19, actual 1.16.0 (loaded from /usr/lib/x86_64-linux-gnu/libucp.so.0)
[1758601990.607976] [node3:288757:0]     ucp_context.c:2137 UCX  WARN  UCP API version is incompatible: required >= 1.19, actual 1.16.0 (loaded from /usr/lib/x86_64-linux-gnu/libucp.so.0)
[1758601990.604661] [node2:331420:0]     ucp_context.c:2137 UCX  WARN  UCP API version is incompatible: required >= 1.19, actual 1.16.0 (loaded from /usr/lib/x86_64-linux-gnu/libucp.so.0)
[1758601990.604728] [node2:331418:0]     ucp_context.c:2137 UCX  WARN  UCP API version is incompatible: required >= 1.19, actual 1.16.0 (loaded from /usr/lib/x86_64-linux-gnu/libucp.so.0)
[1758601990.610076] [node4:286681:0]     ucp_context.c:2137 UCX  WARN  UCP API version is incompatible: required >= 1.19, actual 1.16.0 (loaded from /usr/lib/x86_64-linux-gnu/libucp.so.0)
[1758601990.610093] [node4:286680:0]     ucp_context.c:2137 UCX  WARN  UCP API version is incompatible: required >= 1.19, actual 1.16.0 (loaded from /usr/lib/x86_64-linux-gnu/libucp.so.0)
[1758601990.610122] [node4:286683:0]     ucp_context.c:2137 UCX  WARN  UCP API version is incompatible: required >= 1.19, actual 1.16.0 (loaded from /usr/lib/x86_64-linux-gnu/libucp.so.0)
[1758601990.611723] [node1:395579:0]     ucp_context.c:2137 UCX  WARN  UCP API version is incompatible: required >= 1.19, actual 1.16.0 (loaded from /usr/lib/x86_64-linux-gnu/libucp.so.0)
[1758601990.611733] [node1:395578:0]     ucp_context.c:2137 UCX  WARN  UCP API version is incompatible: required >= 1.19, actual 1.16.0 (loaded from /usr/lib/x86_64-linux-gnu/libucp.so.0)
[1758601990.612050] [node1:395576:0]     ucp_context.c:2137 UCX  WARN  UCP API version is incompatible: required >= 1.19, actual 1.16.0 (loaded from /usr/lib/x86_64-linux-gnu/libucp.so.0)
[1758601990.610057] [node3:288755:0]     ucp_context.c:2137 UCX  WARN  UCP API version is incompatible: required >= 1.19, actual 1.16.0 (loaded from /usr/lib/x86_64-linux-gnu/libucp.so.0)
[1758601990.615307] [node3:288756:0]           ib_md.c:1103 UCX  WARN  mlx5_0: relaxed order memory access requested, but unsupported
[1758601990.617520] [node4:286682:0]           ib_md.c:1103 UCX  WARN  mlx5_0: relaxed order memory access requested, but unsupported
[1758601990.619477] [node1:395577:0]           ib_md.c:1103 UCX  WARN  mlx5_0: relaxed order memory access requested, but unsupported
[1758601990.616724] [node3:288757:0]           ib_md.c:1103 UCX  WARN  mlx5_0: relaxed order memory access requested, but unsupported
[1758601990.616881] [node3:288758:0]           ib_md.c:1103 UCX  WARN  mlx5_0: relaxed order memory access requested, but unsupported
[1758601990.613837] [node2:331419:0]           ib_md.c:1103 UCX  WARN  mlx5_0: relaxed order memory access requested, but unsupported
[1758601990.617280] [node3:288756:0]     ucp_context.c:1192 UCX  WARN  transports 'cuda_copy','gdr_copy','cuda_ipc' are not available, please use one or more of: cma, dc, dc_mlx5, dc_x, ib, mm, posix, rc, rc_mlx5, rc_v, rc_verbs, rc_x, self, shm, sm, sysv, tcp, ud, ud_mlx5, ud_v, ud_verbs, ud_x
[1758601990.613967] [node2:331417:0]           ib_md.c:1103 UCX  WARN  mlx5_0: relaxed order memory access requested, but unsupported
[1758601990.619013] [node4:286683:0]           ib_md.c:1103 UCX  WARN  mlx5_0: relaxed order memory access requested, but unsupported
[1758601990.614122] [node2:331420:0]           ib_md.c:1103 UCX  WARN  mlx5_0: relaxed order memory access requested, but unsupported
[1758601990.614243] [node2:331418:0]           ib_md.c:1103 UCX  WARN  mlx5_0: relaxed order memory access requested, but unsupported
[1758601990.620882] [node1:395579:0]           ib_md.c:1103 UCX  WARN  mlx5_0: relaxed order memory access requested, but unsupported
[1758601990.619428] [node4:286682:0]     ucp_context.c:1192 UCX  WARN  transports 'cuda_copy','gdr_copy','cuda_ipc' are not available, please use one or more of: cma, dc, dc_mlx5, dc_x, ib, mm, posix, rc, rc_mlx5, rc_v, rc_verbs, rc_x, self, shm, sm, sysv, tcp, ud, ud_mlx5, ud_v, ud_verbs, ud_x
[1758601990.621014] [node1:395578:0]           ib_md.c:1103 UCX  WARN  mlx5_0: relaxed order memory access requested, but unsupported
[1758601990.619636] [node4:286681:0]           ib_md.c:1103 UCX  WARN  mlx5_0: relaxed order memory access requested, but unsupported
[1758601990.619863] [node4:286680:0]           ib_md.c:1103 UCX  WARN  mlx5_0: relaxed order memory access requested, but unsupported
[1758601990.621393] [node1:395577:0]     ucp_context.c:1192 UCX  WARN  transports 'cuda_copy','gdr_copy','cuda_ipc' are not available, please use one or more of: cma, dc, dc_mlx5, dc_x, ib, mm, posix, rc, rc_mlx5, rc_v, rc_verbs, rc_x, self, shm, sm, sysv, tcp, ud, ud_mlx5, ud_v, ud_verbs, ud_x
[1758601990.621635] [node1:395576:0]           ib_md.c:1103 UCX  WARN  mlx5_0: relaxed order memory access requested, but unsupported
[1758601990.618681] [node3:288757:0]     ucp_context.c:1192 UCX  WARN  transports 'cuda_copy','gdr_copy','cuda_ipc' are not available, please use one or more of: cma, dc, dc_mlx5, dc_x, ib, mm, posix, rc, rc_mlx5, rc_v, rc_verbs, rc_x, self, shm, sm, sysv, tcp, ud, ud_mlx5, ud_v, ud_verbs, ud_x
[1758601990.618728] [node3:288758:0]     ucp_context.c:1192 UCX  WARN  transports 'cuda_copy','gdr_copy','cuda_ipc' are not available, please use one or more of: cma, dc, dc_mlx5, dc_x, ib, mm, posix, rc, rc_mlx5, rc_v, rc_verbs, rc_x, self, shm, sm, sysv, tcp, ud, ud_mlx5, ud_v, ud_verbs, ud_x
[1758601990.615748] [node2:331419:0]     ucp_context.c:1192 UCX  WARN  transports 'cuda_copy','gdr_copy','cuda_ipc' are not available, please use one or more of: cma, dc, dc_mlx5, dc_x, ib, mm, posix, rc, rc_mlx5, rc_v, rc_verbs, rc_x, self, shm, sm, sysv, tcp, ud, ud_mlx5, ud_v, ud_verbs, ud_x
[1758601990.615860] [node2:331417:0]     ucp_context.c:1192 UCX  WARN  transports 'cuda_copy','gdr_copy','cuda_ipc' are not available, please use one or more of: cma, dc, dc_mlx5, dc_x, ib, mm, posix, rc, rc_mlx5, rc_v, rc_verbs, rc_x, self, shm, sm, sysv, tcp, ud, ud_mlx5, ud_v, ud_verbs, ud_x
[1758601990.616108] [node2:331420:0]     ucp_context.c:1192 UCX  WARN  transports 'cuda_copy','gdr_copy','cuda_ipc' are not available, please use one or more of: cma, dc, dc_mlx5, dc_x, ib, mm, posix, rc, rc_mlx5, rc_v, rc_verbs, rc_x, self, shm, sm, sysv, tcp, ud, ud_mlx5, ud_v, ud_verbs, ud_x
[1758601990.622764] [node1:395579:0]     ucp_context.c:1192 UCX  WARN  transports 'cuda_copy','gdr_copy','cuda_ipc' are not available, please use one or more of: cma, dc, dc_mlx5, dc_x, ib, mm, posix, rc, rc_mlx5, rc_v, rc_verbs, rc_x, self, shm, sm, sysv, tcp, ud, ud_mlx5, ud_v, ud_verbs, ud_x
[1758601990.616501] [node2:331418:0]     ucp_context.c:1192 UCX  WARN  transports 'cuda_copy','gdr_copy','cuda_ipc' are not available, please use one or more of: cma, dc, dc_mlx5, dc_x, ib, mm, posix, rc, rc_mlx5, rc_v, rc_verbs, rc_x, self, shm, sm, sysv, tcp, ud, ud_mlx5, ud_v, ud_verbs, ud_x
[1758601990.622889] [node1:395578:0]     ucp_context.c:1192 UCX  WARN  transports 'cuda_copy','gdr_copy','cuda_ipc' are not available, please use one or more of: cma, dc, dc_mlx5, dc_x, ib, mm, posix, rc, rc_mlx5, rc_v, rc_verbs, rc_x, self, shm, sm, sysv, tcp, ud, ud_mlx5, ud_v, ud_verbs, ud_x
[1758601990.620177] [node3:288755:0]           ib_md.c:1103 UCX  WARN  mlx5_0: relaxed order memory access requested, but unsupported
[1758601990.621776] [node4:286683:0]     ucp_context.c:1192 UCX  WARN  transports 'cuda_copy','gdr_copy','cuda_ipc' are not available, please use one or more of: cma, dc, dc_mlx5, dc_x, ib, mm, posix, rc, rc_mlx5, rc_v, rc_verbs, rc_x, self, shm, sm, sysv, tcp, ud, ud_mlx5, ud_v, ud_verbs, ud_x
[1758601990.623525] [node1:395576:0]     ucp_context.c:1192 UCX  WARN  transports 'cuda_copy','gdr_copy','cuda_ipc' are not available, please use one or more of: cma, dc, dc_mlx5, dc_x, ib, mm, posix, rc, rc_mlx5, rc_v, rc_verbs, rc_x, self, shm, sm, sysv, tcp, ud, ud_mlx5, ud_v, ud_verbs, ud_x
[1758601990.622554] [node4:286681:0]     ucp_context.c:1192 UCX  WARN  transports 'cuda_copy','gdr_copy','cuda_ipc' are not available, please use one or more of: cma, dc, dc_mlx5, dc_x, ib, mm, posix, rc, rc_mlx5, rc_v, rc_verbs, rc_x, self, shm, sm, sysv, tcp, ud, ud_mlx5, ud_v, ud_verbs, ud_x
[1758601990.622915] [node4:286680:0]     ucp_context.c:1192 UCX  WARN  transports 'cuda_copy','gdr_copy','cuda_ipc' are not available, please use one or more of: cma, dc, dc_mlx5, dc_x, ib, mm, posix, rc, rc_mlx5, rc_v, rc_verbs, rc_x, self, shm, sm, sysv, tcp, ud, ud_mlx5, ud_v, ud_verbs, ud_x
[1758601990.622295] [node3:288755:0]     ucp_context.c:1192 UCX  WARN  transports 'cuda_copy','gdr_copy','cuda_ipc' are not available, please use one or more of: cma, dc, dc_mlx5, dc_x, ib, mm, posix, rc, rc_mlx5, rc_v, rc_verbs, rc_x, self, shm, sm, sysv, tcp, ud, ud_mlx5, ud_v, ud_verbs, ud_x

================================================================================
HPL-NVIDIA 25.4.0  -- NVIDIA accelerated HPL benchmark -- NVIDIA
================================================================================
HPLinpack 2.1  --  High-Performance Linpack benchmark  --   October 26, 2012
Written by A. Petitet and R. Clint Whaley,  Innovative Computing Laboratory, UTK
Modified by Piotr Luszczek, Innovative Computing Laboratory, UTK
Modified by Julien Langou, University of Colorado Denver
================================================================================

An explanation of the input/output parameters follows:
T/V    : Wall time / encoded variant.
N      : The order of the coefficient matrix A.
NB     : The partitioning blocking factor.
P      : The number of process rows.
Q      : The number of process columns.
Time   : Time in seconds to solve the linear system.
Gflops : Rate of execution for solving the linear system.

The following parameter values will be used:

N      :  260000 
NB     :     512 
PMAP   : Column-major process mapping
P      :       4 
Q      :       4 
PFACT  :    Left 
NBMIN  :       2 
NDIV   :       2 
RFACT  :    Left 
BCAST  :  2ringM 
DEPTH  :       1 
SWAP   : Spread-roll (long)
L1     : no-transposed form
U      : transposed form
EQUIL  : no
ALIGN  : 8 double precision words

--------------------------------------------------------------------------------

- The matrix A is randomly generated for each test.
- The following scaled residual check will be computed:
      ||Ax-b||_oo / ( eps * ( || x ||_oo * || A ||_oo + || b ||_oo ) * N )
- The relative machine precision (eps) is taken to be               1.110223e-16
- Computational tests pass if scaled residuals are less than                16.0


HPL-NVIDIA ignores the following parameters from input file:
	* Broadcast parameters
	* Panel factorization parameters
	* Look-ahead value
	* L1 layout
	* U layout
	* Equilibration parameter
	* Memory alignment parameter

HPL-NVIDIA settings from environment variables:
--- DEVICE INFO ---
  Peak clock frequency: 1410 MHz
  SM version          : 80
  Number of SMs       : 108
-------------------
[HPL TRACE] cuda_nvshmem_init: max=1.1408 (7) min=1.1407 (12)
[WARNING] Change Input N 260000 to 259584
[HPL TRACE] ncclCommInitRank: max=0.0899 (12) min=0.0865 (2)
[HPL TRACE] cugetrfs_mp_init: max=0.1575 (0) min=0.1574 (13)
--- MEMORY INFO ---
DEVICE
  System           =      2.80775 GiB (MIN)      2.80775 GiB (MAX)      2.80775 GiB (AVG)
  HPL buffers      =     34.79544 GiB (MIN)     35.28959 GiB (MAX)     35.16569 GiB (AVG)
  Used             =     37.60320 GiB (MIN)     38.09735 GiB (MAX)     37.97344 GiB (AVG)
  Total            =     40.00000 GiB (MIN)     40.00000 GiB (MAX)     40.00000 GiB (AVG)
HOST
  HPL buffers      =      0.00052 GiB (MIN)      0.00052 GiB (MAX)      0.00052 GiB (AVG)
-------------------

 ... Testing HPL components ... 

 **** Factorization, m = 65024, policy = 0 **** 
avg time =    13.96 ms, avg =  1220.95. min =  1180.40 [rank 12, host node4, gpuID 0000:01:00.0], max =  1300.97 GFLOPS

 **** Factorization, m = 65024, policy = 1 **** 
avg time =    18.76 ms, avg =   908.50. min =   892.55 [rank 0, host node1, gpuID 0000:01:00.0], max =   918.45 GFLOPS

 **** Factorization, m = 32256, policy = 0 **** 
avg time =    11.01 ms, avg =   767.67. min =   747.67 [rank 0, host node1, gpuID 0000:01:00.0], max =   776.20 GFLOPS

 **** Factorization, m = 32256, policy = 1 **** 
avg time =    15.88 ms, avg =   532.55. min =   527.55 [rank 12, host node4, gpuID 0000:01:00.0], max =   541.02 GFLOPS

 **** Factorization, m = 15872, policy = 0 **** 
avg time =     9.62 ms, avg =   432.68. min =   423.44 [rank 12, host node4, gpuID 0000:01:00.0], max =   442.78 GFLOPS

 **** Factorization, m = 15872, policy = 1 **** 
avg time =    14.97 ms, avg =   277.90. min =   275.52 [rank 12, host node4, gpuID 0000:01:00.0], max =   278.78 GFLOPS

 **** Factorization, m = 512, policy = 0 **** 
avg time =     8.43 ms, avg =    15.92. min =    15.78 [rank 8, host node3, gpuID 0000:01:00.0], max =    16.03 GFLOPS

 **** Factorization, m = 512, policy = 1 **** 
avg time =    13.87 ms, avg =     9.68. min =     9.43 [rank 12, host node4, gpuID 0000:01:00.0], max =    10.15 GFLOPS

 **** ncclBcast( Row ) **** 
avg time =   184.21 ms, avg =     1.45. min =     1.44 [rank 13, host node4, gpuID 0000:41:00.0], max =     1.46 GBS

 **** ncclAllGather( Col ) **** 
avg time =     0.18 ms, avg =   185.02. min =   174.15 [rank 15, host node4, gpuID 0000:C1:00.0], max =   195.77 GBS

 **** Latency ncclAllGather, m = 1 **** 
avg time =     5.19 ms, avg =     0.00. min =     0.00 [rank 0, host node1, gpuID 0000:01:00.0], max =     0.00 GBS

 **** Latency ncclAllGather, m = 2 **** 
avg time =     5.34 ms, avg =     0.01. min =     0.01 [rank 0, host node1, gpuID 0000:01:00.0], max =     0.01 GBS

 **** Latency ncclAllGather, m = 32 **** 
avg time =     5.32 ms, avg =     0.10. min =     0.10 [rank 0, host node1, gpuID 0000:01:00.0], max =     0.10 GBS

 **** Latency ncclAllGather, m = 512 **** 
avg time =     6.87 ms, avg =     1.22. min =     1.21 [rank 0, host node1, gpuID 0000:01:00.0], max =     1.23 GBS

 **** Latency ncclAllGather, m = 1024 **** 
avg time =     7.39 ms, avg =     2.27. min =     2.25 [rank 0, host node1, gpuID 0000:01:00.0], max =     2.28 GBS

 **** Latency Host MPI_Allgather, m = 1 **** 
avg time =     1.30 ms, avg =     0.01. min =     0.01 [rank 13, host node4, gpuID 0000:41:00.0], max =     0.01 GBS

 **** Latency Host MPI_Allgather, m = 2 **** 
avg time =     1.31 ms, avg =     0.02. min =     0.02 [rank 0, host node1, gpuID 0000:01:00.0], max =     0.03 GBS

 **** Latency Host MPI_Allgather, m = 32 **** 
avg time =     1.50 ms, avg =     0.35. min =     0.34 [rank 8, host node3, gpuID 0000:01:00.0], max =     0.35 GBS

 **** Latency Host MPI_Allgather, m = 512 **** 
avg time =     3.22 ms, avg =     2.61. min =     2.48 [rank 1, host node1, gpuID 0000:41:00.0], max =     2.77 GBS

 **** Latency Host MPI_Allgather, m = 1024 **** 
avg time =     5.12 ms, avg =     3.28. min =     3.15 [rank 9, host node3, gpuID 0000:41:00.0], max =     3.45 GBS

 **** Latency ncclBcast, m = 1 **** 
avg time =     4.12 ms, avg =     0.00. min =     0.00 [rank 3, host node1, gpuID 0000:C1:00.0], max =     0.00 GBS

 **** Latency ncclBcast, m = 32 **** 
avg time =     4.16 ms, avg =     0.03. min =     0.03 [rank 3, host node1, gpuID 0000:C1:00.0], max =     0.03 GBS

 **** Latency ncclBcast, m = 512 **** 
avg time =     4.89 ms, avg =     0.43. min =     0.42 [rank 3, host node1, gpuID 0000:C1:00.0], max =     0.43 GBS

 **** Latency Host MPI_Bcast, m = 1 **** 
avg time =     0.41 ms, avg =     0.01. min =     0.01 [rank 2, host node1, gpuID 0000:81:00.0], max =     0.01 GBS

 **** Latency Host MPI_Bcast, m = 32 **** 
avg time =     0.46 ms, avg =     0.29. min =     0.27 [rank 9, host node3, gpuID 0000:41:00.0], max =     0.30 GBS

 **** Latency Host MPI_Bcast, m = 512 **** 
avg time =     1.74 ms, avg =     1.21. min =     1.18 [rank 3, host node1, gpuID 0000:C1:00.0], max =     1.24 GBS

 **** GEMM **** 
avg time =    30.53 ms, avg = 17866.68. min = 17613.47 [rank 13, host node4, gpuID 0000:41:00.0], max = 18132.54 GFLOPS

 ... End of Testing HPL components ... 

[HPL TRACE] HPL_pdmatgen_gpu: max=0.0244 (6) min=0.0243 (15)
[0;31m Prog= 1.76%	N_left=   258048	Time=   1.32	Time_left=  73.31	iGF= 156267.69	GF= 156267.69	iGF_per=  9766.73 	GF_per=  9766.73[0m
[0;31m Prog= 3.51%	N_left=   256512	Time=   2.25	Time_left=  61.85	iGF= 218138.09	GF= 181911.93	iGF_per= 13633.63 	GF_per= 11369.50[0m
[0;31m Prog= 4.66%	N_left=   255488	Time=   2.75	Time_left=  56.28	iGF= 267537.84	GF= 197528.48	iGF_per= 16721.11 	GF_per= 12345.53[0m
[0;31m Prog= 6.37%	N_left=   253952	Time=   3.46	Time_left=  50.93	iGF= 279302.71	GF= 214373.40	iGF_per= 17456.42 	GF_per= 13398.34[0m
[0;31m Prog= 7.50%	N_left=   252928	Time=   3.95	Time_left=  48.74	iGF= 270679.86	GF= 221300.47	iGF_per= 16917.49 	GF_per= 13831.28[0m
[0;31m Prog= 9.17%	N_left=   251392	Time=   4.68	Time_left=  46.39	iGF= 266100.04	GF= 228320.70	iGF_per= 16631.25 	GF_per= 14270.04[0m
[0;31m Prog= 10.28%	N_left=   250368	Time=   5.15	Time_left=  44.94	iGF= 278068.08	GF= 232800.38	iGF_per= 17379.26 	GF_per= 14550.02[0m
[0;31m Prog= 11.92%	N_left=   248832	Time=   5.99	Time_left=  44.29	iGF= 226510.28	GF= 231913.54	iGF_per= 14156.89 	GF_per= 14494.60[0m
[0;31m Prog= 13.00%	N_left=   247808	Time=   6.77	Time_left=  45.27	iGF= 163332.85	GF= 224076.61	iGF_per= 10208.30 	GF_per= 14004.79[0m
[0;31m Prog= 14.61%	N_left=   246272	Time=   7.71	Time_left=  45.08	iGF= 198218.74	GF= 220905.26	iGF_per= 12388.67 	GF_per= 13806.58[0m
[0;31m Prog= 15.67%	N_left=   245248	Time=   8.19	Time_left=  44.08	iGF= 257948.74	GF= 223073.82	iGF_per= 16121.80 	GF_per= 13942.11[0m
[0;31m Prog= 17.24%	N_left=   243712	Time=   8.86	Time_left=  42.54	iGF= 272897.47	GF= 226855.66	iGF_per= 17056.09 	GF_per= 14178.48[0m
[0;31m Prog= 18.28%	N_left=   242688	Time=   9.32	Time_left=  41.65	iGF= 266941.36	GF= 228807.78	iGF_per= 16683.83 	GF_per= 14300.49[0m
[0;31m Prog= 19.83%	N_left=   241152	Time=  10.00	Time_left=  40.46	iGF= 262130.49	GF= 231092.42	iGF_per= 16383.16 	GF_per= 14443.28[0m
[0;31m Prog= 21.35%	N_left=   239616	Time=  10.66	Time_left=  39.28	iGF= 269672.40	GF= 233474.26	iGF_per= 16854.52 	GF_per= 14592.14[0m
[0;31m Prog= 22.35%	N_left=   238592	Time=  11.10	Time_left=  38.58	iGF= 264503.82	GF= 234711.16	iGF_per= 16531.49 	GF_per= 14669.45[0m
[0;31m Prog= 23.84%	N_left=   237056	Time=  11.79	Time_left=  37.65	iGF= 254955.19	GF= 235881.71	iGF_per= 15934.70 	GF_per= 14742.61[0m
[0;31m Prog= 24.82%	N_left=   236032	Time=  12.21	Time_left=  36.98	iGF= 269364.07	GF= 237048.12	iGF_per= 16835.25 	GF_per= 14815.51[0m
[0;31m Prog= 26.28%	N_left=   234496	Time=  12.86	Time_left=  36.07	iGF= 263082.41	GF= 238356.73	iGF_per= 16442.65 	GF_per= 14897.30[0m
[0;31m Prog= 27.24%	N_left=   233472	Time=  13.30	Time_left=  35.52	iGF= 252429.15	GF= 238826.64	iGF_per= 15776.82 	GF_per= 14926.66[0m
[0;31m Prog= 28.67%	N_left=   231936	Time=  13.95	Time_left=  34.71	iGF= 255953.37	GF= 239624.45	iGF_per= 15997.09 	GF_per= 14976.53[0m
[0;31m Prog= 29.61%	N_left=   230912	Time=  14.39	Time_left=  34.21	iGF= 249306.90	GF= 239920.44	iGF_per= 15581.68 	GF_per= 14995.03[0m
[0;31m Prog= 31.01%	N_left=   229376	Time=  15.02	Time_left=  33.43	iGF= 257682.18	GF= 240666.97	iGF_per= 16105.14 	GF_per= 15041.69[0m
[0;31m Prog= 31.93%	N_left=   228352	Time=  15.44	Time_left=  32.92	iGF= 258564.19	GF= 241147.92	iGF_per= 16160.26 	GF_per= 15071.74[0m
[0;31m Prog= 33.29%	N_left=   226816	Time=  16.09	Time_left=  32.24	iGF= 245494.43	GF= 241323.04	iGF_per= 15343.40 	GF_per= 15082.69[0m
[0;31m Prog= 34.19%	N_left=   225792	Time=  16.50	Time_left=  31.75	iGF= 255752.94	GF= 241681.76	iGF_per= 15984.56 	GF_per= 15105.11[0m
[0;31m Prog= 35.52%	N_left=   224256	Time=  17.11	Time_left=  31.05	iGF= 255172.88	GF= 242162.53	iGF_per= 15948.30 	GF_per= 15135.16[0m
[0;31m Prog= 36.40%	N_left=   223232	Time=  17.53	Time_left=  30.62	iGF= 243433.41	GF= 242193.07	iGF_per= 15214.59 	GF_per= 15137.07[0m
[0;31m Prog= 37.71%	N_left=   221696	Time=  18.15	Time_left=  29.98	iGF= 245649.67	GF= 242310.96	iGF_per= 15353.10 	GF_per= 15144.44[0m
[0;31m Prog= 38.99%	N_left=   220160	Time=  18.74	Time_left=  29.33	iGF= 251050.58	GF= 242589.45	iGF_per= 15690.66 	GF_per= 15161.84[0m
[0;31m Prog= 39.84%	N_left=   219136	Time=  19.16	Time_left=  28.93	iGF= 237767.77	GF= 242484.87	iGF_per= 14860.49 	GF_per= 15155.30[0m
[0;31m Prog= 41.10%	N_left=   217600	Time=  19.77	Time_left=  28.34	iGF= 239290.93	GF= 242385.97	iGF_per= 14955.68 	GF_per= 15149.12[0m
[0;31m Prog= 41.92%	N_left=   216576	Time=  20.18	Time_left=  27.95	iGF= 237331.93	GF= 242284.11	iGF_per= 14833.25 	GF_per= 15142.76[0m
[0;31m Prog= 43.15%	N_left=   215040	Time=  20.76	Time_left=  27.35	iGF= 244565.40	GF= 242348.39	iGF_per= 15285.34 	GF_per= 15146.77[0m
[0;31m Prog= 43.96%	N_left=   214016	Time=  21.15	Time_left=  26.96	iGF= 244379.84	GF= 242385.44	iGF_per= 15273.74 	GF_per= 15149.09[0m
[0;31m Prog= 45.16%	N_left=   212480	Time=  21.77	Time_left=  26.44	iGF= 225005.40	GF= 241889.76	iGF_per= 14062.84 	GF_per= 15118.11[0m
[0;31m Prog= 45.95%	N_left=   211456	Time=  22.15	Time_left=  26.06	iGF= 241028.23	GF= 241874.91	iGF_per= 15064.26 	GF_per= 15117.18[0m
[0;31m Prog= 47.12%	N_left=   209920	Time=  22.72	Time_left=  25.50	iGF= 240284.86	GF= 241835.19	iGF_per= 15017.80 	GF_per= 15114.70[0m
[0;31m Prog= 47.89%	N_left=   208896	Time=  23.12	Time_left=  25.16	iGF= 224587.00	GF= 241536.85	iGF_per= 14036.69 	GF_per= 15096.05[0m
[0;31m Prog= 49.03%	N_left=   207360	Time=  23.70	Time_left=  24.64	iGF= 228192.93	GF= 241208.54	iGF_per= 14262.06 	GF_per= 15075.53[0m
[0;31m Prog= 49.78%	N_left=   206336	Time=  24.09	Time_left=  24.30	iGF= 227524.08	GF= 240989.74	iGF_per= 14220.26 	GF_per= 15061.86[0m
[0;31m Prog= 50.89%	N_left=   204800	Time=  24.65	Time_left=  23.79	iGF= 228632.66	GF= 240705.16	iGF_per= 14289.54 	GF_per= 15044.07[0m
[0;31m Prog= 51.99%	N_left=   203264	Time=  25.23	Time_left=  23.30	iGF= 223399.08	GF= 240312.45	iGF_per= 13962.44 	GF_per= 15019.53[0m
[0;31m Prog= 52.71%	N_left=   202240	Time=  25.61	Time_left=  22.98	iGF= 220418.93	GF= 240015.75	iGF_per= 13776.18 	GF_per= 15000.98[0m
[0;31m Prog= 53.78%	N_left=   200704	Time=  26.16	Time_left=  22.49	iGF= 224401.18	GF= 239684.13	iGF_per= 14025.07 	GF_per= 14980.26[0m
[0;31m Prog= 54.48%	N_left=   199680	Time=  26.52	Time_left=  22.16	iGF= 228087.22	GF= 239526.80	iGF_per= 14255.45 	GF_per= 14970.43[0m
[0;31m Prog= 55.53%	N_left=   198144	Time=  27.10	Time_left=  21.71	iGF= 211069.73	GF= 238922.12	iGF_per= 13191.86 	GF_per= 14932.63[0m
[0;31m Prog= 56.21%	N_left=   197120	Time=  27.46	Time_left=  21.39	iGF= 220497.14	GF= 238678.73	iGF_per= 13781.07 	GF_per= 14917.42[0m
[0;31m Prog= 57.23%	N_left=   195584	Time=  27.99	Time_left=  20.92	iGF= 224096.28	GF= 238403.40	iGF_per= 14006.02 	GF_per= 14900.21[0m
[0;31m Prog= 57.90%	N_left=   194560	Time=  28.37	Time_left=  20.63	iGF= 206960.88	GF= 237986.04	iGF_per= 12935.05 	GF_per= 14874.13[0m
[0;31m Prog= 58.89%	N_left=   193024	Time=  28.91	Time_left=  20.18	iGF= 214251.39	GF= 237543.91	iGF_per= 13390.71 	GF_per= 14846.49[0m
[0;31m Prog= 59.54%	N_left=   192000	Time=  29.28	Time_left=  19.90	iGF= 203291.64	GF= 237107.15	iGF_per= 12705.73 	GF_per= 14819.20[0m
[0;31m Prog= 60.50%	N_left=   190464	Time=  29.80	Time_left=  19.46	iGF= 216555.18	GF= 236749.36	iGF_per= 13534.70 	GF_per= 14796.84[0m
[0;31m Prog= 61.13%	N_left=   189440	Time=  30.14	Time_left=  19.16	iGF= 218439.31	GF= 236543.83	iGF_per= 13652.46 	GF_per= 14783.99[0m
[0;31m Prog= 62.07%	N_left=   187904	Time=  30.70	Time_left=  18.76	iGF= 194503.38	GF= 235773.91	iGF_per= 12156.46 	GF_per= 14735.87[0m
[0;31m Prog= 62.69%	N_left=   186880	Time=  31.03	Time_left=  18.47	iGF= 214971.66	GF= 235549.67	iGF_per= 13435.73 	GF_per= 14721.85[0m
[0;31m Prog= 63.60%	N_left=   185344	Time=  31.54	Time_left=  18.05	iGF= 211125.27	GF= 235159.35	iGF_per= 13195.33 	GF_per= 14697.46[0m
[0;31m Prog= 64.50%	N_left=   183808	Time=  32.07	Time_left=  17.66	iGF= 195202.06	GF= 234491.43	iGF_per= 12200.13 	GF_per= 14655.71[0m
[0;31m Prog= 65.09%	N_left=   182784	Time=  32.42	Time_left=  17.39	iGF= 201948.68	GF= 234149.37	iGF_per= 12621.79 	GF_per= 14634.34[0m
[0;31m Prog= 65.96%	N_left=   181248	Time=  32.91	Time_left=  16.98	iGF= 206142.93	GF= 233729.20	iGF_per= 12883.93 	GF_per= 14608.07[0m
[0;31m Prog= 66.53%	N_left=   180224	Time=  33.26	Time_left=  16.73	iGF= 188379.84	GF= 233245.05	iGF_per= 11773.74 	GF_per= 14577.82[0m
[0;31m Prog= 67.38%	N_left=   178688	Time=  33.77	Time_left=  16.35	iGF= 196706.66	GF= 232700.82	iGF_per= 12294.17 	GF_per= 14543.80[0m
[0;31m Prog= 67.94%	N_left=   177664	Time=  34.11	Time_left=  16.09	iGF= 190944.63	GF= 232283.96	iGF_per= 11934.04 	GF_per= 14517.75[0m
[0;31m Prog= 68.76%	N_left=   176128	Time=  34.60	Time_left=  15.72	iGF= 194792.76	GF= 231749.23	iGF_per= 12174.55 	GF_per= 14484.33[0m
[0;31m Prog= 69.31%	N_left=   175104	Time=  34.94	Time_left=  15.47	iGF= 185484.38	GF= 231298.35	iGF_per= 11592.77 	GF_per= 14456.15[0m
[0;31m Prog= 70.11%	N_left=   173568	Time=  35.62	Time_left=  15.19	iGF= 137105.87	GF= 229497.68	iGF_per=  8569.12 	GF_per= 14343.60[0m
[0;31m Prog= 70.63%	N_left=   172544	Time=  35.94	Time_left=  14.94	iGF= 193212.68	GF= 229177.18	iGF_per= 12075.79 	GF_per= 14323.57[0m
[0;31m Prog= 71.41%	N_left=   171008	Time=  36.44	Time_left=  14.59	iGF= 182306.26	GF= 228537.58	iGF_per= 11394.14 	GF_per= 14283.60[0m
[0;31m Prog= 71.92%	N_left=   169984	Time=  36.88	Time_left=  14.40	iGF= 135743.93	GF= 227433.97	iGF_per=  8484.00 	GF_per= 14214.62[0m
[0;31m Prog= 72.67%	N_left=   168448	Time=  37.40	Time_left=  14.06	iGF= 167059.05	GF= 226584.01	iGF_per= 10441.19 	GF_per= 14161.50[0m
[0;31m Prog= 73.17%	N_left=   167424	Time=  37.73	Time_left=  13.83	iGF= 178848.24	GF= 226175.36	iGF_per= 11178.01 	GF_per= 14135.96[0m
[0;31m Prog= 73.90%	N_left=   165888	Time=  38.19	Time_left=  13.48	iGF= 185530.50	GF= 225685.85	iGF_per= 11595.66 	GF_per= 14105.37[0m
[0;31m Prog= 74.62%	N_left=   164352	Time=  38.65	Time_left=  13.14	iGF= 181434.42	GF= 225157.26	iGF_per= 11339.65 	GF_per= 14072.33[0m
[0;31m Prog= 75.09%	N_left=   163328	Time=  38.95	Time_left=  12.92	iGF= 179144.80	GF= 224794.77	iGF_per= 11196.55 	GF_per= 14049.67[0m
[0;31m Prog= 75.79%	N_left=   161792	Time=  39.40	Time_left=  12.59	iGF= 182130.76	GF= 224312.11	iGF_per= 11383.17 	GF_per= 14019.51[0m
[0;31m Prog= 76.24%	N_left=   160768	Time=  39.69	Time_left=  12.36	iGF= 186395.30	GF= 224039.05	iGF_per= 11649.71 	GF_per= 14002.44[0m
[0;31m Prog= 76.92%	N_left=   159232	Time=  40.15	Time_left=  12.05	iGF= 170838.58	GF= 223429.01	iGF_per= 10677.41 	GF_per= 13964.31[0m
[0;31m Prog= 77.36%	N_left=   158208	Time=  40.44	Time_left=  11.83	iGF= 177954.07	GF= 223102.95	iGF_per= 11122.13 	GF_per= 13943.93[0m
[0;31m Prog= 78.01%	N_left=   156672	Time=  40.86	Time_left=  11.51	iGF= 180415.58	GF= 222661.98	iGF_per= 11275.97 	GF_per= 13916.37[0m
[0;31m Prog= 78.44%	N_left=   155648	Time=  41.16	Time_left=  11.31	iGF= 167311.88	GF= 222260.53	iGF_per= 10456.99 	GF_per= 13891.28[0m
[0;31m Prog= 79.07%	N_left=   154112	Time=  41.59	Time_left=  11.01	iGF= 168085.78	GF= 221689.51	iGF_per= 10505.36 	GF_per= 13855.59[0m
[0;31m Prog= 79.49%	N_left=   153088	Time=  41.88	Time_left=  10.81	iGF= 168242.86	GF= 221323.01	iGF_per= 10515.18 	GF_per= 13832.69[0m
[0;31m Prog= 80.10%	N_left=   151552	Time=  42.30	Time_left=  10.51	iGF= 169089.65	GF= 220802.54	iGF_per= 10568.10 	GF_per= 13800.16[0m
[0;31m Prog= 80.50%	N_left=   150528	Time=  42.57	Time_left=  10.31	iGF= 173665.22	GF= 220504.66	iGF_per= 10854.08 	GF_per= 13781.54[0m
[0;31m Prog= 81.09%	N_left=   148992	Time=  43.01	Time_left=  10.03	iGF= 157727.02	GF= 219867.04	iGF_per=  9857.94 	GF_per= 13741.69[0m
[0;31m Prog= 81.67%	N_left=   147456	Time=  43.42	Time_left=   9.75	iGF= 163612.94	GF= 219332.61	iGF_per= 10225.81 	GF_per= 13708.29[0m
[0;31m Prog= 82.05%	N_left=   146432	Time=  43.69	Time_left=   9.56	iGF= 167098.48	GF= 219016.18	iGF_per= 10443.66 	GF_per= 13688.51[0m
[0;31m Prog= 82.61%	N_left=   144896	Time=  44.12	Time_left=   9.29	iGF= 150752.74	GF= 218347.17	iGF_per=  9422.05 	GF_per= 13646.70[0m
[0;31m Prog= 82.97%	N_left=   143872	Time=  44.38	Time_left=   9.11	iGF= 160450.70	GF= 218000.08	iGF_per= 10028.17 	GF_per= 13625.00[0m
[0;31m Prog= 83.51%	N_left=   142336	Time=  44.77	Time_left=   8.84	iGF= 161135.21	GF= 217504.23	iGF_per= 10070.95 	GF_per= 13594.01[0m
[0;31m Prog= 83.87%	N_left=   141312	Time=  45.06	Time_left=   8.67	iGF= 144896.94	GF= 217046.12	iGF_per=  9056.06 	GF_per= 13565.38[0m
[0;31m Prog= 84.39%	N_left=   139776	Time=  45.46	Time_left=   8.41	iGF= 149909.71	GF= 216448.38	iGF_per=  9369.36 	GF_per= 13528.02[0m
[0;31m Prog= 84.73%	N_left=   138752	Time=  45.72	Time_left=   8.24	iGF= 152996.94	GF= 216088.11	iGF_per=  9562.31 	GF_per= 13505.51[0m
[0;31m Prog= 85.23%	N_left=   137216	Time=  46.12	Time_left=   7.99	iGF= 148902.56	GF= 215515.84	iGF_per=  9306.41 	GF_per= 13469.74[0m
[0;31m Prog= 85.56%	N_left=   136192	Time=  46.36	Time_left=   7.83	iGF= 155814.56	GF= 215199.54	iGF_per=  9738.41 	GF_per= 13449.97[0m
[0;31m Prog= 86.04%	N_left=   134656	Time=  46.77	Time_left=   7.59	iGF= 137957.57	GF= 214525.08	iGF_per=  8622.35 	GF_per= 13407.82[0m
[0;31m Prog= 86.36%	N_left=   133632	Time=  47.03	Time_left=   7.43	iGF= 144746.09	GF= 214147.28	iGF_per=  9046.63 	GF_per= 13384.21[0m
[0;31m Prog= 86.82%	N_left=   132096	Time=  47.39	Time_left=   7.19	iGF= 150440.12	GF= 213662.64	iGF_per=  9402.51 	GF_per= 13353.92[0m
[0;31m Prog= 87.13%	N_left=   131072	Time=  47.65	Time_left=   7.04	iGF= 133451.20	GF= 213215.36	iGF_per=  8340.70 	GF_per= 13325.96[0m
[0;31m Prog= 88.72%	N_left=   125440	Time=  48.98	Time_left=   6.23	iGF= 138948.81	GF= 211193.31	iGF_per=  8684.30 	GF_per= 13199.58[0m
[0;31m Prog= 90.04%	N_left=   120320	Time=  50.15	Time_left=   5.55	iGF= 132643.60	GF= 209367.29	iGF_per=  8290.22 	GF_per= 13085.46[0m
[0;31m Prog= 91.26%	N_left=   115200	Time=  51.27	Time_left=   4.91	iGF= 126557.96	GF= 207554.84	iGF_per=  7909.87 	GF_per= 12972.18[0m
[0;31m Prog= 92.37%	N_left=   110080	Time=  52.34	Time_left=   4.32	iGF= 121662.57	GF= 205802.11	iGF_per=  7603.91 	GF_per= 12862.63[0m
[0;31m Prog= 93.39%	N_left=   104960	Time=  53.36	Time_left=   3.78	iGF= 116090.57	GF= 204087.41	iGF_per=  7255.66 	GF_per= 12755.46[0m
[0;31m Prog= 94.31%	N_left=    99840	Time=  54.34	Time_left=   3.28	iGF= 110155.61	GF= 202401.99	iGF_per=  6884.73 	GF_per= 12650.12[0m
[0;31m Prog= 95.14%	N_left=    94720	Time=  55.25	Time_left=   2.82	iGF= 105706.58	GF= 200797.28	iGF_per=  6606.66 	GF_per= 12549.83[0m
[0;31m Prog= 95.96%	N_left=    89088	Time=  56.20	Time_left=   2.37	iGF= 100440.57	GF= 199105.31	iGF_per=  6277.54 	GF_per= 12444.08[0m
[0;31m Prog= 96.62%	N_left=    83968	Time=  57.04	Time_left=   2.00	iGF= 90928.32	GF= 197505.87	iGF_per=  5683.02 	GF_per= 12344.12[0m
[0;31m Prog= 97.20%	N_left=    78848	Time=  57.81	Time_left=   1.67	iGF= 88227.04	GF= 196051.47	iGF_per=  5514.19 	GF_per= 12253.22[0m
[0;31m Prog= 99.16%	N_left=    52736	Time=  61.11	Time_left=   0.52	iGF= 69463.55	GF= 189221.78	iGF_per=  4341.47 	GF_per= 11826.36[0m
[0;31m Prog= 99.89%	N_left=    27136	Time=  63.14	Time_left=   0.07	iGF= 41532.52	GF= 184465.67	iGF_per=  2595.78 	GF_per= 11529.10[0m
[0;31m Prog= 100.00%	N_left=     1024	Time=  64.15	Time_left=   0.00	iGF= 13284.35	GF= 181789.80	iGF_per=   830.27 	GF_per= 11361.86[0m
================================================================================
T/V                N    NB     P     Q         Time          Gflops (   per GPU)
--------------------------------------------------------------------------------
WC0           259584   512     4     4        64.45       1.809e+05 ( 1.131e+04)

HPL_pdgesv() start time Tue Sep 23 04:33:21 2025
HPL_pdgesv() end time   Tue Sep 23 04:34:26 2025

--------------------------------------------------------------------------------
||Ax-b||_oo/(eps*(||A||_oo*||x||_oo+||b||_oo)*N)=   0.000361658056 ...... PASSED
||Ax-b||_oo  . . . . . . . . . . . . . . . . . = 0.0000000032083450
||A||_oo . . . . . . . . . . . . . . . . . . . = 65243.4980442632077029
||x||_oo . . . . . . . . . . . . . . . . . . . = 4.7179804467034989
||b||_oo . . . . . . . . . . . . . . . . . . . = 0.9919684175235879
================================================================================

Finished      1 tests with the following results:
              1 tests completed and passed residual checks,
              0 tests completed and failed residual checks,
              0 tests skipped because of illegal input values.
--------------------------------------------------------------------------------

End of Tests.
================================================================================
