[node1:1631372:1:1631410]      cma_ep.c:85   process_vm_writev(pid=1631374 {0x753c76400000,524288}-->{0x791660400000,524288}) returned -1: Bad address
==== backtrace (tid:1631410) ====
 0  /usr/lib/x86_64-linux-gnu/libucs.so.0(ucs_handle_error+0x2ec) [0x753cd68c964c]
 1  /usr/lib/x86_64-linux-gnu/libucs.so.0(ucs_fatal_error_message+0xb2) [0x753cd68c97f2]
 2  /usr/lib/x86_64-linux-gnu/libucs.so.0(ucs_log_default_handler+0x9d3) [0x753cd68cecc3]
 3  /usr/lib/x86_64-linux-gnu/libucs.so.0(ucs_log_dispatch+0xf6) [0x753cd68c76d6]
 4  /usr/lib/x86_64-linux-gnu/ucx/libuct_cma.so.0(+0x3d89) [0x753cd7d89d89]
 5  /usr/lib/x86_64-linux-gnu/ucx/libuct_cma.so.0(uct_cma_ep_tx+0x2ba) [0x753cd7d8a06a]
 6  /usr/lib/x86_64-linux-gnu/libuct.so.0(uct_scopy_ep_progress_tx+0x77) [0x753cd7db2947]
 7  /usr/lib/x86_64-linux-gnu/libucs.so.0(ucs_arbiter_dispatch_nonempty+0x119) [0x753cd68bdf09]
 8  /usr/lib/x86_64-linux-gnu/libuct.so.0(uct_scopy_iface_progress+0x88) [0x753cd7dbebe8]
 9  /usr/lib/x86_64-linux-gnu/libucs.so.0(+0x25c18) [0x753cd68c3c18]
10  /usr/lib/x86_64-linux-gnu/libucp.so.0(ucp_worker_progress+0x7a) [0x753cc46f82ca]
11  /home/hpc/hpcx/hpcx-v2.24-gcc-doca_ofed-ubuntu24.04-cuda13-x86_64/ompi/lib/libopen-pal.so.40(opal_progress+0x34) [0x753d06d20314]
12  /home/hpc/hpcx/hpcx-v2.24-gcc-doca_ofed-ubuntu24.04-cuda13-x86_64/ompi/lib/libopen-pal.so.40(ompi_sync_wait_mt+0x115) [0x753d06d26b15]
13  /home/hpc/hpcx/hpcx-v2.24-gcc-doca_ofed-ubuntu24.04-cuda13-x86_64/ompi/lib/libmpi.so.40(ompi_request_default_wait+0x24b) [0x753d1ad8403b]
14  /home/hpc/hpcx/hpcx-v2.24-gcc-doca_ofed-ubuntu24.04-cuda13-x86_64/ompi/lib/libmpi.so.40(PMPI_Wait+0x1e) [0x753d1adb0e9e]
15  ./xhpl_mxp-nvidia() [0x50eac7]
16  ./xhpl_mxp-nvidia() [0x4dc7d3]
17  ./xhpl_mxp-nvidia() [0x4df810]
18  ./xhpl_mxp-nvidia() [0x4df793]
19  ./xhpl_mxp-nvidia() [0x4df703]
20  ./xhpl_mxp-nvidia() [0x4df6bc]
21  ./xhpl_mxp-nvidia() [0x4df6a0]
22  ./xhpl_mxp-nvidia() [0x5bd493]
23  /usr/lib/x86_64-linux-gnu/libc.so.6(+0x9caa4) [0x753cd669caa4]
24  /usr/lib/x86_64-linux-gnu/libc.so.6(+0x129c6c) [0x753cd6729c6c]
=================================
[node1:1631372] *** Process received signal ***
[node1:1631372] Signal: Aborted (6)
[node1:1631372] Signal code:  (-6)
[node1:1631372] [ 0] /usr/lib/x86_64-linux-gnu/libc.so.6(+0x45330)[0x753cd6645330]
[node1:1631372] [ 1] /usr/lib/x86_64-linux-gnu/libc.so.6(pthread_kill+0x11c)[0x753cd669eb2c]
[node1:1631372] [ 2] /usr/lib/x86_64-linux-gnu/libc.so.6(gsignal+0x1e)[0x753cd664527e]
[node1:1631372] [ 3] /usr/lib/x86_64-linux-gnu/libc.so.6(abort+0xdf)[0x753cd66288ff]
[node1:1631372] [ 4] /usr/lib/x86_64-linux-gnu/libucs.so.0(+0x2b7f7)[0x753cd68c97f7]
[node1:1631372] [ 5] /usr/lib/x86_64-linux-gnu/libucs.so.0(ucs_log_default_handler+0x9d3)[0x753cd68cecc3]
[node1:1631372] [ 6] /usr/lib/x86_64-linux-gnu/libucs.so.0(ucs_log_dispatch+0xf6)[0x753cd68c76d6]
[node1:1631372] [ 7] /usr/lib/x86_64-linux-gnu/ucx/libuct_cma.so.0(+0x3d89)[0x753cd7d89d89]
[node1:1631372] [ 8] /usr/lib/x86_64-linux-gnu/ucx/libuct_cma.so.0(uct_cma_ep_tx+0x2ba)[0x753cd7d8a06a]
[node1:1631372] [ 9] /usr/lib/x86_64-linux-gnu/libuct.so.0(uct_scopy_ep_progress_tx+0x77)[0x753cd7db2947]
[node1:1631372] [10] /usr/lib/x86_64-linux-gnu/libucs.so.0(ucs_arbiter_dispatch_nonempty+0x119)[0x753cd68bdf09]
[node1:1631372] [11] /usr/lib/x86_64-linux-gnu/libuct.so.0(uct_scopy_iface_progress+0x88)[0x753cd7dbebe8]
[node1:1631372] [12] /usr/lib/x86_64-linux-gnu/libucs.so.0(+0x25c18)[0x753cd68c3c18]
[node1:1631372] [13] /usr/lib/x86_64-linux-gnu/libucp.so.0(ucp_worker_progress+0x7a)[0x753cc46f82ca]
[node1:1631372] [14] /home/hpc/hpcx/hpcx-v2.24-gcc-doca_ofed-ubuntu24.04-cuda13-x86_64/ompi/lib/libopen-pal.so.40(opal_progress+0x34)[0x753d06d20314]
[node1:1631372] [15] /home/hpc/hpcx/hpcx-v2.24-gcc-doca_ofed-ubuntu24.04-cuda13-x86_64/ompi/lib/libopen-pal.so.40(ompi_sync_wait_mt+0x115)[0x753d06d26b15]
[node1:1631372] [16] /home/hpc/hpcx/hpcx-v2.24-gcc-doca_ofed-ubuntu24.04-cuda13-x86_64/ompi/lib/libmpi.so.40(ompi_request_default_wait+0x24b)[0x753d1ad8403b]
[node1:1631372] [17] /home/hpc/hpcx/hpcx-v2.24-gcc-doca_ofed-ubuntu24.04-cuda13-x86_64/ompi/lib/libmpi.so.40(PMPI_Wait+0x1e)[0x753d1adb0e9e]
[node1:1631372] [18] ./xhpl_mxp-nvidia[0x50eac7]
[node1:1631372] [19] ./xhpl_mxp-nvidia[0x4dc7d3]
[node1:1631372] [20] ./xhpl_mxp-nvidia[0x4df810]
[node1:1631372] [21] ./xhpl_mxp-nvidia[0x4df793]
[node1:1631372] [22] ./xhpl_mxp-nvidia[0x4df703]
[node1:1631372] [23] ./xhpl_mxp-nvidia[0x4df6bc]
[node1:1631372] [24] ./xhpl_mxp-nvidia[0x4df6a0]
[node1:1631372] [25] ./xhpl_mxp-nvidia[0x5bd493]
[node1:1631372] [26] /usr/lib/x86_64-linux-gnu/libc.so.6(+0x9caa4)[0x753cd669caa4]
[node1:1631372] [27] /usr/lib/x86_64-linux-gnu/libc.so.6(+0x129c6c)[0x753cd6729c6c]
[node1:1631372] *** End of error message ***
[node1:1631371:1:1631414]      cma_ep.c:85   process_vm_writev(pid=1631373 {0x7f404a400000,524288}-->{0x77651a400000,524288}) returned -1: Bad address
==== backtrace (tid:1631414) ====
 0  /usr/lib/x86_64-linux-gnu/libucs.so.0(ucs_handle_error+0x2ec) [0x7f40b2cc964c]
 1  /usr/lib/x86_64-linux-gnu/libucs.so.0(ucs_fatal_error_message+0xb2) [0x7f40b2cc97f2]
 2  /usr/lib/x86_64-linux-gnu/libucs.so.0(ucs_log_default_handler+0x9d3) [0x7f40b2ccecc3]
 3  /usr/lib/x86_64-linux-gnu/libucs.so.0(ucs_log_dispatch+0xf6) [0x7f40b2cc76d6]
 4  /usr/lib/x86_64-linux-gnu/ucx/libuct_cma.so.0(+0x3d89) [0x7f40b3124d89]
 5  /usr/lib/x86_64-linux-gnu/ucx/libuct_cma.so.0(uct_cma_ep_tx+0x2ba) [0x7f40b312506a]
 6  /usr/lib/x86_64-linux-gnu/libuct.so.0(uct_scopy_ep_progress_tx+0x77) [0x7f40b314d947]
 7  /usr/lib/x86_64-linux-gnu/libucs.so.0(ucs_arbiter_dispatch_nonempty+0x119) [0x7f40b2cbdf09]
 8  /usr/lib/x86_64-linux-gnu/libuct.so.0(uct_scopy_iface_progress+0x88) [0x7f40b3159be8]
 9  /usr/lib/x86_64-linux-gnu/libucs.so.0(+0x25c18) [0x7f40b2cc3c18]
10  /usr/lib/x86_64-linux-gnu/libucp.so.0(ucp_worker_progress+0x7a) [0x7f40a0af82ca]
11  /home/hpc/hpcx/hpcx-v2.24-gcc-doca_ofed-ubuntu24.04-cuda13-x86_64/ompi/lib/libopen-pal.so.40(opal_progress+0x34) [0x7f40e3120314]
12  /home/hpc/hpcx/hpcx-v2.24-gcc-doca_ofed-ubuntu24.04-cuda13-x86_64/ompi/lib/libopen-pal.so.40(ompi_sync_wait_mt+0x115) [0x7f40e3126b15]
13  /home/hpc/hpcx/hpcx-v2.24-gcc-doca_ofed-ubuntu24.04-cuda13-x86_64/ompi/lib/libmpi.so.40(ompi_request_default_wait+0x24b) [0x7f40f712603b]
14  /home/hpc/hpcx/hpcx-v2.24-gcc-doca_ofed-ubuntu24.04-cuda13-x86_64/ompi/lib/libmpi.so.40(PMPI_Wait+0x1e) [0x7f40f7152e9e]
15  ./xhpl_mxp-nvidia() [0x50eac7]
16  ./xhpl_mxp-nvidia() [0x4dc7d3]
17  ./xhpl_mxp-nvidia() [0x4df810]
18  ./xhpl_mxp-nvidia() [0x4df793]
19  ./xhpl_mxp-nvidia() [0x4df703]
20  ./xhpl_mxp-nvidia() [0x4df6bc]
21  ./xhpl_mxp-nvidia() [0x4df6a0]
22  ./xhpl_mxp-nvidia() [0x5bd493]
23  /usr/lib/x86_64-linux-gnu/libc.so.6(+0x9caa4) [0x7f40b2a9caa4]
24  /usr/lib/x86_64-linux-gnu/libc.so.6(+0x129c6c) [0x7f40b2b29c6c]
=================================
[node1:1631371] *** Process received signal ***
[node1:1631371] Signal: Aborted (6)
[node1:1631371] Signal code:  (-6)
[node1:1631371] [ 0] /usr/lib/x86_64-linux-gnu/libc.so.6(+0x45330)[0x7f40b2a45330]
[node1:1631371] [ 1] /usr/lib/x86_64-linux-gnu/libc.so.6(pthread_kill+0x11c)[0x7f40b2a9eb2c]
[node1:1631371] [ 2] /usr/lib/x86_64-linux-gnu/libc.so.6(gsignal+0x1e)[0x7f40b2a4527e]
[node1:1631371] [ 3] /usr/lib/x86_64-linux-gnu/libc.so.6(abort+0xdf)[0x7f40b2a288ff]
[node1:1631371] [ 4] /usr/lib/x86_64-linux-gnu/libucs.so.0(+0x2b7f7)[0x7f40b2cc97f7]
[node1:1631371] [ 5] /usr/lib/x86_64-linux-gnu/libucs.so.0(ucs_log_default_handler+0x9d3)[0x7f40b2ccecc3]
[node1:1631371] [ 6] /usr/lib/x86_64-linux-gnu/libucs.so.0(ucs_log_dispatch+0xf6)[0x7f40b2cc76d6]
[node1:1631371] [ 7] /usr/lib/x86_64-linux-gnu/ucx/libuct_cma.so.0(+0x3d89)[0x7f40b3124d89]
[node1:1631371] [ 8] /usr/lib/x86_64-linux-gnu/ucx/libuct_cma.so.0(uct_cma_ep_tx+0x2ba)[0x7f40b312506a]
[node1:1631371] [ 9] /usr/lib/x86_64-linux-gnu/libuct.so.0(uct_scopy_ep_progress_tx+0x77)[0x7f40b314d947]
[node1:1631371] [10] /usr/lib/x86_64-linux-gnu/libucs.so.0(ucs_arbiter_dispatch_nonempty+0x119)[0x7f40b2cbdf09]
[node1:1631371] [11] /usr/lib/x86_64-linux-gnu/libuct.so.0(uct_scopy_iface_progress+0x88)[0x7f40b3159be8]
[node1:1631371] [12] /usr/lib/x86_64-linux-gnu/libucs.so.0(+0x25c18)[0x7f40b2cc3c18]
[node1:1631371] [13] /usr/lib/x86_64-linux-gnu/libucp.so.0(ucp_worker_progress+0x7a)[0x7f40a0af82ca]
[node1:1631371] [14] /home/hpc/hpcx/hpcx-v2.24-gcc-doca_ofed-ubuntu24.04-cuda13-x86_64/ompi/lib/libopen-pal.so.40(opal_progress+0x34)[0x7f40e3120314]
[node1:1631371] [15] /home/hpc/hpcx/hpcx-v2.24-gcc-doca_ofed-ubuntu24.04-cuda13-x86_64/ompi/lib/libopen-pal.so.40(ompi_sync_wait_mt+0x115)[0x7f40e3126b15]
[node1:1631371] [16] /home/hpc/hpcx/hpcx-v2.24-gcc-doca_ofed-ubuntu24.04-cuda13-x86_64/ompi/lib/libmpi.so.40(ompi_request_default_wait+0x24b)[0x7f40f712603b]
[node1:1631371] [17] /home/hpc/hpcx/hpcx-v2.24-gcc-doca_ofed-ubuntu24.04-cuda13-x86_64/ompi/lib/libmpi.so.40(PMPI_Wait+0x1e)[0x7f40f7152e9e]
[node1:1631371] [18] ./xhpl_mxp-nvidia[0x50eac7]
[node1:1631371] [19] ./xhpl_mxp-nvidia[0x4dc7d3]
[node1:1631371] [20] ./xhpl_mxp-nvidia[0x4df810]
[node1:1631371] [21] ./xhpl_mxp-nvidia[0x4df793]
[node1:1631371] [22] ./xhpl_mxp-nvidia[0x4df703]
[node1:1631371] [23] ./xhpl_mxp-nvidia[0x4df6bc]
[node1:1631371] [24] ./xhpl_mxp-nvidia[0x4df6a0]
[node1:1631371] [25] ./xhpl_mxp-nvidia[0x5bd493]
[node1:1631371] [26] /usr/lib/x86_64-linux-gnu/libc.so.6(+0x9caa4)[0x7f40b2a9caa4]
[node1:1631371] [27] /usr/lib/x86_64-linux-gnu/libc.so.6(+0x129c6c)[0x7f40b2b29c6c]
[node1:1631371] *** End of error message ***
--------------------------------------------------------------------------
Primary job  terminated normally, but 1 process returned
a non-zero exit code. Per user-direction, the job has been aborted.
--------------------------------------------------------------------------
--------------------------------------------------------------------------
mpirun noticed that process rank 1 with PID 1631372 on node node1 exited on signal 6 (Aborted).
--------------------------------------------------------------------------
