[node1:1592794:1:1592833]      cma_ep.c:85   process_vm_writev(pid=1592796 {0x78e655c00000,524288}-->{0x7eb301c00000,524288}) returned -1: Bad address
==== backtrace (tid:1592833) ====
 0  /usr/lib/x86_64-linux-gnu/libucs.so.0(ucs_handle_error+0x2ec) [0x78e6bf2aa64c]
 1  /usr/lib/x86_64-linux-gnu/libucs.so.0(ucs_fatal_error_message+0xb2) [0x78e6bf2aa7f2]
 2  /usr/lib/x86_64-linux-gnu/libucs.so.0(ucs_log_default_handler+0x9d3) [0x78e6bf2afcc3]
 3  /usr/lib/x86_64-linux-gnu/libucs.so.0(ucs_log_dispatch+0xf6) [0x78e6bf2a86d6]
 4  /usr/lib/x86_64-linux-gnu/ucx/libuct_cma.so.0(+0x3d89) [0x78e6c0787d89]
 5  /usr/lib/x86_64-linux-gnu/ucx/libuct_cma.so.0(uct_cma_ep_tx+0x2ba) [0x78e6c078806a]
 6  /usr/lib/x86_64-linux-gnu/libuct.so.0(uct_scopy_ep_progress_tx+0x77) [0x78e6bf74d947]
 7  /usr/lib/x86_64-linux-gnu/libucs.so.0(ucs_arbiter_dispatch_nonempty+0x119) [0x78e6bf29ef09]
 8  /usr/lib/x86_64-linux-gnu/libuct.so.0(uct_scopy_iface_progress+0x88) [0x78e6bf759be8]
 9  /usr/lib/x86_64-linux-gnu/libucs.so.0(+0x25c18) [0x78e6bf2a4c18]
10  /usr/lib/x86_64-linux-gnu/libucp.so.0(ucp_worker_progress+0x7a) [0x78e6a9cf82ca]
11  /home/hpc/hpcx/hpcx-v2.24-gcc-doca_ofed-ubuntu24.04-cuda13-x86_64/ompi/lib/libopen-pal.so.40(opal_progress+0x34) [0x78e6bf320314]
12  /home/hpc/hpcx/hpcx-v2.24-gcc-doca_ofed-ubuntu24.04-cuda13-x86_64/ompi/lib/libopen-pal.so.40(ompi_sync_wait_mt+0x115) [0x78e6bf326b15]
13  /home/hpc/hpcx/hpcx-v2.24-gcc-doca_ofed-ubuntu24.04-cuda13-x86_64/ompi/lib/libmpi.so.40(ompi_request_default_wait+0x24b) [0x78e6f813203b]
14  /home/hpc/hpcx/hpcx-v2.24-gcc-doca_ofed-ubuntu24.04-cuda13-x86_64/ompi/lib/libmpi.so.40(PMPI_Wait+0x1e) [0x78e6f815ee9e]
15  ./xhpl_mxp-nvidia() [0x50eac7]
16  ./xhpl_mxp-nvidia() [0x4dc7d3]
17  ./xhpl_mxp-nvidia() [0x4df810]
18  ./xhpl_mxp-nvidia() [0x4df793]
19  ./xhpl_mxp-nvidia() [0x4df703]
20  ./xhpl_mxp-nvidia() [0x4df6bc]
21  ./xhpl_mxp-nvidia() [0x4df6a0]
22  ./xhpl_mxp-nvidia() [0x5bd493]
23  /usr/lib/x86_64-linux-gnu/libc.so.6(+0x9caa4) [0x78e6bf09caa4]
24  /usr/lib/x86_64-linux-gnu/libc.so.6(+0x129c6c) [0x78e6bf129c6c]
=================================
[node1:1592794] *** Process received signal ***
[node1:1592794] Signal: Aborted (6)
[node1:1592794] Signal code:  (-6)
[node1:1592794] [ 0] /usr/lib/x86_64-linux-gnu/libc.so.6(+0x45330)[0x78e6bf045330]
[node1:1592794] [ 1] /usr/lib/x86_64-linux-gnu/libc.so.6(pthread_kill+0x11c)[0x78e6bf09eb2c]
[node1:1592794] [ 2] /usr/lib/x86_64-linux-gnu/libc.so.6(gsignal+0x1e)[0x78e6bf04527e]
[node1:1592794] [ 3] /usr/lib/x86_64-linux-gnu/libc.so.6(abort+0xdf)[0x78e6bf0288ff]
[node1:1592794] [ 4] /usr/lib/x86_64-linux-gnu/libucs.so.0(+0x2b7f7)[0x78e6bf2aa7f7]
[node1:1592794] [ 5] /usr/lib/x86_64-linux-gnu/libucs.so.0(ucs_log_default_handler+0x9d3)[0x78e6bf2afcc3]
[node1:1592794] [ 6] /usr/lib/x86_64-linux-gnu/libucs.so.0(ucs_log_dispatch+0xf6)[0x78e6bf2a86d6]
[node1:1592794] [ 7] /usr/lib/x86_64-linux-gnu/ucx/libuct_cma.so.0(+0x3d89)[0x78e6c0787d89]
[node1:1592794] [ 8] /usr/lib/x86_64-linux-gnu/ucx/libuct_cma.so.0(uct_cma_ep_tx+0x2ba)[0x78e6c078806a]
[node1:1592794] [ 9] /usr/lib/x86_64-linux-gnu/libuct.so.0(uct_scopy_ep_progress_tx+0x77)[0x78e6bf74d947]
[node1:1592794] [10] /usr/lib/x86_64-linux-gnu/libucs.so.0(ucs_arbiter_dispatch_nonempty+0x119)[0x78e6bf29ef09]
[node1:1592794] [11] /usr/lib/x86_64-linux-gnu/libuct.so.0(uct_scopy_iface_progress+0x88)[0x78e6bf759be8]
[node1:1592794] [12] /usr/lib/x86_64-linux-gnu/libucs.so.0(+0x25c18)[0x78e6bf2a4c18]
[node1:1592794] [13] /usr/lib/x86_64-linux-gnu/libucp.so.0(ucp_worker_progress+0x7a)[0x78e6a9cf82ca]
[node1:1592794] [14] /home/hpc/hpcx/hpcx-v2.24-gcc-doca_ofed-ubuntu24.04-cuda13-x86_64/ompi/lib/libopen-pal.so.40(opal_progress+0x34)[0x78e6bf320314]
[node1:1592794] [15] /home/hpc/hpcx/hpcx-v2.24-gcc-doca_ofed-ubuntu24.04-cuda13-x86_64/ompi/lib/libopen-pal.so.40(ompi_sync_wait_mt+0x115)[0x78e6bf326b15]
[node1:1592794] [16] /home/hpc/hpcx/hpcx-v2.24-gcc-doca_ofed-ubuntu24.04-cuda13-x86_64/ompi/lib/libmpi.so.40(ompi_request_default_wait+0x24b)[0x78e6f813203b]
[node1:1592794] [17] /home/hpc/hpcx/hpcx-v2.24-gcc-doca_ofed-ubuntu24.04-cuda13-x86_64/ompi/lib/libmpi.so.40(PMPI_Wait+0x1e)[0x78e6f815ee9e]
[node1:1592794] [18] ./xhpl_mxp-nvidia[0x50eac7]
[node1:1592794] [19] ./xhpl_mxp-nvidia[0x4dc7d3]
[node1:1592794] [20] ./xhpl_mxp-nvidia[0x4df810]
[node1:1592794] [21] ./xhpl_mxp-nvidia[0x4df793]
[node1:1592794] [22] ./xhpl_mxp-nvidia[0x4df703]
[node1:1592794] [23] ./xhpl_mxp-nvidia[0x4df6bc]
[node1:1592794] [24] ./xhpl_mxp-nvidia[0x4df6a0]
[node1:1592794] [25] ./xhpl_mxp-nvidia[0x5bd493]
[node1:1592794] [26] /usr/lib/x86_64-linux-gnu/libc.so.6(+0x9caa4)[0x78e6bf09caa4]
[node1:1592794] [27] /usr/lib/x86_64-linux-gnu/libc.so.6(+0x129c6c)[0x78e6bf129c6c]
[node1:1592794] *** End of error message ***
[node1:1592795:1:1592837]      cma_ep.c:85   process_vm_writev(pid=1592797 {0x7114f9c00000,524288}-->{0x7d04e3c00000,524288}) returned -1: Bad address
==== backtrace (tid:1592837) ====
 0  /usr/lib/x86_64-linux-gnu/libucs.so.0(ucs_handle_error+0x2ec) [0x711559caa64c]
 1  /usr/lib/x86_64-linux-gnu/libucs.so.0(ucs_fatal_error_message+0xb2) [0x711559caa7f2]
 2  /usr/lib/x86_64-linux-gnu/libucs.so.0(ucs_log_default_handler+0x9d3) [0x711559cafcc3]
 3  /usr/lib/x86_64-linux-gnu/libucs.so.0(ucs_log_dispatch+0xf6) [0x711559ca86d6]
 4  /usr/lib/x86_64-linux-gnu/ucx/libuct_cma.so.0(+0x3d89) [0x711559c15d89]
 5  /usr/lib/x86_64-linux-gnu/ucx/libuct_cma.so.0(uct_cma_ep_tx+0x2ba) [0x711559c1606a]
 6  /usr/lib/x86_64-linux-gnu/libuct.so.0(uct_scopy_ep_progress_tx+0x77) [0x71155a146947]
 7  /usr/lib/x86_64-linux-gnu/libucs.so.0(ucs_arbiter_dispatch_nonempty+0x119) [0x711559c9ef09]
 8  /usr/lib/x86_64-linux-gnu/libuct.so.0(uct_scopy_iface_progress+0x88) [0x71155a152be8]
 9  /usr/lib/x86_64-linux-gnu/libucs.so.0(+0x25c18) [0x711559ca4c18]
10  /usr/lib/x86_64-linux-gnu/libucp.so.0(ucp_worker_progress+0x7a) [0x7115446f82ca]
11  /home/hpc/hpcx/hpcx-v2.24-gcc-doca_ofed-ubuntu24.04-cuda13-x86_64/ompi/lib/libopen-pal.so.40(opal_progress+0x34) [0x711559d20314]
12  /home/hpc/hpcx/hpcx-v2.24-gcc-doca_ofed-ubuntu24.04-cuda13-x86_64/ompi/lib/libopen-pal.so.40(ompi_sync_wait_mt+0x115) [0x711559d26b15]
13  /home/hpc/hpcx/hpcx-v2.24-gcc-doca_ofed-ubuntu24.04-cuda13-x86_64/ompi/lib/libmpi.so.40(ompi_request_default_wait+0x24b) [0x711592b3203b]
14  /home/hpc/hpcx/hpcx-v2.24-gcc-doca_ofed-ubuntu24.04-cuda13-x86_64/ompi/lib/libmpi.so.40(PMPI_Wait+0x1e) [0x711592b5ee9e]
15  ./xhpl_mxp-nvidia() [0x50eac7]
16  ./xhpl_mxp-nvidia() [0x4dc7d3]
17  ./xhpl_mxp-nvidia() [0x4df810]
18  ./xhpl_mxp-nvidia() [0x4df793]
19  ./xhpl_mxp-nvidia() [0x4df703]
20  ./xhpl_mxp-nvidia() [0x4df6bc]
21  ./xhpl_mxp-nvidia() [0x4df6a0]
22  ./xhpl_mxp-nvidia() [0x5bd493]
23  /usr/lib/x86_64-linux-gnu/libc.so.6(+0x9caa4) [0x711559a9caa4]
24  /usr/lib/x86_64-linux-gnu/libc.so.6(+0x129c6c) [0x711559b29c6c]
=================================
[node1:1592795] *** Process received signal ***
[node1:1592795] Signal: Aborted (6)
[node1:1592795] Signal code:  (-6)
[node1:1592795] [ 0] /usr/lib/x86_64-linux-gnu/libc.so.6(+0x45330)[0x711559a45330]
[node1:1592795] [ 1] /usr/lib/x86_64-linux-gnu/libc.so.6(pthread_kill+0x11c)[0x711559a9eb2c]
[node1:1592795] [ 2] /usr/lib/x86_64-linux-gnu/libc.so.6(gsignal+0x1e)[0x711559a4527e]
[node1:1592795] [ 3] /usr/lib/x86_64-linux-gnu/libc.so.6(abort+0xdf)[0x711559a288ff]
[node1:1592795] [ 4] /usr/lib/x86_64-linux-gnu/libucs.so.0(+0x2b7f7)[0x711559caa7f7]
[node1:1592795] [ 5] /usr/lib/x86_64-linux-gnu/libucs.so.0(ucs_log_default_handler+0x9d3)[0x711559cafcc3]
[node1:1592795] [ 6] /usr/lib/x86_64-linux-gnu/libucs.so.0(ucs_log_dispatch+0xf6)[0x711559ca86d6]
[node1:1592795] [ 7] /usr/lib/x86_64-linux-gnu/ucx/libuct_cma.so.0(+0x3d89)[0x711559c15d89]
[node1:1592795] [ 8] /usr/lib/x86_64-linux-gnu/ucx/libuct_cma.so.0(uct_cma_ep_tx+0x2ba)[0x711559c1606a]
[node1:1592795] [ 9] /usr/lib/x86_64-linux-gnu/libuct.so.0(uct_scopy_ep_progress_tx+0x77)[0x71155a146947]
[node1:1592795] [10] /usr/lib/x86_64-linux-gnu/libucs.so.0(ucs_arbiter_dispatch_nonempty+0x119)[0x711559c9ef09]
[node1:1592795] [11] /usr/lib/x86_64-linux-gnu/libuct.so.0(uct_scopy_iface_progress+0x88)[0x71155a152be8]
[node1:1592795] [12] /usr/lib/x86_64-linux-gnu/libucs.so.0(+0x25c18)[0x711559ca4c18]
[node1:1592795] [13] /usr/lib/x86_64-linux-gnu/libucp.so.0(ucp_worker_progress+0x7a)[0x7115446f82ca]
[node1:1592795] [14] /home/hpc/hpcx/hpcx-v2.24-gcc-doca_ofed-ubuntu24.04-cuda13-x86_64/ompi/lib/libopen-pal.so.40(opal_progress+0x34)[0x711559d20314]
[node1:1592795] [15] /home/hpc/hpcx/hpcx-v2.24-gcc-doca_ofed-ubuntu24.04-cuda13-x86_64/ompi/lib/libopen-pal.so.40(ompi_sync_wait_mt+0x115)[0x711559d26b15]
[node1:1592795] [16] /home/hpc/hpcx/hpcx-v2.24-gcc-doca_ofed-ubuntu24.04-cuda13-x86_64/ompi/lib/libmpi.so.40(ompi_request_default_wait+0x24b)[0x711592b3203b]
[node1:1592795] [17] /home/hpc/hpcx/hpcx-v2.24-gcc-doca_ofed-ubuntu24.04-cuda13-x86_64/ompi/lib/libmpi.so.40(PMPI_Wait+0x1e)[0x711592b5ee9e]
[node1:1592795] [18] ./xhpl_mxp-nvidia[0x50eac7]
[node1:1592795] [19] ./xhpl_mxp-nvidia[0x4dc7d3]
[node1:1592795] [20] ./xhpl_mxp-nvidia[0x4df810]
[node1:1592795] [21] ./xhpl_mxp-nvidia[0x4df793]
[node1:1592795] [22] ./xhpl_mxp-nvidia[0x4df703]
[node1:1592795] [23] ./xhpl_mxp-nvidia[0x4df6bc]
[node1:1592795] [24] ./xhpl_mxp-nvidia[0x4df6a0]
[node1:1592795] [25] ./xhpl_mxp-nvidia[0x5bd493]
[node1:1592795] [26] /usr/lib/x86_64-linux-gnu/libc.so.6(+0x9caa4)[0x711559a9caa4]
[node1:1592795] [27] /usr/lib/x86_64-linux-gnu/libc.so.6(+0x129c6c)[0x711559b29c6c]
[node1:1592795] *** End of error message ***
--------------------------------------------------------------------------
Primary job  terminated normally, but 1 process returned
a non-zero exit code. Per user-direction, the job has been aborted.
--------------------------------------------------------------------------
--------------------------------------------------------------------------
mpirun noticed that process rank 0 with PID 1592794 on node node1 exited on signal 6 (Aborted).
--------------------------------------------------------------------------
