[1759830719.337005] [node1:1617820:0]     ucp_context.c:2137 UCX  WARN  UCP API version is incompatible: required >= 1.19, actual 1.16.0 (loaded from /usr/lib/x86_64-linux-gnu/libucp.so.0)
[1759830719.337373] [node1:1617821:0]     ucp_context.c:2137 UCX  WARN  UCP API version is incompatible: required >= 1.19, actual 1.16.0 (loaded from /usr/lib/x86_64-linux-gnu/libucp.so.0)
[1759830719.337584] [node1:1617819:0]     ucp_context.c:2137 UCX  WARN  UCP API version is incompatible: required >= 1.19, actual 1.16.0 (loaded from /usr/lib/x86_64-linux-gnu/libucp.so.0)
[1759830719.337792] [node1:1617822:0]     ucp_context.c:2137 UCX  WARN  UCP API version is incompatible: required >= 1.19, actual 1.16.0 (loaded from /usr/lib/x86_64-linux-gnu/libucp.so.0)
[1759830719.360970] [node1:1617821:0]          parser.c:2033 UCX  WARN  unused environment variable: UCX_POSIX_USE_CMA
[1759830719.360970] [node1:1617821:0]          parser.c:2033 UCX  WARN  (set UCX_WARN_UNUSED_ENV_VARS=n to suppress this warning)
[1759830719.360970] [node1:1617819:0]          parser.c:2033 UCX  WARN  unused environment variable: UCX_POSIX_USE_CMA
[1759830719.360970] [node1:1617819:0]          parser.c:2033 UCX  WARN  (set UCX_WARN_UNUSED_ENV_VARS=n to suppress this warning)
[1759830719.360970] [node1:1617822:0]          parser.c:2033 UCX  WARN  unused environment variable: UCX_POSIX_USE_CMA
[1759830719.360970] [node1:1617822:0]          parser.c:2033 UCX  WARN  (set UCX_WARN_UNUSED_ENV_VARS=n to suppress this warning)
[1759830719.361016] [node1:1617820:0]          parser.c:2033 UCX  WARN  unused environment variable: UCX_POSIX_USE_CMA
[1759830719.361016] [node1:1617820:0]          parser.c:2033 UCX  WARN  (set UCX_WARN_UNUSED_ENV_VARS=n to suppress this warning)
[1759830719.361663] [node1:1617822:0]     ucp_context.c:2137 UCX  WARN  UCP API version is incompatible: required >= 1.19, actual 1.16.0 (loaded from /usr/lib/x86_64-linux-gnu/libucp.so.0)
[1759830719.361665] [node1:1617821:0]     ucp_context.c:2137 UCX  WARN  UCP API version is incompatible: required >= 1.19, actual 1.16.0 (loaded from /usr/lib/x86_64-linux-gnu/libucp.so.0)
[1759830719.361730] [node1:1617820:0]     ucp_context.c:2137 UCX  WARN  UCP API version is incompatible: required >= 1.19, actual 1.16.0 (loaded from /usr/lib/x86_64-linux-gnu/libucp.so.0)
[1759830719.361777] [node1:1617819:0]     ucp_context.c:2137 UCX  WARN  UCP API version is incompatible: required >= 1.19, actual 1.16.0 (loaded from /usr/lib/x86_64-linux-gnu/libucp.so.0)
[1759830719.398110] [node1:1617821:0]     ucp_context.c:2137 UCX  WARN  UCP API version is incompatible: required >= 1.19, actual 1.16.0 (loaded from /usr/lib/x86_64-linux-gnu/libucp.so.0)
[1759830719.398110] [node1:1617822:0]     ucp_context.c:2137 UCX  WARN  UCP API version is incompatible: required >= 1.19, actual 1.16.0 (loaded from /usr/lib/x86_64-linux-gnu/libucp.so.0)
[1759830719.398110] [node1:1617819:0]     ucp_context.c:2137 UCX  WARN  UCP API version is incompatible: required >= 1.19, actual 1.16.0 (loaded from /usr/lib/x86_64-linux-gnu/libucp.so.0)
[1759830719.398116] [node1:1617820:0]     ucp_context.c:2137 UCX  WARN  UCP API version is incompatible: required >= 1.19, actual 1.16.0 (loaded from /usr/lib/x86_64-linux-gnu/libucp.so.0)

================================================================================
HPL-MxP-NVIDIA 25.9.0  -- NVIDIA accelerated HPL-MxP benchmark benchmark -- NVIDIA
================================================================================

 ****** HPL MxP Settings ****** 

   --nprow =  2 
   --npcol =  2 
   --order = row 
   --n     = 90000 
   --nb    = 384 
   --tolerance                        = 1.000000e-12 
   --test-loop                        = 1 
   --preset-gemm-kernel               = 80 
   --u-panel-chunk-nbs                = 8 
   --call-dgemv-with-multiple-threads = 0 
   --prioritize-trsm                  = 0 
   --prioritize-factorization         = 0 
   --use-separate-stream-for-gemm     = 1 
   --use-mpi-panel-broadcast          = 50 
   --mpi-use-host-threads             = 1 
   --sloppy-type                      = FP16 
   --Anq-device                       = 0 
   --cuda-host-register-step          = 2048 
   --mpi-use-mpi                      = 0 
   --use-host-mpi                     = 0 
   --fill-device                      = 0 
   --fill-device-buffer-size          = 3048 
   --fp4-scaling-factor-a             = 1.000000e-05 



 ****** Monitor GPU Settings ****** 

   --monitor-gpu                      = 0 



 ****** test 1 of 1 starts ****** 

   n      = 90000
   nb     = 384
   nprow  = 2
   npcol  = 2

Device info:
	Peak clock frequency 1410 MHz
	SM 80
	Number of SMs 108
	Total memory available 39.49 GB

---------------------------------------------------------------------------------------------
[34m Per process host memory consumption MAX = 15.143 GB, available MIN = 121.605 GB[0m
---------------------------------------------------------------------------------------------

---------------------------------------------------------------------------------------------
[34m Per process device memory consumption MAX = 8.487 GB, available MIN = 37.349 GB[0m
---------------------------------------------------------------------------------------------

Constructor seconds: AVG = 0.19, MAX = 0.22 (3->node1), MIN = 0.17 (1->node1)


 ****** Testing HPL MxP components ****** 

GEMM seconds: AVG = 3.15, MAX = 3.20 (1->node1), MIN = 3.10 (3->node1)

GEMM GFLOPS: AVG = 24720.10, MAX = 24996.82 (3->node1), MIN = 24333.39 (1->node1)

