[node1:1606725:1:1606765]      cma_ep.c:85   process_vm_writev(pid=1606727 {0x7b6030400000,524288}-->{0x798c06400000,524288}) returned -1: Bad address
==== backtrace (tid:1606765) ====
 0  /usr/lib/x86_64-linux-gnu/libucs.so.0(ucs_handle_error+0x2ec) [0x7b609d4c964c]
 1  /usr/lib/x86_64-linux-gnu/libucs.so.0(ucs_fatal_error_message+0xb2) [0x7b609d4c97f2]
 2  /usr/lib/x86_64-linux-gnu/libucs.so.0(ucs_log_default_handler+0x9d3) [0x7b609d4cecc3]
 3  /usr/lib/x86_64-linux-gnu/libucs.so.0(ucs_log_dispatch+0xf6) [0x7b609d4c76d6]
 4  /usr/lib/x86_64-linux-gnu/ucx/libuct_cma.so.0(+0x3d89) [0x7b609d925d89]
 5  /usr/lib/x86_64-linux-gnu/ucx/libuct_cma.so.0(uct_cma_ep_tx+0x2ba) [0x7b609d92606a]
 6  /usr/lib/x86_64-linux-gnu/libuct.so.0(uct_scopy_ep_progress_tx+0x77) [0x7b609d46c947]
 7  /usr/lib/x86_64-linux-gnu/libucs.so.0(ucs_arbiter_dispatch_nonempty+0x119) [0x7b609d4bdf09]
 8  /usr/lib/x86_64-linux-gnu/libuct.so.0(uct_scopy_iface_progress+0x88) [0x7b609d478be8]
 9  /usr/lib/x86_64-linux-gnu/libucs.so.0(+0x25c18) [0x7b609d4c3c18]
10  /usr/lib/x86_64-linux-gnu/libucp.so.0(ucp_worker_progress+0x7a) [0x7b608b2f82ca]
11  /home/hpc/hpcx/hpcx-v2.24-gcc-doca_ofed-ubuntu24.04-cuda13-x86_64/ompi/lib/libopen-pal.so.40(opal_progress+0x34) [0x7b60cd920314]
12  /home/hpc/hpcx/hpcx-v2.24-gcc-doca_ofed-ubuntu24.04-cuda13-x86_64/ompi/lib/libopen-pal.so.40(ompi_sync_wait_mt+0x115) [0x7b60cd926b15]
13  /home/hpc/hpcx/hpcx-v2.24-gcc-doca_ofed-ubuntu24.04-cuda13-x86_64/ompi/lib/libmpi.so.40(ompi_request_default_wait+0x24b) [0x7b60d633203b]
14  /home/hpc/hpcx/hpcx-v2.24-gcc-doca_ofed-ubuntu24.04-cuda13-x86_64/ompi/lib/libmpi.so.40(PMPI_Wait+0x1e) [0x7b60d635ee9e]
15  ./xhpl_mxp-nvidia() [0x50eac7]
16  ./xhpl_mxp-nvidia() [0x4dc7d3]
17  ./xhpl_mxp-nvidia() [0x4df810]
18  ./xhpl_mxp-nvidia() [0x4df793]
19  ./xhpl_mxp-nvidia() [0x4df703]
20  ./xhpl_mxp-nvidia() [0x4df6bc]
21  ./xhpl_mxp-nvidia() [0x4df6a0]
22  ./xhpl_mxp-nvidia() [0x5bd493]
23  /usr/lib/x86_64-linux-gnu/libc.so.6(+0x9caa4) [0x7b609d29caa4]
24  /usr/lib/x86_64-linux-gnu/libc.so.6(+0x129c6c) [0x7b609d329c6c]
=================================
[node1:1606725] *** Process received signal ***
[node1:1606725] Signal: Aborted (6)
[node1:1606725] Signal code:  (-6)
[node1:1606725] [ 0] /usr/lib/x86_64-linux-gnu/libc.so.6(+0x45330)[0x7b609d245330]
[node1:1606725] [ 1] /usr/lib/x86_64-linux-gnu/libc.so.6(pthread_kill+0x11c)[0x7b609d29eb2c]
[node1:1606725] [ 2] /usr/lib/x86_64-linux-gnu/libc.so.6(gsignal+0x1e)[0x7b609d24527e]
[node1:1606725] [ 3] /usr/lib/x86_64-linux-gnu/libc.so.6(abort+0xdf)[0x7b609d2288ff]
[node1:1606725] [ 4] /usr/lib/x86_64-linux-gnu/libucs.so.0(+0x2b7f7)[0x7b609d4c97f7]
[node1:1606725] [ 5] /usr/lib/x86_64-linux-gnu/libucs.so.0(ucs_log_default_handler+0x9d3)[0x7b609d4cecc3]
[node1:1606725] [ 6] /usr/lib/x86_64-linux-gnu/libucs.so.0(ucs_log_dispatch+0xf6)[0x7b609d4c76d6]
[node1:1606725] [ 7] /usr/lib/x86_64-linux-gnu/ucx/libuct_cma.so.0(+0x3d89)[0x7b609d925d89]
[node1:1606725] [ 8] /usr/lib/x86_64-linux-gnu/ucx/libuct_cma.so.0(uct_cma_ep_tx+0x2ba)[0x7b609d92606a]
[node1:1606725] [ 9] /usr/lib/x86_64-linux-gnu/libuct.so.0(uct_scopy_ep_progress_tx+0x77)[0x7b609d46c947]
[node1:1606725] [10] /usr/lib/x86_64-linux-gnu/libucs.so.0(ucs_arbiter_dispatch_nonempty+0x119)[0x7b609d4bdf09]
[node1:1606725] [11] /usr/lib/x86_64-linux-gnu/libuct.so.0(uct_scopy_iface_progress+0x88)[0x7b609d478be8]
[node1:1606725] [12] /usr/lib/x86_64-linux-gnu/libucs.so.0(+0x25c18)[0x7b609d4c3c18]
[node1:1606725] [13] /usr/lib/x86_64-linux-gnu/libucp.so.0(ucp_worker_progress+0x7a)[0x7b608b2f82ca]
[node1:1606725] [14] /home/hpc/hpcx/hpcx-v2.24-gcc-doca_ofed-ubuntu24.04-cuda13-x86_64/ompi/lib/libopen-pal.so.40(opal_progress+0x34)[0x7b60cd920314]
[node1:1606725] [15] /home/hpc/hpcx/hpcx-v2.24-gcc-doca_ofed-ubuntu24.04-cuda13-x86_64/ompi/lib/libopen-pal.so.40(ompi_sync_wait_mt+0x115)[0x7b60cd926b15]
[node1:1606725] [16] /home/hpc/hpcx/hpcx-v2.24-gcc-doca_ofed-ubuntu24.04-cuda13-x86_64/ompi/lib/libmpi.so.40(ompi_request_default_wait+0x24b)[0x7b60d633203b]
[node1:1606725] [17] /home/hpc/hpcx/hpcx-v2.24-gcc-doca_ofed-ubuntu24.04-cuda13-x86_64/ompi/lib/libmpi.so.40(PMPI_Wait+0x1e)[0x7b60d635ee9e]
[node1:1606725] [18] ./xhpl_mxp-nvidia[0x50eac7]
[node1:1606725] [19] ./xhpl_mxp-nvidia[0x4dc7d3]
[node1:1606725] [20] ./xhpl_mxp-nvidia[0x4df810]
[node1:1606725] [21] ./xhpl_mxp-nvidia[0x4df793]
[node1:1606725] [22] ./xhpl_mxp-nvidia[0x4df703]
[node1:1606725] [23] ./xhpl_mxp-nvidia[0x4df6bc]
[node1:1606725] [24] ./xhpl_mxp-nvidia[0x4df6a0]
[node1:1606725] [25] ./xhpl_mxp-nvidia[0x5bd493]
[node1:1606725] [node1:1606726:1:1606768]      cma_ep.c:85   process_vm_writev(pid=1606728 {0x76687c400000,524288}-->{0x79f8bc400000,524288}) returned -1: Bad address
[26] /usr/lib/x86_64-linux-gnu/libc.so.6(+0x9caa4)[0x7b609d29caa4]
[node1:1606725] [27] /usr/lib/x86_64-linux-gnu/libc.so.6(+0x129c6c)[0x7b609d329c6c]
[node1:1606725] *** End of error message ***
==== backtrace (tid:1606768) ====
 0  /usr/lib/x86_64-linux-gnu/libucs.so.0(ucs_handle_error+0x2ec) [0x7668e16aa64c]
 1  /usr/lib/x86_64-linux-gnu/libucs.so.0(ucs_fatal_error_message+0xb2) [0x7668e16aa7f2]
 2  /usr/lib/x86_64-linux-gnu/libucs.so.0(ucs_log_default_handler+0x9d3) [0x7668e16afcc3]
 3  /usr/lib/x86_64-linux-gnu/libucs.so.0(ucs_log_dispatch+0xf6) [0x7668e16a86d6]
 4  /usr/lib/x86_64-linux-gnu/ucx/libuct_cma.so.0(+0x3d89) [0x7668e1b34d89]
 5  /usr/lib/x86_64-linux-gnu/ucx/libuct_cma.so.0(uct_cma_ep_tx+0x2ba) [0x7668e1b3506a]
 6  /usr/lib/x86_64-linux-gnu/libuct.so.0(uct_scopy_ep_progress_tx+0x77) [0x7668e1b4d947]
 7  /usr/lib/x86_64-linux-gnu/libucs.so.0(ucs_arbiter_dispatch_nonempty+0x119) [0x7668e169ef09]
 8  /usr/lib/x86_64-linux-gnu/libuct.so.0(uct_scopy_iface_progress+0x88) [0x7668e1b59be8]
 9  /usr/lib/x86_64-linux-gnu/libucs.so.0(+0x25c18) [0x7668e16a4c18]
10  /usr/lib/x86_64-linux-gnu/libucp.so.0(ucp_worker_progress+0x7a) [0x7668cc0f82ca]
11  /home/hpc/hpcx/hpcx-v2.24-gcc-doca_ofed-ubuntu24.04-cuda13-x86_64/ompi/lib/libopen-pal.so.40(opal_progress+0x34) [0x7668e1720314]
12  /home/hpc/hpcx/hpcx-v2.24-gcc-doca_ofed-ubuntu24.04-cuda13-x86_64/ompi/lib/libopen-pal.so.40(ompi_sync_wait_mt+0x115) [0x7668e1726b15]
13  /home/hpc/hpcx/hpcx-v2.24-gcc-doca_ofed-ubuntu24.04-cuda13-x86_64/ompi/lib/libmpi.so.40(ompi_request_default_wait+0x24b) [0x76691a53203b]
14  /home/hpc/hpcx/hpcx-v2.24-gcc-doca_ofed-ubuntu24.04-cuda13-x86_64/ompi/lib/libmpi.so.40(PMPI_Wait+0x1e) [0x76691a55ee9e]
15  ./xhpl_mxp-nvidia() [0x50eac7]
16  ./xhpl_mxp-nvidia() [0x4dc7d3]
17  ./xhpl_mxp-nvidia() [0x4df810]
18  ./xhpl_mxp-nvidia() [0x4df793]
19  ./xhpl_mxp-nvidia() [0x4df703]
20  ./xhpl_mxp-nvidia() [0x4df6bc]
21  ./xhpl_mxp-nvidia() [0x4df6a0]
22  ./xhpl_mxp-nvidia() [0x5bd493]
23  /usr/lib/x86_64-linux-gnu/libc.so.6(+0x9caa4) [0x7668e149caa4]
24  /usr/lib/x86_64-linux-gnu/libc.so.6(+0x129c6c) [0x7668e1529c6c]
=================================
[node1:1606726] *** Process received signal ***
[node1:1606726] Signal: Aborted (6)
[node1:1606726] Signal code:  (-6)
[node1:1606726] [ 0] /usr/lib/x86_64-linux-gnu/libc.so.6(+0x45330)[0x7668e1445330]
[node1:1606726] [ 1] /usr/lib/x86_64-linux-gnu/libc.so.6(pthread_kill+0x11c)[0x7668e149eb2c]
[node1:1606726] [ 2] /usr/lib/x86_64-linux-gnu/libc.so.6(gsignal+0x1e)[0x7668e144527e]
[node1:1606726] [ 3] /usr/lib/x86_64-linux-gnu/libc.so.6(abort+0xdf)[0x7668e14288ff]
[node1:1606726] [ 4] /usr/lib/x86_64-linux-gnu/libucs.so.0(+0x2b7f7)[0x7668e16aa7f7]
[node1:1606726] [ 5] /usr/lib/x86_64-linux-gnu/libucs.so.0(ucs_log_default_handler+0x9d3)[0x7668e16afcc3]
[node1:1606726] [ 6] /usr/lib/x86_64-linux-gnu/libucs.so.0(ucs_log_dispatch+0xf6)[0x7668e16a86d6]
[node1:1606726] [ 7] /usr/lib/x86_64-linux-gnu/ucx/libuct_cma.so.0(+0x3d89)[0x7668e1b34d89]
[node1:1606726] [ 8] /usr/lib/x86_64-linux-gnu/ucx/libuct_cma.so.0(uct_cma_ep_tx+0x2ba)[0x7668e1b3506a]
[node1:1606726] [ 9] /usr/lib/x86_64-linux-gnu/libuct.so.0(uct_scopy_ep_progress_tx+0x77)[0x7668e1b4d947]
[node1:1606726] [10] /usr/lib/x86_64-linux-gnu/libucs.so.0(ucs_arbiter_dispatch_nonempty+0x119)[0x7668e169ef09]
[node1:1606726] [11] /usr/lib/x86_64-linux-gnu/libuct.so.0(uct_scopy_iface_progress+0x88)[0x7668e1b59be8]
[node1:1606726] [12] /usr/lib/x86_64-linux-gnu/libucs.so.0(+0x25c18)[0x7668e16a4c18]
[node1:1606726] [13] /usr/lib/x86_64-linux-gnu/libucp.so.0(ucp_worker_progress+0x7a)[0x7668cc0f82ca]
[node1:1606726] [14] /home/hpc/hpcx/hpcx-v2.24-gcc-doca_ofed-ubuntu24.04-cuda13-x86_64/ompi/lib/libopen-pal.so.40(opal_progress+0x34)[0x7668e1720314]
[node1:1606726] [15] /home/hpc/hpcx/hpcx-v2.24-gcc-doca_ofed-ubuntu24.04-cuda13-x86_64/ompi/lib/libopen-pal.so.40(ompi_sync_wait_mt+0x115)[0x7668e1726b15]
[node1:1606726] [16] /home/hpc/hpcx/hpcx-v2.24-gcc-doca_ofed-ubuntu24.04-cuda13-x86_64/ompi/lib/libmpi.so.40(ompi_request_default_wait+0x24b)[0x76691a53203b]
[node1:1606726] [17] /home/hpc/hpcx/hpcx-v2.24-gcc-doca_ofed-ubuntu24.04-cuda13-x86_64/ompi/lib/libmpi.so.40(PMPI_Wait+0x1e)[0x76691a55ee9e]
[node1:1606726] [18] ./xhpl_mxp-nvidia[0x50eac7]
[node1:1606726] [19] ./xhpl_mxp-nvidia[0x4dc7d3]
[node1:1606726] [20] ./xhpl_mxp-nvidia[0x4df810]
[node1:1606726] [21] ./xhpl_mxp-nvidia[0x4df793]
[node1:1606726] [22] ./xhpl_mxp-nvidia[0x4df703]
[node1:1606726] [23] ./xhpl_mxp-nvidia[0x4df6bc]
[node1:1606726] [24] ./xhpl_mxp-nvidia[0x4df6a0]
[node1:1606726] [25] ./xhpl_mxp-nvidia[0x5bd493]
[node1:1606726] [26] /usr/lib/x86_64-linux-gnu/libc.so.6(+0x9caa4)[0x7668e149caa4]
[node1:1606726] [27] /usr/lib/x86_64-linux-gnu/libc.so.6(+0x129c6c)[0x7668e1529c6c]
[node1:1606726] *** End of error message ***
--------------------------------------------------------------------------
Primary job  terminated normally, but 1 process returned
a non-zero exit code. Per user-direction, the job has been aborted.
--------------------------------------------------------------------------
--------------------------------------------------------------------------
mpirun noticed that process rank 1 with PID 1606726 on node node1 exited on signal 6 (Aborted).
--------------------------------------------------------------------------
