[node1:1618866:1:1618907]      cma_ep.c:85   process_vm_readv(pid=1618864 {0x724ea1c00000,524288}-->{0x746cce000000,524288}) returned -1: Bad address
==== backtrace (tid:1618907) ====
 0  /usr/lib/x86_64-linux-gnu/libucs.so.0(ucs_handle_error+0x2ec) [0x724efb4c964c]
 1  /usr/lib/x86_64-linux-gnu/libucs.so.0(ucs_fatal_error_message+0xb2) [0x724efb4c97f2]
 2  /usr/lib/x86_64-linux-gnu/libucs.so.0(ucs_log_default_handler+0x9d3) [0x724efb4cecc3]
 3  /usr/lib/x86_64-linux-gnu/libucs.so.0(ucs_log_dispatch+0xf6) [0x724efb4c76d6]
 4  /usr/lib/x86_64-linux-gnu/ucx/libuct_cma.so.0(+0x3d89) [0x724efb0b6d89]
 5  /usr/lib/x86_64-linux-gnu/ucx/libuct_cma.so.0(uct_cma_ep_tx+0x2ba) [0x724efb0b706a]
 6  /usr/lib/x86_64-linux-gnu/libuct.so.0(uct_scopy_ep_progress_tx+0x77) [0x724efb46c947]
 7  /usr/lib/x86_64-linux-gnu/libucs.so.0(ucs_arbiter_dispatch_nonempty+0x119) [0x724efb4bdf09]
 8  /usr/lib/x86_64-linux-gnu/libuct.so.0(uct_scopy_iface_progress+0x88) [0x724efb478be8]
 9  /usr/lib/x86_64-linux-gnu/libucs.so.0(+0x25c18) [0x724efb4c3c18]
10  /usr/lib/x86_64-linux-gnu/libucp.so.0(ucp_worker_progress+0x7a) [0x724ee92f82ca]
11  /home/hpc/hpcx/hpcx-v2.24-gcc-doca_ofed-ubuntu24.04-cuda13-x86_64/ompi/lib/libopen-pal.so.40(opal_progress+0x34) [0x724f2b920314]
12  /home/hpc/hpcx/hpcx-v2.24-gcc-doca_ofed-ubuntu24.04-cuda13-x86_64/ompi/lib/libopen-pal.so.40(ompi_sync_wait_mt+0x115) [0x724f2b926b15]
13  /home/hpc/hpcx/hpcx-v2.24-gcc-doca_ofed-ubuntu24.04-cuda13-x86_64/ompi/lib/libmpi.so.40(ompi_request_default_wait+0x24b) [0x724f3433203b]
14  /home/hpc/hpcx/hpcx-v2.24-gcc-doca_ofed-ubuntu24.04-cuda13-x86_64/ompi/lib/libmpi.so.40(PMPI_Wait+0x1e) [0x724f3435ee9e]
15  ./xhpl_mxp-nvidia() [0x50e9d3]
16  ./xhpl_mxp-nvidia() [0x4dc7d3]
17  ./xhpl_mxp-nvidia() [0x4df810]
18  ./xhpl_mxp-nvidia() [0x4df793]
19  ./xhpl_mxp-nvidia() [0x4df703]
20  ./xhpl_mxp-nvidia() [0x4df6bc]
21  ./xhpl_mxp-nvidia() [0x4df6a0]
22  ./xhpl_mxp-nvidia() [0x5bd493]
23  /usr/lib/x86_64-linux-gnu/libc.so.6(+0x9caa4) [0x724efb29caa4]
24  /usr/lib/x86_64-linux-gnu/libc.so.6(+0x129c6c) [0x724efb329c6c]
=================================
[node1:1618866] *** Process received signal ***
[node1:1618866] Signal: Aborted (6)
[node1:1618866] Signal code:  (-6)
[node1:1618866] [ 0] /usr/lib/x86_64-linux-gnu/libc.so.6(+0x45330)[0x724efb245330]
[node1:1618866] [ 1] /usr/lib/x86_64-linux-gnu/libc.so.6(pthread_kill+0x11c)[0x724efb29eb2c]
[node1:1618866] [ 2] /usr/lib/x86_64-linux-gnu/libc.so.6(gsignal+0x1e)[0x724efb24527e]
[node1:1618866] [ 3] /usr/lib/x86_64-linux-gnu/libc.so.6(abort+0xdf)[0x724efb2288ff]
[node1:1618866] [ 4] /usr/lib/x86_64-linux-gnu/libucs.so.0(+0x2b7f7)[0x724efb4c97f7]
[node1:1618866] [ 5] /usr/lib/x86_64-linux-gnu/libucs.so.0(ucs_log_default_handler+0x9d3)[0x724efb4cecc3]
[node1:1618866] [ 6] /usr/lib/x86_64-linux-gnu/libucs.so.0(ucs_log_dispatch+0xf6)[0x724efb4c76d6]
[node1:1618866] [ 7] /usr/lib/x86_64-linux-gnu/ucx/libuct_cma.so.0(+0x3d89)[0x724efb0b6d89]
[node1:1618866] [ 8] /usr/lib/x86_64-linux-gnu/ucx/libuct_cma.so.0(uct_cma_ep_tx+0x2ba)[0x724efb0b706a]
[node1:1618866] [ 9] /usr/lib/x86_64-linux-gnu/libuct.so.0(uct_scopy_ep_progress_tx+0x77)[0x724efb46c947]
[node1:1618866] [10] /usr/lib/x86_64-linux-gnu/libucs.so.0(ucs_arbiter_dispatch_nonempty+0x119)[0x724efb4bdf09]
[node1:1618866] [11] /usr/lib/x86_64-linux-gnu/libuct.so.0(uct_scopy_iface_progress+0x88)[0x724efb478be8]
[node1:1618866] [12] /usr/lib/x86_64-linux-gnu/libucs.so.0(+0x25c18)[0x724efb4c3c18]
[node1:1618866] [13] /usr/lib/x86_64-linux-gnu/libucp.so.0(ucp_worker_progress+0x7a)[0x724ee92f82ca]
[node1:1618866] [14] /home/hpc/hpcx/hpcx-v2.24-gcc-doca_ofed-ubuntu24.04-cuda13-x86_64/ompi/lib/libopen-pal.so.40(opal_progress+0x34)[0x724f2b920314]
[node1:1618866] [15] /home/hpc/hpcx/hpcx-v2.24-gcc-doca_ofed-ubuntu24.04-cuda13-x86_64/ompi/lib/libopen-pal.so.40(ompi_sync_wait_mt+0x115)[0x724f2b926b15]
[node1:1618866] [16] /home/hpc/hpcx/hpcx-v2.24-gcc-doca_ofed-ubuntu24.04-cuda13-x86_64/ompi/lib/libmpi.so.40(ompi_request_default_wait+0x24b)[0x724f3433203b]
[node1:1618866] [17] /home/hpc/hpcx/hpcx-v2.24-gcc-doca_ofed-ubuntu24.04-cuda13-x86_64/ompi/lib/libmpi.so.40(PMPI_Wait+0x1e)[0x724f3435ee9e]
[node1:1618866] [18] ./xhpl_mxp-nvidia[0x50e9d3]
[node1:1618866] [19] ./xhpl_mxp-nvidia[0x4dc7d3]
[node1:1618866] [20] ./xhpl_mxp-nvidia[0x4df810]
[node1:1618866] [21] ./xhpl_mxp-nvidia[0x4df793]
[node1:1618866] [22] ./xhpl_mxp-nvidia[0x4df703]
[node1:1618866] [23] ./xhpl_mxp-nvidia[0x4df6bc]
[node1:1618866] [24] ./xhpl_mxp-nvidia[0x4df6a0]
[node1:1618866] [25] ./xhpl_mxp-nvidia[0x5bd493]
[node1:1618866] [26] /usr/lib/x86_64-linux-gnu/libc.so.6(+0x9caa4)[0x724efb29caa4]
[node1:1618866] [27] /usr/lib/x86_64-linux-gnu/libc.so.6(+0x129c6c)[0x724efb329c6c]
[node1:1618866] *** End of error message ***
[node1:1618865:1:1618912]      cma_ep.c:85   process_vm_readv(pid=1618863 {0x72c286000000,524288}-->{0x7ad482600000,524288}) returned -1: Bad address
==== backtrace (tid:1618912) ====
 0  /usr/lib/x86_64-linux-gnu/libucs.so.0(ucs_handle_error+0x2ec) [0x72c2dfaaa64c]
 1  /usr/lib/x86_64-linux-gnu/libucs.so.0(ucs_fatal_error_message+0xb2) [0x72c2dfaaa7f2]
 2  /usr/lib/x86_64-linux-gnu/libucs.so.0(ucs_log_default_handler+0x9d3) [0x72c2dfaafcc3]
 3  /usr/lib/x86_64-linux-gnu/libucs.so.0(ucs_log_dispatch+0xf6) [0x72c2dfaa86d6]
 4  /usr/lib/x86_64-linux-gnu/ucx/libuct_cma.so.0(+0x3d89) [0x72c2dfa15d89]
 5  /usr/lib/x86_64-linux-gnu/ucx/libuct_cma.so.0(uct_cma_ep_tx+0x2ba) [0x72c2dfa1606a]
 6  /usr/lib/x86_64-linux-gnu/libuct.so.0(uct_scopy_ep_progress_tx+0x77) [0x72c2dff38947]
 7  /usr/lib/x86_64-linux-gnu/libucs.so.0(ucs_arbiter_dispatch_nonempty+0x119) [0x72c2dfa9ef09]
 8  /usr/lib/x86_64-linux-gnu/libuct.so.0(uct_scopy_iface_progress+0x88) [0x72c2dff44be8]
 9  /usr/lib/x86_64-linux-gnu/libucs.so.0(+0x25c18) [0x72c2dfaa4c18]
10  /usr/lib/x86_64-linux-gnu/libucp.so.0(ucp_worker_progress+0x7a) [0x72c2ca4f82ca]
11  /home/hpc/hpcx/hpcx-v2.24-gcc-doca_ofed-ubuntu24.04-cuda13-x86_64/ompi/lib/libopen-pal.so.40(opal_progress+0x34) [0x72c2dfb20314]
12  /home/hpc/hpcx/hpcx-v2.24-gcc-doca_ofed-ubuntu24.04-cuda13-x86_64/ompi/lib/libopen-pal.so.40(ompi_sync_wait_mt+0x115) [0x72c2dfb26b15]
13  /home/hpc/hpcx/hpcx-v2.24-gcc-doca_ofed-ubuntu24.04-cuda13-x86_64/ompi/lib/libmpi.so.40(ompi_request_default_wait+0x24b) [0x72c31893203b]
14  /home/hpc/hpcx/hpcx-v2.24-gcc-doca_ofed-ubuntu24.04-cuda13-x86_64/ompi/lib/libmpi.so.40(PMPI_Wait+0x1e) [0x72c31895ee9e]
15  ./xhpl_mxp-nvidia() [0x50e9d3]
16  ./xhpl_mxp-nvidia() [0x4dc7d3]
17  ./xhpl_mxp-nvidia() [0x4df810]
18  ./xhpl_mxp-nvidia() [0x4df793]
19  ./xhpl_mxp-nvidia() [0x4df703]
20  ./xhpl_mxp-nvidia() [0x4df6bc]
21  ./xhpl_mxp-nvidia() [0x4df6a0]
22  ./xhpl_mxp-nvidia() [0x5bd493]
23  /usr/lib/x86_64-linux-gnu/libc.so.6(+0x9caa4) [0x72c2df89caa4]
24  /usr/lib/x86_64-linux-gnu/libc.so.6(+0x129c6c) [0x72c2df929c6c]
=================================
[node1:1618865] *** Process received signal ***
[node1:1618865] Signal: Aborted (6)
[node1:1618865] Signal code:  (-6)
[node1:1618865] [ 0] /usr/lib/x86_64-linux-gnu/libc.so.6(+0x45330)[0x72c2df845330]
[node1:1618865] [ 1] /usr/lib/x86_64-linux-gnu/libc.so.6(pthread_kill+0x11c)[0x72c2df89eb2c]
[node1:1618865] [ 2] /usr/lib/x86_64-linux-gnu/libc.so.6(gsignal+0x1e)[0x72c2df84527e]
[node1:1618865] [ 3] /usr/lib/x86_64-linux-gnu/libc.so.6(abort+0xdf)[0x72c2df8288ff]
[node1:1618865] [ 4] /usr/lib/x86_64-linux-gnu/libucs.so.0(+0x2b7f7)[0x72c2dfaaa7f7]
[node1:1618865] [ 5] /usr/lib/x86_64-linux-gnu/libucs.so.0(ucs_log_default_handler+0x9d3)[0x72c2dfaafcc3]
[node1:1618865] [ 6] /usr/lib/x86_64-linux-gnu/libucs.so.0(ucs_log_dispatch+0xf6)[0x72c2dfaa86d6]
[node1:1618865] [ 7] /usr/lib/x86_64-linux-gnu/ucx/libuct_cma.so.0(+0x3d89)[0x72c2dfa15d89]
[node1:1618865] [ 8] /usr/lib/x86_64-linux-gnu/ucx/libuct_cma.so.0(uct_cma_ep_tx+0x2ba)[0x72c2dfa1606a]
[node1:1618865] [ 9] /usr/lib/x86_64-linux-gnu/libuct.so.0(uct_scopy_ep_progress_tx+0x77)[0x72c2dff38947]
[node1:1618865] [10] /usr/lib/x86_64-linux-gnu/libucs.so.0(ucs_arbiter_dispatch_nonempty+0x119)[0x72c2dfa9ef09]
[node1:1618865] [11] /usr/lib/x86_64-linux-gnu/libuct.so.0(uct_scopy_iface_progress+0x88)[0x72c2dff44be8]
[node1:1618865] [12] /usr/lib/x86_64-linux-gnu/libucs.so.0(+0x25c18)[0x72c2dfaa4c18]
[node1:1618865] [13] /usr/lib/x86_64-linux-gnu/libucp.so.0(ucp_worker_progress+0x7a)[0x72c2ca4f82ca]
[node1:1618865] [14] /home/hpc/hpcx/hpcx-v2.24-gcc-doca_ofed-ubuntu24.04-cuda13-x86_64/ompi/lib/libopen-pal.so.40(opal_progress+0x34)[0x72c2dfb20314]
[node1:1618865] [15] /home/hpc/hpcx/hpcx-v2.24-gcc-doca_ofed-ubuntu24.04-cuda13-x86_64/ompi/lib/libopen-pal.so.40(ompi_sync_wait_mt+0x115)[0x72c2dfb26b15]
[node1:1618865] [16] /home/hpc/hpcx/hpcx-v2.24-gcc-doca_ofed-ubuntu24.04-cuda13-x86_64/ompi/lib/libmpi.so.40(ompi_request_default_wait+0x24b)[0x72c31893203b]
[node1:1618865] [17] /home/hpc/hpcx/hpcx-v2.24-gcc-doca_ofed-ubuntu24.04-cuda13-x86_64/ompi/lib/libmpi.so.40(PMPI_Wait+0x1e)[0x72c31895ee9e]
[node1:1618865] [18] ./xhpl_mxp-nvidia[0x50e9d3]
[node1:1618865] [19] ./xhpl_mxp-nvidia[0x4dc7d3]
[node1:1618865] [20] ./xhpl_mxp-nvidia[0x4df810]
[node1:1618865] [21] ./xhpl_mxp-nvidia[0x4df793]
[node1:1618865] [22] ./xhpl_mxp-nvidia[0x4df703]
[node1:1618865] [23] ./xhpl_mxp-nvidia[0x4df6bc]
[node1:1618865] [24] ./xhpl_mxp-nvidia[0x4df6a0]
[node1:1618865] [25] ./xhpl_mxp-nvidia[0x5bd493]
[node1:1618865] [26] /usr/lib/x86_64-linux-gnu/libc.so.6(+0x9caa4)[0x72c2df89caa4]
[node1:1618865] [27] /usr/lib/x86_64-linux-gnu/libc.so.6(+0x129c6c)[0x72c2df929c6c]
[node1:1618865] *** End of error message ***
--------------------------------------------------------------------------
Primary job  terminated normally, but 1 process returned
a non-zero exit code. Per user-direction, the job has been aborted.
--------------------------------------------------------------------------
--------------------------------------------------------------------------
mpirun noticed that process rank 2 with PID 1618865 on node node1 exited on signal 6 (Aborted).
--------------------------------------------------------------------------
