[node1:1600431:1:1600473]      cma_ep.c:85   process_vm_writev(pid=1600433 {0x740c58400000,524288}-->{0x7584fc400000,524288}) returned -1: Bad address
==== backtrace (tid:1600473) ====
 0  /usr/lib/x86_64-linux-gnu/libucs.so.0(ucs_handle_error+0x2ec) [0x740cc02aa64c]
 1  /usr/lib/x86_64-linux-gnu/libucs.so.0(ucs_fatal_error_message+0xb2) [0x740cc02aa7f2]
 2  /usr/lib/x86_64-linux-gnu/libucs.so.0(ucs_log_default_handler+0x9d3) [0x740cc02afcc3]
 3  /usr/lib/x86_64-linux-gnu/libucs.so.0(ucs_log_dispatch+0xf6) [0x740cc02a86d6]
 4  /usr/lib/x86_64-linux-gnu/ucx/libuct_cma.so.0(+0x3d89) [0x740cbfebbd89]
 5  /usr/lib/x86_64-linux-gnu/ucx/libuct_cma.so.0(uct_cma_ep_tx+0x2ba) [0x740cbfebc06a]
 6  /usr/lib/x86_64-linux-gnu/libuct.so.0(uct_scopy_ep_progress_tx+0x77) [0x740cc024d947]
 7  /usr/lib/x86_64-linux-gnu/libucs.so.0(ucs_arbiter_dispatch_nonempty+0x119) [0x740cc029ef09]
 8  /usr/lib/x86_64-linux-gnu/libuct.so.0(uct_scopy_iface_progress+0x88) [0x740cc0259be8]
 9  /usr/lib/x86_64-linux-gnu/libucs.so.0(+0x25c18) [0x740cc02a4c18]
10  /usr/lib/x86_64-linux-gnu/libucp.so.0(ucp_worker_progress+0x7a) [0x740caacf82ca]
11  /home/hpc/hpcx/hpcx-v2.24-gcc-doca_ofed-ubuntu24.04-cuda13-x86_64/ompi/lib/libopen-pal.so.40(opal_progress+0x34) [0x740cc0320314]
12  /home/hpc/hpcx/hpcx-v2.24-gcc-doca_ofed-ubuntu24.04-cuda13-x86_64/ompi/lib/libopen-pal.so.40(ompi_sync_wait_mt+0x115) [0x740cc0326b15]
13  /home/hpc/hpcx/hpcx-v2.24-gcc-doca_ofed-ubuntu24.04-cuda13-x86_64/ompi/lib/libmpi.so.40(ompi_request_default_wait+0x24b) [0x740cf913203b]
14  /home/hpc/hpcx/hpcx-v2.24-gcc-doca_ofed-ubuntu24.04-cuda13-x86_64/ompi/lib/libmpi.so.40(PMPI_Wait+0x1e) [0x740cf915ee9e]
15  ./xhpl_mxp-nvidia() [0x50eac7]
16  ./xhpl_mxp-nvidia() [0x4dc7d3]
17  ./xhpl_mxp-nvidia() [0x4df810]
18  ./xhpl_mxp-nvidia() [0x4df793]
19  ./xhpl_mxp-nvidia() [0x4df703]
20  ./xhpl_mxp-nvidia() [0x4df6bc]
21  ./xhpl_mxp-nvidia() [0x4df6a0]
22  ./xhpl_mxp-nvidia() [0x5bd493]
23  /usr/lib/x86_64-linux-gnu/libc.so.6(+0x9caa4) [0x740cc009caa4]
24  /usr/lib/x86_64-linux-gnu/libc.so.6(+0x129c6c) [0x740cc0129c6c]
=================================
[node1:1600431] *** Process received signal ***
[node1:1600431] Signal: Aborted (6)
[node1:1600431] Signal code:  (-6)
[node1:1600431] [ 0] /usr/lib/x86_64-linux-gnu/libc.so.6(+0x45330)[0x740cc0045330]
[node1:1600431] [ 1] /usr/lib/x86_64-linux-gnu/libc.so.6(pthread_kill+0x11c)[0x740cc009eb2c]
[node1:1600431] [ 2] /usr/lib/x86_64-linux-gnu/libc.so.6(gsignal+0x1e)[0x740cc004527e]
[node1:1600431] [ 3] /usr/lib/x86_64-linux-gnu/libc.so.6(abort+0xdf)[0x740cc00288ff]
[node1:1600431] [ 4] /usr/lib/x86_64-linux-gnu/libucs.so.0(+0x2b7f7)[0x740cc02aa7f7]
[node1:1600431] [ 5] /usr/lib/x86_64-linux-gnu/libucs.so.0(ucs_log_default_handler+0x9d3)[0x740cc02afcc3]
[node1:1600431] [ 6] /usr/lib/x86_64-linux-gnu/libucs.so.0(ucs_log_dispatch+0xf6)[0x740cc02a86d6]
[node1:1600431] [ 7] /usr/lib/x86_64-linux-gnu/ucx/libuct_cma.so.0(+0x3d89)[0x740cbfebbd89]
[node1:1600431] [ 8] /usr/lib/x86_64-linux-gnu/ucx/libuct_cma.so.0(uct_cma_ep_tx+0x2ba)[0x740cbfebc06a]
[node1:1600431] [ 9] /usr/lib/x86_64-linux-gnu/libuct.so.0(uct_scopy_ep_progress_tx+0x77)[0x740cc024d947]
[node1:1600431] [10] /usr/lib/x86_64-linux-gnu/libucs.so.0(ucs_arbiter_dispatch_nonempty+0x119)[0x740cc029ef09]
[node1:1600431] [11] /usr/lib/x86_64-linux-gnu/libuct.so.0(uct_scopy_iface_progress+0x88)[0x740cc0259be8]
[node1:1600431] [12] /usr/lib/x86_64-linux-gnu/libucs.so.0(+0x25c18)[0x740cc02a4c18]
[node1:1600431] [13] /usr/lib/x86_64-linux-gnu/libucp.so.0(ucp_worker_progress+0x7a)[0x740caacf82ca]
[node1:1600431] [14] /home/hpc/hpcx/hpcx-v2.24-gcc-doca_ofed-ubuntu24.04-cuda13-x86_64/ompi/lib/libopen-pal.so.40(opal_progress+0x34)[0x740cc0320314]
[node1:1600431] [15] /home/hpc/hpcx/hpcx-v2.24-gcc-doca_ofed-ubuntu24.04-cuda13-x86_64/ompi/lib/libopen-pal.so.40(ompi_sync_wait_mt+0x115)[0x740cc0326b15]
[node1:1600431] [16] /home/hpc/hpcx/hpcx-v2.24-gcc-doca_ofed-ubuntu24.04-cuda13-x86_64/ompi/lib/libmpi.so.40(ompi_request_default_wait+0x24b)[0x740cf913203b]
[node1:1600431] [17] /home/hpc/hpcx/hpcx-v2.24-gcc-doca_ofed-ubuntu24.04-cuda13-x86_64/ompi/lib/libmpi.so.40(PMPI_Wait+0x1e)[0x740cf915ee9e]
[node1:1600431] [18] ./xhpl_mxp-nvidia[0x50eac7]
[node1:1600431] [19] ./xhpl_mxp-nvidia[0x4dc7d3]
[node1:1600431] [20] ./xhpl_mxp-nvidia[0x4df810]
[node1:1600431] [21] ./xhpl_mxp-nvidia[0x4df793]
[node1:1600431] [22] ./xhpl_mxp-nvidia[0x4df703]
[node1:1600431] [23] ./xhpl_mxp-nvidia[0x4df6bc]
[node1:1600431] [24] ./xhpl_mxp-nvidia[0x4df6a0]
[node1:1600431] [25] ./xhpl_mxp-nvidia[0x5bd493]
[node1:1600431] [26] /usr/lib/x86_64-linux-gnu/libc.so.6(+0x9caa4)[0x740cc009caa4]
[node1:1600431] [27] /usr/lib/x86_64-linux-gnu/libc.so.6(+0x129c6c)[0x740cc0129c6c]
[node1:1600431] *** End of error message ***
[node1:1600432:1:1600470]      cma_ep.c:85   process_vm_writev(pid=1600434 {0x7185a8400000,524288}-->{0x752a86400000,524288}) returned -1: Bad address
==== backtrace (tid:1600470) ====
 0  /usr/lib/x86_64-linux-gnu/libucs.so.0(ucs_handle_error+0x2ec) [0x718609ec964c]
 1  /usr/lib/x86_64-linux-gnu/libucs.so.0(ucs_fatal_error_message+0xb2) [0x718609ec97f2]
 2  /usr/lib/x86_64-linux-gnu/libucs.so.0(ucs_log_default_handler+0x9d3) [0x718609ececc3]
 3  /usr/lib/x86_64-linux-gnu/libucs.so.0(ucs_log_dispatch+0xf6) [0x718609ec76d6]
 4  /usr/lib/x86_64-linux-gnu/ucx/libuct_cma.so.0(+0x3d89) [0x71860a324d89]
 5  /usr/lib/x86_64-linux-gnu/ucx/libuct_cma.so.0(uct_cma_ep_tx+0x2ba) [0x71860a32506a]
 6  /usr/lib/x86_64-linux-gnu/libuct.so.0(uct_scopy_ep_progress_tx+0x77) [0x71860a34d947]
 7  /usr/lib/x86_64-linux-gnu/libucs.so.0(ucs_arbiter_dispatch_nonempty+0x119) [0x718609ebdf09]
 8  /usr/lib/x86_64-linux-gnu/libuct.so.0(uct_scopy_iface_progress+0x88) [0x71860a359be8]
 9  /usr/lib/x86_64-linux-gnu/libucs.so.0(+0x25c18) [0x718609ec3c18]
10  /usr/lib/x86_64-linux-gnu/libucp.so.0(ucp_worker_progress+0x7a) [0x7185f7cf82ca]
11  /home/hpc/hpcx/hpcx-v2.24-gcc-doca_ofed-ubuntu24.04-cuda13-x86_64/ompi/lib/libopen-pal.so.40(opal_progress+0x34) [0x71863a320314]
12  /home/hpc/hpcx/hpcx-v2.24-gcc-doca_ofed-ubuntu24.04-cuda13-x86_64/ompi/lib/libopen-pal.so.40(ompi_sync_wait_mt+0x115) [0x71863a326b15]
13  /home/hpc/hpcx/hpcx-v2.24-gcc-doca_ofed-ubuntu24.04-cuda13-x86_64/ompi/lib/libmpi.so.40(ompi_request_default_wait+0x24b) [0x71864e32603b]
14  /home/hpc/hpcx/hpcx-v2.24-gcc-doca_ofed-ubuntu24.04-cuda13-x86_64/ompi/lib/libmpi.so.40(PMPI_Wait+0x1e) [0x71864e352e9e]
15  ./xhpl_mxp-nvidia() [0x50eac7]
16  ./xhpl_mxp-nvidia() [0x4dc7d3]
17  ./xhpl_mxp-nvidia() [0x4df810]
18  ./xhpl_mxp-nvidia() [0x4df793]
19  ./xhpl_mxp-nvidia() [0x4df703]
20  ./xhpl_mxp-nvidia() [0x4df6bc]
21  ./xhpl_mxp-nvidia() [0x4df6a0]
22  ./xhpl_mxp-nvidia() [0x5bd493]
23  /usr/lib/x86_64-linux-gnu/libc.so.6(+0x9caa4) [0x718609c9caa4]
24  /usr/lib/x86_64-linux-gnu/libc.so.6(+0x129c6c) [0x718609d29c6c]
=================================
[node1:1600432] *** Process received signal ***
[node1:1600432] Signal: Aborted (6)
[node1:1600432] Signal code:  (-6)
[node1:1600432] [ 0] /usr/lib/x86_64-linux-gnu/libc.so.6(+0x45330)[0x718609c45330]
[node1:1600432] [ 1] /usr/lib/x86_64-linux-gnu/libc.so.6(pthread_kill+0x11c)[0x718609c9eb2c]
[node1:1600432] [ 2] /usr/lib/x86_64-linux-gnu/libc.so.6(gsignal+0x1e)[0x718609c4527e]
[node1:1600432] [ 3] /usr/lib/x86_64-linux-gnu/libc.so.6(abort+0xdf)[0x718609c288ff]
[node1:1600432] [ 4] /usr/lib/x86_64-linux-gnu/libucs.so.0(+0x2b7f7)[0x718609ec97f7]
[node1:1600432] [ 5] /usr/lib/x86_64-linux-gnu/libucs.so.0(ucs_log_default_handler+0x9d3)[0x718609ececc3]
[node1:1600432] [ 6] /usr/lib/x86_64-linux-gnu/libucs.so.0(ucs_log_dispatch+0xf6)[0x718609ec76d6]
[node1:1600432] [ 7] /usr/lib/x86_64-linux-gnu/ucx/libuct_cma.so.0(+0x3d89)[0x71860a324d89]
[node1:1600432] [ 8] /usr/lib/x86_64-linux-gnu/ucx/libuct_cma.so.0(uct_cma_ep_tx+0x2ba)[0x71860a32506a]
[node1:1600432] [ 9] /usr/lib/x86_64-linux-gnu/libuct.so.0(uct_scopy_ep_progress_tx+0x77)[0x71860a34d947]
[node1:1600432] [10] /usr/lib/x86_64-linux-gnu/libucs.so.0(ucs_arbiter_dispatch_nonempty+0x119)[0x718609ebdf09]
[node1:1600432] [11] /usr/lib/x86_64-linux-gnu/libuct.so.0(uct_scopy_iface_progress+0x88)[0x71860a359be8]
[node1:1600432] [12] /usr/lib/x86_64-linux-gnu/libucs.so.0(+0x25c18)[0x718609ec3c18]
[node1:1600432] [13] /usr/lib/x86_64-linux-gnu/libucp.so.0(ucp_worker_progress+0x7a)[0x7185f7cf82ca]
[node1:1600432] [14] /home/hpc/hpcx/hpcx-v2.24-gcc-doca_ofed-ubuntu24.04-cuda13-x86_64/ompi/lib/libopen-pal.so.40(opal_progress+0x34)[0x71863a320314]
[node1:1600432] [15] /home/hpc/hpcx/hpcx-v2.24-gcc-doca_ofed-ubuntu24.04-cuda13-x86_64/ompi/lib/libopen-pal.so.40(ompi_sync_wait_mt+0x115)[0x71863a326b15]
[node1:1600432] [16] /home/hpc/hpcx/hpcx-v2.24-gcc-doca_ofed-ubuntu24.04-cuda13-x86_64/ompi/lib/libmpi.so.40(ompi_request_default_wait+0x24b)[0x71864e32603b]
[node1:1600432] [17] /home/hpc/hpcx/hpcx-v2.24-gcc-doca_ofed-ubuntu24.04-cuda13-x86_64/ompi/lib/libmpi.so.40(PMPI_Wait+0x1e)[0x71864e352e9e]
[node1:1600432] [18] ./xhpl_mxp-nvidia[0x50eac7]
[node1:1600432] [19] ./xhpl_mxp-nvidia[0x4dc7d3]
[node1:1600432] [20] ./xhpl_mxp-nvidia[0x4df810]
[node1:1600432] [21] ./xhpl_mxp-nvidia[0x4df793]
[node1:1600432] [22] ./xhpl_mxp-nvidia[0x4df703]
[node1:1600432] [23] ./xhpl_mxp-nvidia[0x4df6bc]
[node1:1600432] [24] ./xhpl_mxp-nvidia[0x4df6a0]
[node1:1600432] [25] ./xhpl_mxp-nvidia[0x5bd493]
[node1:1600432] [26] /usr/lib/x86_64-linux-gnu/libc.so.6(+0x9caa4)[0x718609c9caa4]
[node1:1600432] [27] /usr/lib/x86_64-linux-gnu/libc.so.6(+0x129c6c)[0x718609d29c6c]
[node1:1600432] *** End of error message ***
--------------------------------------------------------------------------
Primary job  terminated normally, but 1 process returned
a non-zero exit code. Per user-direction, the job has been aborted.
--------------------------------------------------------------------------
--------------------------------------------------------------------------
mpirun noticed that process rank 0 with PID 1600431 on node node1 exited on signal 6 (Aborted).
--------------------------------------------------------------------------
