[1759454678.310737] [node1:1458203:0]           ib_md.c:1190 UCX  WARN  mlx5_0: relaxed order memory access requested, but unsupported
[1759454678.457767] [node1:1458205:0]           ib_md.c:1190 UCX  WARN  mlx5_0: relaxed order memory access requested, but unsupported
[1759454678.589471] [node1:1458267:0]           ib_md.c:1190 UCX  WARN  mlx5_0: relaxed order memory access requested, but unsupported
[1759454678.672674] [node1:1458241:0]           ib_md.c:1190 UCX  WARN  mlx5_0: relaxed order memory access requested, but unsupported
[1759454678.700768] [node1:1458274:0]           ib_md.c:1190 UCX  WARN  mlx5_0: relaxed order memory access requested, but unsupported
[1759454678.723502] [node1:1458202:0]           ib_md.c:1190 UCX  WARN  mlx5_0: relaxed order memory access requested, but unsupported
[1759454678.730154] [node1:1458204:0]           ib_md.c:1190 UCX  WARN  mlx5_0: relaxed order memory access requested, but unsupported
[1759454678.738310] [node1:1458199:0]           ib_md.c:1190 UCX  WARN  mlx5_0: relaxed order memory access requested, but unsupported
[1759454678.740728] [node1:1458216:0]           ib_md.c:1190 UCX  WARN  mlx5_0: relaxed order memory access requested, but unsupported
[1759454678.756540] [node1:1458222:0]           ib_md.c:1190 UCX  WARN  mlx5_0: relaxed order memory access requested, but unsupported
[1759454678.847693] [node1:1458283:0]           ib_md.c:1190 UCX  WARN  mlx5_0: relaxed order memory access requested, but unsupported
[1759454678.851611] [node1:1458219:0]           ib_md.c:1190 UCX  WARN  mlx5_0: relaxed order memory access requested, but unsupported
[1759454678.874654] [node1:1458235:0]           ib_md.c:1190 UCX  WARN  mlx5_0: relaxed order memory access requested, but unsupported
[1759454678.892272] [node1:1458293:0]           ib_md.c:1190 UCX  WARN  mlx5_0: relaxed order memory access requested, but unsupported
[1759454678.916483] [node1:1458210:0]           ib_md.c:1190 UCX  WARN  mlx5_0: relaxed order memory access requested, but unsupported
[1759454678.925640] [node1:1458255:0]           ib_md.c:1190 UCX  WARN  mlx5_0: relaxed order memory access requested, but unsupported
[1759454678.925742] [node1:1458271:0]           ib_md.c:1190 UCX  WARN  mlx5_0: relaxed order memory access requested, but unsupported
[1759454678.939903] [node1:1458278:0]           ib_md.c:1190 UCX  WARN  mlx5_0: relaxed order memory access requested, but unsupported
[1759454678.944217] [node1:1458217:0]           ib_md.c:1190 UCX  WARN  mlx5_0: relaxed order memory access requested, but unsupported
[1759454678.950590] [node1:1458211:0]           ib_md.c:1190 UCX  WARN  mlx5_0: relaxed order memory access requested, but unsupported
[1759454678.964610] [node1:1458275:0]           ib_md.c:1190 UCX  WARN  mlx5_0: relaxed order memory access requested, but unsupported
[1759454678.971297] [node1:1458225:0]           ib_md.c:1190 UCX  WARN  mlx5_0: relaxed order memory access requested, but unsupported
[1759454678.971926] [node1:1458231:0]           ib_md.c:1190 UCX  WARN  mlx5_0: relaxed order memory access requested, but unsupported
[1759454678.972772] [node1:1458287:0]           ib_md.c:1190 UCX  WARN  mlx5_0: relaxed order memory access requested, but unsupported
[1759454678.974638] [node1:1458276:0]           ib_md.c:1190 UCX  WARN  mlx5_0: relaxed order memory access requested, but unsupported
[1759454678.979012] [node1:1458200:0]           ib_md.c:1190 UCX  WARN  mlx5_0: relaxed order memory access requested, but unsupported
[1759454678.985106] [node1:1458201:0]           ib_md.c:1190 UCX  WARN  mlx5_0: relaxed order memory access requested, but unsupported
[1759454679.005133] [node1:1458288:0]           ib_md.c:1190 UCX  WARN  mlx5_0: relaxed order memory access requested, but unsupported
[1759454679.034196] [node1:1458212:0]           ib_md.c:1190 UCX  WARN  mlx5_0: relaxed order memory access requested, but unsupported
[1759454679.057705] [node1:1458244:0]           ib_md.c:1190 UCX  WARN  mlx5_0: relaxed order memory access requested, but unsupported
[1759454679.072953] [node1:1458297:0]           ib_md.c:1190 UCX  WARN  mlx5_0: relaxed order memory access requested, but unsupported
[1759454679.109667] [node1:1458251:0]           ib_md.c:1190 UCX  WARN  mlx5_0: relaxed order memory access requested, but unsupported
[1759454679.352471] [node1:1458204:0]           ib_md.c:1190 UCX  WARN  mlx5_0: relaxed order memory access requested, but unsupported
[1759454679.358803] [node1:1458205:0]           ib_md.c:1190 UCX  WARN  mlx5_0: relaxed order memory access requested, but unsupported
[1759454679.362330] [node1:1458267:0]           ib_md.c:1190 UCX  WARN  mlx5_0: relaxed order memory access requested, but unsupported
[1759454679.362889] [node1:1458203:0]           ib_md.c:1190 UCX  WARN  mlx5_0: relaxed order memory access requested, but unsupported
[1759454679.366658] [node1:1458200:0]           ib_md.c:1190 UCX  WARN  mlx5_0: relaxed order memory access requested, but unsupported
[1759454679.368099] [node1:1458216:0]           ib_md.c:1190 UCX  WARN  mlx5_0: relaxed order memory access requested, but unsupported
[1759454679.368282] [node1:1458274:0]           ib_md.c:1190 UCX  WARN  mlx5_0: relaxed order memory access requested, but unsupported
[1759454679.368296] [node1:1458297:0]           ib_md.c:1190 UCX  WARN  mlx5_0: relaxed order memory access requested, but unsupported
[1759454679.369313] [node1:1458222:0]           ib_md.c:1190 UCX  WARN  mlx5_0: relaxed order memory access requested, but unsupported
[1759454679.369963] [node1:1458235:0]           ib_md.c:1190 UCX  WARN  mlx5_0: relaxed order memory access requested, but unsupported
[1759454679.370459] [node1:1458276:0]           ib_md.c:1190 UCX  WARN  mlx5_0: relaxed order memory access requested, but unsupported
[1759454679.370702] [node1:1458278:0]           ib_md.c:1190 UCX  WARN  mlx5_0: relaxed order memory access requested, but unsupported
[1759454679.370777] [node1:1458255:0]           ib_md.c:1190 UCX  WARN  mlx5_0: relaxed order memory access requested, but unsupported
[1759454679.372677] [node1:1458199:0]           ib_md.c:1190 UCX  WARN  mlx5_0: relaxed order memory access requested, but unsupported
[1759454679.373883] [node1:1458219:0]           ib_md.c:1190 UCX  WARN  mlx5_0: relaxed order memory access requested, but unsupported
[1759454679.373930] [node1:1458210:0]           ib_md.c:1190 UCX  WARN  mlx5_0: relaxed order memory access requested, but unsupported
[1759454679.374053] [node1:1458202:0]           ib_md.c:1190 UCX  WARN  mlx5_0: relaxed order memory access requested, but unsupported
[1759454679.374275] [node1:1458251:0]           ib_md.c:1190 UCX  WARN  mlx5_0: relaxed order memory access requested, but unsupported
[1759454679.374380] [node1:1458212:0]           ib_md.c:1190 UCX  WARN  mlx5_0: relaxed order memory access requested, but unsupported
[1759454679.374416] [node1:1458211:0]           ib_md.c:1190 UCX  WARN  mlx5_0: relaxed order memory access requested, but unsupported
[1759454679.374822] [node1:1458287:0]           ib_md.c:1190 UCX  WARN  mlx5_0: relaxed order memory access requested, but unsupported
[1759454679.375033] [node1:1458293:0]           ib_md.c:1190 UCX  WARN  mlx5_0: relaxed order memory access requested, but unsupported
[1759454679.375046] [node1:1458241:0]           ib_md.c:1190 UCX  WARN  mlx5_0: relaxed order memory access requested, but unsupported
[1759454679.375405] [node1:1458271:0]           ib_md.c:1190 UCX  WARN  mlx5_0: relaxed order memory access requested, but unsupported
[1759454679.375414] [node1:1458244:0]           ib_md.c:1190 UCX  WARN  mlx5_0: relaxed order memory access requested, but unsupported
[1759454679.375422] [node1:1458231:0]           ib_md.c:1190 UCX  WARN  mlx5_0: relaxed order memory access requested, but unsupported
[1759454679.375475] [node1:1458217:0]           ib_md.c:1190 UCX  WARN  mlx5_0: relaxed order memory access requested, but unsupported
[1759454679.375638] [node1:1458201:0]           ib_md.c:1190 UCX  WARN  mlx5_0: relaxed order memory access requested, but unsupported
[1759454679.376015] [node1:1458288:0]           ib_md.c:1190 UCX  WARN  mlx5_0: relaxed order memory access requested, but unsupported
[1759454679.376485] [node1:1458283:0]           ib_md.c:1190 UCX  WARN  mlx5_0: relaxed order memory access requested, but unsupported
[1759454679.376489] [node1:1458225:0]           ib_md.c:1190 UCX  WARN  mlx5_0: relaxed order memory access requested, but unsupported
[1759454679.376604] [node1:1458275:0]           ib_md.c:1190 UCX  WARN  mlx5_0: relaxed order memory access requested, but unsupported
[1759454679.459579] [node1:1458267:0]           ib_md.c:1190 UCX  WARN  mlx5_0: relaxed order memory access requested, but unsupported
[1759454679.463410] [node1:1458255:0]           ib_md.c:1190 UCX  WARN  mlx5_0: relaxed order memory access requested, but unsupported
[1759454679.464391] [node1:1458274:0]           ib_md.c:1190 UCX  WARN  mlx5_0: relaxed order memory access requested, but unsupported
[1759454679.464651] [node1:1458271:0]           ib_md.c:1190 UCX  WARN  mlx5_0: relaxed order memory access requested, but unsupported
[1759454679.467163] [node1:1458204:0]           ib_md.c:1190 UCX  WARN  mlx5_0: relaxed order memory access requested, but unsupported
[1759454679.467232] [node1:1458203:0]           ib_md.c:1190 UCX  WARN  mlx5_0: relaxed order memory access requested, but unsupported
[1759454679.468315] [node1:1458205:0]           ib_md.c:1190 UCX  WARN  mlx5_0: relaxed order memory access requested, but unsupported
[1759454679.468479] [node1:1458210:0]           ib_md.c:1190 UCX  WARN  mlx5_0: relaxed order memory access requested, but unsupported
[1759454679.471564] [node1:1458216:0]           ib_md.c:1190 UCX  WARN  mlx5_0: relaxed order memory access requested, but unsupported
[1759454679.475192] [node1:1458222:0]           ib_md.c:1190 UCX  WARN  mlx5_0: relaxed order memory access requested, but unsupported
[1759454679.478052] [node1:1458219:0]           ib_md.c:1190 UCX  WARN  mlx5_0: relaxed order memory access requested, but unsupported
[1759454679.491177] [node1:1458276:0]           ib_md.c:1190 UCX  WARN  mlx5_0: relaxed order memory access requested, but unsupported
[1759454679.491608] [node1:1458202:0]           ib_md.c:1190 UCX  WARN  mlx5_0: relaxed order memory access requested, but unsupported
[1759454679.492554] [node1:1458200:0]           ib_md.c:1190 UCX  WARN  mlx5_0: relaxed order memory access requested, but unsupported
[1759454679.495096] [node1:1458231:0]           ib_md.c:1190 UCX  WARN  mlx5_0: relaxed order memory access requested, but unsupported
[1759454679.495270] [node1:1458212:0]           ib_md.c:1190 UCX  WARN  mlx5_0: relaxed order memory access requested, but unsupported
[1759454679.497423] [node1:1458217:0]           ib_md.c:1190 UCX  WARN  mlx5_0: relaxed order memory access requested, but unsupported
[1759454679.501551] [node1:1458288:0]           ib_md.c:1190 UCX  WARN  mlx5_0: relaxed order memory access requested, but unsupported
[1759454679.502104] [node1:1458251:0]           ib_md.c:1190 UCX  WARN  mlx5_0: relaxed order memory access requested, but unsupported
[1759454679.502168] [node1:1458293:0]           ib_md.c:1190 UCX  WARN  mlx5_0: relaxed order memory access requested, but unsupported
[1759454679.502207] [node1:1458241:0]           ib_md.c:1190 UCX  WARN  mlx5_0: relaxed order memory access requested, but unsupported
[1759454679.502210] [node1:1458287:0]           ib_md.c:1190 UCX  WARN  mlx5_0: relaxed order memory access requested, but unsupported
[1759454679.502247] [node1:1458297:0]           ib_md.c:1190 UCX  WARN  mlx5_0: relaxed order memory access requested, but unsupported
[1759454679.502787] [node1:1458278:0]           ib_md.c:1190 UCX  WARN  mlx5_0: relaxed order memory access requested, but unsupported
[1759454679.502817] [node1:1458211:0]           ib_md.c:1190 UCX  WARN  mlx5_0: relaxed order memory access requested, but unsupported
[1759454679.502945] [node1:1458244:0]           ib_md.c:1190 UCX  WARN  mlx5_0: relaxed order memory access requested, but unsupported
[1759454679.503004] [node1:1458201:0]           ib_md.c:1190 UCX  WARN  mlx5_0: relaxed order memory access requested, but unsupported
[1759454679.503318] [node1:1458235:0]           ib_md.c:1190 UCX  WARN  mlx5_0: relaxed order memory access requested, but unsupported
[1759454679.503379] [node1:1458275:0]           ib_md.c:1190 UCX  WARN  mlx5_0: relaxed order memory access requested, but unsupported
[1759454679.503565] [node1:1458283:0]           ib_md.c:1190 UCX  WARN  mlx5_0: relaxed order memory access requested, but unsupported
[1759454679.504193] [node1:1458199:0]           ib_md.c:1190 UCX  WARN  mlx5_0: relaxed order memory access requested, but unsupported
[1759454679.504186] [node1:1458225:0]           ib_md.c:1190 UCX  WARN  mlx5_0: relaxed order memory access requested, but unsupported
[1759454679.634127] [node1:1458267:0]           ib_md.c:1190 UCX  WARN  mlx5_0: relaxed order memory access requested, but unsupported
[1759454679.639160] [node1:1458274:0]           ib_md.c:1190 UCX  WARN  mlx5_0: relaxed order memory access requested, but unsupported
[1759454679.639282] [node1:1458271:0]           ib_md.c:1190 UCX  WARN  mlx5_0: relaxed order memory access requested, but unsupported
[1759454679.640412] [node1:1458255:0]           ib_md.c:1190 UCX  WARN  mlx5_0: relaxed order memory access requested, but unsupported
[1759454679.646325] [node1:1458211:0]           ib_md.c:1190 UCX  WARN  mlx5_0: relaxed order memory access requested, but unsupported
[1759454679.646451] [node1:1458217:0]           ib_md.c:1190 UCX  WARN  mlx5_0: relaxed order memory access requested, but unsupported
[1759454679.647497] [node1:1458212:0]           ib_md.c:1190 UCX  WARN  mlx5_0: relaxed order memory access requested, but unsupported
[1759454679.647647] [node1:1458216:0]           ib_md.c:1190 UCX  WARN  mlx5_0: relaxed order memory access requested, but unsupported
[1759454679.650690] [node1:1458203:0]           ib_md.c:1190 UCX  WARN  mlx5_0: relaxed order memory access requested, but unsupported
[1759454679.650762] [node1:1458204:0]           ib_md.c:1190 UCX  WARN  mlx5_0: relaxed order memory access requested, but unsupported
[1759454679.652608] [node1:1458222:0]           ib_md.c:1190 UCX  WARN  mlx5_0: relaxed order memory access requested, but unsupported
[1759454679.653024] [node1:1458210:0]           ib_md.c:1190 UCX  WARN  mlx5_0: relaxed order memory access requested, but unsupported
[1759454679.653265] [node1:1458219:0]           ib_md.c:1190 UCX  WARN  mlx5_0: relaxed order memory access requested, but unsupported
[1759454679.654884] [node1:1458231:0]           ib_md.c:1190 UCX  WARN  mlx5_0: relaxed order memory access requested, but unsupported
[1759454679.655027] [node1:1458225:0]           ib_md.c:1190 UCX  WARN  mlx5_0: relaxed order memory access requested, but unsupported
[1759454679.656042] [node1:1458205:0]           ib_md.c:1190 UCX  WARN  mlx5_0: relaxed order memory access requested, but unsupported
[1759454679.661523] [node1:1458288:0]           ib_md.c:1190 UCX  WARN  mlx5_0: relaxed order memory access requested, but unsupported
[1759454679.664709] [node1:1458293:0]           ib_md.c:1190 UCX  WARN  mlx5_0: relaxed order memory access requested, but unsupported
[1759454679.675609] [node1:1458275:0]           ib_md.c:1190 UCX  WARN  mlx5_0: relaxed order memory access requested, but unsupported
[1759454679.676596] [node1:1458199:0]           ib_md.c:1190 UCX  WARN  mlx5_0: relaxed order memory access requested, but unsupported
[1759454679.678911] [node1:1458200:0]           ib_md.c:1190 UCX  WARN  mlx5_0: relaxed order memory access requested, but unsupported
[1759454679.680199] [node1:1458287:0]           ib_md.c:1190 UCX  WARN  mlx5_0: relaxed order memory access requested, but unsupported
[1759454679.680294] [node1:1458278:0]           ib_md.c:1190 UCX  WARN  mlx5_0: relaxed order memory access requested, but unsupported
[1759454679.681424] [node1:1458276:0]           ib_md.c:1190 UCX  WARN  mlx5_0: relaxed order memory access requested, but unsupported
[1759454679.681530] [node1:1458251:0]           ib_md.c:1190 UCX  WARN  mlx5_0: relaxed order memory access requested, but unsupported
[1759454679.682333] [node1:1458241:0]           ib_md.c:1190 UCX  WARN  mlx5_0: relaxed order memory access requested, but unsupported
[1759454679.682435] [node1:1458283:0]           ib_md.c:1190 UCX  WARN  mlx5_0: relaxed order memory access requested, but unsupported
[1759454679.682620] [node1:1458244:0]           ib_md.c:1190 UCX  WARN  mlx5_0: relaxed order memory access requested, but unsupported
[1759454679.683257] [node1:1458235:0]           ib_md.c:1190 UCX  WARN  mlx5_0: relaxed order memory access requested, but unsupported
[1759454679.683522] [node1:1458201:0]           ib_md.c:1190 UCX  WARN  mlx5_0: relaxed order memory access requested, but unsupported
[1759454679.683619] [node1:1458202:0]           ib_md.c:1190 UCX  WARN  mlx5_0: relaxed order memory access requested, but unsupported
[1759454679.683857] [node1:1458297:0]           ib_md.c:1190 UCX  WARN  mlx5_0: relaxed order memory access requested, but unsupported
================================================================================
HPLinpack 2.3  --  High-Performance Linpack benchmark  --   December 2, 2018
Written by A. Petitet and R. Clint Whaley,  Innovative Computing Laboratory, UTK
Modified by Piotr Luszczek, Innovative Computing Laboratory, UTK
Modified by Julien Langou, University of Colorado Denver
================================================================================

An explanation of the input/output parameters follows:
T/V    : Wall time / encoded variant.
N      : The order of the coefficient matrix A.
NB     : The partitioning blocking factor.
P      : The number of process rows.
Q      : The number of process columns.
Time   : Time in seconds to solve the linear system.
Gflops : Rate of execution for solving the linear system.

The following parameter values will be used:

N      :   10000 
NB     :     128 
PMAP   : Row-major process mapping
P      :       4 
Q      :       8 
PFACT  :    Left    Crout    Right 
NBMIN  :       2        4 
NDIV   :       2 
RFACT  :    Left    Crout    Right 
BCAST  :   2ring 
DEPTH  :       1 
SWAP   : Mix (threshold = 64)
L1     : transposed form
U      : transposed form
EQUIL  : yes
ALIGN  : 8 double precision words

--------------------------------------------------------------------------------

- The matrix A is randomly generated for each test.
- The following scaled residual check will be computed:
      ||Ax-b||_oo / ( eps * ( || x ||_oo * || A ||_oo + || b ||_oo ) * N )
- The relative machine precision (eps) is taken to be               1.110223e-16
- Computational tests pass if scaled residuals are less than                16.0

================================================================================
T/V                N    NB     P     Q               Time                 Gflops
--------------------------------------------------------------------------------
WR12L2L2       10000   128     4     8               0.95             7.0197e+02
HPL_pdgesv() start time Fri Oct  3 01:24:40 2025

HPL_pdgesv() end time   Fri Oct  3 01:24:41 2025

--------------------------------------------------------------------------------
||Ax-b||_oo/(eps*(||A||_oo*||x||_oo+||b||_oo)*N)=   1.91191186e-03 ...... PASSED
================================================================================
T/V                N    NB     P     Q               Time                 Gflops
--------------------------------------------------------------------------------
WR12L2L4       10000   128     4     8               0.93             7.1821e+02
HPL_pdgesv() start time Fri Oct  3 01:24:41 2025

HPL_pdgesv() end time   Fri Oct  3 01:24:42 2025

--------------------------------------------------------------------------------
||Ax-b||_oo/(eps*(||A||_oo*||x||_oo+||b||_oo)*N)=   1.91296185e-03 ...... PASSED
================================================================================
T/V                N    NB     P     Q               Time                 Gflops
--------------------------------------------------------------------------------
WR12L2C2       10000   128     4     8               0.92             7.2275e+02
HPL_pdgesv() start time Fri Oct  3 01:24:42 2025

HPL_pdgesv() end time   Fri Oct  3 01:24:43 2025

--------------------------------------------------------------------------------
||Ax-b||_oo/(eps*(||A||_oo*||x||_oo+||b||_oo)*N)=   1.70883106e-03 ...... PASSED
================================================================================
T/V                N    NB     P     Q               Time                 Gflops
--------------------------------------------------------------------------------
WR12L2C4       10000   128     4     8               0.91             7.3398e+02
HPL_pdgesv() start time Fri Oct  3 01:24:43 2025

HPL_pdgesv() end time   Fri Oct  3 01:24:44 2025

--------------------------------------------------------------------------------
||Ax-b||_oo/(eps*(||A||_oo*||x||_oo+||b||_oo)*N)=   2.09084285e-03 ...... PASSED
================================================================================
T/V                N    NB     P     Q               Time                 Gflops
--------------------------------------------------------------------------------
WR12L2R2       10000   128     4     8               0.93             7.1396e+02
HPL_pdgesv() start time Fri Oct  3 01:24:44 2025

HPL_pdgesv() end time   Fri Oct  3 01:24:45 2025

--------------------------------------------------------------------------------
||Ax-b||_oo/(eps*(||A||_oo*||x||_oo+||b||_oo)*N)=   1.95632035e-03 ...... PASSED
================================================================================
T/V                N    NB     P     Q               Time                 Gflops
--------------------------------------------------------------------------------
WR12L2R4       10000   128     4     8               0.90             7.3808e+02
HPL_pdgesv() start time Fri Oct  3 01:24:46 2025

HPL_pdgesv() end time   Fri Oct  3 01:24:47 2025

--------------------------------------------------------------------------------
||Ax-b||_oo/(eps*(||A||_oo*||x||_oo+||b||_oo)*N)=   2.03574915e-03 ...... PASSED
================================================================================
T/V                N    NB     P     Q               Time                 Gflops
--------------------------------------------------------------------------------
WR12C2L2       10000   128     4     8               0.91             7.3567e+02
HPL_pdgesv() start time Fri Oct  3 01:24:47 2025

HPL_pdgesv() end time   Fri Oct  3 01:24:48 2025

--------------------------------------------------------------------------------
||Ax-b||_oo/(eps*(||A||_oo*||x||_oo+||b||_oo)*N)=   1.70012230e-03 ...... PASSED
================================================================================
T/V                N    NB     P     Q               Time                 Gflops
--------------------------------------------------------------------------------
WR12C2L4       10000   128     4     8               0.93             7.1394e+02
HPL_pdgesv() start time Fri Oct  3 01:24:48 2025

HPL_pdgesv() end time   Fri Oct  3 01:24:49 2025

--------------------------------------------------------------------------------
||Ax-b||_oo/(eps*(||A||_oo*||x||_oo+||b||_oo)*N)=   1.65416971e-03 ...... PASSED
================================================================================
T/V                N    NB     P     Q               Time                 Gflops
--------------------------------------------------------------------------------
WR12C2C2       10000   128     4     8               0.92             7.2437e+02
HPL_pdgesv() start time Fri Oct  3 01:24:49 2025

HPL_pdgesv() end time   Fri Oct  3 01:24:50 2025

--------------------------------------------------------------------------------
||Ax-b||_oo/(eps*(||A||_oo*||x||_oo+||b||_oo)*N)=   1.90233841e-03 ...... PASSED
================================================================================
T/V                N    NB     P     Q               Time                 Gflops
--------------------------------------------------------------------------------
WR12C2C4       10000   128     4     8               0.90             7.4422e+02
HPL_pdgesv() start time Fri Oct  3 01:24:50 2025

HPL_pdgesv() end time   Fri Oct  3 01:24:51 2025

--------------------------------------------------------------------------------
||Ax-b||_oo/(eps*(||A||_oo*||x||_oo+||b||_oo)*N)=   2.17064224e-03 ...... PASSED
================================================================================
T/V                N    NB     P     Q               Time                 Gflops
--------------------------------------------------------------------------------
WR12C2R2       10000   128     4     8               0.91             7.2879e+02
HPL_pdgesv() start time Fri Oct  3 01:24:52 2025

HPL_pdgesv() end time   Fri Oct  3 01:24:53 2025

--------------------------------------------------------------------------------
||Ax-b||_oo/(eps*(||A||_oo*||x||_oo+||b||_oo)*N)=   1.78720987e-03 ...... PASSED
================================================================================
T/V                N    NB     P     Q               Time                 Gflops
--------------------------------------------------------------------------------
WR12C2R4       10000   128     4     8               0.90             7.4131e+02
HPL_pdgesv() start time Fri Oct  3 01:24:53 2025

HPL_pdgesv() end time   Fri Oct  3 01:24:54 2025

--------------------------------------------------------------------------------
||Ax-b||_oo/(eps*(||A||_oo*||x||_oo+||b||_oo)*N)=   2.06070190e-03 ...... PASSED
================================================================================
T/V                N    NB     P     Q               Time                 Gflops
--------------------------------------------------------------------------------
WR12R2L2       10000   128     4     8               0.90             7.4243e+02
HPL_pdgesv() start time Fri Oct  3 01:24:54 2025

HPL_pdgesv() end time   Fri Oct  3 01:24:55 2025

--------------------------------------------------------------------------------
||Ax-b||_oo/(eps*(||A||_oo*||x||_oo+||b||_oo)*N)=   1.61772882e-03 ...... PASSED
================================================================================
T/V                N    NB     P     Q               Time                 Gflops
--------------------------------------------------------------------------------
WR12R2L4       10000   128     4     8               0.90             7.4253e+02
HPL_pdgesv() start time Fri Oct  3 01:24:55 2025

HPL_pdgesv() end time   Fri Oct  3 01:24:56 2025

--------------------------------------------------------------------------------
||Ax-b||_oo/(eps*(||A||_oo*||x||_oo+||b||_oo)*N)=   1.96558498e-03 ...... PASSED
================================================================================
T/V                N    NB     P     Q               Time                 Gflops
--------------------------------------------------------------------------------
WR12R2C2       10000   128     4     8               0.91             7.3407e+02
HPL_pdgesv() start time Fri Oct  3 01:24:56 2025

HPL_pdgesv() end time   Fri Oct  3 01:24:57 2025

--------------------------------------------------------------------------------
||Ax-b||_oo/(eps*(||A||_oo*||x||_oo+||b||_oo)*N)=   2.02784333e-03 ...... PASSED
================================================================================
T/V                N    NB     P     Q               Time                 Gflops
--------------------------------------------------------------------------------
WR12R2C4       10000   128     4     8               0.89             7.4964e+02
HPL_pdgesv() start time Fri Oct  3 01:24:58 2025

HPL_pdgesv() end time   Fri Oct  3 01:24:58 2025

--------------------------------------------------------------------------------
||Ax-b||_oo/(eps*(||A||_oo*||x||_oo+||b||_oo)*N)=   1.80944500e-03 ...... PASSED
================================================================================
T/V                N    NB     P     Q               Time                 Gflops
--------------------------------------------------------------------------------
WR12R2R2       10000   128     4     8               0.90             7.3950e+02
HPL_pdgesv() start time Fri Oct  3 01:24:59 2025

HPL_pdgesv() end time   Fri Oct  3 01:25:00 2025

--------------------------------------------------------------------------------
||Ax-b||_oo/(eps*(||A||_oo*||x||_oo+||b||_oo)*N)=   2.08491348e-03 ...... PASSED
================================================================================
T/V                N    NB     P     Q               Time                 Gflops
--------------------------------------------------------------------------------
WR12R2R4       10000   128     4     8               0.91             7.3547e+02
HPL_pdgesv() start time Fri Oct  3 01:25:00 2025

HPL_pdgesv() end time   Fri Oct  3 01:25:01 2025

--------------------------------------------------------------------------------
||Ax-b||_oo/(eps*(||A||_oo*||x||_oo+||b||_oo)*N)=   1.71358691e-03 ...... PASSED
================================================================================

Finished     18 tests with the following results:
             18 tests completed and passed residual checks,
              0 tests completed and failed residual checks,
              0 tests skipped because of illegal input values.
--------------------------------------------------------------------------------

End of Tests.
================================================================================
