[1758601731.477891] [node3:287274:0]     ucp_context.c:2137 UCX  WARN  UCP API version is incompatible: required >= 1.19, actual 1.16.0 (loaded from /usr/lib/x86_64-linux-gnu/libucp.so.0)
[1758601731.472798] [node2:329944:0]     ucp_context.c:2137 UCX  WARN  UCP API version is incompatible: required >= 1.19, actual 1.16.0 (loaded from /usr/lib/x86_64-linux-gnu/libucp.so.0)
[1758601731.472923] [node2:329946:0]     ucp_context.c:2137 UCX  WARN  UCP API version is incompatible: required >= 1.19, actual 1.16.0 (loaded from /usr/lib/x86_64-linux-gnu/libucp.so.0)
[1758601731.473048] [node2:329945:0]     ucp_context.c:2137 UCX  WARN  UCP API version is incompatible: required >= 1.19, actual 1.16.0 (loaded from /usr/lib/x86_64-linux-gnu/libucp.so.0)
[1758601731.474281] [node2:329947:0]     ucp_context.c:2137 UCX  WARN  UCP API version is incompatible: required >= 1.19, actual 1.16.0 (loaded from /usr/lib/x86_64-linux-gnu/libucp.so.0)
[1758601731.480840] [node3:287275:0]     ucp_context.c:2137 UCX  WARN  UCP API version is incompatible: required >= 1.19, actual 1.16.0 (loaded from /usr/lib/x86_64-linux-gnu/libucp.so.0)
[1758601731.483098] [node4:285201:0]     ucp_context.c:2137 UCX  WARN  UCP API version is incompatible: required >= 1.19, actual 1.16.0 (loaded from /usr/lib/x86_64-linux-gnu/libucp.so.0)
[1758601731.485468] [node1:393265:0]     ucp_context.c:2137 UCX  WARN  UCP API version is incompatible: required >= 1.19, actual 1.16.0 (loaded from /usr/lib/x86_64-linux-gnu/libucp.so.0)
[1758601731.485560] [node1:393264:0]     ucp_context.c:2137 UCX  WARN  UCP API version is incompatible: required >= 1.19, actual 1.16.0 (loaded from /usr/lib/x86_64-linux-gnu/libucp.so.0)
[1758601731.490940] [node4:285203:0]     ucp_context.c:2137 UCX  WARN  UCP API version is incompatible: required >= 1.19, actual 1.16.0 (loaded from /usr/lib/x86_64-linux-gnu/libucp.so.0)
[1758601731.489463] [node3:287274:0]           ib_md.c:1103 UCX  WARN  mlx5_0: relaxed order memory access requested, but unsupported
[1758601731.486023] [node2:329944:0]           ib_md.c:1103 UCX  WARN  mlx5_0: relaxed order memory access requested, but unsupported
[1758601731.486021] [node2:329947:0]           ib_md.c:1103 UCX  WARN  mlx5_0: relaxed order memory access requested, but unsupported
[1758601731.491426] [node3:287275:0]           ib_md.c:1103 UCX  WARN  mlx5_0: relaxed order memory access requested, but unsupported
[1758601731.486143] [node2:329945:0]           ib_md.c:1103 UCX  WARN  mlx5_0: relaxed order memory access requested, but unsupported
[1758601731.491527] [node3:287274:0]     ucp_context.c:1192 UCX  WARN  transports 'cuda_copy','gdr_copy','cuda_ipc' are not available, please use one or more of: cma, dc, dc_mlx5, dc_x, ib, mm, posix, rc, rc_mlx5, rc_v, rc_verbs, rc_x, self, shm, sm, sysv, tcp, ud, ud_mlx5, ud_v, ud_verbs, ud_x
[1758601731.486467] [node2:329946:0]           ib_md.c:1103 UCX  WARN  mlx5_0: relaxed order memory access requested, but unsupported
[1758601731.494318] [node4:285201:0]           ib_md.c:1103 UCX  WARN  mlx5_0: relaxed order memory access requested, but unsupported
[1758601731.493497] [node3:287275:0]     ucp_context.c:1192 UCX  WARN  transports 'cuda_copy','gdr_copy','cuda_ipc' are not available, please use one or more of: cma, dc, dc_mlx5, dc_x, ib, mm, posix, rc, rc_mlx5, rc_v, rc_verbs, rc_x, self, shm, sm, sysv, tcp, ud, ud_mlx5, ud_v, ud_verbs, ud_x
[1758601731.488325] [node2:329944:0]     ucp_context.c:1192 UCX  WARN  transports 'cuda_copy','gdr_copy','cuda_ipc' are not available, please use one or more of: cma, dc, dc_mlx5, dc_x, ib, mm, posix, rc, rc_mlx5, rc_v, rc_verbs, rc_x, self, shm, sm, sysv, tcp, ud, ud_mlx5, ud_v, ud_verbs, ud_x
[1758601731.488354] [node2:329947:0]     ucp_context.c:1192 UCX  WARN  transports 'cuda_copy','gdr_copy','cuda_ipc' are not available, please use one or more of: cma, dc, dc_mlx5, dc_x, ib, mm, posix, rc, rc_mlx5, rc_v, rc_verbs, rc_x, self, shm, sm, sysv, tcp, ud, ud_mlx5, ud_v, ud_verbs, ud_x
[1758601731.488446] [node2:329945:0]     ucp_context.c:1192 UCX  WARN  transports 'cuda_copy','gdr_copy','cuda_ipc' are not available, please use one or more of: cma, dc, dc_mlx5, dc_x, ib, mm, posix, rc, rc_mlx5, rc_v, rc_verbs, rc_x, self, shm, sm, sysv, tcp, ud, ud_mlx5, ud_v, ud_verbs, ud_x
[1758601731.488620] [node2:329946:0]     ucp_context.c:1192 UCX  WARN  transports 'cuda_copy','gdr_copy','cuda_ipc' are not available, please use one or more of: cma, dc, dc_mlx5, dc_x, ib, mm, posix, rc, rc_mlx5, rc_v, rc_verbs, rc_x, self, shm, sm, sysv, tcp, ud, ud_mlx5, ud_v, ud_verbs, ud_x
[1758601731.496694] [node1:393266:0]     ucp_context.c:2137 UCX  WARN  UCP API version is incompatible: required >= 1.19, actual 1.16.0 (loaded from /usr/lib/x86_64-linux-gnu/libucp.so.0)
[1758601731.496339] [node4:285201:0]     ucp_context.c:1192 UCX  WARN  transports 'cuda_copy','gdr_copy','cuda_ipc' are not available, please use one or more of: cma, dc, dc_mlx5, dc_x, ib, mm, posix, rc, rc_mlx5, rc_v, rc_verbs, rc_x, self, shm, sm, sysv, tcp, ud, ud_mlx5, ud_v, ud_verbs, ud_x
[1758601731.498109] [node1:393264:0]           ib_md.c:1103 UCX  WARN  mlx5_0: relaxed order memory access requested, but unsupported
[1758601731.498265] [node1:393265:0]           ib_md.c:1103 UCX  WARN  mlx5_0: relaxed order memory access requested, but unsupported
[1758601731.500087] [node1:393267:0]     ucp_context.c:2137 UCX  WARN  UCP API version is incompatible: required >= 1.19, actual 1.16.0 (loaded from /usr/lib/x86_64-linux-gnu/libucp.so.0)
[1758601731.500255] [node1:393264:0]     ucp_context.c:1192 UCX  WARN  transports 'cuda_copy','gdr_copy','cuda_ipc' are not available, please use one or more of: cma, dc, dc_mlx5, dc_x, ib, mm, posix, rc, rc_mlx5, rc_v, rc_verbs, rc_x, self, shm, sm, sysv, tcp, ud, ud_mlx5, ud_v, ud_verbs, ud_x
[1758601731.500277] [node1:393265:0]     ucp_context.c:1192 UCX  WARN  transports 'cuda_copy','gdr_copy','cuda_ipc' are not available, please use one or more of: cma, dc, dc_mlx5, dc_x, ib, mm, posix, rc, rc_mlx5, rc_v, rc_verbs, rc_x, self, shm, sm, sysv, tcp, ud, ud_mlx5, ud_v, ud_verbs, ud_x
[1758601731.501363] [node4:285203:0]           ib_md.c:1103 UCX  WARN  mlx5_0: relaxed order memory access requested, but unsupported
[1758601731.501370] [node4:285202:0]     ucp_context.c:2137 UCX  WARN  UCP API version is incompatible: required >= 1.19, actual 1.16.0 (loaded from /usr/lib/x86_64-linux-gnu/libucp.so.0)
[1758601731.503399] [node4:285203:0]     ucp_context.c:1192 UCX  WARN  transports 'cuda_copy','gdr_copy','cuda_ipc' are not available, please use one or more of: cma, dc, dc_mlx5, dc_x, ib, mm, posix, rc, rc_mlx5, rc_v, rc_verbs, rc_x, self, shm, sm, sysv, tcp, ud, ud_mlx5, ud_v, ud_verbs, ud_x
[1758601731.502291] [node3:287276:0]     ucp_context.c:2137 UCX  WARN  UCP API version is incompatible: required >= 1.19, actual 1.16.0 (loaded from /usr/lib/x86_64-linux-gnu/libucp.so.0)
[1758601731.507259] [node1:393266:0]           ib_md.c:1103 UCX  WARN  mlx5_0: relaxed order memory access requested, but unsupported
[1758601731.505530] [node3:287277:0]     ucp_context.c:2137 UCX  WARN  UCP API version is incompatible: required >= 1.19, actual 1.16.0 (loaded from /usr/lib/x86_64-linux-gnu/libucp.so.0)
[1758601731.509149] [node1:393266:0]     ucp_context.c:1192 UCX  WARN  transports 'cuda_copy','gdr_copy','cuda_ipc' are not available, please use one or more of: cma, dc, dc_mlx5, dc_x, ib, mm, posix, rc, rc_mlx5, rc_v, rc_verbs, rc_x, self, shm, sm, sysv, tcp, ud, ud_mlx5, ud_v, ud_verbs, ud_x
[1758601731.510033] [node4:285204:0]     ucp_context.c:2137 UCX  WARN  UCP API version is incompatible: required >= 1.19, actual 1.16.0 (loaded from /usr/lib/x86_64-linux-gnu/libucp.so.0)
[1758601731.510935] [node1:393267:0]           ib_md.c:1103 UCX  WARN  mlx5_0: relaxed order memory access requested, but unsupported
[1758601731.511829] [node4:285202:0]           ib_md.c:1103 UCX  WARN  mlx5_0: relaxed order memory access requested, but unsupported
[1758601731.513337] [node1:393267:0]     ucp_context.c:1192 UCX  WARN  transports 'cuda_copy','gdr_copy','cuda_ipc' are not available, please use one or more of: cma, dc, dc_mlx5, dc_x, ib, mm, posix, rc, rc_mlx5, rc_v, rc_verbs, rc_x, self, shm, sm, sysv, tcp, ud, ud_mlx5, ud_v, ud_verbs, ud_x
[1758601731.514708] [node4:285202:0]     ucp_context.c:1192 UCX  WARN  transports 'cuda_copy','gdr_copy','cuda_ipc' are not available, please use one or more of: cma, dc, dc_mlx5, dc_x, ib, mm, posix, rc, rc_mlx5, rc_v, rc_verbs, rc_x, self, shm, sm, sysv, tcp, ud, ud_mlx5, ud_v, ud_verbs, ud_x
[1758601731.513218] [node3:287276:0]           ib_md.c:1103 UCX  WARN  mlx5_0: relaxed order memory access requested, but unsupported
[1758601731.515182] [node3:287276:0]     ucp_context.c:1192 UCX  WARN  transports 'cuda_copy','gdr_copy','cuda_ipc' are not available, please use one or more of: cma, dc, dc_mlx5, dc_x, ib, mm, posix, rc, rc_mlx5, rc_v, rc_verbs, rc_x, self, shm, sm, sysv, tcp, ud, ud_mlx5, ud_v, ud_verbs, ud_x
[1758601731.516150] [node3:287277:0]           ib_md.c:1103 UCX  WARN  mlx5_0: relaxed order memory access requested, but unsupported
[1758601731.518062] [node3:287277:0]     ucp_context.c:1192 UCX  WARN  transports 'cuda_copy','gdr_copy','cuda_ipc' are not available, please use one or more of: cma, dc, dc_mlx5, dc_x, ib, mm, posix, rc, rc_mlx5, rc_v, rc_verbs, rc_x, self, shm, sm, sysv, tcp, ud, ud_mlx5, ud_v, ud_verbs, ud_x
[1758601731.521480] [node4:285204:0]           ib_md.c:1103 UCX  WARN  mlx5_0: relaxed order memory access requested, but unsupported
[1758601731.523358] [node4:285204:0]     ucp_context.c:1192 UCX  WARN  transports 'cuda_copy','gdr_copy','cuda_ipc' are not available, please use one or more of: cma, dc, dc_mlx5, dc_x, ib, mm, posix, rc, rc_mlx5, rc_v, rc_verbs, rc_x, self, shm, sm, sysv, tcp, ud, ud_mlx5, ud_v, ud_verbs, ud_x
[1758601731.540952] [node1:393265:0]     ucp_context.c:2137 UCX  WARN  UCP API version is incompatible: required >= 1.19, actual 1.16.0 (loaded from /usr/lib/x86_64-linux-gnu/libucp.so.0)
[1758601731.540984] [node1:393267:0]     ucp_context.c:2137 UCX  WARN  UCP API version is incompatible: required >= 1.19, actual 1.16.0 (loaded from /usr/lib/x86_64-linux-gnu/libucp.so.0)
[1758601731.541040] [node1:393264:0]     ucp_context.c:2137 UCX  WARN  UCP API version is incompatible: required >= 1.19, actual 1.16.0 (loaded from /usr/lib/x86_64-linux-gnu/libucp.so.0)
[1758601731.541106] [node1:393266:0]     ucp_context.c:2137 UCX  WARN  UCP API version is incompatible: required >= 1.19, actual 1.16.0 (loaded from /usr/lib/x86_64-linux-gnu/libucp.so.0)
[1758601731.539128] [node3:287274:0]     ucp_context.c:2137 UCX  WARN  UCP API version is incompatible: required >= 1.19, actual 1.16.0 (loaded from /usr/lib/x86_64-linux-gnu/libucp.so.0)
[1758601731.540730] [node4:285202:0]     ucp_context.c:2137 UCX  WARN  UCP API version is incompatible: required >= 1.19, actual 1.16.0 (loaded from /usr/lib/x86_64-linux-gnu/libucp.so.0)
[1758601731.540733] [node4:285201:0]     ucp_context.c:2137 UCX  WARN  UCP API version is incompatible: required >= 1.19, actual 1.16.0 (loaded from /usr/lib/x86_64-linux-gnu/libucp.so.0)
[1758601731.540760] [node4:285204:0]     ucp_context.c:2137 UCX  WARN  UCP API version is incompatible: required >= 1.19, actual 1.16.0 (loaded from /usr/lib/x86_64-linux-gnu/libucp.so.0)
[1758601731.539225] [node3:287277:0]     ucp_context.c:2137 UCX  WARN  UCP API version is incompatible: required >= 1.19, actual 1.16.0 (loaded from /usr/lib/x86_64-linux-gnu/libucp.so.0)
[1758601731.539244] [node3:287276:0]     ucp_context.c:2137 UCX  WARN  UCP API version is incompatible: required >= 1.19, actual 1.16.0 (loaded from /usr/lib/x86_64-linux-gnu/libucp.so.0)
[1758601731.533862] [node2:329946:0]     ucp_context.c:2137 UCX  WARN  UCP API version is incompatible: required >= 1.19, actual 1.16.0 (loaded from /usr/lib/x86_64-linux-gnu/libucp.so.0)
[1758601731.533894] [node2:329944:0]     ucp_context.c:2137 UCX  WARN  UCP API version is incompatible: required >= 1.19, actual 1.16.0 (loaded from /usr/lib/x86_64-linux-gnu/libucp.so.0)
[1758601731.540864] [node4:285203:0]     ucp_context.c:2137 UCX  WARN  UCP API version is incompatible: required >= 1.19, actual 1.16.0 (loaded from /usr/lib/x86_64-linux-gnu/libucp.so.0)
[1758601731.533900] [node2:329945:0]     ucp_context.c:2137 UCX  WARN  UCP API version is incompatible: required >= 1.19, actual 1.16.0 (loaded from /usr/lib/x86_64-linux-gnu/libucp.so.0)
[1758601731.539303] [node3:287275:0]     ucp_context.c:2137 UCX  WARN  UCP API version is incompatible: required >= 1.19, actual 1.16.0 (loaded from /usr/lib/x86_64-linux-gnu/libucp.so.0)
[1758601731.533896] [node2:329947:0]     ucp_context.c:2137 UCX  WARN  UCP API version is incompatible: required >= 1.19, actual 1.16.0 (loaded from /usr/lib/x86_64-linux-gnu/libucp.so.0)
[1758601731.550561] [node1:393267:0]           ib_md.c:1103 UCX  WARN  mlx5_0: relaxed order memory access requested, but unsupported
[1758601731.543237] [node2:329946:0]           ib_md.c:1103 UCX  WARN  mlx5_0: relaxed order memory access requested, but unsupported
[1758601731.543281] [node2:329947:0]           ib_md.c:1103 UCX  WARN  mlx5_0: relaxed order memory access requested, but unsupported
[1758601731.548751] [node3:287277:0]           ib_md.c:1103 UCX  WARN  mlx5_0: relaxed order memory access requested, but unsupported
[1758601731.548917] [node3:287274:0]           ib_md.c:1103 UCX  WARN  mlx5_0: relaxed order memory access requested, but unsupported
[1758601731.548967] [node3:287276:0]           ib_md.c:1103 UCX  WARN  mlx5_0: relaxed order memory access requested, but unsupported
[1758601731.551050] [node1:393265:0]           ib_md.c:1103 UCX  WARN  mlx5_0: relaxed order memory access requested, but unsupported
[1758601731.550634] [node4:285203:0]           ib_md.c:1103 UCX  WARN  mlx5_0: relaxed order memory access requested, but unsupported
[1758601731.543744] [node2:329944:0]           ib_md.c:1103 UCX  WARN  mlx5_0: relaxed order memory access requested, but unsupported
[1758601731.551138] [node1:393266:0]           ib_md.c:1103 UCX  WARN  mlx5_0: relaxed order memory access requested, but unsupported
[1758601731.543805] [node2:329945:0]           ib_md.c:1103 UCX  WARN  mlx5_0: relaxed order memory access requested, but unsupported
[1758601731.549196] [node3:287275:0]           ib_md.c:1103 UCX  WARN  mlx5_0: relaxed order memory access requested, but unsupported
[1758601731.550959] [node4:285201:0]           ib_md.c:1103 UCX  WARN  mlx5_0: relaxed order memory access requested, but unsupported
[1758601731.551415] [node1:393264:0]           ib_md.c:1103 UCX  WARN  mlx5_0: relaxed order memory access requested, but unsupported
[1758601731.551031] [node4:285204:0]           ib_md.c:1103 UCX  WARN  mlx5_0: relaxed order memory access requested, but unsupported
[1758601731.551904] [node4:285202:0]           ib_md.c:1103 UCX  WARN  mlx5_0: relaxed order memory access requested, but unsupported
[1758601731.545096] [node2:329946:0]     ucp_context.c:1192 UCX  WARN  transports 'cuda_copy','gdr_copy','cuda_ipc' are not available, please use one or more of: cma, dc, dc_mlx5, dc_x, ib, mm, posix, rc, rc_mlx5, rc_v, rc_verbs, rc_x, self, shm, sm, sysv, tcp, ud, ud_mlx5, ud_v, ud_verbs, ud_x
[1758601731.552463] [node1:393267:0]     ucp_context.c:1192 UCX  WARN  transports 'cuda_copy','gdr_copy','cuda_ipc' are not available, please use one or more of: cma, dc, dc_mlx5, dc_x, ib, mm, posix, rc, rc_mlx5, rc_v, rc_verbs, rc_x, self, shm, sm, sysv, tcp, ud, ud_mlx5, ud_v, ud_verbs, ud_x
[1758601731.545139] [node2:329947:0]     ucp_context.c:1192 UCX  WARN  transports 'cuda_copy','gdr_copy','cuda_ipc' are not available, please use one or more of: cma, dc, dc_mlx5, dc_x, ib, mm, posix, rc, rc_mlx5, rc_v, rc_verbs, rc_x, self, shm, sm, sysv, tcp, ud, ud_mlx5, ud_v, ud_verbs, ud_x
[1758601731.550752] [node3:287277:0]     ucp_context.c:1192 UCX  WARN  transports 'cuda_copy','gdr_copy','cuda_ipc' are not available, please use one or more of: cma, dc, dc_mlx5, dc_x, ib, mm, posix, rc, rc_mlx5, rc_v, rc_verbs, rc_x, self, shm, sm, sysv, tcp, ud, ud_mlx5, ud_v, ud_verbs, ud_x
[1758601731.545673] [node2:329944:0]     ucp_context.c:1192 UCX  WARN  transports 'cuda_copy','gdr_copy','cuda_ipc' are not available, please use one or more of: cma, dc, dc_mlx5, dc_x, ib, mm, posix, rc, rc_mlx5, rc_v, rc_verbs, rc_x, self, shm, sm, sysv, tcp, ud, ud_mlx5, ud_v, ud_verbs, ud_x
[1758601731.551039] [node3:287274:0]     ucp_context.c:1192 UCX  WARN  transports 'cuda_copy','gdr_copy','cuda_ipc' are not available, please use one or more of: cma, dc, dc_mlx5, dc_x, ib, mm, posix, rc, rc_mlx5, rc_v, rc_verbs, rc_x, self, shm, sm, sysv, tcp, ud, ud_mlx5, ud_v, ud_verbs, ud_x
[1758601731.552668] [node4:285203:0]     ucp_context.c:1192 UCX  WARN  transports 'cuda_copy','gdr_copy','cuda_ipc' are not available, please use one or more of: cma, dc, dc_mlx5, dc_x, ib, mm, posix, rc, rc_mlx5, rc_v, rc_verbs, rc_x, self, shm, sm, sysv, tcp, ud, ud_mlx5, ud_v, ud_verbs, ud_x
[1758601731.545714] [node2:329945:0]     ucp_context.c:1192 UCX  WARN  transports 'cuda_copy','gdr_copy','cuda_ipc' are not available, please use one or more of: cma, dc, dc_mlx5, dc_x, ib, mm, posix, rc, rc_mlx5, rc_v, rc_verbs, rc_x, self, shm, sm, sysv, tcp, ud, ud_mlx5, ud_v, ud_verbs, ud_x
[1758601731.553203] [node1:393265:0]     ucp_context.c:1192 UCX  WARN  transports 'cuda_copy','gdr_copy','cuda_ipc' are not available, please use one or more of: cma, dc, dc_mlx5, dc_x, ib, mm, posix, rc, rc_mlx5, rc_v, rc_verbs, rc_x, self, shm, sm, sysv, tcp, ud, ud_mlx5, ud_v, ud_verbs, ud_x
[1758601731.551043] [node3:287276:0]     ucp_context.c:1192 UCX  WARN  transports 'cuda_copy','gdr_copy','cuda_ipc' are not available, please use one or more of: cma, dc, dc_mlx5, dc_x, ib, mm, posix, rc, rc_mlx5, rc_v, rc_verbs, rc_x, self, shm, sm, sysv, tcp, ud, ud_mlx5, ud_v, ud_verbs, ud_x
[1758601731.553214] [node1:393266:0]     ucp_context.c:1192 UCX  WARN  transports 'cuda_copy','gdr_copy','cuda_ipc' are not available, please use one or more of: cma, dc, dc_mlx5, dc_x, ib, mm, posix, rc, rc_mlx5, rc_v, rc_verbs, rc_x, self, shm, sm, sysv, tcp, ud, ud_mlx5, ud_v, ud_verbs, ud_x
[1758601731.551145] [node3:287275:0]     ucp_context.c:1192 UCX  WARN  transports 'cuda_copy','gdr_copy','cuda_ipc' are not available, please use one or more of: cma, dc, dc_mlx5, dc_x, ib, mm, posix, rc, rc_mlx5, rc_v, rc_verbs, rc_x, self, shm, sm, sysv, tcp, ud, ud_mlx5, ud_v, ud_verbs, ud_x
[1758601731.553438] [node1:393264:0]     ucp_context.c:1192 UCX  WARN  transports 'cuda_copy','gdr_copy','cuda_ipc' are not available, please use one or more of: cma, dc, dc_mlx5, dc_x, ib, mm, posix, rc, rc_mlx5, rc_v, rc_verbs, rc_x, self, shm, sm, sysv, tcp, ud, ud_mlx5, ud_v, ud_verbs, ud_x
[1758601731.553343] [node4:285201:0]     ucp_context.c:1192 UCX  WARN  transports 'cuda_copy','gdr_copy','cuda_ipc' are not available, please use one or more of: cma, dc, dc_mlx5, dc_x, ib, mm, posix, rc, rc_mlx5, rc_v, rc_verbs, rc_x, self, shm, sm, sysv, tcp, ud, ud_mlx5, ud_v, ud_verbs, ud_x
[1758601731.553383] [node4:285204:0]     ucp_context.c:1192 UCX  WARN  transports 'cuda_copy','gdr_copy','cuda_ipc' are not available, please use one or more of: cma, dc, dc_mlx5, dc_x, ib, mm, posix, rc, rc_mlx5, rc_v, rc_verbs, rc_x, self, shm, sm, sysv, tcp, ud, ud_mlx5, ud_v, ud_verbs, ud_x
[1758601731.553793] [node4:285202:0]     ucp_context.c:1192 UCX  WARN  transports 'cuda_copy','gdr_copy','cuda_ipc' are not available, please use one or more of: cma, dc, dc_mlx5, dc_x, ib, mm, posix, rc, rc_mlx5, rc_v, rc_verbs, rc_x, self, shm, sm, sysv, tcp, ud, ud_mlx5, ud_v, ud_verbs, ud_x
[1758601731.578472] [node1:393264:0]     ucp_context.c:2137 UCX  WARN  UCP API version is incompatible: required >= 1.19, actual 1.16.0 (loaded from /usr/lib/x86_64-linux-gnu/libucp.so.0)
[1758601731.579170] [node1:393265:0]     ucp_context.c:2137 UCX  WARN  UCP API version is incompatible: required >= 1.19, actual 1.16.0 (loaded from /usr/lib/x86_64-linux-gnu/libucp.so.0)
[1758601731.577308] [node3:287275:0]     ucp_context.c:2137 UCX  WARN  UCP API version is incompatible: required >= 1.19, actual 1.16.0 (loaded from /usr/lib/x86_64-linux-gnu/libucp.so.0)
[1758601731.579368] [node1:393266:0]     ucp_context.c:2137 UCX  WARN  UCP API version is incompatible: required >= 1.19, actual 1.16.0 (loaded from /usr/lib/x86_64-linux-gnu/libucp.so.0)
[1758601731.579419] [node1:393267:0]     ucp_context.c:2137 UCX  WARN  UCP API version is incompatible: required >= 1.19, actual 1.16.0 (loaded from /usr/lib/x86_64-linux-gnu/libucp.so.0)
[1758601731.577547] [node3:287276:0]     ucp_context.c:2137 UCX  WARN  UCP API version is incompatible: required >= 1.19, actual 1.16.0 (loaded from /usr/lib/x86_64-linux-gnu/libucp.so.0)
[1758601731.577552] [node3:287277:0]     ucp_context.c:2137 UCX  WARN  UCP API version is incompatible: required >= 1.19, actual 1.16.0 (loaded from /usr/lib/x86_64-linux-gnu/libucp.so.0)
[1758601731.579164] [node4:285202:0]     ucp_context.c:2137 UCX  WARN  UCP API version is incompatible: required >= 1.19, actual 1.16.0 (loaded from /usr/lib/x86_64-linux-gnu/libucp.so.0)
[1758601731.579260] [node4:285201:0]     ucp_context.c:2137 UCX  WARN  UCP API version is incompatible: required >= 1.19, actual 1.16.0 (loaded from /usr/lib/x86_64-linux-gnu/libucp.so.0)
[1758601731.579551] [node4:285204:0]     ucp_context.c:2137 UCX  WARN  UCP API version is incompatible: required >= 1.19, actual 1.16.0 (loaded from /usr/lib/x86_64-linux-gnu/libucp.so.0)
[1758601731.579545] [node4:285203:0]     ucp_context.c:2137 UCX  WARN  UCP API version is incompatible: required >= 1.19, actual 1.16.0 (loaded from /usr/lib/x86_64-linux-gnu/libucp.so.0)
[1758601731.572830] [node2:329947:0]     ucp_context.c:2137 UCX  WARN  UCP API version is incompatible: required >= 1.19, actual 1.16.0 (loaded from /usr/lib/x86_64-linux-gnu/libucp.so.0)
[1758601731.572974] [node2:329946:0]     ucp_context.c:2137 UCX  WARN  UCP API version is incompatible: required >= 1.19, actual 1.16.0 (loaded from /usr/lib/x86_64-linux-gnu/libucp.so.0)
[1758601731.573112] [node2:329944:0]     ucp_context.c:2137 UCX  WARN  UCP API version is incompatible: required >= 1.19, actual 1.16.0 (loaded from /usr/lib/x86_64-linux-gnu/libucp.so.0)
[1758601731.573137] [node2:329945:0]     ucp_context.c:2137 UCX  WARN  UCP API version is incompatible: required >= 1.19, actual 1.16.0 (loaded from /usr/lib/x86_64-linux-gnu/libucp.so.0)
[1758601731.581295] [node3:287274:0]     ucp_context.c:2137 UCX  WARN  UCP API version is incompatible: required >= 1.19, actual 1.16.0 (loaded from /usr/lib/x86_64-linux-gnu/libucp.so.0)
[1758601731.587098] [node1:393264:0]           ib_md.c:1103 UCX  WARN  mlx5_0: relaxed order memory access requested, but unsupported
[1758601731.588074] [node1:393265:0]           ib_md.c:1103 UCX  WARN  mlx5_0: relaxed order memory access requested, but unsupported
[1758601731.588174] [node1:393266:0]           ib_md.c:1103 UCX  WARN  mlx5_0: relaxed order memory access requested, but unsupported
[1758601731.586151] [node3:287275:0]           ib_md.c:1103 UCX  WARN  mlx5_0: relaxed order memory access requested, but unsupported
[1758601731.588353] [node1:393267:0]           ib_md.c:1103 UCX  WARN  mlx5_0: relaxed order memory access requested, but unsupported
[1758601731.586371] [node3:287276:0]           ib_md.c:1103 UCX  WARN  mlx5_0: relaxed order memory access requested, but unsupported
[1758601731.587963] [node4:285202:0]           ib_md.c:1103 UCX  WARN  mlx5_0: relaxed order memory access requested, but unsupported
[1758601731.588018] [node4:285201:0]           ib_md.c:1103 UCX  WARN  mlx5_0: relaxed order memory access requested, but unsupported
[1758601731.586494] [node3:287277:0]           ib_md.c:1103 UCX  WARN  mlx5_0: relaxed order memory access requested, but unsupported
[1758601731.581369] [node2:329947:0]           ib_md.c:1103 UCX  WARN  mlx5_0: relaxed order memory access requested, but unsupported
[1758601731.588438] [node4:285203:0]           ib_md.c:1103 UCX  WARN  mlx5_0: relaxed order memory access requested, but unsupported
[1758601731.588950] [node1:393264:0]     ucp_context.c:1192 UCX  WARN  transports 'cuda_copy','gdr_copy','cuda_ipc' are not available, please use one or more of: cma, dc, dc_mlx5, dc_x, ib, mm, posix, rc, rc_mlx5, rc_v, rc_verbs, rc_x, self, shm, sm, sysv, tcp, ud, ud_mlx5, ud_v, ud_verbs, ud_x
[1758601731.588543] [node4:285204:0]           ib_md.c:1103 UCX  WARN  mlx5_0: relaxed order memory access requested, but unsupported
[1758601731.581746] [node2:329946:0]           ib_md.c:1103 UCX  WARN  mlx5_0: relaxed order memory access requested, but unsupported
[1758601731.582235] [node2:329945:0]           ib_md.c:1103 UCX  WARN  mlx5_0: relaxed order memory access requested, but unsupported
[1758601731.582306] [node2:329944:0]           ib_md.c:1103 UCX  WARN  mlx5_0: relaxed order memory access requested, but unsupported
[1758601731.589945] [node1:393265:0]     ucp_context.c:1192 UCX  WARN  transports 'cuda_copy','gdr_copy','cuda_ipc' are not available, please use one or more of: cma, dc, dc_mlx5, dc_x, ib, mm, posix, rc, rc_mlx5, rc_v, rc_verbs, rc_x, self, shm, sm, sysv, tcp, ud, ud_mlx5, ud_v, ud_verbs, ud_x
[1758601731.590083] [node1:393266:0]     ucp_context.c:1192 UCX  WARN  transports 'cuda_copy','gdr_copy','cuda_ipc' are not available, please use one or more of: cma, dc, dc_mlx5, dc_x, ib, mm, posix, rc, rc_mlx5, rc_v, rc_verbs, rc_x, self, shm, sm, sysv, tcp, ud, ud_mlx5, ud_v, ud_verbs, ud_x
[1758601731.590118] [node1:393267:0]     ucp_context.c:1192 UCX  WARN  transports 'cuda_copy','gdr_copy','cuda_ipc' are not available, please use one or more of: cma, dc, dc_mlx5, dc_x, ib, mm, posix, rc, rc_mlx5, rc_v, rc_verbs, rc_x, self, shm, sm, sysv, tcp, ud, ud_mlx5, ud_v, ud_verbs, ud_x
[1758601731.588148] [node3:287275:0]     ucp_context.c:1192 UCX  WARN  transports 'cuda_copy','gdr_copy','cuda_ipc' are not available, please use one or more of: cma, dc, dc_mlx5, dc_x, ib, mm, posix, rc, rc_mlx5, rc_v, rc_verbs, rc_x, self, shm, sm, sysv, tcp, ud, ud_mlx5, ud_v, ud_verbs, ud_x
[1758601731.588302] [node3:287276:0]     ucp_context.c:1192 UCX  WARN  transports 'cuda_copy','gdr_copy','cuda_ipc' are not available, please use one or more of: cma, dc, dc_mlx5, dc_x, ib, mm, posix, rc, rc_mlx5, rc_v, rc_verbs, rc_x, self, shm, sm, sysv, tcp, ud, ud_mlx5, ud_v, ud_verbs, ud_x
[1758601731.589901] [node4:285202:0]     ucp_context.c:1192 UCX  WARN  transports 'cuda_copy','gdr_copy','cuda_ipc' are not available, please use one or more of: cma, dc, dc_mlx5, dc_x, ib, mm, posix, rc, rc_mlx5, rc_v, rc_verbs, rc_x, self, shm, sm, sysv, tcp, ud, ud_mlx5, ud_v, ud_verbs, ud_x
[1758601731.589974] [node4:285201:0]     ucp_context.c:1192 UCX  WARN  transports 'cuda_copy','gdr_copy','cuda_ipc' are not available, please use one or more of: cma, dc, dc_mlx5, dc_x, ib, mm, posix, rc, rc_mlx5, rc_v, rc_verbs, rc_x, self, shm, sm, sysv, tcp, ud, ud_mlx5, ud_v, ud_verbs, ud_x
[1758601731.588526] [node3:287277:0]     ucp_context.c:1192 UCX  WARN  transports 'cuda_copy','gdr_copy','cuda_ipc' are not available, please use one or more of: cma, dc, dc_mlx5, dc_x, ib, mm, posix, rc, rc_mlx5, rc_v, rc_verbs, rc_x, self, shm, sm, sysv, tcp, ud, ud_mlx5, ud_v, ud_verbs, ud_x
[1758601731.583319] [node2:329947:0]     ucp_context.c:1192 UCX  WARN  transports 'cuda_copy','gdr_copy','cuda_ipc' are not available, please use one or more of: cma, dc, dc_mlx5, dc_x, ib, mm, posix, rc, rc_mlx5, rc_v, rc_verbs, rc_x, self, shm, sm, sysv, tcp, ud, ud_mlx5, ud_v, ud_verbs, ud_x
[1758601731.590307] [node4:285203:0]     ucp_context.c:1192 UCX  WARN  transports 'cuda_copy','gdr_copy','cuda_ipc' are not available, please use one or more of: cma, dc, dc_mlx5, dc_x, ib, mm, posix, rc, rc_mlx5, rc_v, rc_verbs, rc_x, self, shm, sm, sysv, tcp, ud, ud_mlx5, ud_v, ud_verbs, ud_x
[1758601731.590376] [node4:285204:0]     ucp_context.c:1192 UCX  WARN  transports 'cuda_copy','gdr_copy','cuda_ipc' are not available, please use one or more of: cma, dc, dc_mlx5, dc_x, ib, mm, posix, rc, rc_mlx5, rc_v, rc_verbs, rc_x, self, shm, sm, sysv, tcp, ud, ud_mlx5, ud_v, ud_verbs, ud_x
[1758601731.583539] [node2:329946:0]     ucp_context.c:1192 UCX  WARN  transports 'cuda_copy','gdr_copy','cuda_ipc' are not available, please use one or more of: cma, dc, dc_mlx5, dc_x, ib, mm, posix, rc, rc_mlx5, rc_v, rc_verbs, rc_x, self, shm, sm, sysv, tcp, ud, ud_mlx5, ud_v, ud_verbs, ud_x
[1758601731.584123] [node2:329945:0]     ucp_context.c:1192 UCX  WARN  transports 'cuda_copy','gdr_copy','cuda_ipc' are not available, please use one or more of: cma, dc, dc_mlx5, dc_x, ib, mm, posix, rc, rc_mlx5, rc_v, rc_verbs, rc_x, self, shm, sm, sysv, tcp, ud, ud_mlx5, ud_v, ud_verbs, ud_x
[1758601731.584162] [node2:329944:0]     ucp_context.c:1192 UCX  WARN  transports 'cuda_copy','gdr_copy','cuda_ipc' are not available, please use one or more of: cma, dc, dc_mlx5, dc_x, ib, mm, posix, rc, rc_mlx5, rc_v, rc_verbs, rc_x, self, shm, sm, sysv, tcp, ud, ud_mlx5, ud_v, ud_verbs, ud_x
[1758601731.591516] [node3:287274:0]           ib_md.c:1103 UCX  WARN  mlx5_0: relaxed order memory access requested, but unsupported
[1758601731.593831] [node3:287274:0]     ucp_context.c:1192 UCX  WARN  transports 'cuda_copy','gdr_copy','cuda_ipc' are not available, please use one or more of: cma, dc, dc_mlx5, dc_x, ib, mm, posix, rc, rc_mlx5, rc_v, rc_verbs, rc_x, self, shm, sm, sysv, tcp, ud, ud_mlx5, ud_v, ud_verbs, ud_x

================================================================================
HPL-NVIDIA 25.4.0  -- NVIDIA accelerated HPL benchmark -- NVIDIA
================================================================================
HPLinpack 2.1  --  High-Performance Linpack benchmark  --   October 26, 2012
Written by A. Petitet and R. Clint Whaley,  Innovative Computing Laboratory, UTK
Modified by Piotr Luszczek, Innovative Computing Laboratory, UTK
Modified by Julien Langou, University of Colorado Denver
================================================================================

An explanation of the input/output parameters follows:
T/V    : Wall time / encoded variant.
N      : The order of the coefficient matrix A.
NB     : The partitioning blocking factor.
P      : The number of process rows.
Q      : The number of process columns.
Time   : Time in seconds to solve the linear system.
Gflops : Rate of execution for solving the linear system.

The following parameter values will be used:

N      :  230000 
NB     :     512 
PMAP   : Column-major process mapping
P      :       4 
Q      :       4 
PFACT  :    Left 
NBMIN  :       2 
NDIV   :       2 
RFACT  :    Left 
BCAST  :  2ringM 
DEPTH  :       1 
SWAP   : Spread-roll (long)
L1     : no-transposed form
U      : transposed form
EQUIL  : no
ALIGN  : 8 double precision words

--------------------------------------------------------------------------------

- The matrix A is randomly generated for each test.
- The following scaled residual check will be computed:
      ||Ax-b||_oo / ( eps * ( || x ||_oo * || A ||_oo + || b ||_oo ) * N )
- The relative machine precision (eps) is taken to be               1.110223e-16
- Computational tests pass if scaled residuals are less than                16.0


HPL-NVIDIA ignores the following parameters from input file:
	* Broadcast parameters
	* Panel factorization parameters
	* Look-ahead value
	* L1 layout
	* U layout
	* Equilibration parameter
	* Memory alignment parameter

HPL-NVIDIA settings from environment variables:
--- DEVICE INFO ---
  Peak clock frequency: 1410 MHz
  SM version          : 80
  Number of SMs       : 108
-------------------
[HPL TRACE] cuda_nvshmem_init: max=1.1684 (5) min=1.1684 (8)
[WARNING] Change Input N 230000 to 229888
[HPL TRACE] ncclCommInitRank: max=0.0915 (9) min=0.0887 (6)
[HPL TRACE] cugetrfs_mp_init: max=0.1695 (0) min=0.1695 (2)
--- MEMORY INFO ---
DEVICE
  System           =      2.88995 GiB (MIN)      2.88995 GiB (MAX)      2.88995 GiB (AVG)
  HPL buffers      =     28.20467 GiB (MIN)     28.64413 GiB (MAX)     28.31417 GiB (AVG)
  Used             =     31.09462 GiB (MIN)     31.53408 GiB (MAX)     31.20411 GiB (AVG)
  Total            =     40.00000 GiB (MIN)     40.00000 GiB (MAX)     40.00000 GiB (AVG)
HOST
  HPL buffers      =      0.00047 GiB (MIN)      0.00047 GiB (MAX)      0.00047 GiB (AVG)
-------------------

 ... Testing HPL components ... 

 **** Factorization, m = 57856, policy = 0 **** 
avg time =    13.49 ms, avg =  1124.28. min =  1084.34 [rank 8, host node3, gpuID 0000:01:00.0], max =  1168.88 GFLOPS

 **** Factorization, m = 57856, policy = 1 **** 
avg time =    18.40 ms, avg =   824.28. min =   819.76 [rank 8, host node3, gpuID 0000:01:00.0], max =   829.27 GFLOPS

 **** Factorization, m = 28672, policy = 0 **** 
avg time =    10.46 ms, avg =   718.57. min =   716.53 [rank 8, host node3, gpuID 0000:01:00.0], max =   722.02 GFLOPS

 **** Factorization, m = 28672, policy = 1 **** 
avg time =    15.70 ms, avg =   478.66. min =   474.82 [rank 8, host node3, gpuID 0000:01:00.0], max =   482.69 GFLOPS

 **** Factorization, m = 14336, policy = 0 **** 
avg time =     9.18 ms, avg =   409.59. min =   407.26 [rank 8, host node3, gpuID 0000:01:00.0], max =   414.98 GFLOPS

 **** Factorization, m = 14336, policy = 1 **** 
avg time =    14.55 ms, avg =   258.26. min =   256.23 [rank 8, host node3, gpuID 0000:01:00.0], max =   261.72 GFLOPS

 **** Factorization, m = 512, policy = 0 **** 
avg time =     7.91 ms, avg =    16.98. min =    16.54 [rank 8, host node3, gpuID 0000:01:00.0], max =    17.55 GFLOPS

 **** Factorization, m = 512, policy = 1 **** 
avg time =    13.62 ms, avg =     9.86. min =     9.70 [rank 8, host node3, gpuID 0000:01:00.0], max =    10.09 GFLOPS

 **** ncclBcast( Row ) **** 
avg time =   164.46 ms, avg =     1.44. min =     1.43 [rank 13, host node4, gpuID 0000:41:00.0], max =     1.45 GBS

 **** ncclAllGather( Col ) **** 
avg time =     0.18 ms, avg =   185.45. min =   175.17 [rank 2, host node1, gpuID 0000:81:00.0], max =   195.69 GBS

 **** Latency ncclAllGather, m = 1 **** 
avg time =     5.39 ms, avg =     0.00. min =     0.00 [rank 1, host node1, gpuID 0000:41:00.0], max =     0.00 GBS

 **** Latency ncclAllGather, m = 2 **** 
avg time =     5.42 ms, avg =     0.01. min =     0.01 [rank 1, host node1, gpuID 0000:41:00.0], max =     0.01 GBS

 **** Latency ncclAllGather, m = 32 **** 
avg time =     5.40 ms, avg =     0.10. min =     0.10 [rank 2, host node1, gpuID 0000:81:00.0], max =     0.10 GBS

 **** Latency ncclAllGather, m = 512 **** 
avg time =     6.90 ms, avg =     1.22. min =     1.20 [rank 0, host node1, gpuID 0000:01:00.0], max =     1.22 GBS

 **** Latency ncclAllGather, m = 1024 **** 
avg time =     7.41 ms, avg =     2.27. min =     2.25 [rank 0, host node1, gpuID 0000:01:00.0], max =     2.27 GBS

 **** Latency Host MPI_Allgather, m = 1 **** 
avg time =     1.30 ms, avg =     0.01. min =     0.01 [rank 0, host node1, gpuID 0000:01:00.0], max =     0.01 GBS

 **** Latency Host MPI_Allgather, m = 2 **** 
avg time =     1.33 ms, avg =     0.02. min =     0.02 [rank 12, host node4, gpuID 0000:01:00.0], max =     0.03 GBS

 **** Latency Host MPI_Allgather, m = 32 **** 
avg time =     1.52 ms, avg =     0.34. min =     0.34 [rank 0, host node1, gpuID 0000:01:00.0], max =     0.35 GBS

 **** Latency Host MPI_Allgather, m = 512 **** 
avg time =     3.18 ms, avg =     2.64. min =     2.49 [rank 9, host node3, gpuID 0000:41:00.0], max =     2.79 GBS

 **** Latency Host MPI_Allgather, m = 1024 **** 
avg time =     5.17 ms, avg =     3.24. min =     3.12 [rank 1, host node1, gpuID 0000:41:00.0], max =     3.34 GBS

 **** Latency ncclBcast, m = 1 **** 
avg time =     4.19 ms, avg =     0.00. min =     0.00 [rank 3, host node1, gpuID 0000:C1:00.0], max =     0.00 GBS

 **** Latency ncclBcast, m = 32 **** 
avg time =     4.18 ms, avg =     0.03. min =     0.03 [rank 2, host node1, gpuID 0000:81:00.0], max =     0.03 GBS

 **** Latency ncclBcast, m = 512 **** 
avg time =     4.88 ms, avg =     0.43. min =     0.42 [rank 3, host node1, gpuID 0000:C1:00.0], max =     0.43 GBS

 **** Latency Host MPI_Bcast, m = 1 **** 
avg time =     0.41 ms, avg =     0.01. min =     0.01 [rank 15, host node4, gpuID 0000:C1:00.0], max =     0.01 GBS

 **** Latency Host MPI_Bcast, m = 32 **** 
avg time =     0.46 ms, avg =     0.28. min =     0.28 [rank 2, host node1, gpuID 0000:81:00.0], max =     0.29 GBS

 **** Latency Host MPI_Bcast, m = 512 **** 
avg time =     1.76 ms, avg =     1.19. min =     1.18 [rank 7, host node2, gpuID 0000:C1:00.0], max =     1.21 GBS

 **** GEMM **** 
avg time =    26.80 ms, avg = 18108.64. min = 17848.47 [rank 4, host node2, gpuID 0000:01:00.0], max = 18281.13 GFLOPS

 ... End of Testing HPL components ... 

[HPL TRACE] HPL_pdmatgen_gpu: max=0.0194 (6) min=0.0193 (8)
[0;31m Prog= 1.99%	N_left=   228352	Time=   1.09	Time_left=  53.43	iGF= 148583.89	GF= 148583.89	iGF_per=  9286.49 	GF_per=  9286.49[0m
[0;31m Prog= 3.30%	N_left=   227328	Time=   1.65	Time_left=  48.36	iGF= 187563.65	GF= 161956.70	iGF_per= 11722.73 	GF_per= 10122.29[0m
[0;31m Prog= 4.60%	N_left=   226304	Time=   2.08	Time_left=  43.08	iGF= 246552.21	GF= 179340.85	iGF_per= 15409.51 	GF_per= 11208.80[0m
[0;31m Prog= 5.89%	N_left=   225280	Time=   2.49	Time_left=  39.69	iGF= 256873.83	GF= 192017.81	iGF_per= 16054.61 	GF_per= 12001.11[0m
[0;31m Prog= 7.81%	N_left=   223744	Time=   3.14	Time_left=  37.05	iGF= 237824.29	GF= 201524.87	iGF_per= 14864.02 	GF_per= 12595.30[0m
[0;31m Prog= 9.07%	N_left=   222720	Time=   3.54	Time_left=  35.51	iGF= 253286.62	GF= 207416.49	iGF_per= 15830.41 	GF_per= 12963.53[0m
[0;31m Prog= 10.31%	N_left=   221696	Time=   3.96	Time_left=  34.43	iGF= 241100.17	GF= 210984.60	iGF_per= 15068.76 	GF_per= 13186.54[0m
[0;31m Prog= 11.55%	N_left=   220672	Time=   4.36	Time_left=  33.39	iGF= 250040.06	GF= 214573.89	iGF_per= 15627.50 	GF_per= 13410.87[0m
[0;31m Prog= 13.39%	N_left=   219136	Time=   4.95	Time_left=  32.05	iGF= 250867.87	GF= 218913.70	iGF_per= 15679.24 	GF_per= 13682.11[0m
[0;31m Prog= 14.59%	N_left=   218112	Time=   5.37	Time_left=  31.41	iGF= 235933.84	GF= 220229.38	iGF_per= 14745.87 	GF_per= 13764.34[0m
[0;31m Prog= 15.79%	N_left=   217088	Time=   5.76	Time_left=  30.72	iGF= 246395.75	GF= 222017.01	iGF_per= 15399.73 	GF_per= 13876.06[0m
[0;31m Prog= 16.98%	N_left=   216064	Time=   6.17	Time_left=  30.18	iGF= 234440.68	GF= 222842.00	iGF_per= 14652.54 	GF_per= 13927.62[0m
[0;31m Prog= 18.74%	N_left=   214528	Time=   6.78	Time_left=  29.39	iGF= 235130.16	GF= 223940.22	iGF_per= 14695.63 	GF_per= 13996.26[0m
[0;31m Prog= 19.89%	N_left=   213504	Time=   7.18	Time_left=  28.91	iGF= 232250.05	GF= 224407.67	iGF_per= 14515.63 	GF_per= 14025.48[0m
[0;31m Prog= 21.04%	N_left=   212480	Time=   7.57	Time_left=  28.41	iGF= 237812.33	GF= 225099.41	iGF_per= 14863.27 	GF_per= 14068.71[0m
[0;31m Prog= 22.18%	N_left=   211456	Time=   7.97	Time_left=  27.96	iGF= 231747.58	GF= 225430.71	iGF_per= 14484.22 	GF_per= 14089.42[0m
[0;31m Prog= 23.86%	N_left=   209920	Time=   8.54	Time_left=  27.26	iGF= 237401.77	GF= 226235.69	iGF_per= 14837.61 	GF_per= 14139.73[0m
[0;31m Prog= 24.97%	N_left=   208896	Time=   8.92	Time_left=  26.81	iGF= 237007.50	GF= 226693.23	iGF_per= 14812.97 	GF_per= 14168.33[0m
[0;31m Prog= 26.07%	N_left=   207872	Time=   9.32	Time_left=  26.43	iGF= 223988.26	GF= 226577.97	iGF_per= 13999.27 	GF_per= 14161.12[0m
[0;31m Prog= 27.15%	N_left=   206848	Time=   9.69	Time_left=  26.00	iGF= 234602.99	GF= 226888.72	iGF_per= 14662.69 	GF_per= 14180.55[0m
[0;31m Prog= 28.76%	N_left=   205312	Time=  10.29	Time_left=  25.48	iGF= 218901.10	GF= 226426.05	iGF_per= 13681.32 	GF_per= 14151.63[0m
[0;31m Prog= 29.83%	N_left=   204288	Time=  10.67	Time_left=  25.10	iGF= 227517.22	GF= 226464.67	iGF_per= 14219.83 	GF_per= 14154.04[0m
[0;31m Prog= 30.88%	N_left=   203264	Time=  11.05	Time_left=  24.74	iGF= 222269.68	GF= 226319.41	iGF_per= 13891.85 	GF_per= 14144.96[0m
[0;31m Prog= 31.91%	N_left=   202240	Time=  11.43	Time_left=  24.37	iGF= 224283.31	GF= 226252.52	iGF_per= 14017.71 	GF_per= 14140.78[0m
[0;31m Prog= 33.45%	N_left=   200704	Time=  11.97	Time_left=  23.82	iGF= 227657.89	GF= 226316.81	iGF_per= 14228.62 	GF_per= 14144.80[0m
[0;31m Prog= 34.47%	N_left=   199680	Time=  12.35	Time_left=  23.49	iGF= 214877.50	GF= 225963.14	iGF_per= 13429.84 	GF_per= 14122.70[0m
[0;31m Prog= 35.47%	N_left=   198656	Time=  12.71	Time_left=  23.13	iGF= 226630.70	GF= 225981.96	iGF_per= 14164.42 	GF_per= 14123.87[0m
[0;31m Prog= 36.46%	N_left=   197632	Time=  13.09	Time_left=  22.81	iGF= 213274.56	GF= 225615.98	iGF_per= 13329.66 	GF_per= 14101.00[0m
[0;31m Prog= 37.93%	N_left=   196096	Time=  13.64	Time_left=  22.32	iGF= 216352.19	GF= 225242.25	iGF_per= 13522.01 	GF_per= 14077.64[0m
[0;31m Prog= 38.90%	N_left=   195072	Time=  14.01	Time_left=  22.01	iGF= 211283.75	GF= 224872.86	iGF_per= 13205.23 	GF_per= 14054.55[0m
[0;31m Prog= 39.86%	N_left=   194048	Time=  14.36	Time_left=  21.67	iGF= 220887.96	GF= 224775.48	iGF_per= 13805.50 	GF_per= 14048.47[0m
[0;31m Prog= 40.80%	N_left=   193024	Time=  14.72	Time_left=  21.36	iGF= 211910.16	GF= 224459.18	iGF_per= 13244.38 	GF_per= 14028.70[0m
[0;31m Prog= 42.21%	N_left=   191488	Time=  15.25	Time_left=  20.88	iGF= 215314.58	GF= 224142.99	iGF_per= 13457.16 	GF_per= 14008.94[0m
[0;31m Prog= 43.13%	N_left=   190464	Time=  15.60	Time_left=  20.56	iGF= 217021.79	GF= 223985.83	iGF_per= 13563.86 	GF_per= 13999.11[0m
[0;31m Prog= 44.04%	N_left=   189440	Time=  15.96	Time_left=  20.28	iGF= 203019.77	GF= 223507.68	iGF_per= 12688.74 	GF_per= 13969.23[0m
[0;31m Prog= 44.94%	N_left=   188416	Time=  16.30	Time_left=  19.97	iGF= 214889.55	GF= 223327.82	iGF_per= 13430.60 	GF_per= 13957.99[0m
[0;31m Prog= 46.28%	N_left=   186880	Time=  16.85	Time_left=  19.56	iGF= 197536.26	GF= 222489.50	iGF_per= 12346.02 	GF_per= 13905.59[0m
[0;31m Prog= 47.16%	N_left=   185856	Time=  17.19	Time_left=  19.26	iGF= 208034.06	GF= 222201.96	iGF_per= 13002.13 	GF_per= 13887.62[0m
[0;31m Prog= 48.03%	N_left=   184832	Time=  17.54	Time_left=  18.98	iGF= 199891.19	GF= 221754.30	iGF_per= 12493.20 	GF_per= 13859.64[0m
[0;31m Prog= 48.89%	N_left=   183808	Time=  17.88	Time_left=  18.70	iGF= 205682.84	GF= 221450.24	iGF_per= 12855.18 	GF_per= 13840.64[0m
[0;31m Prog= 50.16%	N_left=   182272	Time=  18.38	Time_left=  18.26	iGF= 207600.84	GF= 221076.57	iGF_per= 12975.05 	GF_per= 13817.29[0m
[0;31m Prog= 50.99%	N_left=   181248	Time=  18.73	Time_left=  18.00	iGF= 192518.46	GF= 220540.63	iGF_per= 12032.40 	GF_per= 13783.79[0m
[0;31m Prog= 51.82%	N_left=   180224	Time=  19.06	Time_left=  17.72	iGF= 203603.10	GF= 220248.58	iGF_per= 12725.19 	GF_per= 13765.54[0m
[0;31m Prog= 52.63%	N_left=   179200	Time=  19.40	Time_left=  17.46	iGF= 190223.64	GF= 219710.52	iGF_per= 11888.98 	GF_per= 13731.91[0m
[0;31m Prog= 53.84%	N_left=   177664	Time=  19.91	Time_left=  17.07	iGF= 192878.04	GF= 219027.13	iGF_per= 12054.88 	GF_per= 13689.20[0m
[0;31m Prog= 54.64%	N_left=   176640	Time=  20.24	Time_left=  16.81	iGF= 193333.97	GF= 218605.18	iGF_per= 12083.37 	GF_per= 13662.82[0m
[0;31m Prog= 55.42%	N_left=   175616	Time=  20.57	Time_left=  16.54	iGF= 195616.22	GF= 218242.17	iGF_per= 12226.01 	GF_per= 13640.14[0m
[0;31m Prog= 56.19%	N_left=   174592	Time=  20.95	Time_left=  16.33	iGF= 163757.04	GF= 217244.94	iGF_per= 10234.82 	GF_per= 13577.81[0m
[0;31m Prog= 57.34%	N_left=   173056	Time=  21.55	Time_left=  16.03	iGF= 155150.19	GF= 215521.03	iGF_per=  9696.89 	GF_per= 13470.06[0m
[0;31m Prog= 58.09%	N_left=   172032	Time=  21.87	Time_left=  15.78	iGF= 189995.01	GF= 215146.47	iGF_per= 11874.69 	GF_per= 13446.65[0m
[0;31m Prog= 58.84%	N_left=   171008	Time=  22.22	Time_left=  15.54	iGF= 173374.01	GF= 214493.09	iGF_per= 10835.88 	GF_per= 13405.82[0m
[0;31m Prog= 59.57%	N_left=   169984	Time=  22.62	Time_left=  15.35	iGF= 146765.67	GF= 213278.75	iGF_per=  9172.85 	GF_per= 13329.92[0m
[0;31m Prog= 60.30%	N_left=   168960	Time=  22.99	Time_left=  15.14	iGF= 158643.82	GF= 212397.78	iGF_per=  9915.24 	GF_per= 13274.86[0m
[0;31m Prog= 61.37%	N_left=   167424	Time=  23.48	Time_left=  14.78	iGF= 180472.98	GF= 211742.95	iGF_per= 11279.56 	GF_per= 13233.93[0m
[0;31m Prog= 62.08%	N_left=   166400	Time=  23.78	Time_left=  14.53	iGF= 185754.27	GF= 211407.29	iGF_per= 11609.64 	GF_per= 13212.96[0m
[0;31m Prog= 62.77%	N_left=   165376	Time=  24.09	Time_left=  14.29	iGF= 184636.14	GF= 211068.05	iGF_per= 11539.76 	GF_per= 13191.75[0m
[0;31m Prog= 63.46%	N_left=   164352	Time=  24.39	Time_left=  14.05	iGF= 181809.98	GF= 210700.83	iGF_per= 11363.12 	GF_per= 13168.80[0m
[0;31m Prog= 64.47%	N_left=   162816	Time=  24.84	Time_left=  13.69	iGF= 183169.20	GF= 210203.46	iGF_per= 11448.07 	GF_per= 13137.72[0m
[0;31m Prog= 65.14%	N_left=   161792	Time=  25.13	Time_left=  13.45	iGF= 185339.77	GF= 209915.51	iGF_per= 11583.74 	GF_per= 13119.72[0m
[0;31m Prog= 65.80%	N_left=   160768	Time=  25.44	Time_left=  13.22	iGF= 172991.34	GF= 209468.59	iGF_per= 10811.96 	GF_per= 13091.79[0m
[0;31m Prog= 66.45%	N_left=   159744	Time=  25.73	Time_left=  12.99	iGF= 183698.20	GF= 209181.80	iGF_per= 11481.14 	GF_per= 13073.86[0m
[0;31m Prog= 67.41%	N_left=   158208	Time=  26.18	Time_left=  12.66	iGF= 170037.52	GF= 208499.21	iGF_per= 10627.34 	GF_per= 13031.20[0m
[0;31m Prog= 68.03%	N_left=   157184	Time=  26.47	Time_left=  12.44	iGF= 176415.22	GF= 208149.34	iGF_per= 11025.95 	GF_per= 13009.33[0m
[0;31m Prog= 68.66%	N_left=   156160	Time=  26.76	Time_left=  12.22	iGF= 173360.99	GF= 207772.42	iGF_per= 10835.06 	GF_per= 12985.78[0m
[0;31m Prog= 69.27%	N_left=   155136	Time=  27.06	Time_left=  12.00	iGF= 170080.40	GF= 207366.01	iGF_per= 10630.02 	GF_per= 12960.38[0m
[0;31m Prog= 70.17%	N_left=   153600	Time=  27.47	Time_left=  11.68	iGF= 175932.52	GF= 206889.91	iGF_per= 10995.78 	GF_per= 12930.62[0m
[0;31m Prog= 70.76%	N_left=   152576	Time=  27.77	Time_left=  11.47	iGF= 160278.96	GF= 206387.29	iGF_per= 10017.44 	GF_per= 12899.21[0m
[0;31m Prog= 71.35%	N_left=   151552	Time=  28.04	Time_left=  11.26	iGF= 173431.73	GF= 206066.41	iGF_per= 10839.48 	GF_per= 12879.15[0m
[0;31m Prog= 71.93%	N_left=   150528	Time=  28.34	Time_left=  11.06	iGF= 157579.40	GF= 205559.15	iGF_per=  9848.71 	GF_per= 12847.45[0m
[0;31m Prog= 72.78%	N_left=   148992	Time=  28.77	Time_left=  10.76	iGF= 161381.73	GF= 204903.51	iGF_per= 10086.36 	GF_per= 12806.47[0m
[0;31m Prog= 73.33%	N_left=   147968	Time=  29.04	Time_left=  10.56	iGF= 163156.54	GF= 204505.74	iGF_per= 10197.28 	GF_per= 12781.61[0m
[0;31m Prog= 73.88%	N_left=   146944	Time=  29.32	Time_left=  10.37	iGF= 158907.45	GF= 204070.00	iGF_per=  9931.72 	GF_per= 12754.37[0m
[0;31m Prog= 74.43%	N_left=   145920	Time=  29.60	Time_left=  10.17	iGF= 160303.47	GF= 203664.92	iGF_per= 10018.97 	GF_per= 12729.06[0m
[0;31m Prog= 75.23%	N_left=   144384	Time=  30.01	Time_left=   9.88	iGF= 157266.24	GF= 203028.60	iGF_per=  9829.14 	GF_per= 12689.29[0m
[0;31m Prog= 75.75%	N_left=   143360	Time=  30.27	Time_left=   9.69	iGF= 162886.03	GF= 202683.47	iGF_per= 10180.38 	GF_per= 12667.72[0m
[0;31m Prog= 76.26%	N_left=   142336	Time=  30.56	Time_left=   9.51	iGF= 145726.41	GF= 202148.93	iGF_per=  9107.90 	GF_per= 12634.31[0m
[0;31m Prog= 76.77%	N_left=   141312	Time=  30.82	Time_left=   9.32	iGF= 159478.56	GF= 201791.25	iGF_per=  9967.41 	GF_per= 12611.95[0m
[0;31m Prog= 77.52%	N_left=   139776	Time=  31.23	Time_left=   9.06	iGF= 146065.80	GF= 201049.98	iGF_per=  9129.11 	GF_per= 12565.62[0m
[0;31m Prog= 78.01%	N_left=   138752	Time=  31.49	Time_left=   8.88	iGF= 152047.51	GF= 200643.49	iGF_per=  9502.97 	GF_per= 12540.22[0m
[0;31m Prog= 78.50%	N_left=   137728	Time=  31.77	Time_left=   8.70	iGF= 140802.22	GF= 200119.92	iGF_per=  8800.14 	GF_per= 12507.50[0m
[0;31m Prog= 78.97%	N_left=   136704	Time=  32.07	Time_left=   8.54	iGF= 126631.88	GF= 199422.24	iGF_per=  7914.49 	GF_per= 12463.89[0m
[0;31m Prog= 79.67%	N_left=   135168	Time=  32.46	Time_left=   8.28	iGF= 148590.65	GF= 198823.92	iGF_per=  9286.92 	GF_per= 12426.49[0m
[0;31m Prog= 80.13%	N_left=   134144	Time=  32.72	Time_left=   8.11	iGF= 139571.46	GF= 198342.14	iGF_per=  8723.22 	GF_per= 12396.38[0m
[0;31m Prog= 80.58%	N_left=   133120	Time=  32.96	Time_left=   7.94	iGF= 153389.72	GF= 198016.97	iGF_per=  9586.86 	GF_per= 12376.06[0m
[0;31m Prog= 81.03%	N_left=   132096	Time=  33.22	Time_left=   7.78	iGF= 138119.10	GF= 197546.85	iGF_per=  8632.44 	GF_per= 12346.68[0m
[0;31m Prog= 81.68%	N_left=   130560	Time=  33.60	Time_left=   7.54	iGF= 140146.32	GF= 196900.99	iGF_per=  8759.15 	GF_per= 12306.31[0m
[0;31m Prog= 82.11%	N_left=   129536	Time=  33.84	Time_left=   7.37	iGF= 141276.17	GF= 196498.04	iGF_per=  8829.76 	GF_per= 12281.13[0m
[0;31m Prog= 82.53%	N_left=   128512	Time=  34.09	Time_left=   7.22	iGF= 141144.77	GF= 196105.79	iGF_per=  8821.55 	GF_per= 12256.61[0m
[0;31m Prog= 82.94%	N_left=   127488	Time=  34.33	Time_left=   7.06	iGF= 140045.66	GF= 195714.48	iGF_per=  8752.85 	GF_per= 12232.16[0m
[0;31m Prog= 83.55%	N_left=   125952	Time=  34.69	Time_left=   6.83	iGF= 136598.27	GF= 195099.01	iGF_per=  8537.39 	GF_per= 12193.69[0m
[0;31m Prog= 83.95%	N_left=   124928	Time=  34.91	Time_left=   6.67	iGF= 143672.51	GF= 194768.60	iGF_per=  8979.53 	GF_per= 12173.04[0m
[0;31m Prog= 84.34%	N_left=   123904	Time=  35.16	Time_left=   6.53	iGF= 126345.53	GF= 194280.34	iGF_per=  7896.60 	GF_per= 12142.52[0m
[0;31m Prog= 84.73%	N_left=   122880	Time=  35.38	Time_left=   6.38	iGF= 140762.43	GF= 193945.29	iGF_per=  8797.65 	GF_per= 12121.58[0m
[0;31m Prog= 85.29%	N_left=   121344	Time=  35.75	Time_left=   6.16	iGF= 126760.96	GF= 193266.07	iGF_per=  7922.56 	GF_per= 12079.13[0m
[0;31m Prog= 85.66%	N_left=   120320	Time=  35.98	Time_left=   6.02	iGF= 127000.79	GF= 192832.46	iGF_per=  7937.55 	GF_per= 12052.03[0m
[0;31m Prog= 86.03%	N_left=   119296	Time=  36.21	Time_left=   5.88	iGF= 130576.62	GF= 192445.34	iGF_per=  8161.04 	GF_per= 12027.83[0m
[0;31m Prog= 86.38%	N_left=   118272	Time=  36.44	Time_left=   5.74	iGF= 124197.24	GF= 192009.56	iGF_per=  7762.33 	GF_per= 12000.60[0m
[0;31m Prog= 86.91%	N_left=   116736	Time=  36.76	Time_left=   5.54	iGF= 131935.68	GF= 191484.17	iGF_per=  8245.98 	GF_per= 11967.76[0m
[0;31m Prog= 87.25%	N_left=   115712	Time=  36.99	Time_left=   5.41	iGF= 120229.82	GF= 191040.94	iGF_per=  7514.36 	GF_per= 11940.06[0m
[0;31m Prog= 88.71%	N_left=   111104	Time=  37.97	Time_left=   4.83	iGF= 120766.29	GF= 189224.24	iGF_per=  7547.89 	GF_per= 11826.51[0m
[0;31m Prog= 90.06%	N_left=   106496	Time=  38.90	Time_left=   4.29	iGF= 117797.24	GF= 187523.39	iGF_per=  7362.33 	GF_per= 11720.21[0m
[0;31m Prog= 91.29%	N_left=   101888	Time=  39.80	Time_left=   3.80	iGF= 110881.53	GF= 185785.59	iGF_per=  6930.10 	GF_per= 11611.60[0m
[0;31m Prog= 92.42%	N_left=    97280	Time=  40.65	Time_left=   3.33	iGF= 108045.00	GF= 184167.43	iGF_per=  6752.81 	GF_per= 11510.46[0m
[0;31m Prog= 93.45%	N_left=    92672	Time=  41.46	Time_left=   2.91	iGF= 102346.20	GF= 182564.07	iGF_per=  6396.64 	GF_per= 11410.25[0m
[0;31m Prog= 94.38%	N_left=    88064	Time=  42.23	Time_left=   2.52	iGF= 97451.69	GF= 181007.27	iGF_per=  6090.73 	GF_per= 11312.95[0m
[0;31m Prog= 95.22%	N_left=    83456	Time=  42.99	Time_left=   2.16	iGF= 89349.26	GF= 179389.46	iGF_per=  5584.33 	GF_per= 11211.84[0m
[0;31m Prog= 95.97%	N_left=    78848	Time=  43.69	Time_left=   1.84	iGF= 86420.85	GF= 177894.71	iGF_per=  5401.30 	GF_per= 11118.42[0m
[0;31m Prog= 96.63%	N_left=    74240	Time=  44.36	Time_left=   1.55	iGF= 80887.61	GF= 176434.48	iGF_per=  5055.48 	GF_per= 11027.16[0m
[0;31m Prog= 97.22%	N_left=    69632	Time=  44.98	Time_left=   1.29	iGF= 77072.30	GF= 175067.09	iGF_per=  4817.02 	GF_per= 10941.69[0m
[0;31m Prog= 99.14%	N_left=    47104	Time=  47.54	Time_left=   0.41	iGF= 60737.16	GF= 168913.55	iGF_per=  3796.07 	GF_per= 10557.10[0m
[0;31m Prog= 99.89%	N_left=    24064	Time=  49.20	Time_left=   0.06	iGF= 36359.68	GF= 164438.96	iGF_per=  2272.48 	GF_per= 10277.43[0m
[0;31m Prog= 100.00%	N_left=     1024	Time=  50.04	Time_left=   0.00	iGF= 10998.38	GF= 161849.30	iGF_per=   687.40 	GF_per= 10115.58[0m
================================================================================
T/V                N    NB     P     Q         Time          Gflops (   per GPU)
--------------------------------------------------------------------------------
WC0           229888   512     4     4        50.30       1.610e+05 ( 1.006e+04)

HPL_pdgesv() start time Tue Sep 23 04:29:02 2025
HPL_pdgesv() end time   Tue Sep 23 04:29:52 2025

--------------------------------------------------------------------------------
||Ax-b||_oo/(eps*(||A||_oo*||x||_oo+||b||_oo)*N)=   0.000346485519 ...... PASSED
||Ax-b||_oo  . . . . . . . . . . . . . . . . . = 0.0000003100771725
||A||_oo . . . . . . . . . . . . . . . . . . . = 57782.5568682940938743
||x||_oo . . . . . . . . . . . . . . . . . . . = 606.8221265966996043
||b||_oo . . . . . . . . . . . . . . . . . . . = 0.9575813829086250
================================================================================

Finished      1 tests with the following results:
              1 tests completed and passed residual checks,
              0 tests completed and failed residual checks,
              0 tests skipped because of illegal input values.
--------------------------------------------------------------------------------

End of Tests.
================================================================================
