[1757074251.595650] [node1:45155:0]           ib_md.c:1190 UCX  WARN  mlx5_0: relaxed order memory access requested, but unsupported
[1757074251.605557] [node1:45155:0]     ucp_context.c:1321 UCX  WARN  transport 'gdr_copy' is not available, please use one or more of: cma, cuda, cuda_copy, cuda_ipc, dc, dc_mlx5, dc_x, ib, mm, posix, rc, rc_mlx5, rc_v, rc_verbs, rc_x, self, shm, sm, sysv, tcp, ud, ud_mlx5, ud_v, ud_verbs, ud_x
[1757074251.618146] [node1:45156:0]           ib_md.c:1190 UCX  WARN  mlx5_0: relaxed order memory access requested, but unsupported
[1757074251.631901] [node1:45156:0]     ucp_context.c:1321 UCX  WARN  transport 'gdr_copy' is not available, please use one or more of: cma, cuda, cuda_copy, cuda_ipc, dc, dc_mlx5, dc_x, ib, mm, posix, rc, rc_mlx5, rc_v, rc_verbs, rc_x, self, shm, sm, sysv, tcp, ud, ud_mlx5, ud_v, ud_verbs, ud_x
[1757074251.633098] [node1:45158:0]           ib_md.c:1190 UCX  WARN  mlx5_0: relaxed order memory access requested, but unsupported
[1757074251.633702] [node1:45157:0]           ib_md.c:1190 UCX  WARN  mlx5_0: relaxed order memory access requested, but unsupported
[1757074251.646201] [node1:45157:0]     ucp_context.c:1321 UCX  WARN  transport 'gdr_copy' is not available, please use one or more of: cma, cuda, cuda_copy, cuda_ipc, dc, dc_mlx5, dc_x, ib, mm, posix, rc, rc_mlx5, rc_v, rc_verbs, rc_x, self, shm, sm, sysv, tcp, ud, ud_mlx5, ud_v, ud_verbs, ud_x
[1757074251.646769] [node1:45158:0]     ucp_context.c:1321 UCX  WARN  transport 'gdr_copy' is not available, please use one or more of: cma, cuda, cuda_copy, cuda_ipc, dc, dc_mlx5, dc_x, ib, mm, posix, rc, rc_mlx5, rc_v, rc_verbs, rc_x, self, shm, sm, sysv, tcp, ud, ud_mlx5, ud_v, ud_verbs, ud_x
[1757074310.543422] [node2:350566:0]           ib_md.c:1190 UCX  WARN  mlx5_0: relaxed order memory access requested, but unsupported
[1757074310.552396] [node2:350566:0]     ucp_context.c:1321 UCX  WARN  transport 'gdr_copy' is not available, please use one or more of: cma, cuda, cuda_copy, cuda_ipc, dc, dc_mlx5, dc_x, ib, mm, posix, rc, rc_mlx5, rc_v, rc_verbs, rc_x, self, shm, sm, sysv, tcp, ud, ud_mlx5, ud_v, ud_verbs, ud_x
[1757074310.554029] [node2:350567:0]           ib_md.c:1190 UCX  WARN  mlx5_0: relaxed order memory access requested, but unsupported
[1757074310.567327] [node2:350567:0]     ucp_context.c:1321 UCX  WARN  transport 'gdr_copy' is not available, please use one or more of: cma, cuda, cuda_copy, cuda_ipc, dc, dc_mlx5, dc_x, ib, mm, posix, rc, rc_mlx5, rc_v, rc_verbs, rc_x, self, shm, sm, sysv, tcp, ud, ud_mlx5, ud_v, ud_verbs, ud_x
[1757074310.584132] [node2:350565:0]           ib_md.c:1190 UCX  WARN  mlx5_0: relaxed order memory access requested, but unsupported
[1757074310.588133] [node2:350564:0]           ib_md.c:1190 UCX  WARN  mlx5_0: relaxed order memory access requested, but unsupported
[1757074310.597910] [node2:350565:0]     ucp_context.c:1321 UCX  WARN  transport 'gdr_copy' is not available, please use one or more of: cma, cuda, cuda_copy, cuda_ipc, dc, dc_mlx5, dc_x, ib, mm, posix, rc, rc_mlx5, rc_v, rc_verbs, rc_x, self, shm, sm, sysv, tcp, ud, ud_mlx5, ud_v, ud_verbs, ud_x
[1757074310.601964] [node2:350564:0]     ucp_context.c:1321 UCX  WARN  transport 'gdr_copy' is not available, please use one or more of: cma, cuda, cuda_copy, cuda_ipc, dc, dc_mlx5, dc_x, ib, mm, posix, rc, rc_mlx5, rc_v, rc_verbs, rc_x, self, shm, sm, sysv, tcp, ud, ud_mlx5, ud_v, ud_verbs, ud_x
[1757074310.719150] [node2:350567:0]           ib_md.c:1190 UCX  WARN  mlx5_0: relaxed order memory access requested, but unsupported
[1757074310.719212] [node2:350565:0]           ib_md.c:1190 UCX  WARN  mlx5_0: relaxed order memory access requested, but unsupported
[1757074310.719306] [node2:350566:0]           ib_md.c:1190 UCX  WARN  mlx5_0: relaxed order memory access requested, but unsupported
[1757074310.719444] [node2:350564:0]           ib_md.c:1190 UCX  WARN  mlx5_0: relaxed order memory access requested, but unsupported
[1757074310.730130] [node1:45158:0]           ib_md.c:1190 UCX  WARN  mlx5_0: relaxed order memory access requested, but unsupported
[1757074310.728468] [node2:350567:0]     ucp_context.c:1321 UCX  WARN  transport 'gdr_copy' is not available, please use one or more of: cma, cuda, cuda_copy, cuda_ipc, dc, dc_mlx5, dc_x, ib, mm, posix, rc, rc_mlx5, rc_v, rc_verbs, rc_x, self, shm, sm, sysv, tcp, ud, ud_mlx5, ud_v, ud_verbs, ud_x
[1757074310.728634] [node2:350565:0]     ucp_context.c:1321 UCX  WARN  transport 'gdr_copy' is not available, please use one or more of: cma, cuda, cuda_copy, cuda_ipc, dc, dc_mlx5, dc_x, ib, mm, posix, rc, rc_mlx5, rc_v, rc_verbs, rc_x, self, shm, sm, sysv, tcp, ud, ud_mlx5, ud_v, ud_verbs, ud_x
[1757074310.728817] [node2:350564:0]     ucp_context.c:1321 UCX  WARN  transport 'gdr_copy' is not available, please use one or more of: cma, cuda, cuda_copy, cuda_ipc, dc, dc_mlx5, dc_x, ib, mm, posix, rc, rc_mlx5, rc_v, rc_verbs, rc_x, self, shm, sm, sysv, tcp, ud, ud_mlx5, ud_v, ud_verbs, ud_x
[1757074310.734474] [node1:45157:0]           ib_md.c:1190 UCX  WARN  mlx5_0: relaxed order memory access requested, but unsupported
[1757074310.734786] [node1:45155:0]           ib_md.c:1190 UCX  WARN  mlx5_0: relaxed order memory access requested, but unsupported
[1757074310.733077] [node2:350566:0]     ucp_context.c:1321 UCX  WARN  transport 'gdr_copy' is not available, please use one or more of: cma, cuda, cuda_copy, cuda_ipc, dc, dc_mlx5, dc_x, ib, mm, posix, rc, rc_mlx5, rc_v, rc_verbs, rc_x, self, shm, sm, sysv, tcp, ud, ud_mlx5, ud_v, ud_verbs, ud_x
[1757074310.734908] [node1:45156:0]           ib_md.c:1190 UCX  WARN  mlx5_0: relaxed order memory access requested, but unsupported
[1757074310.743847] [node1:45158:0]     ucp_context.c:1321 UCX  WARN  transport 'gdr_copy' is not available, please use one or more of: cma, cuda, cuda_copy, cuda_ipc, dc, dc_mlx5, dc_x, ib, mm, posix, rc, rc_mlx5, rc_v, rc_verbs, rc_x, self, shm, sm, sysv, tcp, ud, ud_mlx5, ud_v, ud_verbs, ud_x
[1757074310.748176] [node1:45157:0]     ucp_context.c:1321 UCX  WARN  transport 'gdr_copy' is not available, please use one or more of: cma, cuda, cuda_copy, cuda_ipc, dc, dc_mlx5, dc_x, ib, mm, posix, rc, rc_mlx5, rc_v, rc_verbs, rc_x, self, shm, sm, sysv, tcp, ud, ud_mlx5, ud_v, ud_verbs, ud_x
[1757074310.749050] [node1:45155:0]     ucp_context.c:1321 UCX  WARN  transport 'gdr_copy' is not available, please use one or more of: cma, cuda, cuda_copy, cuda_ipc, dc, dc_mlx5, dc_x, ib, mm, posix, rc, rc_mlx5, rc_v, rc_verbs, rc_x, self, shm, sm, sysv, tcp, ud, ud_mlx5, ud_v, ud_verbs, ud_x
[1757074310.749321] [node1:45156:0]     ucp_context.c:1321 UCX  WARN  transport 'gdr_copy' is not available, please use one or more of: cma, cuda, cuda_copy, cuda_ipc, dc, dc_mlx5, dc_x, ib, mm, posix, rc, rc_mlx5, rc_v, rc_verbs, rc_x, self, shm, sm, sysv, tcp, ud, ud_mlx5, ud_v, ud_verbs, ud_x
[1757074310.774720] [node2:350567:0]           ib_md.c:1190 UCX  WARN  mlx5_0: relaxed order memory access requested, but unsupported
[1757074310.776121] [node2:350564:0]           ib_md.c:1190 UCX  WARN  mlx5_0: relaxed order memory access requested, but unsupported
[1757074310.776284] [node2:350565:0]           ib_md.c:1190 UCX  WARN  mlx5_0: relaxed order memory access requested, but unsupported
[1757074310.783912] [node2:350567:0]     ucp_context.c:1321 UCX  WARN  transport 'gdr_copy' is not available, please use one or more of: cma, cuda, cuda_copy, cuda_ipc, dc, dc_mlx5, dc_x, ib, mm, posix, rc, rc_mlx5, rc_v, rc_verbs, rc_x, self, shm, sm, sysv, tcp, ud, ud_mlx5, ud_v, ud_verbs, ud_x
[1757074310.785366] [node2:350564:0]     ucp_context.c:1321 UCX  WARN  transport 'gdr_copy' is not available, please use one or more of: cma, cuda, cuda_copy, cuda_ipc, dc, dc_mlx5, dc_x, ib, mm, posix, rc, rc_mlx5, rc_v, rc_verbs, rc_x, self, shm, sm, sysv, tcp, ud, ud_mlx5, ud_v, ud_verbs, ud_x
[1757074310.785587] [node2:350565:0]     ucp_context.c:1321 UCX  WARN  transport 'gdr_copy' is not available, please use one or more of: cma, cuda, cuda_copy, cuda_ipc, dc, dc_mlx5, dc_x, ib, mm, posix, rc, rc_mlx5, rc_v, rc_verbs, rc_x, self, shm, sm, sysv, tcp, ud, ud_mlx5, ud_v, ud_verbs, ud_x
[1757074310.788338] [node2:350566:0]           ib_md.c:1190 UCX  WARN  mlx5_0: relaxed order memory access requested, but unsupported
[1757074310.791831] [node1:45157:0]           ib_md.c:1190 UCX  WARN  mlx5_0: relaxed order memory access requested, but unsupported
[1757074310.791905] [node1:45158:0]           ib_md.c:1190 UCX  WARN  mlx5_0: relaxed order memory access requested, but unsupported
[1757074310.793657] [node1:45155:0]           ib_md.c:1190 UCX  WARN  mlx5_0: relaxed order memory access requested, but unsupported
[1757074310.793746] [node1:45156:0]           ib_md.c:1190 UCX  WARN  mlx5_0: relaxed order memory access requested, but unsupported
[1757074310.803238] [node2:350566:0]     ucp_context.c:1321 UCX  WARN  transport 'gdr_copy' is not available, please use one or more of: cma, cuda, cuda_copy, cuda_ipc, dc, dc_mlx5, dc_x, ib, mm, posix, rc, rc_mlx5, rc_v, rc_verbs, rc_x, self, shm, sm, sysv, tcp, ud, ud_mlx5, ud_v, ud_verbs, ud_x
[1757074310.805456] [node1:45157:0]     ucp_context.c:1321 UCX  WARN  transport 'gdr_copy' is not available, please use one or more of: cma, cuda, cuda_copy, cuda_ipc, dc, dc_mlx5, dc_x, ib, mm, posix, rc, rc_mlx5, rc_v, rc_verbs, rc_x, self, shm, sm, sysv, tcp, ud, ud_mlx5, ud_v, ud_verbs, ud_x
[1757074310.805474] [node1:45158:0]     ucp_context.c:1321 UCX  WARN  transport 'gdr_copy' is not available, please use one or more of: cma, cuda, cuda_copy, cuda_ipc, dc, dc_mlx5, dc_x, ib, mm, posix, rc, rc_mlx5, rc_v, rc_verbs, rc_x, self, shm, sm, sysv, tcp, ud, ud_mlx5, ud_v, ud_verbs, ud_x
[1757074310.808098] [node1:45155:0]     ucp_context.c:1321 UCX  WARN  transport 'gdr_copy' is not available, please use one or more of: cma, cuda, cuda_copy, cuda_ipc, dc, dc_mlx5, dc_x, ib, mm, posix, rc, rc_mlx5, rc_v, rc_verbs, rc_x, self, shm, sm, sysv, tcp, ud, ud_mlx5, ud_v, ud_verbs, ud_x
[1757074310.808272] [node1:45156:0]     ucp_context.c:1321 UCX  WARN  transport 'gdr_copy' is not available, please use one or more of: cma, cuda, cuda_copy, cuda_ipc, dc, dc_mlx5, dc_x, ib, mm, posix, rc, rc_mlx5, rc_v, rc_verbs, rc_x, self, shm, sm, sysv, tcp, ud, ud_mlx5, ud_v, ud_verbs, ud_x
[1757074310.892735] [node2:350565:0]           ib_md.c:1190 UCX  WARN  mlx5_0: relaxed order memory access requested, but unsupported
[1757074310.894181] [node2:350567:0]           ib_md.c:1190 UCX  WARN  mlx5_0: relaxed order memory access requested, but unsupported
[1757074310.895053] [node2:350564:0]           ib_md.c:1190 UCX  WARN  mlx5_0: relaxed order memory access requested, but unsupported
[1757074310.902162] [node2:350565:0]     ucp_context.c:1321 UCX  WARN  transport 'gdr_copy' is not available, please use one or more of: cma, cuda, cuda_copy, cuda_ipc, dc, dc_mlx5, dc_x, ib, mm, posix, rc, rc_mlx5, rc_v, rc_verbs, rc_x, self, shm, sm, sysv, tcp, ud, ud_mlx5, ud_v, ud_verbs, ud_x
[1757074310.904059] [node1:45157:0]           ib_md.c:1190 UCX  WARN  mlx5_0: relaxed order memory access requested, but unsupported
[1757074310.902837] [node2:350566:0]           ib_md.c:1190 UCX  WARN  mlx5_0: relaxed order memory access requested, but unsupported
[1757074310.903552] [node2:350567:0]     ucp_context.c:1321 UCX  WARN  transport 'gdr_copy' is not available, please use one or more of: cma, cuda, cuda_copy, cuda_ipc, dc, dc_mlx5, dc_x, ib, mm, posix, rc, rc_mlx5, rc_v, rc_verbs, rc_x, self, shm, sm, sysv, tcp, ud, ud_mlx5, ud_v, ud_verbs, ud_x
[1757074310.904351] [node2:350564:0]     ucp_context.c:1321 UCX  WARN  transport 'gdr_copy' is not available, please use one or more of: cma, cuda, cuda_copy, cuda_ipc, dc, dc_mlx5, dc_x, ib, mm, posix, rc, rc_mlx5, rc_v, rc_verbs, rc_x, self, shm, sm, sysv, tcp, ud, ud_mlx5, ud_v, ud_verbs, ud_x
[1757074310.906292] [node1:45156:0]           ib_md.c:1190 UCX  WARN  mlx5_0: relaxed order memory access requested, but unsupported
[1757074310.915231] [node1:45157:0]     ucp_context.c:1321 UCX  WARN  transport 'gdr_copy' is not available, please use one or more of: cma, cuda, cuda_copy, cuda_ipc, dc, dc_mlx5, dc_x, ib, mm, posix, rc, rc_mlx5, rc_v, rc_verbs, rc_x, self, shm, sm, sysv, tcp, ud, ud_mlx5, ud_v, ud_verbs, ud_x
[1757074310.913627] [node2:350566:0]     ucp_context.c:1321 UCX  WARN  transport 'gdr_copy' is not available, please use one or more of: cma, cuda, cuda_copy, cuda_ipc, dc, dc_mlx5, dc_x, ib, mm, posix, rc, rc_mlx5, rc_v, rc_verbs, rc_x, self, shm, sm, sysv, tcp, ud, ud_mlx5, ud_v, ud_verbs, ud_x
[1757074310.918052] [node1:45156:0]     ucp_context.c:1321 UCX  WARN  transport 'gdr_copy' is not available, please use one or more of: cma, cuda, cuda_copy, cuda_ipc, dc, dc_mlx5, dc_x, ib, mm, posix, rc, rc_mlx5, rc_v, rc_verbs, rc_x, self, shm, sm, sysv, tcp, ud, ud_mlx5, ud_v, ud_verbs, ud_x
[1757074310.918274] [node1:45158:0]           ib_md.c:1190 UCX  WARN  mlx5_0: relaxed order memory access requested, but unsupported
[1757074310.921050] [node1:45155:0]           ib_md.c:1190 UCX  WARN  mlx5_0: relaxed order memory access requested, but unsupported
[1757074310.931796] [node1:45158:0]     ucp_context.c:1321 UCX  WARN  transport 'gdr_copy' is not available, please use one or more of: cma, cuda, cuda_copy, cuda_ipc, dc, dc_mlx5, dc_x, ib, mm, posix, rc, rc_mlx5, rc_v, rc_verbs, rc_x, self, shm, sm, sysv, tcp, ud, ud_mlx5, ud_v, ud_verbs, ud_x
[1757074310.935053] [node1:45155:0]     ucp_context.c:1321 UCX  WARN  transport 'gdr_copy' is not available, please use one or more of: cma, cuda, cuda_copy, cuda_ipc, dc, dc_mlx5, dc_x, ib, mm, posix, rc, rc_mlx5, rc_v, rc_verbs, rc_x, self, shm, sm, sysv, tcp, ud, ud_mlx5, ud_v, ud_verbs, ud_x

================================================================================
HPL-NVIDIA 25.4.0  -- NVIDIA accelerated HPL benchmark -- NVIDIA
================================================================================
HPLinpack 2.1  --  High-Performance Linpack benchmark  --   October 26, 2012
Written by A. Petitet and R. Clint Whaley,  Innovative Computing Laboratory, UTK
Modified by Piotr Luszczek, Innovative Computing Laboratory, UTK
Modified by Julien Langou, University of Colorado Denver
================================================================================

An explanation of the input/output parameters follows:
T/V    : Wall time / encoded variant.
N      : The order of the coefficient matrix A.
NB     : The partitioning blocking factor.
P      : The number of process rows.
Q      : The number of process columns.
Time   : Time in seconds to solve the linear system.
Gflops : Rate of execution for solving the linear system.

The following parameter values will be used:

N      :  189440 
NB     :     512 
PMAP   : Column-major process mapping
P      :       4 
Q      :       2 
PFACT  :    Left 
NBMIN  :       2 
NDIV   :       2 
RFACT  :    Left 
BCAST  :  2ringM 
DEPTH  :       1 
SWAP   : Spread-roll (long)
L1     : no-transposed form
U      : transposed form
EQUIL  : no
ALIGN  : 8 double precision words

--------------------------------------------------------------------------------

- The matrix A is randomly generated for each test.
- The following scaled residual check will be computed:
      ||Ax-b||_oo / ( eps * ( || x ||_oo * || A ||_oo + || b ||_oo ) * N )
- The relative machine precision (eps) is taken to be               1.110223e-16
- Computational tests pass if scaled residuals are less than                16.0


HPL-NVIDIA ignores the following parameters from input file:
	* Broadcast parameters
	* Panel factorization parameters
	* Look-ahead value
	* L1 layout
	* U layout
	* Equilibration parameter
	* Memory alignment parameter

HPL-NVIDIA settings from environment variables:
--- DEVICE INFO ---
  Peak clock frequency: 1410 MHz
  SM version          : 80
  Number of SMs       : 108
-------------------
node1:45155:45155 [0] NCCL INFO cudaDriverVersion 13000
node1:45157:45157 [2] NCCL INFO cudaDriverVersion 13000
node1:45158:45158 [3] NCCL INFO cudaDriverVersion 13000
node1:45156:45156 [1] NCCL INFO cudaDriverVersion 13000
node1:45155:45155 [0] NCCL INFO NCCL version 2.27.7+cuda13.0
node2:350565:350565 [1] NCCL INFO cudaDriverVersion 13000
node2:350564:350564 [0] NCCL INFO cudaDriverVersion 13000
node2:350566:350566 [2] NCCL INFO cudaDriverVersion 13000
node2:350567:350567 [3] NCCL INFO cudaDriverVersion 13000
node2:350564:350564 [0] NCCL INFO NCCL version 2.27.7+cuda13.0
node2:350565:350565 [1] NCCL INFO NCCL version 2.27.7+cuda13.0
node1:45157:45157 [2] NCCL INFO NCCL version 2.27.7+cuda13.0
node2:350566:350566 [2] NCCL INFO NCCL version 2.27.7+cuda13.0
node1:45158:45158 [3] NCCL INFO NCCL version 2.27.7+cuda13.0
node1:45156:45156 [1] NCCL INFO NCCL version 2.27.7+cuda13.0
node2:350567:350567 [3] NCCL INFO NCCL version 2.27.7+cuda13.0
node1:45155:45155 [0] NCCL INFO NET/Plugin: Plugin name set by env to libnccl-net.so
node1:45155:45155 [0] NCCL INFO NET/Plugin: Loaded net plugin NCCL RDMA Plugin v10 (v10)
node1:45155:45155 [0] NCCL INFO NET/Plugin: Loaded collnet plugin NCCL RDMA Plugin v10 (v10)
node1:45155:45155 [0] NCCL INFO Successfully loaded external plugin libnccl-net.so
node1:45155:45155 [0] NCCL INFO Plugin Path : /home/hpc/hpcx/hpcx-v2.24-gcc-doca_ofed-ubuntu24.04-cuda13-x86_64/nccl_rdma_sharp_plugin/lib/libnccl-net.so
node1:45155:45155 [0] NCCL INFO P2P plugin v10 IBext_v10
node1:45156:45156 [1] NCCL INFO NET/Plugin: Plugin name set by env to libnccl-net.so
node1:45156:45156 [1] NCCL INFO NET/Plugin: Loaded net plugin NCCL RDMA Plugin v10 (v10)
node1:45156:45156 [1] NCCL INFO NET/Plugin: Loaded collnet plugin NCCL RDMA Plugin v10 (v10)
node1:45156:45156 [1] NCCL INFO Successfully loaded external plugin libnccl-net.so
node1:45156:45156 [1] NCCL INFO Plugin Path : /home/hpc/hpcx/hpcx-v2.24-gcc-doca_ofed-ubuntu24.04-cuda13-x86_64/nccl_rdma_sharp_plugin/lib/libnccl-net.so
node1:45156:45156 [1] NCCL INFO P2P plugin v10 IBext_v10
node1:45157:45157 [2] NCCL INFO NET/Plugin: Plugin name set by env to libnccl-net.so
node1:45157:45157 [2] NCCL INFO NET/Plugin: Loaded net plugin NCCL RDMA Plugin v10 (v10)
node1:45157:45157 [2] NCCL INFO NET/Plugin: Loaded collnet plugin NCCL RDMA Plugin v10 (v10)
node1:45157:45157 [2] NCCL INFO Successfully loaded external plugin libnccl-net.so
node1:45157:45157 [2] NCCL INFO Plugin Path : /home/hpc/hpcx/hpcx-v2.24-gcc-doca_ofed-ubuntu24.04-cuda13-x86_64/nccl_rdma_sharp_plugin/lib/libnccl-net.so
node1:45157:45157 [2] NCCL INFO P2P plugin v10 IBext_v10
node2:350566:350566 [2] NCCL INFO NET/Plugin: Plugin name set by env to libnccl-net.so
node2:350566:350566 [2] NCCL INFO NET/Plugin: Loaded net plugin NCCL RDMA Plugin v10 (v10)
node2:350566:350566 [2] NCCL INFO NET/Plugin: Loaded collnet plugin NCCL RDMA Plugin v10 (v10)
node2:350566:350566 [2] NCCL INFO Successfully loaded external plugin libnccl-net.so
node2:350566:350566 [2] NCCL INFO Plugin Path : /home/hpc/hpcx/hpcx-v2.24-gcc-doca_ofed-ubuntu24.04-cuda13-x86_64/nccl_rdma_sharp_plugin/lib/libnccl-net.so
node2:350566:350566 [2] NCCL INFO P2P plugin v10 IBext_v10
node1:45158:45158 [3] NCCL INFO NET/Plugin: Plugin name set by env to libnccl-net.so
node1:45158:45158 [3] NCCL INFO NET/Plugin: Loaded net plugin NCCL RDMA Plugin v10 (v10)
node1:45158:45158 [3] NCCL INFO NET/Plugin: Loaded collnet plugin NCCL RDMA Plugin v10 (v10)
node1:45158:45158 [3] NCCL INFO Successfully loaded external plugin libnccl-net.so
node1:45158:45158 [3] NCCL INFO Plugin Path : /home/hpc/hpcx/hpcx-v2.24-gcc-doca_ofed-ubuntu24.04-cuda13-x86_64/nccl_rdma_sharp_plugin/lib/libnccl-net.so
node1:45158:45158 [3] NCCL INFO P2P plugin v10 IBext_v10
node2:350567:350567 [3] NCCL INFO NET/Plugin: Plugin name set by env to libnccl-net.so
node2:350567:350567 [3] NCCL INFO NET/Plugin: Loaded net plugin NCCL RDMA Plugin v10 (v10)
node2:350567:350567 [3] NCCL INFO NET/Plugin: Loaded collnet plugin NCCL RDMA Plugin v10 (v10)
node2:350567:350567 [3] NCCL INFO Successfully loaded external plugin libnccl-net.so
node2:350567:350567 [3] NCCL INFO Plugin Path : /home/hpc/hpcx/hpcx-v2.24-gcc-doca_ofed-ubuntu24.04-cuda13-x86_64/nccl_rdma_sharp_plugin/lib/libnccl-net.so
node2:350567:350567 [3] NCCL INFO P2P plugin v10 IBext_v10
node1:45155:45155 [0] NCCL INFO Call to mlx5dv_get_data_direct_sysfs_path failed with error No such device errno 19
node2:350565:350565 [1] NCCL INFO NET/Plugin: Plugin name set by env to libnccl-net.so
node2:350565:350565 [1] NCCL INFO NET/Plugin: Loaded net plugin NCCL RDMA Plugin v10 (v10)
node2:350565:350565 [1] NCCL INFO NET/Plugin: Loaded collnet plugin NCCL RDMA Plugin v10 (v10)
node2:350565:350565 [1] NCCL INFO Successfully loaded external plugin libnccl-net.so
node2:350565:350565 [1] NCCL INFO Plugin Path : /home/hpc/hpcx/hpcx-v2.24-gcc-doca_ofed-ubuntu24.04-cuda13-x86_64/nccl_rdma_sharp_plugin/lib/libnccl-net.so
node2:350565:350565 [1] NCCL INFO P2P plugin v10 IBext_v10
node2:350564:350564 [0] NCCL INFO NET/Plugin: Plugin name set by env to libnccl-net.so
node2:350564:350564 [0] NCCL INFO NET/Plugin: Loaded net plugin NCCL RDMA Plugin v10 (v10)
node2:350564:350564 [0] NCCL INFO NET/Plugin: Loaded collnet plugin NCCL RDMA Plugin v10 (v10)
node2:350564:350564 [0] NCCL INFO Successfully loaded external plugin libnccl-net.so
node2:350564:350564 [0] NCCL INFO Plugin Path : /home/hpc/hpcx/hpcx-v2.24-gcc-doca_ofed-ubuntu24.04-cuda13-x86_64/nccl_rdma_sharp_plugin/lib/libnccl-net.so
node2:350564:350564 [0] NCCL INFO P2P plugin v10 IBext_v10
node1:45155:45155 [0] NCCL INFO NET/IB : Made virtual device [0] name=mlx5_0 speed=56000 ndevs=1
node1:45155:45155 [0] NCCL INFO NET/IB : Using [0]mlx5_0:1/IB/SHARP [RO]; OOB ibp225s0:192.168.100.1<0>
node1:45155:45155 [0] NCCL INFO Initialized NET plugin IBext_v10
node1:45156:45156 [1] NCCL INFO Call to mlx5dv_get_data_direct_sysfs_path failed with error No such device errno 19
node1:45157:45157 [2] NCCL INFO Call to mlx5dv_get_data_direct_sysfs_path failed with error No such device errno 19
node1:45158:45158 [3] NCCL INFO Call to mlx5dv_get_data_direct_sysfs_path failed with error No such device errno 19
node1:45156:45156 [1] NCCL INFO NET/IB : Made virtual device [0] name=mlx5_0 speed=56000 ndevs=1
node1:45156:45156 [1] NCCL INFO NET/IB : Using [0]mlx5_0:1/IB/SHARP [RO]; OOB ibp225s0:192.168.100.1<0>
node1:45156:45156 [1] NCCL INFO Initialized NET plugin IBext_v10
node1:45157:45157 [2] NCCL INFO NET/IB : Made virtual device [0] name=mlx5_0 speed=56000 ndevs=1
node1:45157:45157 [2] NCCL INFO NET/IB : Using [0]mlx5_0:1/IB/SHARP [RO]; OOB ibp225s0:192.168.100.1<0>
node1:45157:45157 [2] NCCL INFO Initialized NET plugin IBext_v10
node1:45158:45158 [3] NCCL INFO NET/IB : Made virtual device [0] name=mlx5_0 speed=56000 ndevs=1
node1:45158:45158 [3] NCCL INFO NET/IB : Using [0]mlx5_0:1/IB/SHARP [RO]; OOB ibp225s0:192.168.100.1<0>
node1:45158:45158 [3] NCCL INFO Initialized NET plugin IBext_v10
node2:350566:350566 [2] NCCL INFO Call to mlx5dv_get_data_direct_sysfs_path failed with error No such device errno 19
node2:350567:350567 [3] NCCL INFO Call to mlx5dv_get_data_direct_sysfs_path failed with error No such device errno 19
node2:350566:350566 [2] NCCL INFO NET/IB : Made virtual device [0] name=mlx5_0 speed=56000 ndevs=1
node2:350566:350566 [2] NCCL INFO NET/IB : Using [0]mlx5_0:1/IB/SHARP [RO]; OOB ibp225s0:192.168.100.2<0>
node2:350566:350566 [2] NCCL INFO Initialized NET plugin IBext_v10
node2:350567:350567 [3] NCCL INFO NET/IB : Made virtual device [0] name=mlx5_0 speed=56000 ndevs=1
node2:350567:350567 [3] NCCL INFO NET/IB : Using [0]mlx5_0:1/IB/SHARP [RO]; OOB ibp225s0:192.168.100.2<0>
node2:350567:350567 [3] NCCL INFO Initialized NET plugin IBext_v10
node1:45155:45155 [0] NCCL INFO Call to mlx5dv_get_data_direct_sysfs_path failed with error No such device errno 19
node2:350565:350565 [1] NCCL INFO Call to mlx5dv_get_data_direct_sysfs_path failed with error No such device errno 19
node2:350564:350564 [0] NCCL INFO Call to mlx5dv_get_data_direct_sysfs_path failed with error No such device errno 19
node1:45155:45155 [0] NCCL INFO NET/IB: [0] mlx5_0:uverbs0:1/IB provider=Mlx5 speed=56000 context=0x2e5d6f90 pciPath=/sys/devices/pci0000:e0/0000:e0:03.1/0000:e1:00.0 ar=1
node1:45155:45155 [0] NCCL INFO NET/IB : Made virtual device [0] name=mlx5_0 speed=56000 ndevs=1
node1:45155:45155 [0] NCCL INFO NET/IB : Using [0]mlx5_0:1/IB [RO]; OOB ibp225s0:192.168.100.1<0>
node1:45155:45155 [0] NCCL INFO Initialized NET plugin IB
node1:45155:45155 [0] NCCL INFO NET/Socket : Using [0]ibp225s0:192.168.100.1<0>
node1:45155:45155 [0] NCCL INFO Initialized NET plugin Socket

[2025-09-05 12:11:52] node1:45155:45155 [0] plugin/net.cc:278 NCCL WARN Failed to initialize any NET plugin
node1:45155:45155 [0] NCCL INFO init.cc:345 -> 5
node1:45155:45155 [0] NCCL INFO init.cc:1437 -> 5
node1:45155:45155 [0] NCCL INFO init.cc:1832 -> 5
node1:45155:45155 [0] NCCL INFO init.cc:1858 -> 5
Failed, NCCL error /dvs/p4/build/sw/rel/gpgpu/toolkit/r12.9/main_nvshmem/src/host/team/team_internal.cpp:679 'invalid usage (run with NCCL_DEBUG=WARN for details)'
node2:350565:350565 [1] NCCL INFO NET/IB : Made virtual device [0] name=mlx5_0 speed=56000 ndevs=1
node2:350565:350565 [1] NCCL INFO NET/IB : Using [0]mlx5_0:1/IB/SHARP [RO]; OOB ibp225s0:192.168.100.2<0>
node2:350565:350565 [1] NCCL INFO Initialized NET plugin IBext_v10
node2:350564:350564 [0] NCCL INFO NET/IB : Made virtual device [0] name=mlx5_0 speed=56000 ndevs=1
node2:350564:350564 [0] NCCL INFO NET/IB : Using [0]mlx5_0:1/IB/SHARP [RO]; OOB ibp225s0:192.168.100.2<0>
node2:350564:350564 [0] NCCL INFO Initialized NET plugin IBext_v10
node1:45156:45156 [1] NCCL INFO Call to mlx5dv_get_data_direct_sysfs_path failed with error No such device errno 19
node1:45157:45157 [2] NCCL INFO Call to mlx5dv_get_data_direct_sysfs_path failed with error No such device errno 19
node1:45158:45158 [3] NCCL INFO Call to mlx5dv_get_data_direct_sysfs_path failed with error No such device errno 19
node1:45156:45156 [1] NCCL INFO NET/IB: [0] mlx5_0:uverbs0:1/IB provider=Mlx5 speed=56000 context=0x327d1bd0 pciPath=/sys/devices/pci0000:e0/0000:e0:03.1/0000:e1:00.0 ar=1
node1:45156:45156 [1] NCCL INFO NET/IB : Made virtual device [0] name=mlx5_0 speed=56000 ndevs=1
node1:45156:45156 [1] NCCL INFO NET/IB : Using [0]mlx5_0:1/IB [RO]; OOB ibp225s0:192.168.100.1<0>
node1:45156:45156 [1] NCCL INFO Initialized NET plugin IB
node1:45157:45157 [2] NCCL INFO NET/IB: [0] mlx5_0:uverbs0:1/IB provider=Mlx5 speed=56000 context=0x3cab1220 pciPath=/sys/devices/pci0000:e0/0000:e0:03.1/0000:e1:00.0 ar=1
node1:45156:45156 [1] NCCL INFO NET/Socket : Using [0]ibp225s0:192.168.100.1<0>
node1:45156:45156 [1] NCCL INFO Initialized NET plugin Socket
node1:45157:45157 [2] NCCL INFO NET/IB : Made virtual device [0] name=mlx5_0 speed=56000 ndevs=1
node1:45157:45157 [2] NCCL INFO NET/IB : Using [0]mlx5_0:1/IB [RO]; OOB ibp225s0:192.168.100.1<0>
node1:45157:45157 [2] NCCL INFO Initialized NET plugin IB

[2025-09-05 12:11:52] node1:45156:45156 [1] plugin/net.cc:278 NCCL WARN Failed to initialize any NET plugin
node1:45156:45156 [1] NCCL INFO init.cc:345 -> 5
node1:45156:45156 [1] NCCL INFO init.cc:1437 -> 5
node1:45156:45156 [1] NCCL INFO init.cc:1832 -> 5
node1:45156:45156 [1] NCCL INFO init.cc:1858 -> 5
Failed, NCCL error /dvs/p4/build/sw/rel/gpgpu/toolkit/r12.9/main_nvshmem/src/host/team/team_internal.cpp:679 'invalid usage (run with NCCL_DEBUG=WARN for details)'
node1:45157:45157 [2] NCCL INFO NET/Socket : Using [0]ibp225s0:192.168.100.1<0>
node1:45157:45157 [2] NCCL INFO Initialized NET plugin Socket

[2025-09-05 12:11:52] node1:45157:45157 [2] plugin/net.cc:278 NCCL WARN Failed to initialize any NET plugin
node1:45157:45157 [2] NCCL INFO init.cc:345 -> 5
node1:45157:45157 [2] NCCL INFO init.cc:1437 -> 5
node1:45157:45157 [2] NCCL INFO init.cc:1832 -> 5
node1:45158:45158 [3] NCCL INFO NET/IB: [0] mlx5_0:uverbs0:1/IB provider=Mlx5 speed=56000 context=0x17784860 pciPath=/sys/devices/pci0000:e0/0000:e0:03.1/0000:e1:00.0 ar=1
node1:45157:45157 [2] NCCL INFO init.cc:1858 -> 5
Failed, NCCL error /dvs/p4/build/sw/rel/gpgpu/toolkit/r12.9/main_nvshmem/src/host/team/team_internal.cpp:679 'invalid usage (run with NCCL_DEBUG=WARN for details)'
node1:45158:45158 [3] NCCL INFO NET/IB : Made virtual device [0] name=mlx5_0 speed=56000 ndevs=1
node1:45158:45158 [3] NCCL INFO NET/IB : Using [0]mlx5_0:1/IB [RO]; OOB ibp225s0:192.168.100.1<0>
node1:45158:45158 [3] NCCL INFO Initialized NET plugin IB
node1:45158:45158 [3] NCCL INFO NET/Socket : Using [0]ibp225s0:192.168.100.1<0>
node1:45158:45158 [3] NCCL INFO Initialized NET plugin Socket

[2025-09-05 12:11:52] node1:45158:45158 [3] plugin/net.cc:278 NCCL WARN Failed to initialize any NET plugin
node1:45158:45158 [3] NCCL INFO init.cc:345 -> 5
node1:45158:45158 [3] NCCL INFO init.cc:1437 -> 5
node1:45158:45158 [3] NCCL INFO init.cc:1832 -> 5
node1:45158:45158 [3] NCCL INFO init.cc:1858 -> 5
Failed, NCCL error /dvs/p4/build/sw/rel/gpgpu/toolkit/r12.9/main_nvshmem/src/host/team/team_internal.cpp:679 'invalid usage (run with NCCL_DEBUG=WARN for details)'
node2:350567:350567 [3] NCCL INFO Call to mlx5dv_get_data_direct_sysfs_path failed with error No such device errno 19
node2:350566:350566 [2] NCCL INFO Call to mlx5dv_get_data_direct_sysfs_path failed with error No such device errno 19
node2:350567:350567 [3] NCCL INFO NET/IB: [0] mlx5_0:uverbs0:1/IB provider=Mlx5 speed=56000 context=0x37434c90 pciPath=/sys/devices/pci0000:e0/0000:e0:03.1/0000:e1:00.0 ar=1
node2:350566:350566 [2] NCCL INFO NET/IB: [0] mlx5_0:uverbs0:1/IB provider=Mlx5 speed=56000 context=0x3e37db40 pciPath=/sys/devices/pci0000:e0/0000:e0:03.1/0000:e1:00.0 ar=1
node2:350567:350567 [3] NCCL INFO NET/IB : Made virtual device [0] name=mlx5_0 speed=56000 ndevs=1
node2:350567:350567 [3] NCCL INFO NET/IB : Using [0]mlx5_0:1/IB [RO]; OOB ibp225s0:192.168.100.2<0>
node2:350567:350567 [3] NCCL INFO Initialized NET plugin IB
node2:350566:350566 [2] NCCL INFO NET/IB : Made virtual device [0] name=mlx5_0 speed=56000 ndevs=1
node2:350566:350566 [2] NCCL INFO NET/IB : Using [0]mlx5_0:1/IB [RO]; OOB ibp225s0:192.168.100.2<0>
node2:350566:350566 [2] NCCL INFO Initialized NET plugin IB
node2:350567:350567 [3] NCCL INFO NET/Socket : Using [0]ibp225s0:192.168.100.2<0>
node2:350567:350567 [3] NCCL INFO Initialized NET plugin Socket

[2025-09-05 12:11:52] node2:350567:350567 [3] plugin/net.cc:278 NCCL WARN Failed to initialize any NET plugin
node2:350567:350567 [3] NCCL INFO init.cc:345 -> 5
node2:350566:350566 [2] NCCL INFO NET/Socket : Using [0]ibp225s0:192.168.100.2<0>
node2:350566:350566 [2] NCCL INFO Initialized NET plugin Socket

[2025-09-05 12:11:52] node2:350566:350566 [2] plugin/net.cc:278 NCCL WARN Failed to initialize any NET plugin
node2:350566:350566 [2] NCCL INFO init.cc:345 -> 5
node2:350566:350566 [2] NCCL INFO init.cc:1437 -> 5
node2:350567:350567 [3] NCCL INFO init.cc:1437 -> 5
node2:350567:350567 [3] NCCL INFO init.cc:1832 -> 5
node2:350566:350566 [2] NCCL INFO init.cc:1832 -> 5
node2:350566:350566 [2] NCCL INFO init.cc:1858 -> 5
node2:350567:350567 [3] NCCL INFO init.cc:1858 -> 5
Failed, NCCL error /dvs/p4/build/sw/rel/gpgpu/toolkit/r12.9/main_nvshmem/src/host/team/team_internal.cpp:679 'invalid usage (run with NCCL_DEBUG=WARN for details)'
Failed, NCCL error /dvs/p4/build/sw/rel/gpgpu/toolkit/r12.9/main_nvshmem/src/host/team/team_internal.cpp:679 'invalid usage (run with NCCL_DEBUG=WARN for details)'
node2:350565:350565 [1] NCCL INFO Call to mlx5dv_get_data_direct_sysfs_path failed with error No such device errno 19
node2:350564:350564 [0] NCCL INFO Call to mlx5dv_get_data_direct_sysfs_path failed with error No such device errno 19
node2:350565:350565 [1] NCCL INFO NET/IB: [0] mlx5_0:uverbs0:1/IB provider=Mlx5 speed=56000 context=0x143f1910 pciPath=/sys/devices/pci0000:e0/0000:e0:03.1/0000:e1:00.0 ar=1
node2:350564:350564 [0] NCCL INFO NET/IB: [0] mlx5_0:uverbs0:1/IB provider=Mlx5 speed=56000 context=0x2bfb2a90 pciPath=/sys/devices/pci0000:e0/0000:e0:03.1/0000:e1:00.0 ar=1
node2:350565:350565 [1] NCCL INFO NET/IB : Made virtual device [0] name=mlx5_0 speed=56000 ndevs=1
node2:350565:350565 [1] NCCL INFO NET/IB : Using [0]mlx5_0:1/IB [RO]; OOB ibp225s0:192.168.100.2<0>
node2:350565:350565 [1] NCCL INFO Initialized NET plugin IB
node2:350564:350564 [0] NCCL INFO NET/IB : Made virtual device [0] name=mlx5_0 speed=56000 ndevs=1
node2:350564:350564 [0] NCCL INFO NET/IB : Using [0]mlx5_0:1/IB [RO]; OOB ibp225s0:192.168.100.2<0>
node2:350564:350564 [0] NCCL INFO Initialized NET plugin IB
node2:350565:350565 [1] NCCL INFO NET/Socket : Using [0]ibp225s0:192.168.100.2<0>
node2:350565:350565 [1] NCCL INFO Initialized NET plugin Socket

[2025-09-05 12:11:52] node2:350565:350565 [1] plugin/net.cc:278 NCCL WARN Failed to initialize any NET plugin
node2:350565:350565 [1] NCCL INFO init.cc:345 -> 5
node2:350565:350565 [1] NCCL INFO init.cc:1437 -> 5
node2:350565:350565 [1] NCCL INFO init.cc:1832 -> 5
node2:350564:350564 [0] NCCL INFO NET/Socket : Using [0]ibp225s0:192.168.100.2<0>
node2:350564:350564 [0] NCCL INFO Initialized NET plugin Socket

[2025-09-05 12:11:52] node2:350564:350564 [0] plugin/net.cc:278 NCCL WARN Failed to initialize any NET plugin
node2:350564:350564 [0] NCCL INFO init.cc:345 -> 5
node2:350564:350564 [0] NCCL INFO init.cc:1437 -> 5
node2:350564:350564 [0] NCCL INFO init.cc:1832 -> 5
node2:350565:350565 [1] NCCL INFO init.cc:1858 -> 5
Failed, NCCL error /dvs/p4/build/sw/rel/gpgpu/toolkit/r12.9/main_nvshmem/src/host/team/team_internal.cpp:679 'invalid usage (run with NCCL_DEBUG=WARN for details)'
node2:350564:350564 [0] NCCL INFO init.cc:1858 -> 5
Failed, NCCL error /dvs/p4/build/sw/rel/gpgpu/toolkit/r12.9/main_nvshmem/src/host/team/team_internal.cpp:679 'invalid usage (run with NCCL_DEBUG=WARN for details)'
