[1758697773.719678] [node4:570745:0]     ucp_context.c:2137 UCX  WARN  UCP API version is incompatible: required >= 1.19, actual 1.16.0 (loaded from /usr/lib/x86_64-linux-gnu/libucp.so.0)
[1758697773.720140] [node4:570744:0]     ucp_context.c:2137 UCX  WARN  UCP API version is incompatible: required >= 1.19, actual 1.16.0 (loaded from /usr/lib/x86_64-linux-gnu/libucp.so.0)
[1758697773.727405] [node2:363424:0]     ucp_context.c:2137 UCX  WARN  UCP API version is incompatible: required >= 1.19, actual 1.16.0 (loaded from /usr/lib/x86_64-linux-gnu/libucp.so.0)
[1758697773.727610] [node2:363425:0]     ucp_context.c:2137 UCX  WARN  UCP API version is incompatible: required >= 1.19, actual 1.16.0 (loaded from /usr/lib/x86_64-linux-gnu/libucp.so.0)
[1758697773.735323] [node1:478381:0]     ucp_context.c:2137 UCX  WARN  UCP API version is incompatible: required >= 1.19, actual 1.16.0 (loaded from /usr/lib/x86_64-linux-gnu/libucp.so.0)
[1758697773.735458] [node1:478380:0]     ucp_context.c:2137 UCX  WARN  UCP API version is incompatible: required >= 1.19, actual 1.16.0 (loaded from /usr/lib/x86_64-linux-gnu/libucp.so.0)
[1758697773.731800] [node4:570744:0]           ib_md.c:1103 UCX  WARN  mlx5_0: relaxed order memory access requested, but unsupported
[1758697773.731819] [node4:570745:0]           ib_md.c:1103 UCX  WARN  mlx5_0: relaxed order memory access requested, but unsupported
[1758697773.736025] [node3:572856:0]     ucp_context.c:2137 UCX  WARN  UCP API version is incompatible: required >= 1.19, actual 1.16.0 (loaded from /usr/lib/x86_64-linux-gnu/libucp.so.0)
[1758697773.736114] [node3:572857:0]     ucp_context.c:2137 UCX  WARN  UCP API version is incompatible: required >= 1.19, actual 1.16.0 (loaded from /usr/lib/x86_64-linux-gnu/libucp.so.0)
[1758697773.733900] [node4:570744:0]     ucp_context.c:1192 UCX  WARN  transports 'cuda_copy','gdr_copy','cuda_ipc' are not available, please use one or more of: cma, dc, dc_mlx5, dc_x, ib, mm, posix, rc, rc_mlx5, rc_v, rc_verbs, rc_x, self, shm, sm, sysv, tcp, ud, ud_mlx5, ud_v, ud_verbs, ud_x
[1758697773.736609] [node2:363426:0]     ucp_context.c:2137 UCX  WARN  UCP API version is incompatible: required >= 1.19, actual 1.16.0 (loaded from /usr/lib/x86_64-linux-gnu/libucp.so.0)
[1758697773.734015] [node4:570745:0]     ucp_context.c:1192 UCX  WARN  transports 'cuda_copy','gdr_copy','cuda_ipc' are not available, please use one or more of: cma, dc, dc_mlx5, dc_x, ib, mm, posix, rc, rc_mlx5, rc_v, rc_verbs, rc_x, self, shm, sm, sysv, tcp, ud, ud_mlx5, ud_v, ud_verbs, ud_x
[1758697773.736899] [node2:363427:0]     ucp_context.c:2137 UCX  WARN  UCP API version is incompatible: required >= 1.19, actual 1.16.0 (loaded from /usr/lib/x86_64-linux-gnu/libucp.so.0)
[1758697773.734806] [node4:570746:0]     ucp_context.c:2137 UCX  WARN  UCP API version is incompatible: required >= 1.19, actual 1.16.0 (loaded from /usr/lib/x86_64-linux-gnu/libucp.so.0)
[1758697773.745561] [node1:478382:0]     ucp_context.c:2137 UCX  WARN  UCP API version is incompatible: required >= 1.19, actual 1.16.0 (loaded from /usr/lib/x86_64-linux-gnu/libucp.so.0)
[1758697773.739288] [node2:363424:0]           ib_md.c:1103 UCX  WARN  mlx5_0: relaxed order memory access requested, but unsupported
[1758697773.739456] [node2:363425:0]           ib_md.c:1103 UCX  WARN  mlx5_0: relaxed order memory access requested, but unsupported
[1758697773.737162] [node4:570747:0]     ucp_context.c:2137 UCX  WARN  UCP API version is incompatible: required >= 1.19, actual 1.16.0 (loaded from /usr/lib/x86_64-linux-gnu/libucp.so.0)
[1758697773.747444] [node1:478381:0]           ib_md.c:1103 UCX  WARN  mlx5_0: relaxed order memory access requested, but unsupported
[1758697773.747604] [node1:478380:0]           ib_md.c:1103 UCX  WARN  mlx5_0: relaxed order memory access requested, but unsupported
[1758697773.741350] [node2:363424:0]     ucp_context.c:1192 UCX  WARN  transports 'cuda_copy','gdr_copy','cuda_ipc' are not available, please use one or more of: cma, dc, dc_mlx5, dc_x, ib, mm, posix, rc, rc_mlx5, rc_v, rc_verbs, rc_x, self, shm, sm, sysv, tcp, ud, ud_mlx5, ud_v, ud_verbs, ud_x
[1758697773.741510] [node2:363425:0]     ucp_context.c:1192 UCX  WARN  transports 'cuda_copy','gdr_copy','cuda_ipc' are not available, please use one or more of: cma, dc, dc_mlx5, dc_x, ib, mm, posix, rc, rc_mlx5, rc_v, rc_verbs, rc_x, self, shm, sm, sysv, tcp, ud, ud_mlx5, ud_v, ud_verbs, ud_x
[1758697773.749677] [node1:478381:0]     ucp_context.c:1192 UCX  WARN  transports 'cuda_copy','gdr_copy','cuda_ipc' are not available, please use one or more of: cma, dc, dc_mlx5, dc_x, ib, mm, posix, rc, rc_mlx5, rc_v, rc_verbs, rc_x, self, shm, sm, sysv, tcp, ud, ud_mlx5, ud_v, ud_verbs, ud_x
[1758697773.749733] [node1:478380:0]     ucp_context.c:1192 UCX  WARN  transports 'cuda_copy','gdr_copy','cuda_ipc' are not available, please use one or more of: cma, dc, dc_mlx5, dc_x, ib, mm, posix, rc, rc_mlx5, rc_v, rc_verbs, rc_x, self, shm, sm, sysv, tcp, ud, ud_mlx5, ud_v, ud_verbs, ud_x
[1758697773.750403] [node1:478383:0]     ucp_context.c:2137 UCX  WARN  UCP API version is incompatible: required >= 1.19, actual 1.16.0 (loaded from /usr/lib/x86_64-linux-gnu/libucp.so.0)
[1758697773.745584] [node3:572858:0]     ucp_context.c:2137 UCX  WARN  UCP API version is incompatible: required >= 1.19, actual 1.16.0 (loaded from /usr/lib/x86_64-linux-gnu/libucp.so.0)
[1758697773.747941] [node3:572856:0]           ib_md.c:1103 UCX  WARN  mlx5_0: relaxed order memory access requested, but unsupported
[1758697773.748110] [node3:572857:0]           ib_md.c:1103 UCX  WARN  mlx5_0: relaxed order memory access requested, but unsupported
[1758697773.748432] [node3:572859:0]     ucp_context.c:2137 UCX  WARN  UCP API version is incompatible: required >= 1.19, actual 1.16.0 (loaded from /usr/lib/x86_64-linux-gnu/libucp.so.0)
[1758697773.747911] [node2:363427:0]           ib_md.c:1103 UCX  WARN  mlx5_0: relaxed order memory access requested, but unsupported
[1758697773.747973] [node2:363426:0]           ib_md.c:1103 UCX  WARN  mlx5_0: relaxed order memory access requested, but unsupported
[1758697773.745478] [node4:570746:0]           ib_md.c:1103 UCX  WARN  mlx5_0: relaxed order memory access requested, but unsupported
[1758697773.756266] [node1:478382:0]           ib_md.c:1103 UCX  WARN  mlx5_0: relaxed order memory access requested, but unsupported
[1758697773.749996] [node3:572856:0]     ucp_context.c:1192 UCX  WARN  transports 'cuda_copy','gdr_copy','cuda_ipc' are not available, please use one or more of: cma, dc, dc_mlx5, dc_x, ib, mm, posix, rc, rc_mlx5, rc_v, rc_verbs, rc_x, self, shm, sm, sysv, tcp, ud, ud_mlx5, ud_v, ud_verbs, ud_x
[1758697773.750198] [node3:572857:0]     ucp_context.c:1192 UCX  WARN  transports 'cuda_copy','gdr_copy','cuda_ipc' are not available, please use one or more of: cma, dc, dc_mlx5, dc_x, ib, mm, posix, rc, rc_mlx5, rc_v, rc_verbs, rc_x, self, shm, sm, sysv, tcp, ud, ud_mlx5, ud_v, ud_verbs, ud_x
[1758697773.749771] [node2:363427:0]     ucp_context.c:1192 UCX  WARN  transports 'cuda_copy','gdr_copy','cuda_ipc' are not available, please use one or more of: cma, dc, dc_mlx5, dc_x, ib, mm, posix, rc, rc_mlx5, rc_v, rc_verbs, rc_x, self, shm, sm, sysv, tcp, ud, ud_mlx5, ud_v, ud_verbs, ud_x
[1758697773.749877] [node2:363426:0]     ucp_context.c:1192 UCX  WARN  transports 'cuda_copy','gdr_copy','cuda_ipc' are not available, please use one or more of: cma, dc, dc_mlx5, dc_x, ib, mm, posix, rc, rc_mlx5, rc_v, rc_verbs, rc_x, self, shm, sm, sysv, tcp, ud, ud_mlx5, ud_v, ud_verbs, ud_x
[1758697773.747769] [node4:570746:0]     ucp_context.c:1192 UCX  WARN  transports 'cuda_copy','gdr_copy','cuda_ipc' are not available, please use one or more of: cma, dc, dc_mlx5, dc_x, ib, mm, posix, rc, rc_mlx5, rc_v, rc_verbs, rc_x, self, shm, sm, sysv, tcp, ud, ud_mlx5, ud_v, ud_verbs, ud_x
[1758697773.747850] [node4:570747:0]           ib_md.c:1103 UCX  WARN  mlx5_0: relaxed order memory access requested, but unsupported
[1758697773.758156] [node1:478382:0]     ucp_context.c:1192 UCX  WARN  transports 'cuda_copy','gdr_copy','cuda_ipc' are not available, please use one or more of: cma, dc, dc_mlx5, dc_x, ib, mm, posix, rc, rc_mlx5, rc_v, rc_verbs, rc_x, self, shm, sm, sysv, tcp, ud, ud_mlx5, ud_v, ud_verbs, ud_x
[1758697773.750572] [node4:570747:0]     ucp_context.c:1192 UCX  WARN  transports 'cuda_copy','gdr_copy','cuda_ipc' are not available, please use one or more of: cma, dc, dc_mlx5, dc_x, ib, mm, posix, rc, rc_mlx5, rc_v, rc_verbs, rc_x, self, shm, sm, sysv, tcp, ud, ud_mlx5, ud_v, ud_verbs, ud_x
[1758697773.761194] [node1:478383:0]           ib_md.c:1103 UCX  WARN  mlx5_0: relaxed order memory access requested, but unsupported
[1758697773.756288] [node3:572858:0]           ib_md.c:1103 UCX  WARN  mlx5_0: relaxed order memory access requested, but unsupported
[1758697773.763143] [node1:478383:0]     ucp_context.c:1192 UCX  WARN  transports 'cuda_copy','gdr_copy','cuda_ipc' are not available, please use one or more of: cma, dc, dc_mlx5, dc_x, ib, mm, posix, rc, rc_mlx5, rc_v, rc_verbs, rc_x, self, shm, sm, sysv, tcp, ud, ud_mlx5, ud_v, ud_verbs, ud_x
[1758697773.758264] [node3:572858:0]     ucp_context.c:1192 UCX  WARN  transports 'cuda_copy','gdr_copy','cuda_ipc' are not available, please use one or more of: cma, dc, dc_mlx5, dc_x, ib, mm, posix, rc, rc_mlx5, rc_v, rc_verbs, rc_x, self, shm, sm, sysv, tcp, ud, ud_mlx5, ud_v, ud_verbs, ud_x
[1758697773.759174] [node3:572859:0]           ib_md.c:1103 UCX  WARN  mlx5_0: relaxed order memory access requested, but unsupported
[1758697773.761105] [node3:572859:0]     ucp_context.c:1192 UCX  WARN  transports 'cuda_copy','gdr_copy','cuda_ipc' are not available, please use one or more of: cma, dc, dc_mlx5, dc_x, ib, mm, posix, rc, rc_mlx5, rc_v, rc_verbs, rc_x, self, shm, sm, sysv, tcp, ud, ud_mlx5, ud_v, ud_verbs, ud_x
[1758697773.784793] [node1:478380:0]     ucp_context.c:2137 UCX  WARN  UCP API version is incompatible: required >= 1.19, actual 1.16.0 (loaded from /usr/lib/x86_64-linux-gnu/libucp.so.0)
[1758697773.784786] [node1:478382:0]     ucp_context.c:2137 UCX  WARN  UCP API version is incompatible: required >= 1.19, actual 1.16.0 (loaded from /usr/lib/x86_64-linux-gnu/libucp.so.0)
[1758697773.784931] [node1:478381:0]     ucp_context.c:2137 UCX  WARN  UCP API version is incompatible: required >= 1.19, actual 1.16.0 (loaded from /usr/lib/x86_64-linux-gnu/libucp.so.0)
[1758697773.784940] [node1:478383:0]     ucp_context.c:2137 UCX  WARN  UCP API version is incompatible: required >= 1.19, actual 1.16.0 (loaded from /usr/lib/x86_64-linux-gnu/libucp.so.0)
[1758697773.778640] [node3:572856:0]     ucp_context.c:2137 UCX  WARN  UCP API version is incompatible: required >= 1.19, actual 1.16.0 (loaded from /usr/lib/x86_64-linux-gnu/libucp.so.0)
[1758697773.778657] [node3:572858:0]     ucp_context.c:2137 UCX  WARN  UCP API version is incompatible: required >= 1.19, actual 1.16.0 (loaded from /usr/lib/x86_64-linux-gnu/libucp.so.0)
[1758697773.775041] [node4:570744:0]     ucp_context.c:2137 UCX  WARN  UCP API version is incompatible: required >= 1.19, actual 1.16.0 (loaded from /usr/lib/x86_64-linux-gnu/libucp.so.0)
[1758697773.777656] [node2:363426:0]     ucp_context.c:2137 UCX  WARN  UCP API version is incompatible: required >= 1.19, actual 1.16.0 (loaded from /usr/lib/x86_64-linux-gnu/libucp.so.0)
[1758697773.777678] [node2:363424:0]     ucp_context.c:2137 UCX  WARN  UCP API version is incompatible: required >= 1.19, actual 1.16.0 (loaded from /usr/lib/x86_64-linux-gnu/libucp.so.0)
[1758697773.778716] [node3:572859:0]     ucp_context.c:2137 UCX  WARN  UCP API version is incompatible: required >= 1.19, actual 1.16.0 (loaded from /usr/lib/x86_64-linux-gnu/libucp.so.0)
[1758697773.778756] [node3:572857:0]     ucp_context.c:2137 UCX  WARN  UCP API version is incompatible: required >= 1.19, actual 1.16.0 (loaded from /usr/lib/x86_64-linux-gnu/libucp.so.0)
[1758697773.777677] [node2:363425:0]     ucp_context.c:2137 UCX  WARN  UCP API version is incompatible: required >= 1.19, actual 1.16.0 (loaded from /usr/lib/x86_64-linux-gnu/libucp.so.0)
[1758697773.777738] [node2:363427:0]     ucp_context.c:2137 UCX  WARN  UCP API version is incompatible: required >= 1.19, actual 1.16.0 (loaded from /usr/lib/x86_64-linux-gnu/libucp.so.0)
[1758697773.775217] [node4:570745:0]     ucp_context.c:2137 UCX  WARN  UCP API version is incompatible: required >= 1.19, actual 1.16.0 (loaded from /usr/lib/x86_64-linux-gnu/libucp.so.0)
[1758697773.775219] [node4:570747:0]     ucp_context.c:2137 UCX  WARN  UCP API version is incompatible: required >= 1.19, actual 1.16.0 (loaded from /usr/lib/x86_64-linux-gnu/libucp.so.0)
[1758697773.775223] [node4:570746:0]     ucp_context.c:2137 UCX  WARN  UCP API version is incompatible: required >= 1.19, actual 1.16.0 (loaded from /usr/lib/x86_64-linux-gnu/libucp.so.0)
[1758697773.784034] [node4:570744:0]           ib_md.c:1103 UCX  WARN  mlx5_0: relaxed order memory access requested, but unsupported
[1758697773.794136] [node1:478382:0]           ib_md.c:1103 UCX  WARN  mlx5_0: relaxed order memory access requested, but unsupported
[1758697773.786872] [node2:363426:0]           ib_md.c:1103 UCX  WARN  mlx5_0: relaxed order memory access requested, but unsupported
[1758697773.794420] [node1:478380:0]           ib_md.c:1103 UCX  WARN  mlx5_0: relaxed order memory access requested, but unsupported
[1758697773.794536] [node1:478381:0]           ib_md.c:1103 UCX  WARN  mlx5_0: relaxed order memory access requested, but unsupported
[1758697773.794633] [node1:478383:0]           ib_md.c:1103 UCX  WARN  mlx5_0: relaxed order memory access requested, but unsupported
[1758697773.788279] [node3:572858:0]           ib_md.c:1103 UCX  WARN  mlx5_0: relaxed order memory access requested, but unsupported
[1758697773.787380] [node2:363424:0]           ib_md.c:1103 UCX  WARN  mlx5_0: relaxed order memory access requested, but unsupported
[1758697773.788448] [node3:572856:0]           ib_md.c:1103 UCX  WARN  mlx5_0: relaxed order memory access requested, but unsupported
[1758697773.788538] [node3:572859:0]           ib_md.c:1103 UCX  WARN  mlx5_0: relaxed order memory access requested, but unsupported
[1758697773.787654] [node2:363425:0]           ib_md.c:1103 UCX  WARN  mlx5_0: relaxed order memory access requested, but unsupported
[1758697773.787710] [node2:363427:0]           ib_md.c:1103 UCX  WARN  mlx5_0: relaxed order memory access requested, but unsupported
[1758697773.788749] [node3:572857:0]           ib_md.c:1103 UCX  WARN  mlx5_0: relaxed order memory access requested, but unsupported
[1758697773.785286] [node4:570746:0]           ib_md.c:1103 UCX  WARN  mlx5_0: relaxed order memory access requested, but unsupported
[1758697773.785347] [node4:570745:0]           ib_md.c:1103 UCX  WARN  mlx5_0: relaxed order memory access requested, but unsupported
[1758697773.785571] [node4:570747:0]           ib_md.c:1103 UCX  WARN  mlx5_0: relaxed order memory access requested, but unsupported
[1758697773.788663] [node2:363426:0]     ucp_context.c:1192 UCX  WARN  transports 'cuda_copy','gdr_copy','cuda_ipc' are not available, please use one or more of: cma, dc, dc_mlx5, dc_x, ib, mm, posix, rc, rc_mlx5, rc_v, rc_verbs, rc_x, self, shm, sm, sysv, tcp, ud, ud_mlx5, ud_v, ud_verbs, ud_x
[1758697773.786048] [node4:570744:0]     ucp_context.c:1192 UCX  WARN  transports 'cuda_copy','gdr_copy','cuda_ipc' are not available, please use one or more of: cma, dc, dc_mlx5, dc_x, ib, mm, posix, rc, rc_mlx5, rc_v, rc_verbs, rc_x, self, shm, sm, sysv, tcp, ud, ud_mlx5, ud_v, ud_verbs, ud_x
[1758697773.796079] [node1:478382:0]     ucp_context.c:1192 UCX  WARN  transports 'cuda_copy','gdr_copy','cuda_ipc' are not available, please use one or more of: cma, dc, dc_mlx5, dc_x, ib, mm, posix, rc, rc_mlx5, rc_v, rc_verbs, rc_x, self, shm, sm, sysv, tcp, ud, ud_mlx5, ud_v, ud_verbs, ud_x
[1758697773.796286] [node1:478380:0]     ucp_context.c:1192 UCX  WARN  transports 'cuda_copy','gdr_copy','cuda_ipc' are not available, please use one or more of: cma, dc, dc_mlx5, dc_x, ib, mm, posix, rc, rc_mlx5, rc_v, rc_verbs, rc_x, self, shm, sm, sysv, tcp, ud, ud_mlx5, ud_v, ud_verbs, ud_x
[1758697773.796452] [node1:478381:0]     ucp_context.c:1192 UCX  WARN  transports 'cuda_copy','gdr_copy','cuda_ipc' are not available, please use one or more of: cma, dc, dc_mlx5, dc_x, ib, mm, posix, rc, rc_mlx5, rc_v, rc_verbs, rc_x, self, shm, sm, sysv, tcp, ud, ud_mlx5, ud_v, ud_verbs, ud_x
[1758697773.796502] [node1:478383:0]     ucp_context.c:1192 UCX  WARN  transports 'cuda_copy','gdr_copy','cuda_ipc' are not available, please use one or more of: cma, dc, dc_mlx5, dc_x, ib, mm, posix, rc, rc_mlx5, rc_v, rc_verbs, rc_x, self, shm, sm, sysv, tcp, ud, ud_mlx5, ud_v, ud_verbs, ud_x
[1758697773.790136] [node3:572858:0]     ucp_context.c:1192 UCX  WARN  transports 'cuda_copy','gdr_copy','cuda_ipc' are not available, please use one or more of: cma, dc, dc_mlx5, dc_x, ib, mm, posix, rc, rc_mlx5, rc_v, rc_verbs, rc_x, self, shm, sm, sysv, tcp, ud, ud_mlx5, ud_v, ud_verbs, ud_x
[1758697773.789290] [node2:363424:0]     ucp_context.c:1192 UCX  WARN  transports 'cuda_copy','gdr_copy','cuda_ipc' are not available, please use one or more of: cma, dc, dc_mlx5, dc_x, ib, mm, posix, rc, rc_mlx5, rc_v, rc_verbs, rc_x, self, shm, sm, sysv, tcp, ud, ud_mlx5, ud_v, ud_verbs, ud_x
[1758697773.790399] [node3:572856:0]     ucp_context.c:1192 UCX  WARN  transports 'cuda_copy','gdr_copy','cuda_ipc' are not available, please use one or more of: cma, dc, dc_mlx5, dc_x, ib, mm, posix, rc, rc_mlx5, rc_v, rc_verbs, rc_x, self, shm, sm, sysv, tcp, ud, ud_mlx5, ud_v, ud_verbs, ud_x
[1758697773.790441] [node3:572859:0]     ucp_context.c:1192 UCX  WARN  transports 'cuda_copy','gdr_copy','cuda_ipc' are not available, please use one or more of: cma, dc, dc_mlx5, dc_x, ib, mm, posix, rc, rc_mlx5, rc_v, rc_verbs, rc_x, self, shm, sm, sysv, tcp, ud, ud_mlx5, ud_v, ud_verbs, ud_x
[1758697773.789880] [node2:363425:0]     ucp_context.c:1192 UCX  WARN  transports 'cuda_copy','gdr_copy','cuda_ipc' are not available, please use one or more of: cma, dc, dc_mlx5, dc_x, ib, mm, posix, rc, rc_mlx5, rc_v, rc_verbs, rc_x, self, shm, sm, sysv, tcp, ud, ud_mlx5, ud_v, ud_verbs, ud_x
[1758697773.787288] [node4:570746:0]     ucp_context.c:1192 UCX  WARN  transports 'cuda_copy','gdr_copy','cuda_ipc' are not available, please use one or more of: cma, dc, dc_mlx5, dc_x, ib, mm, posix, rc, rc_mlx5, rc_v, rc_verbs, rc_x, self, shm, sm, sysv, tcp, ud, ud_mlx5, ud_v, ud_verbs, ud_x
[1758697773.789918] [node2:363427:0]     ucp_context.c:1192 UCX  WARN  transports 'cuda_copy','gdr_copy','cuda_ipc' are not available, please use one or more of: cma, dc, dc_mlx5, dc_x, ib, mm, posix, rc, rc_mlx5, rc_v, rc_verbs, rc_x, self, shm, sm, sysv, tcp, ud, ud_mlx5, ud_v, ud_verbs, ud_x
[1758697773.787320] [node4:570745:0]     ucp_context.c:1192 UCX  WARN  transports 'cuda_copy','gdr_copy','cuda_ipc' are not available, please use one or more of: cma, dc, dc_mlx5, dc_x, ib, mm, posix, rc, rc_mlx5, rc_v, rc_verbs, rc_x, self, shm, sm, sysv, tcp, ud, ud_mlx5, ud_v, ud_verbs, ud_x
[1758697773.791115] [node3:572857:0]     ucp_context.c:1192 UCX  WARN  transports 'cuda_copy','gdr_copy','cuda_ipc' are not available, please use one or more of: cma, dc, dc_mlx5, dc_x, ib, mm, posix, rc, rc_mlx5, rc_v, rc_verbs, rc_x, self, shm, sm, sysv, tcp, ud, ud_mlx5, ud_v, ud_verbs, ud_x
[1758697773.787539] [node4:570747:0]     ucp_context.c:1192 UCX  WARN  transports 'cuda_copy','gdr_copy','cuda_ipc' are not available, please use one or more of: cma, dc, dc_mlx5, dc_x, ib, mm, posix, rc, rc_mlx5, rc_v, rc_verbs, rc_x, self, shm, sm, sysv, tcp, ud, ud_mlx5, ud_v, ud_verbs, ud_x
[1758697773.815396] [node3:572858:0]     ucp_context.c:2137 UCX  WARN  UCP API version is incompatible: required >= 1.19, actual 1.16.0 (loaded from /usr/lib/x86_64-linux-gnu/libucp.so.0)
[1758697773.814518] [node2:363427:0]     ucp_context.c:2137 UCX  WARN  UCP API version is incompatible: required >= 1.19, actual 1.16.0 (loaded from /usr/lib/x86_64-linux-gnu/libucp.so.0)
[1758697773.814693] [node2:363426:0]     ucp_context.c:2137 UCX  WARN  UCP API version is incompatible: required >= 1.19, actual 1.16.0 (loaded from /usr/lib/x86_64-linux-gnu/libucp.so.0)
[1758697773.822142] [node1:478380:0]     ucp_context.c:2137 UCX  WARN  UCP API version is incompatible: required >= 1.19, actual 1.16.0 (loaded from /usr/lib/x86_64-linux-gnu/libucp.so.0)
[1758697773.822166] [node1:478381:0]     ucp_context.c:2137 UCX  WARN  UCP API version is incompatible: required >= 1.19, actual 1.16.0 (loaded from /usr/lib/x86_64-linux-gnu/libucp.so.0)
[1758697773.822421] [node1:478383:0]     ucp_context.c:2137 UCX  WARN  UCP API version is incompatible: required >= 1.19, actual 1.16.0 (loaded from /usr/lib/x86_64-linux-gnu/libucp.so.0)
[1758697773.815064] [node2:363424:0]     ucp_context.c:2137 UCX  WARN  UCP API version is incompatible: required >= 1.19, actual 1.16.0 (loaded from /usr/lib/x86_64-linux-gnu/libucp.so.0)
[1758697773.822472] [node1:478382:0]     ucp_context.c:2137 UCX  WARN  UCP API version is incompatible: required >= 1.19, actual 1.16.0 (loaded from /usr/lib/x86_64-linux-gnu/libucp.so.0)
[1758697773.815066] [node2:363425:0]     ucp_context.c:2137 UCX  WARN  UCP API version is incompatible: required >= 1.19, actual 1.16.0 (loaded from /usr/lib/x86_64-linux-gnu/libucp.so.0)
[1758697773.812714] [node4:570745:0]     ucp_context.c:2137 UCX  WARN  UCP API version is incompatible: required >= 1.19, actual 1.16.0 (loaded from /usr/lib/x86_64-linux-gnu/libucp.so.0)
[1758697773.816476] [node3:572857:0]     ucp_context.c:2137 UCX  WARN  UCP API version is incompatible: required >= 1.19, actual 1.16.0 (loaded from /usr/lib/x86_64-linux-gnu/libucp.so.0)
[1758697773.812871] [node4:570744:0]     ucp_context.c:2137 UCX  WARN  UCP API version is incompatible: required >= 1.19, actual 1.16.0 (loaded from /usr/lib/x86_64-linux-gnu/libucp.so.0)
[1758697773.816627] [node3:572856:0]     ucp_context.c:2137 UCX  WARN  UCP API version is incompatible: required >= 1.19, actual 1.16.0 (loaded from /usr/lib/x86_64-linux-gnu/libucp.so.0)
[1758697773.813091] [node4:570746:0]     ucp_context.c:2137 UCX  WARN  UCP API version is incompatible: required >= 1.19, actual 1.16.0 (loaded from /usr/lib/x86_64-linux-gnu/libucp.so.0)
[1758697773.813118] [node4:570747:0]     ucp_context.c:2137 UCX  WARN  UCP API version is incompatible: required >= 1.19, actual 1.16.0 (loaded from /usr/lib/x86_64-linux-gnu/libucp.so.0)
[1758697773.816806] [node3:572859:0]     ucp_context.c:2137 UCX  WARN  UCP API version is incompatible: required >= 1.19, actual 1.16.0 (loaded from /usr/lib/x86_64-linux-gnu/libucp.so.0)
[1758697773.823809] [node3:572858:0]           ib_md.c:1103 UCX  WARN  mlx5_0: relaxed order memory access requested, but unsupported
[1758697773.823077] [node2:363427:0]           ib_md.c:1103 UCX  WARN  mlx5_0: relaxed order memory access requested, but unsupported
[1758697773.823222] [node2:363426:0]           ib_md.c:1103 UCX  WARN  mlx5_0: relaxed order memory access requested, but unsupported
[1758697773.824128] [node2:363424:0]           ib_md.c:1103 UCX  WARN  mlx5_0: relaxed order memory access requested, but unsupported
[1758697773.821564] [node4:570745:0]           ib_md.c:1103 UCX  WARN  mlx5_0: relaxed order memory access requested, but unsupported
[1758697773.824265] [node2:363425:0]           ib_md.c:1103 UCX  WARN  mlx5_0: relaxed order memory access requested, but unsupported
[1758697773.825276] [node3:572857:0]           ib_md.c:1103 UCX  WARN  mlx5_0: relaxed order memory access requested, but unsupported
[1758697773.825351] [node3:572856:0]           ib_md.c:1103 UCX  WARN  mlx5_0: relaxed order memory access requested, but unsupported
[1758697773.821781] [node4:570744:0]           ib_md.c:1103 UCX  WARN  mlx5_0: relaxed order memory access requested, but unsupported
[1758697773.825469] [node3:572859:0]           ib_md.c:1103 UCX  WARN  mlx5_0: relaxed order memory access requested, but unsupported
[1758697773.822080] [node4:570746:0]           ib_md.c:1103 UCX  WARN  mlx5_0: relaxed order memory access requested, but unsupported
[1758697773.825781] [node3:572858:0]     ucp_context.c:1192 UCX  WARN  transports 'cuda_copy','gdr_copy','cuda_ipc' are not available, please use one or more of: cma, dc, dc_mlx5, dc_x, ib, mm, posix, rc, rc_mlx5, rc_v, rc_verbs, rc_x, self, shm, sm, sysv, tcp, ud, ud_mlx5, ud_v, ud_verbs, ud_x
[1758697773.822204] [node4:570747:0]           ib_md.c:1103 UCX  WARN  mlx5_0: relaxed order memory access requested, but unsupported
[1758697773.825048] [node2:363427:0]     ucp_context.c:1192 UCX  WARN  transports 'cuda_copy','gdr_copy','cuda_ipc' are not available, please use one or more of: cma, dc, dc_mlx5, dc_x, ib, mm, posix, rc, rc_mlx5, rc_v, rc_verbs, rc_x, self, shm, sm, sysv, tcp, ud, ud_mlx5, ud_v, ud_verbs, ud_x
[1758697773.825262] [node2:363426:0]     ucp_context.c:1192 UCX  WARN  transports 'cuda_copy','gdr_copy','cuda_ipc' are not available, please use one or more of: cma, dc, dc_mlx5, dc_x, ib, mm, posix, rc, rc_mlx5, rc_v, rc_verbs, rc_x, self, shm, sm, sysv, tcp, ud, ud_mlx5, ud_v, ud_verbs, ud_x
[1758697773.833051] [node1:478381:0]           ib_md.c:1103 UCX  WARN  mlx5_0: relaxed order memory access requested, but unsupported
[1758697773.833100] [node1:478380:0]           ib_md.c:1103 UCX  WARN  mlx5_0: relaxed order memory access requested, but unsupported
[1758697773.833108] [node1:478382:0]           ib_md.c:1103 UCX  WARN  mlx5_0: relaxed order memory access requested, but unsupported
[1758697773.833239] [node1:478383:0]           ib_md.c:1103 UCX  WARN  mlx5_0: relaxed order memory access requested, but unsupported
[1758697773.823446] [node4:570745:0]     ucp_context.c:1192 UCX  WARN  transports 'cuda_copy','gdr_copy','cuda_ipc' are not available, please use one or more of: cma, dc, dc_mlx5, dc_x, ib, mm, posix, rc, rc_mlx5, rc_v, rc_verbs, rc_x, self, shm, sm, sysv, tcp, ud, ud_mlx5, ud_v, ud_verbs, ud_x
[1758697773.823666] [node4:570744:0]     ucp_context.c:1192 UCX  WARN  transports 'cuda_copy','gdr_copy','cuda_ipc' are not available, please use one or more of: cma, dc, dc_mlx5, dc_x, ib, mm, posix, rc, rc_mlx5, rc_v, rc_verbs, rc_x, self, shm, sm, sysv, tcp, ud, ud_mlx5, ud_v, ud_verbs, ud_x
[1758697773.823924] [node4:570746:0]     ucp_context.c:1192 UCX  WARN  transports 'cuda_copy','gdr_copy','cuda_ipc' are not available, please use one or more of: cma, dc, dc_mlx5, dc_x, ib, mm, posix, rc, rc_mlx5, rc_v, rc_verbs, rc_x, self, shm, sm, sysv, tcp, ud, ud_mlx5, ud_v, ud_verbs, ud_x
[1758697773.824044] [node4:570747:0]     ucp_context.c:1192 UCX  WARN  transports 'cuda_copy','gdr_copy','cuda_ipc' are not available, please use one or more of: cma, dc, dc_mlx5, dc_x, ib, mm, posix, rc, rc_mlx5, rc_v, rc_verbs, rc_x, self, shm, sm, sysv, tcp, ud, ud_mlx5, ud_v, ud_verbs, ud_x
[1758697773.827947] [node3:572857:0]     ucp_context.c:1192 UCX  WARN  transports 'cuda_copy','gdr_copy','cuda_ipc' are not available, please use one or more of: cma, dc, dc_mlx5, dc_x, ib, mm, posix, rc, rc_mlx5, rc_v, rc_verbs, rc_x, self, shm, sm, sysv, tcp, ud, ud_mlx5, ud_v, ud_verbs, ud_x
[1758697773.827009] [node2:363424:0]     ucp_context.c:1192 UCX  WARN  transports 'cuda_copy','gdr_copy','cuda_ipc' are not available, please use one or more of: cma, dc, dc_mlx5, dc_x, ib, mm, posix, rc, rc_mlx5, rc_v, rc_verbs, rc_x, self, shm, sm, sysv, tcp, ud, ud_mlx5, ud_v, ud_verbs, ud_x
[1758697773.827113] [node2:363425:0]     ucp_context.c:1192 UCX  WARN  transports 'cuda_copy','gdr_copy','cuda_ipc' are not available, please use one or more of: cma, dc, dc_mlx5, dc_x, ib, mm, posix, rc, rc_mlx5, rc_v, rc_verbs, rc_x, self, shm, sm, sysv, tcp, ud, ud_mlx5, ud_v, ud_verbs, ud_x
[1758697773.828291] [node3:572856:0]     ucp_context.c:1192 UCX  WARN  transports 'cuda_copy','gdr_copy','cuda_ipc' are not available, please use one or more of: cma, dc, dc_mlx5, dc_x, ib, mm, posix, rc, rc_mlx5, rc_v, rc_verbs, rc_x, self, shm, sm, sysv, tcp, ud, ud_mlx5, ud_v, ud_verbs, ud_x
[1758697773.828419] [node3:572859:0]     ucp_context.c:1192 UCX  WARN  transports 'cuda_copy','gdr_copy','cuda_ipc' are not available, please use one or more of: cma, dc, dc_mlx5, dc_x, ib, mm, posix, rc, rc_mlx5, rc_v, rc_verbs, rc_x, self, shm, sm, sysv, tcp, ud, ud_mlx5, ud_v, ud_verbs, ud_x
[1758697773.835027] [node1:478381:0]     ucp_context.c:1192 UCX  WARN  transports 'cuda_copy','gdr_copy','cuda_ipc' are not available, please use one or more of: cma, dc, dc_mlx5, dc_x, ib, mm, posix, rc, rc_mlx5, rc_v, rc_verbs, rc_x, self, shm, sm, sysv, tcp, ud, ud_mlx5, ud_v, ud_verbs, ud_x
[1758697773.835061] [node1:478380:0]     ucp_context.c:1192 UCX  WARN  transports 'cuda_copy','gdr_copy','cuda_ipc' are not available, please use one or more of: cma, dc, dc_mlx5, dc_x, ib, mm, posix, rc, rc_mlx5, rc_v, rc_verbs, rc_x, self, shm, sm, sysv, tcp, ud, ud_mlx5, ud_v, ud_verbs, ud_x
[1758697773.835155] [node1:478382:0]     ucp_context.c:1192 UCX  WARN  transports 'cuda_copy','gdr_copy','cuda_ipc' are not available, please use one or more of: cma, dc, dc_mlx5, dc_x, ib, mm, posix, rc, rc_mlx5, rc_v, rc_verbs, rc_x, self, shm, sm, sysv, tcp, ud, ud_mlx5, ud_v, ud_verbs, ud_x
[1758697773.835226] [node1:478383:0]     ucp_context.c:1192 UCX  WARN  transports 'cuda_copy','gdr_copy','cuda_ipc' are not available, please use one or more of: cma, dc, dc_mlx5, dc_x, ib, mm, posix, rc, rc_mlx5, rc_v, rc_verbs, rc_x, self, shm, sm, sysv, tcp, ud, ud_mlx5, ud_v, ud_verbs, ud_x

================================================================================
HPL-NVIDIA 25.4.0  -- NVIDIA accelerated HPL benchmark -- NVIDIA
================================================================================
HPLinpack 2.1  --  High-Performance Linpack benchmark  --   October 26, 2012
Written by A. Petitet and R. Clint Whaley,  Innovative Computing Laboratory, UTK
Modified by Piotr Luszczek, Innovative Computing Laboratory, UTK
Modified by Julien Langou, University of Colorado Denver
================================================================================

An explanation of the input/output parameters follows:
T/V    : Wall time / encoded variant.
N      : The order of the coefficient matrix A.
NB     : The partitioning blocking factor.
P      : The number of process rows.
Q      : The number of process columns.
Time   : Time in seconds to solve the linear system.
Gflops : Rate of execution for solving the linear system.

The following parameter values will be used:

N      :  275000 
NB     :     512 
PMAP   : Column-major process mapping
P      :       4 
Q      :       4 
PFACT  :    Left 
NBMIN  :       2 
NDIV   :       2 
RFACT  :    Left 
BCAST  :  2ringM 
DEPTH  :       1 
SWAP   : Spread-roll (long)
L1     : no-transposed form
U      : transposed form
EQUIL  : no
ALIGN  : 8 double precision words

--------------------------------------------------------------------------------

- The matrix A is randomly generated for each test.
- The following scaled residual check will be computed:
      ||Ax-b||_oo / ( eps * ( || x ||_oo * || A ||_oo + || b ||_oo ) * N )
- The relative machine precision (eps) is taken to be               1.110223e-16
- Computational tests pass if scaled residuals are less than                16.0


HPL-NVIDIA ignores the following parameters from input file:
	* Broadcast parameters
	* Panel factorization parameters
	* Look-ahead value
	* L1 layout
	* U layout
	* Equilibration parameter
	* Memory alignment parameter

HPL-NVIDIA settings from environment variables:
--- DEVICE INFO ---
  Peak clock frequency: 1410 MHz
  SM version          : 80
  Number of SMs       : 108
-------------------
[HPL TRACE] cuda_nvshmem_init: max=1.1725 (3) min=1.1724 (5)
[WARNING] Change Input N 275000 to 274944
[HPL TRACE] ncclCommInitRank: max=0.0909 (13) min=0.0888 (9)
[HPL TRACE] cugetrfs_mp_init: max=0.1701 (0) min=0.1700 (4)
--- MEMORY INFO ---
DEVICE
  System           =      2.76079 GiB (MIN)      2.76079 GiB (MAX)      2.76079 GiB (AVG)
  HPL buffers      =     38.90532 GiB (MIN)     39.43071 GiB (MAX)     39.03630 GiB (AVG)
  Used             =     41.66610 GiB (MIN)     42.19150 GiB (MAX)     41.79709 GiB (AVG)
  Total            =     40.00000 GiB (MIN)     40.00000 GiB (MAX)     40.00000 GiB (AVG)
HOST
  HPL buffers      =      0.00055 GiB (MIN)      0.00055 GiB (MAX)      0.00055 GiB (AVG)
-------------------

 ... Testing HPL components ... 

 **** Factorization, m = 69120, policy = 0 **** 
avg time =    14.42 ms, avg =  1256.65. min =  1165.89 [rank 8, host node3, gpuID 0000:01:00.0], max =  1335.81 GFLOPS

 **** Factorization, m = 69120, policy = 1 **** 
avg time =    18.81 ms, avg =   963.05. min =   946.30 [rank 8, host node3, gpuID 0000:01:00.0], max =   970.85 GFLOPS

 **** Factorization, m = 34304, policy = 0 **** 
avg time =    10.79 ms, avg =   833.26. min =   822.60 [rank 4, host node2, gpuID 0000:01:00.0], max =   844.41 GFLOPS

 **** Factorization, m = 34304, policy = 1 **** 
avg time =    15.80 ms, avg =   569.31. min =   563.08 [rank 8, host node3, gpuID 0000:01:00.0], max =   576.76 GFLOPS

 **** Factorization, m = 16896, policy = 0 **** 
avg time =     9.37 ms, avg =   472.56. min =   464.84 [rank 8, host node3, gpuID 0000:01:00.0], max =   480.57 GFLOPS

 **** Factorization, m = 16896, policy = 1 **** 
avg time =    14.72 ms, avg =   300.80. min =   296.08 [rank 8, host node3, gpuID 0000:01:00.0], max =   304.18 GFLOPS

 **** Factorization, m = 512, policy = 0 **** 
avg time =     7.90 ms, avg =    16.99. min =    16.35 [rank 8, host node3, gpuID 0000:01:00.0], max =    17.41 GFLOPS

 **** Factorization, m = 512, policy = 1 **** 
avg time =    13.34 ms, avg =    10.06. min =     9.96 [rank 8, host node3, gpuID 0000:01:00.0], max =    10.16 GFLOPS

 **** ncclBcast( Row ) **** 
avg time =   197.00 ms, avg =     1.44. min =     1.43 [rank 12, host node4, gpuID 0000:01:00.0], max =     1.45 GBS

 **** ncclAllGather( Col ) **** 
avg time =     0.18 ms, avg =   185.73. min =   174.80 [rank 2, host node1, gpuID 0000:81:00.0], max =   195.78 GBS

 **** Latency ncclAllGather, m = 1 **** 
avg time =     5.36 ms, avg =     0.00. min =     0.00 [rank 1, host node1, gpuID 0000:41:00.0], max =     0.00 GBS

 **** Latency ncclAllGather, m = 2 **** 
avg time =     5.39 ms, avg =     0.01. min =     0.01 [rank 0, host node1, gpuID 0000:01:00.0], max =     0.01 GBS

 **** Latency ncclAllGather, m = 32 **** 
avg time =     5.37 ms, avg =     0.10. min =     0.10 [rank 1, host node1, gpuID 0000:41:00.0], max =     0.10 GBS

 **** Latency ncclAllGather, m = 512 **** 
avg time =     6.86 ms, avg =     1.22. min =     1.22 [rank 0, host node1, gpuID 0000:01:00.0], max =     1.23 GBS

 **** Latency ncclAllGather, m = 1024 **** 
avg time =     7.37 ms, avg =     2.28. min =     2.27 [rank 4, host node2, gpuID 0000:01:00.0], max =     2.28 GBS

 **** Latency Host MPI_Allgather, m = 1 **** 
avg time =     1.28 ms, avg =     0.01. min =     0.01 [rank 0, host node1, gpuID 0000:01:00.0], max =     0.01 GBS

 **** Latency Host MPI_Allgather, m = 2 **** 
avg time =     1.29 ms, avg =     0.03. min =     0.03 [rank 9, host node3, gpuID 0000:41:00.0], max =     0.03 GBS

 **** Latency Host MPI_Allgather, m = 32 **** 
avg time =     1.50 ms, avg =     0.35. min =     0.34 [rank 9, host node3, gpuID 0000:41:00.0], max =     0.36 GBS

 **** Latency Host MPI_Allgather, m = 512 **** 
avg time =     3.84 ms, avg =     2.19. min =     1.44 [rank 4, host node2, gpuID 0000:01:00.0], max =     2.79 GBS

 **** Latency Host MPI_Allgather, m = 1024 **** 
avg time =     5.27 ms, avg =     3.18. min =     3.15 [rank 9, host node3, gpuID 0000:41:00.0], max =     3.27 GBS

 **** Latency ncclBcast, m = 1 **** 
avg time =     4.15 ms, avg =     0.00. min =     0.00 [rank 3, host node1, gpuID 0000:C1:00.0], max =     0.00 GBS

 **** Latency ncclBcast, m = 32 **** 
avg time =     4.17 ms, avg =     0.03. min =     0.03 [rank 3, host node1, gpuID 0000:C1:00.0], max =     0.03 GBS

 **** Latency ncclBcast, m = 512 **** 
avg time =     4.88 ms, avg =     0.43. min =     0.43 [rank 3, host node1, gpuID 0000:C1:00.0], max =     0.43 GBS

 **** Latency Host MPI_Bcast, m = 1 **** 
avg time =     0.41 ms, avg =     0.01. min =     0.01 [rank 10, host node3, gpuID 0000:81:00.0], max =     0.01 GBS

 **** Latency Host MPI_Bcast, m = 32 **** 
avg time =     0.46 ms, avg =     0.29. min =     0.28 [rank 6, host node2, gpuID 0000:81:00.0], max =     0.29 GBS

 **** Latency Host MPI_Bcast, m = 512 **** 
avg time =     1.76 ms, avg =     1.19. min =     1.18 [rank 6, host node2, gpuID 0000:81:00.0], max =     1.20 GBS

 **** GEMM **** 
avg time =    32.09 ms, avg = 18066.88. min = 17814.23 [rank 4, host node2, gpuID 0000:01:00.0], max = 18232.83 GFLOPS

 ... End of Testing HPL components ... 

[HPL TRACE] HPL_pdmatgen_gpu: max=0.0277 (6) min=0.0275 (13)
[0;31m Prog= 1.67%	N_left=   273408	Time=   1.43	Time_left=  84.48	iGF= 161286.84	GF= 161286.84	iGF_per= 10080.43 	GF_per= 10080.43[0m
[0;31m Prog= 3.31%	N_left=   271872	Time=   2.46	Time_left=  71.86	iGF= 221333.67	GF= 186434.13	iGF_per= 13833.35 	GF_per= 11652.13[0m
[0;31m Prog= 4.94%	N_left=   270336	Time=   3.30	Time_left=  63.41	iGF= 270531.89	GF= 207715.37	iGF_per= 16908.24 	GF_per= 12982.21[0m
[0;31m Prog= 6.02%	N_left=   269312	Time=   3.83	Time_left=  59.83	iGF= 279082.50	GF= 217664.62	iGF_per= 17442.66 	GF_per= 13604.04[0m
[0;31m Prog= 7.62%	N_left=   267776	Time=   4.64	Time_left=  56.29	iGF= 273503.02	GF= 227407.43	iGF_per= 17093.94 	GF_per= 14212.96[0m
[0;31m Prog= 9.20%	N_left=   266240	Time=   5.45	Time_left=  53.84	iGF= 269565.33	GF= 233686.61	iGF_per= 16847.83 	GF_per= 14605.41[0m
[0;31m Prog= 10.24%	N_left=   265216	Time=   5.97	Time_left=  52.33	iGF= 279340.67	GF= 237643.85	iGF_per= 17458.79 	GF_per= 14852.74[0m
[0;31m Prog= 11.79%	N_left=   263680	Time=   6.77	Time_left=  50.63	iGF= 269390.75	GF= 241383.50	iGF_per= 16836.92 	GF_per= 15086.47[0m
[0;31m Prog= 13.33%	N_left=   262144	Time=   7.56	Time_left=  49.14	iGF= 270462.06	GF= 244405.32	iGF_per= 16903.88 	GF_per= 15275.33[0m
[0;31m Prog= 14.34%	N_left=   261120	Time=   8.06	Time_left=  48.18	iGF= 275031.77	GF= 246340.98	iGF_per= 17189.49 	GF_per= 15396.31[0m
[0;31m Prog= 15.84%	N_left=   259584	Time=   8.83	Time_left=  46.90	iGF= 273073.60	GF= 248650.24	iGF_per= 17067.10 	GF_per= 15540.64[0m
[0;31m Prog= 17.33%	N_left=   258048	Time=   9.59	Time_left=  45.76	iGF= 269850.81	GF= 250336.06	iGF_per= 16865.68 	GF_per= 15646.00[0m
[0;31m Prog= 18.31%	N_left=   257024	Time=  10.08	Time_left=  44.99	iGF= 276282.02	GF= 251601.36	iGF_per= 17267.63 	GF_per= 15725.08[0m
[0;31m Prog= 19.76%	N_left=   255488	Time=  10.82	Time_left=  43.93	iGF= 273200.54	GF= 253075.36	iGF_per= 17075.03 	GF_per= 15817.21[0m
[0;31m Prog= 21.20%	N_left=   253952	Time=  11.56	Time_left=  42.95	iGF= 270926.33	GF= 254211.84	iGF_per= 16932.90 	GF_per= 15888.24[0m
[0;31m Prog= 22.15%	N_left=   252928	Time=  12.03	Time_left=  42.27	iGF= 278973.65	GF= 255182.65	iGF_per= 17435.85 	GF_per= 15948.92[0m
[0;31m Prog= 23.56%	N_left=   251392	Time=  12.74	Time_left=  41.35	iGF= 272446.87	GF= 256153.89	iGF_per= 17027.93 	GF_per= 16009.62[0m
[0;31m Prog= 24.95%	N_left=   249856	Time=  13.46	Time_left=  40.48	iGF= 269364.58	GF= 256856.95	iGF_per= 16835.29 	GF_per= 16053.56[0m
[0;31m Prog= 26.33%	N_left=   248320	Time=  14.41	Time_left=  40.32	iGF= 200901.47	GF= 253172.73	iGF_per= 12556.34 	GF_per= 15823.30[0m
[0;31m Prog= 27.24%	N_left=   247296	Time=  15.15	Time_left=  40.49	iGF= 168847.82	GF= 249028.06	iGF_per= 10552.99 	GF_per= 15564.25[0m
[0;31m Prog= 28.58%	N_left=   245760	Time=  15.99	Time_left=  39.94	iGF= 224315.36	GF= 247741.40	iGF_per= 14019.71 	GF_per= 15483.84[0m
[0;31m Prog= 29.91%	N_left=   244224	Time=  16.69	Time_left=  39.10	iGF= 263105.57	GF= 248386.64	iGF_per= 16444.10 	GF_per= 15524.16[0m
[0;31m Prog= 30.79%	N_left=   243200	Time=  17.13	Time_left=  38.50	iGF= 275093.21	GF= 249076.05	iGF_per= 17193.33 	GF_per= 15567.25[0m
[0;31m Prog= 32.09%	N_left=   241664	Time=  17.80	Time_left=  37.66	iGF= 269123.01	GF= 249831.62	iGF_per= 16820.19 	GF_per= 15614.48[0m
[0;31m Prog= 33.38%	N_left=   240128	Time=  18.49	Time_left=  36.89	iGF= 259714.20	GF= 250198.56	iGF_per= 16232.14 	GF_per= 15637.41[0m
[0;31m Prog= 34.23%	N_left=   239104	Time=  18.92	Time_left=  36.36	iGF= 269866.02	GF= 250651.44	iGF_per= 16866.63 	GF_per= 15665.71[0m
[0;31m Prog= 35.49%	N_left=   237568	Time=  19.58	Time_left=  35.59	iGF= 266546.60	GF= 251182.99	iGF_per= 16659.16 	GF_per= 15698.94[0m
[0;31m Prog= 36.73%	N_left=   236032	Time=  20.26	Time_left=  34.89	iGF= 253902.83	GF= 251274.09	iGF_per= 15868.93 	GF_per= 15704.63[0m
[0;31m Prog= 37.55%	N_left=   235008	Time=  20.68	Time_left=  34.39	iGF= 265822.05	GF= 251574.68	iGF_per= 16613.88 	GF_per= 15723.42[0m
[0;31m Prog= 38.77%	N_left=   233472	Time=  21.32	Time_left=  33.68	iGF= 262959.89	GF= 251916.92	iGF_per= 16434.99 	GF_per= 15744.81[0m
[0;31m Prog= 39.97%	N_left=   231936	Time=  22.00	Time_left=  33.04	iGF= 247278.07	GF= 251775.05	iGF_per= 15454.88 	GF_per= 15735.94[0m
[0;31m Prog= 40.76%	N_left=   230912	Time=  22.42	Time_left=  32.58	iGF= 260424.63	GF= 251937.55	iGF_per= 16276.54 	GF_per= 15746.10[0m
[0;31m Prog= 41.94%	N_left=   229376	Time=  23.05	Time_left=  31.91	iGF= 258134.49	GF= 252107.03	iGF_per= 16133.41 	GF_per= 15756.69[0m
[0;31m Prog= 43.09%	N_left=   227840	Time=  23.71	Time_left=  31.31	iGF= 242652.52	GF= 251843.20	iGF_per= 15165.78 	GF_per= 15740.20[0m
[0;31m Prog= 43.86%	N_left=   226816	Time=  24.13	Time_left=  30.89	iGF= 252739.79	GF= 251858.76	iGF_per= 15796.24 	GF_per= 15741.17[0m
[0;31m Prog= 44.99%	N_left=   225280	Time=  24.75	Time_left=  30.26	iGF= 253656.47	GF= 251903.71	iGF_per= 15853.53 	GF_per= 15743.98[0m
[0;31m Prog= 46.11%	N_left=   223744	Time=  25.40	Time_left=  29.69	iGF= 237173.13	GF= 251525.08	iGF_per= 14823.32 	GF_per= 15720.32[0m
[0;31m Prog= 47.21%	N_left=   222208	Time=  26.01	Time_left=  29.08	iGF= 251357.80	GF= 251521.17	iGF_per= 15709.86 	GF_per= 15720.07[0m
[0;31m Prog= 47.94%	N_left=   221184	Time=  26.41	Time_left=  28.68	iGF= 249451.48	GF= 251489.55	iGF_per= 15590.72 	GF_per= 15718.10[0m
[0;31m Prog= 49.01%	N_left=   219648	Time=  27.05	Time_left=  28.14	iGF= 232469.64	GF= 251038.19	iGF_per= 14529.35 	GF_per= 15689.89[0m
[0;31m Prog= 50.08%	N_left=   218112	Time=  27.65	Time_left=  27.57	iGF= 245364.18	GF= 250915.11	iGF_per= 15335.26 	GF_per= 15682.19[0m
[0;31m Prog= 50.78%	N_left=   217088	Time=  28.05	Time_left=  27.19	iGF= 243040.01	GF= 250803.10	iGF_per= 15190.00 	GF_per= 15675.19[0m
[0;31m Prog= 51.81%	N_left=   215552	Time=  28.68	Time_left=  26.67	iGF= 228708.74	GF= 250318.91	iGF_per= 14294.30 	GF_per= 15644.93[0m
[0;31m Prog= 52.84%	N_left=   214016	Time=  29.27	Time_left=  26.13	iGF= 238583.54	GF= 250080.79	iGF_per= 14911.47 	GF_per= 15630.05[0m
[0;31m Prog= 53.51%	N_left=   212992	Time=  29.66	Time_left=  25.77	iGF= 242303.98	GF= 249979.77	iGF_per= 15144.00 	GF_per= 15623.74[0m
[0;31m Prog= 54.51%	N_left=   211456	Time=  30.28	Time_left=  25.27	iGF= 223955.07	GF= 249448.75	iGF_per= 13997.19 	GF_per= 15590.55[0m
[0;31m Prog= 55.49%	N_left=   209920	Time=  30.85	Time_left=  24.74	iGF= 238496.34	GF= 249245.76	iGF_per= 14906.02 	GF_per= 15577.86[0m
[0;31m Prog= 56.14%	N_left=   208896	Time=  31.23	Time_left=  24.40	iGF= 237898.34	GF= 249108.58	iGF_per= 14868.65 	GF_per= 15569.29[0m
[0;31m Prog= 57.10%	N_left=   207360	Time=  31.83	Time_left=  23.91	iGF= 221610.10	GF= 248589.78	iGF_per= 13850.63 	GF_per= 15536.86[0m
[0;31m Prog= 58.05%	N_left=   205824	Time=  32.40	Time_left=  23.41	iGF= 230799.40	GF= 248277.81	iGF_per= 14424.96 	GF_per= 15517.36[0m
[0;31m Prog= 58.67%	N_left=   204800	Time=  32.77	Time_left=  23.08	iGF= 233150.83	GF= 248106.87	iGF_per= 14571.93 	GF_per= 15506.68[0m
[0;31m Prog= 59.59%	N_left=   203264	Time=  33.35	Time_left=  22.61	iGF= 217607.26	GF= 247569.47	iGF_per= 13600.45 	GF_per= 15473.09[0m
[0;31m Prog= 60.50%	N_left=   201728	Time=  33.91	Time_left=  22.14	iGF= 225626.96	GF= 247208.23	iGF_per= 14101.69 	GF_per= 15450.51[0m
[0;31m Prog= 61.10%	N_left=   200704	Time=  34.27	Time_left=  21.82	iGF= 228612.48	GF= 247011.45	iGF_per= 14288.28 	GF_per= 15438.22[0m
[0;31m Prog= 61.99%	N_left=   199168	Time=  34.86	Time_left=  21.38	iGF= 211015.53	GF= 246410.47	iGF_per= 13188.47 	GF_per= 15400.65[0m
[0;31m Prog= 62.86%	N_left=   197632	Time=  35.40	Time_left=  20.92	iGF= 220728.95	GF= 246013.09	iGF_per= 13795.56 	GF_per= 15375.82[0m
[0;31m Prog= 63.72%	N_left=   196096	Time=  35.96	Time_left=  20.48	iGF= 213943.95	GF= 245516.82	iGF_per= 13371.50 	GF_per= 15344.80[0m
[0;31m Prog= 64.28%	N_left=   195072	Time=  36.33	Time_left=  20.18	iGF= 212128.49	GF= 245177.42	iGF_per= 13258.03 	GF_per= 15323.59[0m
[0;31m Prog= 65.12%	N_left=   193536	Time=  36.87	Time_left=  19.75	iGF= 216056.58	GF= 244753.40	iGF_per= 13503.54 	GF_per= 15297.09[0m
[0;31m Prog= 65.95%	N_left=   192000	Time=  37.41	Time_left=  19.32	iGF= 211137.75	GF= 244267.54	iGF_per= 13196.11 	GF_per= 15266.72[0m
[0;31m Prog= 66.49%	N_left=   190976	Time=  37.79	Time_left=  19.05	iGF= 198556.69	GF= 243810.02	iGF_per= 12409.79 	GF_per= 15238.13[0m
[0;31m Prog= 67.29%	N_left=   189440	Time=  38.30	Time_left=  18.62	iGF= 214226.88	GF= 243409.34	iGF_per= 13389.18 	GF_per= 15213.08[0m
[0;31m Prog= 68.08%	N_left=   187904	Time=  38.84	Time_left=  18.21	iGF= 203486.59	GF= 242856.98	iGF_per= 12717.91 	GF_per= 15178.56[0m
[0;31m Prog= 68.60%	N_left=   186880	Time=  39.20	Time_left=  17.94	iGF= 201704.92	GF= 242482.67	iGF_per= 12606.56 	GF_per= 15155.17[0m
[0;31m Prog= 69.37%	N_left=   185344	Time=  39.72	Time_left=  17.54	iGF= 204448.67	GF= 241984.29	iGF_per= 12778.04 	GF_per= 15124.02[0m
[0;31m Prog= 70.12%	N_left=   183808	Time=  40.24	Time_left=  17.15	iGF= 199205.60	GF= 241425.83	iGF_per= 12450.35 	GF_per= 15089.11[0m
[0;31m Prog= 70.62%	N_left=   182784	Time=  40.60	Time_left=  16.89	iGF= 193658.30	GF= 241007.80	iGF_per= 12103.64 	GF_per= 15062.99[0m
[0;31m Prog= 71.35%	N_left=   181248	Time=  41.11	Time_left=  16.51	iGF= 199457.30	GF= 240492.07	iGF_per= 12466.08 	GF_per= 15030.75[0m
[0;31m Prog= 72.07%	N_left=   179712	Time=  41.62	Time_left=  16.13	iGF= 195714.11	GF= 239942.02	iGF_per= 12232.13 	GF_per= 14996.38[0m
[0;31m Prog= 72.55%	N_left=   178688	Time=  41.96	Time_left=  15.88	iGF= 192767.55	GF= 239558.47	iGF_per= 12047.97 	GF_per= 14972.40[0m
[0;31m Prog= 73.25%	N_left=   177152	Time=  42.45	Time_left=  15.50	iGF= 198577.56	GF= 239085.73	iGF_per= 12411.10 	GF_per= 14942.86[0m
[0;31m Prog= 73.94%	N_left=   175616	Time=  42.95	Time_left=  15.14	iGF= 193607.03	GF= 238562.97	iGF_per= 12100.44 	GF_per= 14910.19[0m
[0;31m Prog= 74.62%	N_left=   174080	Time=  43.55	Time_left=  14.81	iGF= 154769.45	GF= 237395.48	iGF_per=  9673.09 	GF_per= 14837.22[0m
[0;31m Prog= 75.06%	N_left=   173056	Time=  43.94	Time_left=  14.60	iGF= 159234.89	GF= 236706.26	iGF_per=  9952.18 	GF_per= 14794.14[0m
[0;31m Prog= 75.72%	N_left=   171520	Time=  44.43	Time_left=  14.25	iGF= 185447.43	GF= 236138.99	iGF_per= 11590.46 	GF_per= 14758.69[0m
[0;31m Prog= 76.37%	N_left=   169984	Time=  45.01	Time_left=  13.93	iGF= 154812.30	GF= 235093.63	iGF_per=  9675.77 	GF_per= 14693.35[0m
[0;31m Prog= 76.79%	N_left=   168960	Time=  45.38	Time_left=  13.71	iGF= 158300.25	GF= 234464.87	iGF_per=  9893.77 	GF_per= 14654.05[0m
[0;31m Prog= 77.42%	N_left=   167424	Time=  45.86	Time_left=  13.38	iGF= 181098.08	GF= 233906.48	iGF_per= 11318.63 	GF_per= 14619.15[0m
[0;31m Prog= 78.04%	N_left=   165888	Time=  46.31	Time_left=  13.04	iGF= 189434.04	GF= 233473.96	iGF_per= 11839.63 	GF_per= 14592.12[0m
[0;31m Prog= 78.44%	N_left=   164864	Time=  46.63	Time_left=  12.82	iGF= 174705.02	GF= 233069.92	iGF_per= 10919.06 	GF_per= 14566.87[0m
[0;31m Prog= 79.04%	N_left=   163328	Time=  47.10	Time_left=  12.49	iGF= 177256.22	GF= 232516.90	iGF_per= 11078.51 	GF_per= 14532.31[0m
[0;31m Prog= 79.62%	N_left=   161792	Time=  47.54	Time_left=  12.17	iGF= 182338.50	GF= 232047.02	iGF_per= 11396.16 	GF_per= 14502.94[0m
[0;31m Prog= 80.01%	N_left=   160768	Time=  47.86	Time_left=  11.96	iGF= 170040.60	GF= 231641.12	iGF_per= 10627.54 	GF_per= 14477.57[0m
[0;31m Prog= 80.58%	N_left=   159232	Time=  48.31	Time_left=  11.65	iGF= 173370.42	GF= 231094.00	iGF_per= 10835.65 	GF_per= 14443.37[0m
[0;31m Prog= 81.13%	N_left=   157696	Time=  48.75	Time_left=  11.34	iGF= 177464.95	GF= 230615.77	iGF_per= 11091.56 	GF_per= 14413.49[0m
[0;31m Prog= 81.50%	N_left=   156672	Time=  49.05	Time_left=  11.14	iGF= 165147.76	GF= 230206.85	iGF_per= 10321.74 	GF_per= 14387.93[0m
[0;31m Prog= 82.04%	N_left=   155136	Time=  49.49	Time_left=  10.84	iGF= 169333.53	GF= 229664.51	iGF_per= 10583.35 	GF_per= 14354.03[0m
[0;31m Prog= 82.56%	N_left=   153600	Time=  49.92	Time_left=  10.54	iGF= 172810.36	GF= 229182.03	iGF_per= 10800.65 	GF_per= 14323.88[0m
[0;31m Prog= 82.91%	N_left=   152576	Time=  50.22	Time_left=  10.35	iGF= 156766.81	GF= 228740.58	iGF_per=  9797.93 	GF_per= 14296.29[0m
[0;31m Prog= 83.42%	N_left=   151040	Time=  50.66	Time_left=  10.07	iGF= 161860.50	GF= 228163.16	iGF_per= 10116.28 	GF_per= 14260.20[0m
[0;31m Prog= 83.92%	N_left=   149504	Time=  51.07	Time_left=   9.78	iGF= 168249.83	GF= 227679.48	iGF_per= 10515.61 	GF_per= 14229.97[0m
[0;31m Prog= 84.41%	N_left=   147968	Time=  51.52	Time_left=   9.51	iGF= 153744.81	GF= 227045.08	iGF_per=  9609.05 	GF_per= 14190.32[0m
[0;31m Prog= 84.73%	N_left=   146944	Time=  51.79	Time_left=   9.33	iGF= 159667.53	GF= 226682.27	iGF_per=  9979.22 	GF_per= 14167.64[0m
[0;31m Prog= 85.21%	N_left=   145408	Time=  52.19	Time_left=   9.06	iGF= 166239.76	GF= 226224.97	iGF_per= 10389.98 	GF_per= 14139.06[0m
[0;31m Prog= 85.67%	N_left=   143872	Time=  52.61	Time_left=   8.80	iGF= 151410.64	GF= 225621.39	iGF_per=  9463.17 	GF_per= 14101.34[0m
[0;31m Prog= 85.98%	N_left=   142848	Time=  52.89	Time_left=   8.63	iGF= 155010.71	GF= 225258.85	iGF_per=  9688.17 	GF_per= 14078.68[0m
[0;31m Prog= 86.42%	N_left=   141312	Time=  53.27	Time_left=   8.37	iGF= 160684.64	GF= 224791.02	iGF_per= 10042.79 	GF_per= 14049.44[0m
[0;31m Prog= 86.86%	N_left=   139776	Time=  53.69	Time_left=   8.12	iGF= 145947.78	GF= 224180.43	iGF_per=  9121.74 	GF_per= 14011.28[0m
[0;31m Prog= 87.15%	N_left=   138752	Time=  53.95	Time_left=   7.96	iGF= 148809.90	GF= 223807.56	iGF_per=  9300.62 	GF_per= 13987.97[0m
[0;31m Prog= 88.65%	N_left=   133120	Time=  55.36	Time_left=   7.09	iGF= 147764.65	GF= 221872.50	iGF_per=  9235.29 	GF_per= 13867.03[0m
[0;31m Prog= 90.03%	N_left=   127488	Time=  56.75	Time_left=   6.28	iGF= 137934.43	GF= 219821.33	iGF_per=  8620.90 	GF_per= 13738.83[0m
[0;31m Prog= 91.29%	N_left=   121856	Time=  58.07	Time_left=   5.54	iGF= 133005.41	GF= 217852.93	iGF_per=  8312.84 	GF_per= 13615.81[0m
[0;31m Prog= 92.35%	N_left=   116736	Time=  59.21	Time_left=   4.91	iGF= 127277.22	GF= 216101.16	iGF_per=  7954.83 	GF_per= 13506.32[0m
[0;31m Prog= 93.40%	N_left=   111104	Time=  60.43	Time_left=   4.27	iGF= 120409.78	GF= 214178.19	iGF_per=  7525.61 	GF_per= 13386.14[0m
[0;31m Prog= 94.35%	N_left=   105472	Time=  61.55	Time_left=   3.68	iGF= 117015.19	GF= 212396.02	iGF_per=  7313.45 	GF_per= 13274.75[0m
[0;31m Prog= 95.14%	N_left=   100352	Time=  62.53	Time_left=   3.20	iGF= 111304.73	GF= 210820.44	iGF_per=  6956.55 	GF_per= 13176.28[0m
[0;31m Prog= 95.91%	N_left=    94720	Time=  63.57	Time_left=   2.71	iGF= 102727.83	GF= 209046.32	iGF_per=  6420.49 	GF_per= 13065.39[0m
[0;31m Prog= 96.60%	N_left=    89088	Time=  64.56	Time_left=   2.27	iGF= 96650.88	GF= 207331.98	iGF_per=  6040.68 	GF_per= 12958.25[0m
[0;31m Prog= 97.20%	N_left=    83456	Time=  65.49	Time_left=   1.88	iGF= 89794.68	GF= 205655.76	iGF_per=  5612.17 	GF_per= 12853.49[0m
[0;31m Prog= 99.14%	N_left=    56320	Time=  69.13	Time_left=   0.60	iGF= 73775.89	GF= 198715.03	iGF_per=  4610.99 	GF_per= 12419.69[0m
[0;31m Prog= 99.89%	N_left=    28672	Time=  71.49	Time_left=   0.08	iGF= 43762.91	GF= 193594.89	iGF_per=  2735.18 	GF_per= 12099.68[0m
[0;31m Prog= 100.00%	N_left=     1024	Time=  72.61	Time_left=   0.00	iGF= 14110.79	GF= 190842.12	iGF_per=   881.92 	GF_per= 11927.63[0m
================================================================================
T/V                N    NB     P     Q         Time          Gflops (   per GPU)
--------------------------------------------------------------------------------
WC0           274944   512     4     4        72.94       1.900e+05 ( 1.187e+04)

HPL_pdgesv() start time Wed Sep 24 07:09:45 2025
HPL_pdgesv() end time   Wed Sep 24 07:10:58 2025

--------------------------------------------------------------------------------
||Ax-b||_oo/(eps*(||A||_oo*||x||_oo+||b||_oo)*N)=   0.000331802083 ...... PASSED
||Ax-b||_oo  . . . . . . . . . . . . . . . . . = 0.0000000051000033
||A||_oo . . . . . . . . . . . . . . . . . . . = 69072.8094639119808562
||x||_oo . . . . . . . . . . . . . . . . . . . = 7.2900234306205709
||b||_oo . . . . . . . . . . . . . . . . . . . = 0.9554825944796490
================================================================================

Finished      1 tests with the following results:
              1 tests completed and passed residual checks,
              0 tests completed and failed residual checks,
              0 tests skipped because of illegal input values.
--------------------------------------------------------------------------------

End of Tests.
================================================================================
