[1759816186.349954] [node1:1605489:0]     ucp_context.c:2137 UCX  WARN  UCP API version is incompatible: required >= 1.19, actual 1.16.0 (loaded from /usr/lib/x86_64-linux-gnu/libucp.so.0)
[1759816186.349954] [node1:1605492:0]     ucp_context.c:2137 UCX  WARN  UCP API version is incompatible: required >= 1.19, actual 1.16.0 (loaded from /usr/lib/x86_64-linux-gnu/libucp.so.0)
[1759816186.350153] [node1:1605490:0]     ucp_context.c:2137 UCX  WARN  UCP API version is incompatible: required >= 1.19, actual 1.16.0 (loaded from /usr/lib/x86_64-linux-gnu/libucp.so.0)
[1759816186.350157] [node1:1605491:0]     ucp_context.c:2137 UCX  WARN  UCP API version is incompatible: required >= 1.19, actual 1.16.0 (loaded from /usr/lib/x86_64-linux-gnu/libucp.so.0)
[1759816186.361775] [node1:1605489:0]           ib_md.c:1103 UCX  WARN  mlx5_0: relaxed order memory access requested, but unsupported
[1759816186.361866] [node1:1605492:0]           ib_md.c:1103 UCX  WARN  mlx5_0: relaxed order memory access requested, but unsupported
[1759816186.364509] [node1:1605489:0]     ucp_context.c:1192 UCX  WARN  transports 'cuda_copy','gdr_copy','cuda_ipc' are not available, please use one or more of: cma, dc, dc_mlx5, dc_x, ib, mm, posix, rc, rc_mlx5, rc_v, rc_verbs, rc_x, self, shm, sm, sysv, tcp, ud, ud_mlx5, ud_v, ud_verbs, ud_x
[1759816186.364535] [node1:1605491:0]           ib_md.c:1103 UCX  WARN  mlx5_0: relaxed order memory access requested, but unsupported
[1759816186.364637] [node1:1605492:0]     ucp_context.c:1192 UCX  WARN  transports 'cuda_copy','gdr_copy','cuda_ipc' are not available, please use one or more of: cma, dc, dc_mlx5, dc_x, ib, mm, posix, rc, rc_mlx5, rc_v, rc_verbs, rc_x, self, shm, sm, sysv, tcp, ud, ud_mlx5, ud_v, ud_verbs, ud_x
[1759816186.364665] [node1:1605490:0]           ib_md.c:1103 UCX  WARN  mlx5_0: relaxed order memory access requested, but unsupported
[1759816186.366463] [node1:1605491:0]     ucp_context.c:1192 UCX  WARN  transports 'cuda_copy','gdr_copy','cuda_ipc' are not available, please use one or more of: cma, dc, dc_mlx5, dc_x, ib, mm, posix, rc, rc_mlx5, rc_v, rc_verbs, rc_x, self, shm, sm, sysv, tcp, ud, ud_mlx5, ud_v, ud_verbs, ud_x
[1759816186.366543] [node1:1605490:0]     ucp_context.c:1192 UCX  WARN  transports 'cuda_copy','gdr_copy','cuda_ipc' are not available, please use one or more of: cma, dc, dc_mlx5, dc_x, ib, mm, posix, rc, rc_mlx5, rc_v, rc_verbs, rc_x, self, shm, sm, sysv, tcp, ud, ud_mlx5, ud_v, ud_verbs, ud_x
[1759816186.382939] [node1:1605490:0]     ucp_context.c:2137 UCX  WARN  UCP API version is incompatible: required >= 1.19, actual 1.16.0 (loaded from /usr/lib/x86_64-linux-gnu/libucp.so.0)
[1759816186.382947] [node1:1605492:0]     ucp_context.c:2137 UCX  WARN  UCP API version is incompatible: required >= 1.19, actual 1.16.0 (loaded from /usr/lib/x86_64-linux-gnu/libucp.so.0)
[1759816186.382953] [node1:1605489:0]     ucp_context.c:2137 UCX  WARN  UCP API version is incompatible: required >= 1.19, actual 1.16.0 (loaded from /usr/lib/x86_64-linux-gnu/libucp.so.0)
[1759816186.382977] [node1:1605491:0]     ucp_context.c:2137 UCX  WARN  UCP API version is incompatible: required >= 1.19, actual 1.16.0 (loaded from /usr/lib/x86_64-linux-gnu/libucp.so.0)
[1759816186.392615] [node1:1605492:0]           ib_md.c:1103 UCX  WARN  mlx5_0: relaxed order memory access requested, but unsupported
[1759816186.392683] [node1:1605491:0]           ib_md.c:1103 UCX  WARN  mlx5_0: relaxed order memory access requested, but unsupported
[1759816186.392734] [node1:1605489:0]           ib_md.c:1103 UCX  WARN  mlx5_0: relaxed order memory access requested, but unsupported
[1759816186.393007] [node1:1605490:0]           ib_md.c:1103 UCX  WARN  mlx5_0: relaxed order memory access requested, but unsupported
[1759816186.394523] [node1:1605492:0]     ucp_context.c:1192 UCX  WARN  transports 'cuda_copy','gdr_copy','cuda_ipc' are not available, please use one or more of: cma, dc, dc_mlx5, dc_x, ib, mm, posix, rc, rc_mlx5, rc_v, rc_verbs, rc_x, self, shm, sm, sysv, tcp, ud, ud_mlx5, ud_v, ud_verbs, ud_x
[1759816186.394574] [node1:1605491:0]     ucp_context.c:1192 UCX  WARN  transports 'cuda_copy','gdr_copy','cuda_ipc' are not available, please use one or more of: cma, dc, dc_mlx5, dc_x, ib, mm, posix, rc, rc_mlx5, rc_v, rc_verbs, rc_x, self, shm, sm, sysv, tcp, ud, ud_mlx5, ud_v, ud_verbs, ud_x
[1759816186.395114] [node1:1605489:0]     ucp_context.c:1192 UCX  WARN  transports 'cuda_copy','gdr_copy','cuda_ipc' are not available, please use one or more of: cma, dc, dc_mlx5, dc_x, ib, mm, posix, rc, rc_mlx5, rc_v, rc_verbs, rc_x, self, shm, sm, sysv, tcp, ud, ud_mlx5, ud_v, ud_verbs, ud_x
[1759816186.395125] [node1:1605490:0]     ucp_context.c:1192 UCX  WARN  transports 'cuda_copy','gdr_copy','cuda_ipc' are not available, please use one or more of: cma, dc, dc_mlx5, dc_x, ib, mm, posix, rc, rc_mlx5, rc_v, rc_verbs, rc_x, self, shm, sm, sysv, tcp, ud, ud_mlx5, ud_v, ud_verbs, ud_x
[1759816186.419067] [node1:1605491:0]     ucp_context.c:2137 UCX  WARN  UCP API version is incompatible: required >= 1.19, actual 1.16.0 (loaded from /usr/lib/x86_64-linux-gnu/libucp.so.0)
[1759816186.419067] [node1:1605490:0]     ucp_context.c:2137 UCX  WARN  UCP API version is incompatible: required >= 1.19, actual 1.16.0 (loaded from /usr/lib/x86_64-linux-gnu/libucp.so.0)
[1759816186.419067] [node1:1605492:0]     ucp_context.c:2137 UCX  WARN  UCP API version is incompatible: required >= 1.19, actual 1.16.0 (loaded from /usr/lib/x86_64-linux-gnu/libucp.so.0)
[1759816186.419094] [node1:1605489:0]     ucp_context.c:2137 UCX  WARN  UCP API version is incompatible: required >= 1.19, actual 1.16.0 (loaded from /usr/lib/x86_64-linux-gnu/libucp.so.0)
[1759816186.428575] [node1:1605492:0]           ib_md.c:1103 UCX  WARN  mlx5_0: relaxed order memory access requested, but unsupported
[1759816186.428622] [node1:1605491:0]           ib_md.c:1103 UCX  WARN  mlx5_0: relaxed order memory access requested, but unsupported
[1759816186.428681] [node1:1605489:0]           ib_md.c:1103 UCX  WARN  mlx5_0: relaxed order memory access requested, but unsupported
[1759816186.428863] [node1:1605490:0]           ib_md.c:1103 UCX  WARN  mlx5_0: relaxed order memory access requested, but unsupported
[1759816186.430489] [node1:1605492:0]     ucp_context.c:1192 UCX  WARN  transports 'cuda_copy','gdr_copy','cuda_ipc' are not available, please use one or more of: cma, dc, dc_mlx5, dc_x, ib, mm, posix, rc, rc_mlx5, rc_v, rc_verbs, rc_x, self, shm, sm, sysv, tcp, ud, ud_mlx5, ud_v, ud_verbs, ud_x
[1759816186.430525] [node1:1605491:0]     ucp_context.c:1192 UCX  WARN  transports 'cuda_copy','gdr_copy','cuda_ipc' are not available, please use one or more of: cma, dc, dc_mlx5, dc_x, ib, mm, posix, rc, rc_mlx5, rc_v, rc_verbs, rc_x, self, shm, sm, sysv, tcp, ud, ud_mlx5, ud_v, ud_verbs, ud_x
[1759816186.432195] [node1:1605489:0]     ucp_context.c:1192 UCX  WARN  transports 'cuda_copy','gdr_copy','cuda_ipc' are not available, please use one or more of: cma, dc, dc_mlx5, dc_x, ib, mm, posix, rc, rc_mlx5, rc_v, rc_verbs, rc_x, self, shm, sm, sysv, tcp, ud, ud_mlx5, ud_v, ud_verbs, ud_x
[1759816186.432236] [node1:1605490:0]     ucp_context.c:1192 UCX  WARN  transports 'cuda_copy','gdr_copy','cuda_ipc' are not available, please use one or more of: cma, dc, dc_mlx5, dc_x, ib, mm, posix, rc, rc_mlx5, rc_v, rc_verbs, rc_x, self, shm, sm, sysv, tcp, ud, ud_mlx5, ud_v, ud_verbs, ud_x

================================================================================
HPL-MxP-NVIDIA 24.9.0  -- NVIDIA accelerated HPL-MxP benchmark -- NVIDIA
================================================================================

 ****** HPL MxP Settings ****** 

   --nprow =  2 
   --npcol =  2 
   --order = row 
   --n     = 90000 
   --nb    = 384 
   --tolerance                        = 1.000000e-12 
   --test_loop                        = 1 
   --preset-gemm-kernel               = 80 
   --u-panel-chunk-nbs                = 8 
   --call-dgemv-with-multiple-threads = 0 
   --prioritize-trsm                  = 0 
   --prioritize-factorization         = 0 
   --use-separate-stream-for-gemm     = 1 
   --use-mpi-panel-broadcast          = 50 
   --mpi-use-host-threads             = 1 
   --sloppy-type                      = 2 
   --Anq-device                       = 0 
   --cuda-host-register-step          = 2048 
   --mpi-use-mpi                      = 0 
   --use-host-mpi                     = 0 



 ****** Monitor GPU Settings ****** 

   --monitor-gpu                      = 0 



 ****** test 1 of 1 starts ****** 

   n      = 90000
   nb     = 384
   nprow  = 2
   npcol  = 2

Device info:
	Peak clock frequency 1410 MHz
	SM 80
	Number of SMs 108
	Total memory available 39.49 GB

---------------------------------------------------------------------------------------------
[34m Per process host memory consumption MAX = 15.143 GB, available MIN = 121.503 GB[0m
---------------------------------------------------------------------------------------------

---------------------------------------------------------------------------------------------
[34m Per process device memory consumption MAX = 8.487 GB, available MIN = 37.349 GB[0m
---------------------------------------------------------------------------------------------

Constructor seconds: AVG = 0.25, MAX = 0.28 (0->node1), MIN = 0.21 (2->node1)


 ****** Testing HPL MxP components ****** 

GEMM seconds: AVG = 3.16, MAX = 3.21 (1->node1), MIN = 3.11 (3->node1)

GEMM GFLOPS: AVG = 24629.52, MAX = 24932.40 (3->node1), MIN = 24215.01 (1->node1)

