[node1:1605490:1:1605533]      cma_ep.c:85   process_vm_writev(pid=1605492 {0x71adb8400000,524288}-->{0x7af580400000,524288}) returned -1: Bad address
[node1:1605489:1:1605530]      cma_ep.c:85   process_vm_writev(pid=1605491 {0x785d9a400000,524288}-->{0x790094400000,524288}) returned -1: Bad address
==== backtrace (tid:1605530) ====
 0  /usr/lib/x86_64-linux-gnu/libucs.so.0(ucs_handle_error+0x2ec) [0x785e00fc564c]
 1  /usr/lib/x86_64-linux-gnu/libucs.so.0(ucs_fatal_error_message+0xb2) [0x785e00fc57f2]
 2  /usr/lib/x86_64-linux-gnu/libucs.so.0(ucs_log_default_handler+0x9d3) [0x785e00fcacc3]
 3  /usr/lib/x86_64-linux-gnu/libucs.so.0(ucs_log_dispatch+0xf6) [0x785e00fc36d6]
 4  /usr/lib/x86_64-linux-gnu/ucx/libuct_cma.so.0(+0x3d89) [0x785e0428dd89]
 5  /usr/lib/x86_64-linux-gnu/ucx/libuct_cma.so.0(uct_cma_ep_tx+0x2ba) [0x785e0428e06a]
 6  /usr/lib/x86_64-linux-gnu/libuct.so.0(uct_scopy_ep_progress_tx+0x77) [0x785dfff4d947]
 7  /usr/lib/x86_64-linux-gnu/libucs.so.0(ucs_arbiter_dispatch_nonempty+0x119) [0x785e00fb9f09]
 8  /usr/lib/x86_64-linux-gnu/libuct.so.0(uct_scopy_iface_progress+0x88) [0x785dfff59be8]
 9  /usr/lib/x86_64-linux-gnu/libucs.so.0(+0x25c18) [0x785e00fbfc18]
10  /usr/lib/x86_64-linux-gnu/libucp.so.0(ucp_worker_progress+0x7a) [0x785dff6f82ca]
11  /home/hpc/hpcx/hpcx-v2.24-gcc-doca_ofed-ubuntu24.04-cuda13-x86_64/ompi/lib/libopen-pal.so.40(opal_progress+0x34) [0x785e25d20314]
12  /home/hpc/hpcx/hpcx-v2.24-gcc-doca_ofed-ubuntu24.04-cuda13-x86_64/ompi/lib/libopen-pal.so.40(ompi_sync_wait_mt+0x115) [0x785e25d26b15]
13  /home/hpc/hpcx/hpcx-v2.24-gcc-doca_ofed-ubuntu24.04-cuda13-x86_64/ompi/lib/libmpi.so.40(ompi_request_default_wait+0x24b) [0x785e4154103b]
14  /home/hpc/hpcx/hpcx-v2.24-gcc-doca_ofed-ubuntu24.04-cuda13-x86_64/ompi/lib/libmpi.so.40(PMPI_Wait+0x1e) [0x785e4156de9e]
15  ./xhpl_mxp-nvidia() [0x501246]
16  ./xhpl_mxp-nvidia() [0x4d4c1b]
17  ./xhpl_mxp-nvidia() [0x4d7c38]
18  ./xhpl_mxp-nvidia() [0x4d7bbb]
19  ./xhpl_mxp-nvidia() [0x4d7b2b]
20  ./xhpl_mxp-nvidia() [0x4d7ae4]
21  ./xhpl_mxp-nvidia() [0x4d7ac8]
22  ./xhpl_mxp-nvidia() [0x5aeb13]
23  /usr/lib/x86_64-linux-gnu/libc.so.6(+0x9caa4) [0x785dff89caa4]
24  /usr/lib/x86_64-linux-gnu/libc.so.6(+0x129c6c) [0x785dff929c6c]
=================================
[node1:1605489] *** Process received signal ***
[node1:1605489] Signal: Aborted (6)
[node1:1605489] Signal code:  (-6)
[node1:1605489] [ 0] /usr/lib/x86_64-linux-gnu/libc.so.6(+0x45330)[0x785dff845330]
[node1:1605489] [ 1] /usr/lib/x86_64-linux-gnu/libc.so.6(pthread_kill+0x11c)[0x785dff89eb2c]
[node1:1605489] [ 2] /usr/lib/x86_64-linux-gnu/libc.so.6(gsignal+0x1e)[0x785dff84527e]
[node1:1605489] [ 3] /usr/lib/x86_64-linux-gnu/libc.so.6(abort+0xdf)[0x785dff8288ff]
[node1:1605489] [ 4] /usr/lib/x86_64-linux-gnu/libucs.so.0(+0x2b7f7)[0x785e00fc57f7]
[node1:1605489] [ 5] /usr/lib/x86_64-linux-gnu/libucs.so.0(ucs_log_default_handler+0x9d3)[0x785e00fcacc3]
[node1:1605489] [ 6] /usr/lib/x86_64-linux-gnu/libucs.so.0(ucs_log_dispatch+0xf6)[0x785e00fc36d6]
[node1:1605489] [ 7] /usr/lib/x86_64-linux-gnu/ucx/libuct_cma.so.0(+0x3d89)[0x785e0428dd89]
[node1:1605489] [ 8] /usr/lib/x86_64-linux-gnu/ucx/libuct_cma.so.0(uct_cma_ep_tx+0x2ba)[0x785e0428e06a]
[node1:1605489] [ 9] /usr/lib/x86_64-linux-gnu/libuct.so.0(uct_scopy_ep_progress_tx+0x77)[0x785dfff4d947]
[node1:1605489] [10] /usr/lib/x86_64-linux-gnu/libucs.so.0(ucs_arbiter_dispatch_nonempty+0x119)[0x785e00fb9f09]
[node1:1605489] [11] /usr/lib/x86_64-linux-gnu/libuct.so.0(uct_scopy_iface_progress+0x88)[0x785dfff59be8]
[node1:1605489] [12] /usr/lib/x86_64-linux-gnu/libucs.so.0(+0x25c18)[0x785e00fbfc18]
[node1:1605489] [13] /usr/lib/x86_64-linux-gnu/libucp.so.0(ucp_worker_progress+0x7a)[0x785dff6f82ca]
[node1:1605489] [14] /home/hpc/hpcx/hpcx-v2.24-gcc-doca_ofed-ubuntu24.04-cuda13-x86_64/ompi/lib/libopen-pal.so.40(opal_progress+0x34)[0x785e25d20314]
[node1:1605489] [15] /home/hpc/hpcx/hpcx-v2.24-gcc-doca_ofed-ubuntu24.04-cuda13-x86_64/ompi/lib/libopen-pal.so.40(ompi_sync_wait_mt+0x115)[0x785e25d26b15]
[node1:1605489] [16] /home/hpc/hpcx/hpcx-v2.24-gcc-doca_ofed-ubuntu24.04-cuda13-x86_64/ompi/lib/libmpi.so.40(ompi_request_default_wait+0x24b)[0x785e4154103b]
[node1:1605489] [17] /home/hpc/hpcx/hpcx-v2.24-gcc-doca_ofed-ubuntu24.04-cuda13-x86_64/ompi/lib/libmpi.so.40(PMPI_Wait+0x1e)[0x785e4156de9e]
[node1:1605489] [18] ./xhpl_mxp-nvidia[0x501246]
[node1:1605489] [19] ./xhpl_mxp-nvidia[0x4d4c1b]
[node1:1605489] [20] ./xhpl_mxp-nvidia[0x4d7c38]
[node1:1605489] [21] ./xhpl_mxp-nvidia[0x4d7bbb]
[node1:1605489] [22] ./xhpl_mxp-nvidia[0x4d7b2b]
[node1:1605489] [23] ./xhpl_mxp-nvidia[0x4d7ae4]
[node1:1605489] [24] ./xhpl_mxp-nvidia[0x4d7ac8]
[node1:1605489] [25] ./xhpl_mxp-nvidia[0x5aeb13]
[node1:1605489] [26] /usr/lib/x86_64-linux-gnu/libc.so.6(+0x9caa4)[0x785dff89caa4]
[node1:1605489] [27] /usr/lib/x86_64-linux-gnu/libc.so.6(+0x129c6c)[0x785dff929c6c]
[node1:1605489] *** End of error message ***
==== backtrace (tid:1605533) ====
 0  /usr/lib/x86_64-linux-gnu/libucs.so.0(ucs_handle_error+0x2ec) [0x71ae165c564c]
 1  /usr/lib/x86_64-linux-gnu/libucs.so.0(ucs_fatal_error_message+0xb2) [0x71ae165c57f2]
 2  /usr/lib/x86_64-linux-gnu/libucs.so.0(ucs_log_default_handler+0x9d3) [0x71ae165cacc3]
 3  /usr/lib/x86_64-linux-gnu/libucs.so.0(ucs_log_dispatch+0xf6) [0x71ae165c36d6]
 4  /usr/lib/x86_64-linux-gnu/ucx/libuct_cma.so.0(+0x3d89) [0x71ae16595d89]
 5  /usr/lib/x86_64-linux-gnu/ucx/libuct_cma.so.0(uct_cma_ep_tx+0x2ba) [0x71ae1659606a]
 6  /usr/lib/x86_64-linux-gnu/libuct.so.0(uct_scopy_ep_progress_tx+0x77) [0x71ae1554d947]
 7  /usr/lib/x86_64-linux-gnu/libucs.so.0(ucs_arbiter_dispatch_nonempty+0x119) [0x71ae165b9f09]
 8  /usr/lib/x86_64-linux-gnu/libuct.so.0(uct_scopy_iface_progress+0x88) [0x71ae15559be8]
 9  /usr/lib/x86_64-linux-gnu/libucs.so.0(+0x25c18) [0x71ae165bfc18]
10  /usr/lib/x86_64-linux-gnu/libucp.so.0(ucp_worker_progress+0x7a) [0x71ae14cf82ca]
11  /home/hpc/hpcx/hpcx-v2.24-gcc-doca_ofed-ubuntu24.04-cuda13-x86_64/ompi/lib/libopen-pal.so.40(opal_progress+0x34) [0x71ae3b320314]
12  /home/hpc/hpcx/hpcx-v2.24-gcc-doca_ofed-ubuntu24.04-cuda13-x86_64/ompi/lib/libopen-pal.so.40(ompi_sync_wait_mt+0x115) [0x71ae3b326b15]
13  /home/hpc/hpcx/hpcx-v2.24-gcc-doca_ofed-ubuntu24.04-cuda13-x86_64/ompi/lib/libmpi.so.40(ompi_request_default_wait+0x24b) [0x71ae56b2103b]
14  /home/hpc/hpcx/hpcx-v2.24-gcc-doca_ofed-ubuntu24.04-cuda13-x86_64/ompi/lib/libmpi.so.40(PMPI_Wait+0x1e) [0x71ae56b4de9e]
15  ./xhpl_mxp-nvidia() [0x501246]
16  ./xhpl_mxp-nvidia() [0x4d4c1b]
17  ./xhpl_mxp-nvidia() [0x4d7c38]
18  ./xhpl_mxp-nvidia() [0x4d7bbb]
19  ./xhpl_mxp-nvidia() [0x4d7b2b]
20  ./xhpl_mxp-nvidia() [0x4d7ae4]
21  ./xhpl_mxp-nvidia() [0x4d7ac8]
22  ./xhpl_mxp-nvidia() [0x5aeb13]
23  /usr/lib/x86_64-linux-gnu/libc.so.6(+0x9caa4) [0x71ae14e9caa4]
24  /usr/lib/x86_64-linux-gnu/libc.so.6(+0x129c6c) [0x71ae14f29c6c]
=================================
[node1:1605490] *** Process received signal ***
[node1:1605490] Signal: Aborted (6)
[node1:1605490] Signal code:  (-6)
[node1:1605490] [ 0] /usr/lib/x86_64-linux-gnu/libc.so.6(+0x45330)[0x71ae14e45330]
[node1:1605490] [ 1] /usr/lib/x86_64-linux-gnu/libc.so.6(pthread_kill+0x11c)[0x71ae14e9eb2c]
[node1:1605490] [ 2] /usr/lib/x86_64-linux-gnu/libc.so.6(gsignal+0x1e)[0x71ae14e4527e]
[node1:1605490] [ 3] /usr/lib/x86_64-linux-gnu/libc.so.6(abort+0xdf)[0x71ae14e288ff]
[node1:1605490] [ 4] /usr/lib/x86_64-linux-gnu/libucs.so.0(+0x2b7f7)[0x71ae165c57f7]
[node1:1605490] [ 5] /usr/lib/x86_64-linux-gnu/libucs.so.0(ucs_log_default_handler+0x9d3)[0x71ae165cacc3]
[node1:1605490] [ 6] /usr/lib/x86_64-linux-gnu/libucs.so.0(ucs_log_dispatch+0xf6)[0x71ae165c36d6]
[node1:1605490] [ 7] /usr/lib/x86_64-linux-gnu/ucx/libuct_cma.so.0(+0x3d89)[0x71ae16595d89]
[node1:1605490] [ 8] /usr/lib/x86_64-linux-gnu/ucx/libuct_cma.so.0(uct_cma_ep_tx+0x2ba)[0x71ae1659606a]
[node1:1605490] [ 9] /usr/lib/x86_64-linux-gnu/libuct.so.0(uct_scopy_ep_progress_tx+0x77)[0x71ae1554d947]
[node1:1605490] [10] /usr/lib/x86_64-linux-gnu/libucs.so.0(ucs_arbiter_dispatch_nonempty+0x119)[0x71ae165b9f09]
[node1:1605490] [11] /usr/lib/x86_64-linux-gnu/libuct.so.0(uct_scopy_iface_progress+0x88)[0x71ae15559be8]
[node1:1605490] [12] /usr/lib/x86_64-linux-gnu/libucs.so.0(+0x25c18)[0x71ae165bfc18]
[node1:1605490] [13] /usr/lib/x86_64-linux-gnu/libucp.so.0(ucp_worker_progress+0x7a)[0x71ae14cf82ca]
[node1:1605490] [14] /home/hpc/hpcx/hpcx-v2.24-gcc-doca_ofed-ubuntu24.04-cuda13-x86_64/ompi/lib/libopen-pal.so.40(opal_progress+0x34)[0x71ae3b320314]
[node1:1605490] [15] /home/hpc/hpcx/hpcx-v2.24-gcc-doca_ofed-ubuntu24.04-cuda13-x86_64/ompi/lib/libopen-pal.so.40(ompi_sync_wait_mt+0x115)[0x71ae3b326b15]
[node1:1605490] [16] /home/hpc/hpcx/hpcx-v2.24-gcc-doca_ofed-ubuntu24.04-cuda13-x86_64/ompi/lib/libmpi.so.40(ompi_request_default_wait+0x24b)[0x71ae56b2103b]
[node1:1605490] [17] /home/hpc/hpcx/hpcx-v2.24-gcc-doca_ofed-ubuntu24.04-cuda13-x86_64/ompi/lib/libmpi.so.40(PMPI_Wait+0x1e)[0x71ae56b4de9e]
[node1:1605490] [18] ./xhpl_mxp-nvidia[0x501246]
[node1:1605490] [19] ./xhpl_mxp-nvidia[0x4d4c1b]
[node1:1605490] [20] ./xhpl_mxp-nvidia[0x4d7c38]
[node1:1605490] [21] ./xhpl_mxp-nvidia[0x4d7bbb]
[node1:1605490] [22] ./xhpl_mxp-nvidia[0x4d7b2b]
[node1:1605490] [23] ./xhpl_mxp-nvidia[0x4d7ae4]
[node1:1605490] [24] ./xhpl_mxp-nvidia[0x4d7ac8]
[node1:1605490] [25] ./xhpl_mxp-nvidia[0x5aeb13]
[node1:1605490] [26] /usr/lib/x86_64-linux-gnu/libc.so.6(+0x9caa4)[0x71ae14e9caa4]
[node1:1605490] [27] /usr/lib/x86_64-linux-gnu/libc.so.6(+0x129c6c)[0x71ae14f29c6c]
[node1:1605490] *** End of error message ***
--------------------------------------------------------------------------
Primary job  terminated normally, but 1 process returned
a non-zero exit code. Per user-direction, the job has been aborted.
--------------------------------------------------------------------------
--------------------------------------------------------------------------
mpirun noticed that process rank 0 with PID 1605489 on node node1 exited on signal 6 (Aborted).
--------------------------------------------------------------------------
