[1,6]<stdout>:[1758077250.434609] [node3:5770 :0]     ucp_context.c:2339 UCX  INFO  Version 1.19.0 (loaded from /home/hpc/hpcx/hpcx-v2.24-gcc-doca_ofed-ubuntu24.04-cuda13-x86_64/ucx/lib/libucp.so.0)
[1,7]<stdout>:[1758077250.434984] [node3:5771 :0]     ucp_context.c:2339 UCX  INFO  Version 1.19.0 (loaded from /home/hpc/hpcx/hpcx-v2.24-gcc-doca_ofed-ubuntu24.04-cuda13-x86_64/ucx/lib/libucp.so.0)
[1,5]<stdout>:[1758077250.435025] [node3:5769 :0]     ucp_context.c:2339 UCX  INFO  Version 1.19.0 (loaded from /home/hpc/hpcx/hpcx-v2.24-gcc-doca_ofed-ubuntu24.04-cuda13-x86_64/ucx/lib/libucp.so.0)
[1,4]<stdout>:[1758077250.435063] [node3:5768 :0]     ucp_context.c:2339 UCX  INFO  Version 1.19.0 (loaded from /home/hpc/hpcx/hpcx-v2.24-gcc-doca_ofed-ubuntu24.04-cuda13-x86_64/ucx/lib/libucp.so.0)
[1,2]<stdout>:[1758077250.431854] [node1:136017:0]     ucp_context.c:2339 UCX  INFO  Version 1.19.0 (loaded from /home/hpc/hpcx/hpcx-v2.24-gcc-doca_ofed-ubuntu24.04-cuda13-x86_64/ucx/lib/libucp.so.0)
[1,3]<stdout>:[1758077250.431934] [node1:136018:0]     ucp_context.c:2339 UCX  INFO  Version 1.19.0 (loaded from /home/hpc/hpcx/hpcx-v2.24-gcc-doca_ofed-ubuntu24.04-cuda13-x86_64/ucx/lib/libucp.so.0)
[1,1]<stdout>:[1758077250.431934] [node1:136016:0]     ucp_context.c:2339 UCX  INFO  Version 1.19.0 (loaded from /home/hpc/hpcx/hpcx-v2.24-gcc-doca_ofed-ubuntu24.04-cuda13-x86_64/ucx/lib/libucp.so.0)
[1,0]<stdout>:[1758077250.432070] [node1:136015:0]     ucp_context.c:2339 UCX  INFO  Version 1.19.0 (loaded from /home/hpc/hpcx/hpcx-v2.24-gcc-doca_ofed-ubuntu24.04-cuda13-x86_64/ucx/lib/libucp.so.0)
[1,4]<stdout>:[1758077251.651108] [node3:5768 :0]          parser.c:2368 UCX  INFO  UCX_* env variable: UCX_LOG_LEVEL=info
[1,5]<stdout>:[1758077251.657882] [node3:5769 :0]          parser.c:2368 UCX  INFO  UCX_* env variable: UCX_LOG_LEVEL=info
[1,6]<stdout>:[1758077251.661518] [node3:5770 :0]          parser.c:2368 UCX  INFO  UCX_* env variable: UCX_LOG_LEVEL=info
[1,7]<stdout>:[1758077251.671968] [node3:5771 :0]          parser.c:2368 UCX  INFO  UCX_* env variable: UCX_LOG_LEVEL=info
[1,3]<stdout>:[1758077251.682318] [node1:136018:0]          parser.c:2368 UCX  INFO  UCX_* env variable: UCX_LOG_LEVEL=info
[1,2]<stdout>:[1758077251.682600] [node1:136017:0]          parser.c:2368 UCX  INFO  UCX_* env variable: UCX_LOG_LEVEL=info
[1,0]<stdout>:[1758077251.682653] [node1:136015:0]          parser.c:2368 UCX  INFO  UCX_* env variable: UCX_LOG_LEVEL=info
[1,1]<stdout>:[1758077251.686813] [node1:136016:0]          parser.c:2368 UCX  INFO  UCX_* env variable: UCX_LOG_LEVEL=info
[1,1]<stdout>:[1758077251.687738] [node1:136016:0]     ucp_context.c:2339 UCX  INFO  Version 1.19.0 (loaded from /home/hpc/hpcx/hpcx-v2.24-gcc-doca_ofed-ubuntu24.04-cuda13-x86_64/ucx/lib/libucp.so.0)
[1,0]<stdout>:[1758077251.687739] [node1:136015:0]     ucp_context.c:2339 UCX  INFO  Version 1.19.0 (loaded from /home/hpc/hpcx/hpcx-v2.24-gcc-doca_ofed-ubuntu24.04-cuda13-x86_64/ucx/lib/libucp.so.0)
[1,3]<stdout>:[1758077251.687748] [node1:136018:0]     ucp_context.c:2339 UCX  INFO  Version 1.19.0 (loaded from /home/hpc/hpcx/hpcx-v2.24-gcc-doca_ofed-ubuntu24.04-cuda13-x86_64/ucx/lib/libucp.so.0)
[1,2]<stdout>:[1758077251.687752] [node1:136017:0]     ucp_context.c:2339 UCX  INFO  Version 1.19.0 (loaded from /home/hpc/hpcx/hpcx-v2.24-gcc-doca_ofed-ubuntu24.04-cuda13-x86_64/ucx/lib/libucp.so.0)
[1,6]<stdout>:[1758077251.692051] [node3:5770 :0]     ucp_context.c:2339 UCX  INFO  Version 1.19.0 (loaded from /home/hpc/hpcx/hpcx-v2.24-gcc-doca_ofed-ubuntu24.04-cuda13-x86_64/ucx/lib/libucp.so.0)
[1,7]<stdout>:[1758077251.692113] [node3:5771 :0]     ucp_context.c:2339 UCX  INFO  Version 1.19.0 (loaded from /home/hpc/hpcx/hpcx-v2.24-gcc-doca_ofed-ubuntu24.04-cuda13-x86_64/ucx/lib/libucp.so.0)
[1,5]<stdout>:[1758077251.692116] [node3:5769 :0]     ucp_context.c:2339 UCX  INFO  Version 1.19.0 (loaded from /home/hpc/hpcx/hpcx-v2.24-gcc-doca_ofed-ubuntu24.04-cuda13-x86_64/ucx/lib/libucp.so.0)
[1,4]<stdout>:[1758077251.692196] [node3:5768 :0]     ucp_context.c:2339 UCX  INFO  Version 1.19.0 (loaded from /home/hpc/hpcx/hpcx-v2.24-gcc-doca_ofed-ubuntu24.04-cuda13-x86_64/ucx/lib/libucp.so.0)
[1,6]<stdout>:[1758077251.720272] [node3:5770 :0]      ucp_worker.c:1903 UCX  INFO    ucp_context_0 self cfg#2 tag(self/memory cma/memory)
[1,7]<stdout>:[1758077251.720309] [node3:5771 :0]      ucp_worker.c:1903 UCX  INFO    ucp_context_0 self cfg#2 tag(self/memory cma/memory)
[1,5]<stdout>:[1758077251.720512] [node3:5769 :0]      ucp_worker.c:1903 UCX  INFO    ucp_context_0 self cfg#2 tag(self/memory cma/memory)
[1,4]<stdout>:[1758077251.720711] [node3:5768 :0]      ucp_worker.c:1903 UCX  INFO    ucp_context_0 self cfg#2 tag(self/memory cma/memory)
[1,7]<stdout>:[1758077251.720917] [node3:5771 :0]      ucp_worker.c:1903 UCX  INFO    ucp_context_0 intra-node cfg#3 tag(sysv/memory cma/memory cuda_ipc/cuda)
[1,1]<stdout>:[1758077251.716880] [node1:136016:0]      ucp_worker.c:1903 UCX  INFO    ucp_context_0 self cfg#2 tag(self/memory cma/memory)
[1,3]<stdout>:[1758077251.716887] [node1:136018:0]      ucp_worker.c:1903 UCX  INFO    ucp_context_0 self cfg#2 tag(self/memory cma/memory)
[1,0]<stdout>:[1758077251.716889] [node1:136015:0]      ucp_worker.c:1903 UCX  INFO    ucp_context_0 self cfg#2 tag(self/memory cma/memory)
[1,6]<stdout>:[1758077251.721007] [node3:5770 :0]      ucp_worker.c:1903 UCX  INFO    ucp_context_0 intra-node cfg#3 tag(sysv/memory cma/memory cuda_ipc/cuda)
[1,2]<stdout>:[1758077251.717076] [node1:136017:0]      ucp_worker.c:1903 UCX  INFO    ucp_context_0 self cfg#2 tag(self/memory cma/memory)
[1,5]<stdout>:[1758077251.721120] [node3:5769 :0]      ucp_worker.c:1903 UCX  INFO    ucp_context_0 intra-node cfg#3 tag(sysv/memory cma/memory cuda_ipc/cuda)
[1,4]<stdout>:[1758077251.721429] [node3:5768 :0]      ucp_worker.c:1903 UCX  INFO    ucp_context_0 intra-node cfg#3 tag(sysv/memory cma/memory cuda_ipc/cuda)
[1,3]<stdout>:[1758077251.717507] [node1:136018:0]      ucp_worker.c:1903 UCX  INFO    ucp_context_0 intra-node cfg#3 tag(sysv/memory cma/memory cuda_ipc/cuda)
[1,1]<stdout>:[1758077251.717591] [node1:136016:0]      ucp_worker.c:1903 UCX  INFO    ucp_context_0 intra-node cfg#3 tag(sysv/memory cma/memory cuda_ipc/cuda)
[1,0]<stdout>:[1758077251.717600] [node1:136015:0]      ucp_worker.c:1903 UCX  INFO    ucp_context_0 intra-node cfg#3 tag(sysv/memory cma/memory cuda_ipc/cuda)
[1,2]<stdout>:[1758077251.717694] [node1:136017:0]      ucp_worker.c:1903 UCX  INFO    ucp_context_0 intra-node cfg#3 tag(sysv/memory cma/memory cuda_ipc/cuda)
[1,1]<stdout>:[1758077251.724404] [node1:136016:0]     ucp_context.c:2339 UCX  INFO  Version 1.19.0 (loaded from /home/hpc/hpcx/hpcx-v2.24-gcc-doca_ofed-ubuntu24.04-cuda13-x86_64/ucx/lib/libucp.so.0)
[1,2]<stdout>:[1758077251.724403] [node1:136017:0]     ucp_context.c:2339 UCX  INFO  Version 1.19.0 (loaded from /home/hpc/hpcx/hpcx-v2.24-gcc-doca_ofed-ubuntu24.04-cuda13-x86_64/ucx/lib/libucp.so.0)
[1,3]<stdout>:[1758077251.724403] [node1:136018:0]     ucp_context.c:2339 UCX  INFO  Version 1.19.0 (loaded from /home/hpc/hpcx/hpcx-v2.24-gcc-doca_ofed-ubuntu24.04-cuda13-x86_64/ucx/lib/libucp.so.0)
[1,0]<stdout>:[1758077251.724405] [node1:136015:0]     ucp_context.c:2339 UCX  INFO  Version 1.19.0 (loaded from /home/hpc/hpcx/hpcx-v2.24-gcc-doca_ofed-ubuntu24.04-cuda13-x86_64/ucx/lib/libucp.so.0)
[1,7]<stdout>:[1758077251.735393] [node3:5771 :0]     ucp_context.c:2339 UCX  INFO  Version 1.19.0 (loaded from /home/hpc/hpcx/hpcx-v2.24-gcc-doca_ofed-ubuntu24.04-cuda13-x86_64/ucx/lib/libucp.so.0)
[1,6]<stdout>:[1758077251.735394] [node3:5770 :0]     ucp_context.c:2339 UCX  INFO  Version 1.19.0 (loaded from /home/hpc/hpcx/hpcx-v2.24-gcc-doca_ofed-ubuntu24.04-cuda13-x86_64/ucx/lib/libucp.so.0)
[1,4]<stdout>:[1758077251.735402] [node3:5768 :0]     ucp_context.c:2339 UCX  INFO  Version 1.19.0 (loaded from /home/hpc/hpcx/hpcx-v2.24-gcc-doca_ofed-ubuntu24.04-cuda13-x86_64/ucx/lib/libucp.so.0)
[1,5]<stdout>:[1758077251.735433] [node3:5769 :0]     ucp_context.c:2339 UCX  INFO  Version 1.19.0 (loaded from /home/hpc/hpcx/hpcx-v2.24-gcc-doca_ofed-ubuntu24.04-cuda13-x86_64/ucx/lib/libucp.so.0)
[1,3]<stdout>:[1758077251.785357] [node1:136018:0]      ucp_worker.c:1903 UCX  INFO    ucp_context_0 inter-node cfg#4 tag(rc_mlx5/mlx5_0:1)
[1,4]<stdout>:[1758077251.797582] [node3:5768 :0]      ucp_worker.c:1903 UCX  INFO    ucp_context_0 inter-node cfg#4 tag(rc_mlx5/mlx5_0:1)
[1,7]<stdout>:[1758077251.797581] [node3:5771 :0]      ucp_worker.c:1903 UCX  INFO    ucp_context_0 inter-node cfg#4 tag(rc_mlx5/mlx5_0:1)
[1,6]<stdout>:[1758077251.797581] [node3:5770 :0]      ucp_worker.c:1903 UCX  INFO    ucp_context_0 inter-node cfg#4 tag(rc_mlx5/mlx5_0:1)
[1,5]<stdout>:[1758077251.797585] [node3:5769 :0]      ucp_worker.c:1903 UCX  INFO    ucp_context_0 inter-node cfg#4 tag(rc_mlx5/mlx5_0:1)
[1,4]<stdout>:[1758077251.806038] [node3:5768 :a]      ucp_worker.c:1903 UCX  INFO    ucp_context_0 inter-node cfg#5 tag(rc_mlx5/mlx5_0:1)
[1,3]<stdout>:[1758077251.805114] [node1:136018:0]      ucp_worker.c:1903 UCX  INFO    ucp_context_0 inter-node cfg#5 tag(rc_mlx5/mlx5_0:1)
[1,2]<stdout>:[1758077251.805189] [node1:136017:a]      ucp_worker.c:1903 UCX  INFO    ucp_context_0 inter-node cfg#4 tag(rc_mlx5/mlx5_0:1)
[1,1]<stdout>:[1758077251.805246] [node1:136016:a]      ucp_worker.c:1903 UCX  INFO    ucp_context_0 inter-node cfg#4 tag(rc_mlx5/mlx5_0:1)
[1,0]<stdout>:[1758077251.806504] [node1:136015:a]      ucp_worker.c:1903 UCX  INFO    ucp_context_0 inter-node cfg#4 tag(rc_mlx5/mlx5_0:1)
