[1,7]<stdout>:[1758250263.463035] [node3:15793:0]     ucp_context.c:2339 UCX  INFO  Version 1.19.0 (loaded from /home/hpc/hpcx/hpcx-v2.24-gcc-doca_ofed-ubuntu24.04-cuda13-x86_64/ucx/lib/libucp.so.0)
[1,6]<stdout>:[1758250263.463227] [node3:15792:0]     ucp_context.c:2339 UCX  INFO  Version 1.19.0 (loaded from /home/hpc/hpcx/hpcx-v2.24-gcc-doca_ofed-ubuntu24.04-cuda13-x86_64/ucx/lib/libucp.so.0)
[1,5]<stdout>:[1758250263.463367] [node3:15791:0]     ucp_context.c:2339 UCX  INFO  Version 1.19.0 (loaded from /home/hpc/hpcx/hpcx-v2.24-gcc-doca_ofed-ubuntu24.04-cuda13-x86_64/ucx/lib/libucp.so.0)
[1,4]<stdout>:[1758250263.463376] [node3:15790:0]     ucp_context.c:2339 UCX  INFO  Version 1.19.0 (loaded from /home/hpc/hpcx/hpcx-v2.24-gcc-doca_ofed-ubuntu24.04-cuda13-x86_64/ucx/lib/libucp.so.0)
[1,1]<stdout>:[1758250263.466368] [node1:74044:0]     ucp_context.c:2339 UCX  INFO  Version 1.19.0 (loaded from /home/hpc/hpcx/hpcx-v2.24-gcc-doca_ofed-ubuntu24.04-cuda13-x86_64/ucx/lib/libucp.so.0)
[1,0]<stdout>:[1758250263.466369] [node1:74043:0]     ucp_context.c:2339 UCX  INFO  Version 1.19.0 (loaded from /home/hpc/hpcx/hpcx-v2.24-gcc-doca_ofed-ubuntu24.04-cuda13-x86_64/ucx/lib/libucp.so.0)
[1,3]<stdout>:[1758250263.466369] [node1:74046:0]     ucp_context.c:2339 UCX  INFO  Version 1.19.0 (loaded from /home/hpc/hpcx/hpcx-v2.24-gcc-doca_ofed-ubuntu24.04-cuda13-x86_64/ucx/lib/libucp.so.0)
[1,2]<stdout>:[1758250263.466368] [node1:74045:0]     ucp_context.c:2339 UCX  INFO  Version 1.19.0 (loaded from /home/hpc/hpcx/hpcx-v2.24-gcc-doca_ofed-ubuntu24.04-cuda13-x86_64/ucx/lib/libucp.so.0)
[1,5]<stdout>:[1758250264.675268] [node3:15791:0]          parser.c:2368 UCX  INFO  UCX_* env variables: UCX_TLS=tcp,sm,self,cuda_copy,cuda_ipc UCX_LOG_LEVEL=info
[1,4]<stdout>:[1758250264.681223] [node3:15790:0]          parser.c:2368 UCX  INFO  UCX_* env variables: UCX_TLS=tcp,sm,self,cuda_copy,cuda_ipc UCX_LOG_LEVEL=info
[1,7]<stdout>:[1758250264.681317] [node3:15793:0]          parser.c:2368 UCX  INFO  UCX_* env variables: UCX_TLS=tcp,sm,self,cuda_copy,cuda_ipc UCX_LOG_LEVEL=info
[1,6]<stdout>:[1758250264.688231] [node3:15792:0]          parser.c:2368 UCX  INFO  UCX_* env variables: UCX_TLS=tcp,sm,self,cuda_copy,cuda_ipc UCX_LOG_LEVEL=info
[1,0]<stdout>:[1758250264.702282] [node1:74043:0]          parser.c:2368 UCX  INFO  UCX_* env variables: UCX_TLS=tcp,sm,self,cuda_copy,cuda_ipc UCX_LOG_LEVEL=info
[1,1]<stdout>:[1758250264.707628] [node1:74044:0]          parser.c:2368 UCX  INFO  UCX_* env variables: UCX_TLS=tcp,sm,self,cuda_copy,cuda_ipc UCX_LOG_LEVEL=info
[1,3]<stdout>:[1758250264.708297] [node1:74046:0]          parser.c:2368 UCX  INFO  UCX_* env variables: UCX_TLS=tcp,sm,self,cuda_copy,cuda_ipc UCX_LOG_LEVEL=info
[1,2]<stdout>:[1758250264.713218] [node1:74045:0]          parser.c:2368 UCX  INFO  UCX_* env variables: UCX_TLS=tcp,sm,self,cuda_copy,cuda_ipc UCX_LOG_LEVEL=info
[1,0]<stdout>:[1758250264.714285] [node1:74043:0]     ucp_context.c:2339 UCX  INFO  Version 1.19.0 (loaded from /home/hpc/hpcx/hpcx-v2.24-gcc-doca_ofed-ubuntu24.04-cuda13-x86_64/ucx/lib/libucp.so.0)
[1,1]<stdout>:[1758250264.714296] [node1:74044:0]     ucp_context.c:2339 UCX  INFO  Version 1.19.0 (loaded from /home/hpc/hpcx/hpcx-v2.24-gcc-doca_ofed-ubuntu24.04-cuda13-x86_64/ucx/lib/libucp.so.0)
[1,2]<stdout>:[1758250264.714454] [node1:74045:0]     ucp_context.c:2339 UCX  INFO  Version 1.19.0 (loaded from /home/hpc/hpcx/hpcx-v2.24-gcc-doca_ofed-ubuntu24.04-cuda13-x86_64/ucx/lib/libucp.so.0)
[1,6]<stdout>:[1758250264.713745] [node3:15792:0]     ucp_context.c:2339 UCX  INFO  Version 1.19.0 (loaded from /home/hpc/hpcx/hpcx-v2.24-gcc-doca_ofed-ubuntu24.04-cuda13-x86_64/ucx/lib/libucp.so.0)
[1,5]<stdout>:[1758250264.713748] [node3:15791:0]     ucp_context.c:2339 UCX  INFO  Version 1.19.0 (loaded from /home/hpc/hpcx/hpcx-v2.24-gcc-doca_ofed-ubuntu24.04-cuda13-x86_64/ucx/lib/libucp.so.0)
[1,7]<stdout>:[1758250264.713756] [node3:15793:0]     ucp_context.c:2339 UCX  INFO  Version 1.19.0 (loaded from /home/hpc/hpcx/hpcx-v2.24-gcc-doca_ofed-ubuntu24.04-cuda13-x86_64/ucx/lib/libucp.so.0)
[1,3]<stdout>:[1758250264.714867] [node1:74046:0]     ucp_context.c:2339 UCX  INFO  Version 1.19.0 (loaded from /home/hpc/hpcx/hpcx-v2.24-gcc-doca_ofed-ubuntu24.04-cuda13-x86_64/ucx/lib/libucp.so.0)
[1,4]<stdout>:[1758250264.713777] [node3:15790:0]     ucp_context.c:2339 UCX  INFO  Version 1.19.0 (loaded from /home/hpc/hpcx/hpcx-v2.24-gcc-doca_ofed-ubuntu24.04-cuda13-x86_64/ucx/lib/libucp.so.0)
[1,1]<stdout>:[1758250264.748134] [node1:74044:0]      ucp_worker.c:1903 UCX  INFO    ucp_context_0 self cfg#1 tag(self/memory cma/memory)
[1,3]<stdout>:[1758250264.748243] [node1:74046:0]      ucp_worker.c:1903 UCX  INFO    ucp_context_0 self cfg#1 tag(self/memory cma/memory)
[1,3]<stdout>:[1758250264.749081] [node1:74046:0]      ucp_worker.c:1903 UCX  INFO    ucp_context_0 intra-node cfg#2 tag(sysv/memory cma/memory cuda_ipc/cuda)
[1,1]<stdout>:[1758250264.749183] [node1:74044:0]      ucp_worker.c:1903 UCX  INFO    ucp_context_0 intra-node cfg#2 tag(sysv/memory cma/memory cuda_ipc/cuda)
[1,6]<stdout>:[1758250264.748407] [node3:15792:0]      ucp_worker.c:1903 UCX  INFO    ucp_context_0 self cfg#1 tag(self/memory cma/memory)
[1,5]<stdout>:[1758250264.748429] [node3:15791:0]      ucp_worker.c:1903 UCX  INFO    ucp_context_0 self cfg#1 tag(self/memory cma/memory)
[1,7]<stdout>:[1758250264.748609] [node3:15793:0]      ucp_worker.c:1903 UCX  INFO    ucp_context_0 self cfg#1 tag(self/memory cma/memory)
[1,6]<stdout>:[1758250264.749319] [node3:15792:0]      ucp_worker.c:1903 UCX  INFO    ucp_context_0 intra-node cfg#2 tag(sysv/memory cma/memory cuda_ipc/cuda)
[1,5]<stdout>:[1758250264.749339] [node3:15791:0]      ucp_worker.c:1903 UCX  INFO    ucp_context_0 intra-node cfg#2 tag(sysv/memory cma/memory cuda_ipc/cuda)
[1,7]<stdout>:[1758250264.749408] [node3:15793:0]      ucp_worker.c:1903 UCX  INFO    ucp_context_0 intra-node cfg#2 tag(sysv/memory cma/memory cuda_ipc/cuda)
[1,2]<stdout>:[1758250264.750955] [node1:74045:0]      ucp_worker.c:1903 UCX  INFO    ucp_context_0 self cfg#1 tag(self/memory cma/memory)
[1,0]<stdout>:[1758250264.751442] [node1:74043:0]      ucp_worker.c:1903 UCX  INFO    ucp_context_0 self cfg#1 tag(self/memory cma/memory)
[1,2]<stdout>:[1758250264.751923] [node1:74045:0]      ucp_worker.c:1903 UCX  INFO    ucp_context_0 intra-node cfg#2 tag(sysv/memory cma/memory cuda_ipc/cuda)
[1,0]<stdout>:[1758250264.752411] [node1:74043:0]      ucp_worker.c:1903 UCX  INFO    ucp_context_0 intra-node cfg#2 tag(sysv/memory cma/memory cuda_ipc/cuda)
[1,4]<stdout>:[1758250264.754438] [node3:15790:0]      ucp_worker.c:1903 UCX  INFO    ucp_context_0 self cfg#1 tag(self/memory cma/memory)
[1,4]<stdout>:[1758250264.755492] [node3:15790:0]      ucp_worker.c:1903 UCX  INFO    ucp_context_0 intra-node cfg#2 tag(sysv/memory cma/memory cuda_ipc/cuda)
[1,3]<stdout>:[1758250264.766300] [node1:74046:0]     ucp_context.c:2339 UCX  INFO  Version 1.19.0 (loaded from /home/hpc/hpcx/hpcx-v2.24-gcc-doca_ofed-ubuntu24.04-cuda13-x86_64/ucx/lib/libucp.so.0)
[1,2]<stdout>:[1758250264.767203] [node1:74045:0]     ucp_context.c:2339 UCX  INFO  Version 1.19.0 (loaded from /home/hpc/hpcx/hpcx-v2.24-gcc-doca_ofed-ubuntu24.04-cuda13-x86_64/ucx/lib/libucp.so.0)
[1,1]<stdout>:[1758250264.767310] [node1:74044:0]     ucp_context.c:2339 UCX  INFO  Version 1.19.0 (loaded from /home/hpc/hpcx/hpcx-v2.24-gcc-doca_ofed-ubuntu24.04-cuda13-x86_64/ucx/lib/libucp.so.0)
[1,0]<stdout>:[1758250264.767431] [node1:74043:0]     ucp_context.c:2339 UCX  INFO  Version 1.19.0 (loaded from /home/hpc/hpcx/hpcx-v2.24-gcc-doca_ofed-ubuntu24.04-cuda13-x86_64/ucx/lib/libucp.so.0)
[1,7]<stdout>:[1758250264.785083] [node3:15793:0]     ucp_context.c:2339 UCX  INFO  Version 1.19.0 (loaded from /home/hpc/hpcx/hpcx-v2.24-gcc-doca_ofed-ubuntu24.04-cuda13-x86_64/ucx/lib/libucp.so.0)
[1,5]<stdout>:[1758250264.785084] [node3:15791:0]     ucp_context.c:2339 UCX  INFO  Version 1.19.0 (loaded from /home/hpc/hpcx/hpcx-v2.24-gcc-doca_ofed-ubuntu24.04-cuda13-x86_64/ucx/lib/libucp.so.0)
[1,6]<stdout>:[1758250264.786040] [node3:15792:0]     ucp_context.c:2339 UCX  INFO  Version 1.19.0 (loaded from /home/hpc/hpcx/hpcx-v2.24-gcc-doca_ofed-ubuntu24.04-cuda13-x86_64/ucx/lib/libucp.so.0)
[1,4]<stdout>:[1758250264.786591] [node3:15790:0]     ucp_context.c:2339 UCX  INFO  Version 1.19.0 (loaded from /home/hpc/hpcx/hpcx-v2.24-gcc-doca_ofed-ubuntu24.04-cuda13-x86_64/ucx/lib/libucp.so.0)
[1,3]<stdout>:[1758250264.820448] [node1:74046:0]      ucp_worker.c:1903 UCX  INFO    ucp_context_0 inter-node cfg#3 tag(tcp/ibp225s0)
[1,7]<stdout>:[1758250264.832484] [node3:15793:0]      ucp_worker.c:1903 UCX  INFO    ucp_context_0 inter-node cfg#3 tag(tcp/ibp225s0)
[1,5]<stdout>:[1758250264.832598] [node3:15791:0]      ucp_worker.c:1903 UCX  INFO    ucp_context_0 inter-node cfg#3 tag(tcp/ibp225s0)
[1,4]<stdout>:[1758250264.832746] [node3:15790:0]      ucp_worker.c:1903 UCX  INFO    ucp_context_0 inter-node cfg#3 tag(tcp/ibp225s0)
[1,6]<stdout>:[1758250264.832833] [node3:15792:0]      ucp_worker.c:1903 UCX  INFO    ucp_context_0 inter-node cfg#3 tag(tcp/ibp225s0)
