[1758717427.496389] [node2:372217:0]     ucp_context.c:2137 UCX  WARN  UCP API version is incompatible: required >= 1.19, actual 1.16.0 (loaded from /usr/lib/x86_64-linux-gnu/libucp.so.0)
[1758717427.496399] [node2:372218:0]     ucp_context.c:2137 UCX  WARN  UCP API version is incompatible: required >= 1.19, actual 1.16.0 (loaded from /usr/lib/x86_64-linux-gnu/libucp.so.0)
[1758717427.498669] [node2:372220:0]     ucp_context.c:2137 UCX  WARN  UCP API version is incompatible: required >= 1.19, actual 1.16.0 (loaded from /usr/lib/x86_64-linux-gnu/libucp.so.0)
[1758717427.498673] [node2:372219:0]     ucp_context.c:2137 UCX  WARN  UCP API version is incompatible: required >= 1.19, actual 1.16.0 (loaded from /usr/lib/x86_64-linux-gnu/libucp.so.0)
[1758717427.504251] [node3:581260:0]     ucp_context.c:2137 UCX  WARN  UCP API version is incompatible: required >= 1.19, actual 1.16.0 (loaded from /usr/lib/x86_64-linux-gnu/libucp.so.0)
[1758717427.534781] [node4:579051:0]     ucp_context.c:2137 UCX  WARN  UCP API version is incompatible: required >= 1.19, actual 1.16.0 (loaded from /usr/lib/x86_64-linux-gnu/libucp.so.0)
[1758717427.505465] [node3:581261:0]     ucp_context.c:2137 UCX  WARN  UCP API version is incompatible: required >= 1.19, actual 1.16.0 (loaded from /usr/lib/x86_64-linux-gnu/libucp.so.0)
[1758717427.507400] [node1:499607:0]     ucp_context.c:2137 UCX  WARN  UCP API version is incompatible: required >= 1.19, actual 1.16.0 (loaded from /usr/lib/x86_64-linux-gnu/libucp.so.0)
[1758717427.507565] [node1:499608:0]     ucp_context.c:2137 UCX  WARN  UCP API version is incompatible: required >= 1.19, actual 1.16.0 (loaded from /usr/lib/x86_64-linux-gnu/libucp.so.0)
[1758717427.539896] [node4:579052:0]     ucp_context.c:2137 UCX  WARN  UCP API version is incompatible: required >= 1.19, actual 1.16.0 (loaded from /usr/lib/x86_64-linux-gnu/libucp.so.0)
[1758717427.508930] [node2:372217:0]           ib_md.c:1103 UCX  WARN  mlx5_0: relaxed order memory access requested, but unsupported
[1758717427.508979] [node2:372218:0]           ib_md.c:1103 UCX  WARN  mlx5_0: relaxed order memory access requested, but unsupported
[1758717427.545785] [node4:579051:0]           ib_md.c:1103 UCX  WARN  mlx5_0: relaxed order memory access requested, but unsupported
[1758717427.510024] [node2:372219:0]           ib_md.c:1103 UCX  WARN  mlx5_0: relaxed order memory access requested, but unsupported
[1758717427.510224] [node2:372220:0]           ib_md.c:1103 UCX  WARN  mlx5_0: relaxed order memory access requested, but unsupported
[1758717427.515695] [node3:581260:0]           ib_md.c:1103 UCX  WARN  mlx5_0: relaxed order memory access requested, but unsupported
[1758717427.515807] [node3:581261:0]           ib_md.c:1103 UCX  WARN  mlx5_0: relaxed order memory access requested, but unsupported
[1758717427.511079] [node2:372217:0]     ucp_context.c:1192 UCX  WARN  transports 'cuda_copy','gdr_copy','cuda_ipc' are not available, please use one or more of: cma, dc, dc_mlx5, dc_x, ib, mm, posix, rc, rc_mlx5, rc_v, rc_verbs, rc_x, self, shm, sm, sysv, tcp, ud, ud_mlx5, ud_v, ud_verbs, ud_x
[1758717427.511125] [node2:372218:0]     ucp_context.c:1192 UCX  WARN  transports 'cuda_copy','gdr_copy','cuda_ipc' are not available, please use one or more of: cma, dc, dc_mlx5, dc_x, ib, mm, posix, rc, rc_mlx5, rc_v, rc_verbs, rc_x, self, shm, sm, sysv, tcp, ud, ud_mlx5, ud_v, ud_verbs, ud_x
[1758717427.547598] [node4:579054:0]     ucp_context.c:2137 UCX  WARN  UCP API version is incompatible: required >= 1.19, actual 1.16.0 (loaded from /usr/lib/x86_64-linux-gnu/libucp.so.0)
[1758717427.511957] [node2:372219:0]     ucp_context.c:1192 UCX  WARN  transports 'cuda_copy','gdr_copy','cuda_ipc' are not available, please use one or more of: cma, dc, dc_mlx5, dc_x, ib, mm, posix, rc, rc_mlx5, rc_v, rc_verbs, rc_x, self, shm, sm, sysv, tcp, ud, ud_mlx5, ud_v, ud_verbs, ud_x
[1758717427.547870] [node4:579051:0]     ucp_context.c:1192 UCX  WARN  transports 'cuda_copy','gdr_copy','cuda_ipc' are not available, please use one or more of: cma, dc, dc_mlx5, dc_x, ib, mm, posix, rc, rc_mlx5, rc_v, rc_verbs, rc_x, self, shm, sm, sysv, tcp, ud, ud_mlx5, ud_v, ud_verbs, ud_x
[1758717427.512101] [node2:372220:0]     ucp_context.c:1192 UCX  WARN  transports 'cuda_copy','gdr_copy','cuda_ipc' are not available, please use one or more of: cma, dc, dc_mlx5, dc_x, ib, mm, posix, rc, rc_mlx5, rc_v, rc_verbs, rc_x, self, shm, sm, sysv, tcp, ud, ud_mlx5, ud_v, ud_verbs, ud_x
[1758717427.517777] [node3:581261:0]     ucp_context.c:1192 UCX  WARN  transports 'cuda_copy','gdr_copy','cuda_ipc' are not available, please use one or more of: cma, dc, dc_mlx5, dc_x, ib, mm, posix, rc, rc_mlx5, rc_v, rc_verbs, rc_x, self, shm, sm, sysv, tcp, ud, ud_mlx5, ud_v, ud_verbs, ud_x
[1758717427.517912] [node3:581260:0]     ucp_context.c:1192 UCX  WARN  transports 'cuda_copy','gdr_copy','cuda_ipc' are not available, please use one or more of: cma, dc, dc_mlx5, dc_x, ib, mm, posix, rc, rc_mlx5, rc_v, rc_verbs, rc_x, self, shm, sm, sysv, tcp, ud, ud_mlx5, ud_v, ud_verbs, ud_x
[1758717427.519783] [node1:499608:0]           ib_md.c:1103 UCX  WARN  mlx5_0: relaxed order memory access requested, but unsupported
[1758717427.519813] [node1:499607:0]           ib_md.c:1103 UCX  WARN  mlx5_0: relaxed order memory access requested, but unsupported
[1758717427.550609] [node4:579052:0]           ib_md.c:1103 UCX  WARN  mlx5_0: relaxed order memory access requested, but unsupported
[1758717427.521890] [node1:499608:0]     ucp_context.c:1192 UCX  WARN  transports 'cuda_copy','gdr_copy','cuda_ipc' are not available, please use one or more of: cma, dc, dc_mlx5, dc_x, ib, mm, posix, rc, rc_mlx5, rc_v, rc_verbs, rc_x, self, shm, sm, sysv, tcp, ud, ud_mlx5, ud_v, ud_verbs, ud_x
[1758717427.521969] [node1:499607:0]     ucp_context.c:1192 UCX  WARN  transports 'cuda_copy','gdr_copy','cuda_ipc' are not available, please use one or more of: cma, dc, dc_mlx5, dc_x, ib, mm, posix, rc, rc_mlx5, rc_v, rc_verbs, rc_x, self, shm, sm, sysv, tcp, ud, ud_mlx5, ud_v, ud_verbs, ud_x
[1758717427.522949] [node1:499609:0]     ucp_context.c:2137 UCX  WARN  UCP API version is incompatible: required >= 1.19, actual 1.16.0 (loaded from /usr/lib/x86_64-linux-gnu/libucp.so.0)
[1758717427.552750] [node4:579052:0]     ucp_context.c:1192 UCX  WARN  transports 'cuda_copy','gdr_copy','cuda_ipc' are not available, please use one or more of: cma, dc, dc_mlx5, dc_x, ib, mm, posix, rc, rc_mlx5, rc_v, rc_verbs, rc_x, self, shm, sm, sysv, tcp, ud, ud_mlx5, ud_v, ud_verbs, ud_x
[1758717427.554097] [node4:579053:0]     ucp_context.c:2137 UCX  WARN  UCP API version is incompatible: required >= 1.19, actual 1.16.0 (loaded from /usr/lib/x86_64-linux-gnu/libucp.so.0)
[1758717427.524802] [node3:581262:0]     ucp_context.c:2137 UCX  WARN  UCP API version is incompatible: required >= 1.19, actual 1.16.0 (loaded from /usr/lib/x86_64-linux-gnu/libucp.so.0)
[1758717427.525183] [node3:581263:0]     ucp_context.c:2137 UCX  WARN  UCP API version is incompatible: required >= 1.19, actual 1.16.0 (loaded from /usr/lib/x86_64-linux-gnu/libucp.so.0)
[1758717427.527460] [node1:499610:0]     ucp_context.c:2137 UCX  WARN  UCP API version is incompatible: required >= 1.19, actual 1.16.0 (loaded from /usr/lib/x86_64-linux-gnu/libucp.so.0)
[1758717427.558191] [node4:579054:0]           ib_md.c:1103 UCX  WARN  mlx5_0: relaxed order memory access requested, but unsupported
[1758717427.560191] [node4:579054:0]     ucp_context.c:1192 UCX  WARN  transports 'cuda_copy','gdr_copy','cuda_ipc' are not available, please use one or more of: cma, dc, dc_mlx5, dc_x, ib, mm, posix, rc, rc_mlx5, rc_v, rc_verbs, rc_x, self, shm, sm, sysv, tcp, ud, ud_mlx5, ud_v, ud_verbs, ud_x
[1758717427.533553] [node1:499609:0]           ib_md.c:1103 UCX  WARN  mlx5_0: relaxed order memory access requested, but unsupported
[1758717427.564275] [node4:579053:0]           ib_md.c:1103 UCX  WARN  mlx5_0: relaxed order memory access requested, but unsupported
[1758717427.535696] [node1:499609:0]     ucp_context.c:1192 UCX  WARN  transports 'cuda_copy','gdr_copy','cuda_ipc' are not available, please use one or more of: cma, dc, dc_mlx5, dc_x, ib, mm, posix, rc, rc_mlx5, rc_v, rc_verbs, rc_x, self, shm, sm, sysv, tcp, ud, ud_mlx5, ud_v, ud_verbs, ud_x
[1758717427.566231] [node4:579053:0]     ucp_context.c:1192 UCX  WARN  transports 'cuda_copy','gdr_copy','cuda_ipc' are not available, please use one or more of: cma, dc, dc_mlx5, dc_x, ib, mm, posix, rc, rc_mlx5, rc_v, rc_verbs, rc_x, self, shm, sm, sysv, tcp, ud, ud_mlx5, ud_v, ud_verbs, ud_x
[1758717427.536047] [node3:581262:0]           ib_md.c:1103 UCX  WARN  mlx5_0: relaxed order memory access requested, but unsupported
[1758717427.536182] [node3:581263:0]           ib_md.c:1103 UCX  WARN  mlx5_0: relaxed order memory access requested, but unsupported
[1758717427.537959] [node1:499610:0]           ib_md.c:1103 UCX  WARN  mlx5_0: relaxed order memory access requested, but unsupported
[1758717427.537917] [node3:581262:0]     ucp_context.c:1192 UCX  WARN  transports 'cuda_copy','gdr_copy','cuda_ipc' are not available, please use one or more of: cma, dc, dc_mlx5, dc_x, ib, mm, posix, rc, rc_mlx5, rc_v, rc_verbs, rc_x, self, shm, sm, sysv, tcp, ud, ud_mlx5, ud_v, ud_verbs, ud_x
[1758717427.537993] [node3:581263:0]     ucp_context.c:1192 UCX  WARN  transports 'cuda_copy','gdr_copy','cuda_ipc' are not available, please use one or more of: cma, dc, dc_mlx5, dc_x, ib, mm, posix, rc, rc_mlx5, rc_v, rc_verbs, rc_x, self, shm, sm, sysv, tcp, ud, ud_mlx5, ud_v, ud_verbs, ud_x
[1758717427.539994] [node1:499610:0]     ucp_context.c:1192 UCX  WARN  transports 'cuda_copy','gdr_copy','cuda_ipc' are not available, please use one or more of: cma, dc, dc_mlx5, dc_x, ib, mm, posix, rc, rc_mlx5, rc_v, rc_verbs, rc_x, self, shm, sm, sysv, tcp, ud, ud_mlx5, ud_v, ud_verbs, ud_x
[1758717427.557642] [node1:499607:0]     ucp_context.c:2137 UCX  WARN  UCP API version is incompatible: required >= 1.19, actual 1.16.0 (loaded from /usr/lib/x86_64-linux-gnu/libucp.so.0)
[1758717427.557664] [node1:499610:0]     ucp_context.c:2137 UCX  WARN  UCP API version is incompatible: required >= 1.19, actual 1.16.0 (loaded from /usr/lib/x86_64-linux-gnu/libucp.so.0)
[1758717427.557724] [node1:499609:0]     ucp_context.c:2137 UCX  WARN  UCP API version is incompatible: required >= 1.19, actual 1.16.0 (loaded from /usr/lib/x86_64-linux-gnu/libucp.so.0)
[1758717427.557783] [node1:499608:0]     ucp_context.c:2137 UCX  WARN  UCP API version is incompatible: required >= 1.19, actual 1.16.0 (loaded from /usr/lib/x86_64-linux-gnu/libucp.so.0)
[1758717427.556428] [node3:581260:0]     ucp_context.c:2137 UCX  WARN  UCP API version is incompatible: required >= 1.19, actual 1.16.0 (loaded from /usr/lib/x86_64-linux-gnu/libucp.so.0)
[1758717427.586960] [node4:579051:0]     ucp_context.c:2137 UCX  WARN  UCP API version is incompatible: required >= 1.19, actual 1.16.0 (loaded from /usr/lib/x86_64-linux-gnu/libucp.so.0)
[1758717427.556488] [node3:581262:0]     ucp_context.c:2137 UCX  WARN  UCP API version is incompatible: required >= 1.19, actual 1.16.0 (loaded from /usr/lib/x86_64-linux-gnu/libucp.so.0)
[1758717427.551108] [node2:372217:0]     ucp_context.c:2137 UCX  WARN  UCP API version is incompatible: required >= 1.19, actual 1.16.0 (loaded from /usr/lib/x86_64-linux-gnu/libucp.so.0)
[1758717427.551104] [node2:372219:0]     ucp_context.c:2137 UCX  WARN  UCP API version is incompatible: required >= 1.19, actual 1.16.0 (loaded from /usr/lib/x86_64-linux-gnu/libucp.so.0)
[1758717427.551110] [node2:372218:0]     ucp_context.c:2137 UCX  WARN  UCP API version is incompatible: required >= 1.19, actual 1.16.0 (loaded from /usr/lib/x86_64-linux-gnu/libucp.so.0)
[1758717427.556550] [node3:581261:0]     ucp_context.c:2137 UCX  WARN  UCP API version is incompatible: required >= 1.19, actual 1.16.0 (loaded from /usr/lib/x86_64-linux-gnu/libucp.so.0)
[1758717427.587018] [node4:579053:0]     ucp_context.c:2137 UCX  WARN  UCP API version is incompatible: required >= 1.19, actual 1.16.0 (loaded from /usr/lib/x86_64-linux-gnu/libucp.so.0)
[1758717427.551187] [node2:372220:0]     ucp_context.c:2137 UCX  WARN  UCP API version is incompatible: required >= 1.19, actual 1.16.0 (loaded from /usr/lib/x86_64-linux-gnu/libucp.so.0)
[1758717427.587035] [node4:579052:0]     ucp_context.c:2137 UCX  WARN  UCP API version is incompatible: required >= 1.19, actual 1.16.0 (loaded from /usr/lib/x86_64-linux-gnu/libucp.so.0)
[1758717427.587039] [node4:579054:0]     ucp_context.c:2137 UCX  WARN  UCP API version is incompatible: required >= 1.19, actual 1.16.0 (loaded from /usr/lib/x86_64-linux-gnu/libucp.so.0)
[1758717427.556558] [node3:581263:0]     ucp_context.c:2137 UCX  WARN  UCP API version is incompatible: required >= 1.19, actual 1.16.0 (loaded from /usr/lib/x86_64-linux-gnu/libucp.so.0)
[1758717427.560359] [node2:372219:0]           ib_md.c:1103 UCX  WARN  mlx5_0: relaxed order memory access requested, but unsupported
[1758717427.560499] [node2:372220:0]           ib_md.c:1103 UCX  WARN  mlx5_0: relaxed order memory access requested, but unsupported
[1758717427.596375] [node4:579051:0]           ib_md.c:1103 UCX  WARN  mlx5_0: relaxed order memory access requested, but unsupported
[1758717427.565956] [node3:581262:0]           ib_md.c:1103 UCX  WARN  mlx5_0: relaxed order memory access requested, but unsupported
[1758717427.566032] [node3:581260:0]           ib_md.c:1103 UCX  WARN  mlx5_0: relaxed order memory access requested, but unsupported
[1758717427.596500] [node4:579053:0]           ib_md.c:1103 UCX  WARN  mlx5_0: relaxed order memory access requested, but unsupported
[1758717427.596593] [node4:579054:0]           ib_md.c:1103 UCX  WARN  mlx5_0: relaxed order memory access requested, but unsupported
[1758717427.566072] [node3:581261:0]           ib_md.c:1103 UCX  WARN  mlx5_0: relaxed order memory access requested, but unsupported
[1758717427.566225] [node3:581263:0]           ib_md.c:1103 UCX  WARN  mlx5_0: relaxed order memory access requested, but unsupported
[1758717427.560932] [node2:372218:0]           ib_md.c:1103 UCX  WARN  mlx5_0: relaxed order memory access requested, but unsupported
[1758717427.596771] [node4:579052:0]           ib_md.c:1103 UCX  WARN  mlx5_0: relaxed order memory access requested, but unsupported
[1758717427.561148] [node2:372217:0]           ib_md.c:1103 UCX  WARN  mlx5_0: relaxed order memory access requested, but unsupported
[1758717427.562163] [node2:372219:0]     ucp_context.c:1192 UCX  WARN  transports 'cuda_copy','gdr_copy','cuda_ipc' are not available, please use one or more of: cma, dc, dc_mlx5, dc_x, ib, mm, posix, rc, rc_mlx5, rc_v, rc_verbs, rc_x, self, shm, sm, sysv, tcp, ud, ud_mlx5, ud_v, ud_verbs, ud_x
[1758717427.562340] [node2:372220:0]     ucp_context.c:1192 UCX  WARN  transports 'cuda_copy','gdr_copy','cuda_ipc' are not available, please use one or more of: cma, dc, dc_mlx5, dc_x, ib, mm, posix, rc, rc_mlx5, rc_v, rc_verbs, rc_x, self, shm, sm, sysv, tcp, ud, ud_mlx5, ud_v, ud_verbs, ud_x
[1758717427.567824] [node3:581262:0]     ucp_context.c:1192 UCX  WARN  transports 'cuda_copy','gdr_copy','cuda_ipc' are not available, please use one or more of: cma, dc, dc_mlx5, dc_x, ib, mm, posix, rc, rc_mlx5, rc_v, rc_verbs, rc_x, self, shm, sm, sysv, tcp, ud, ud_mlx5, ud_v, ud_verbs, ud_x
[1758717427.598329] [node4:579051:0]     ucp_context.c:1192 UCX  WARN  transports 'cuda_copy','gdr_copy','cuda_ipc' are not available, please use one or more of: cma, dc, dc_mlx5, dc_x, ib, mm, posix, rc, rc_mlx5, rc_v, rc_verbs, rc_x, self, shm, sm, sysv, tcp, ud, ud_mlx5, ud_v, ud_verbs, ud_x
[1758717427.569332] [node1:499607:0]           ib_md.c:1103 UCX  WARN  mlx5_0: relaxed order memory access requested, but unsupported
[1758717427.569367] [node1:499608:0]           ib_md.c:1103 UCX  WARN  mlx5_0: relaxed order memory access requested, but unsupported
[1758717427.567961] [node3:581260:0]     ucp_context.c:1192 UCX  WARN  transports 'cuda_copy','gdr_copy','cuda_ipc' are not available, please use one or more of: cma, dc, dc_mlx5, dc_x, ib, mm, posix, rc, rc_mlx5, rc_v, rc_verbs, rc_x, self, shm, sm, sysv, tcp, ud, ud_mlx5, ud_v, ud_verbs, ud_x
[1758717427.569390] [node1:499609:0]           ib_md.c:1103 UCX  WARN  mlx5_0: relaxed order memory access requested, but unsupported
[1758717427.598416] [node4:579053:0]     ucp_context.c:1192 UCX  WARN  transports 'cuda_copy','gdr_copy','cuda_ipc' are not available, please use one or more of: cma, dc, dc_mlx5, dc_x, ib, mm, posix, rc, rc_mlx5, rc_v, rc_verbs, rc_x, self, shm, sm, sysv, tcp, ud, ud_mlx5, ud_v, ud_verbs, ud_x
[1758717427.568051] [node3:581261:0]     ucp_context.c:1192 UCX  WARN  transports 'cuda_copy','gdr_copy','cuda_ipc' are not available, please use one or more of: cma, dc, dc_mlx5, dc_x, ib, mm, posix, rc, rc_mlx5, rc_v, rc_verbs, rc_x, self, shm, sm, sysv, tcp, ud, ud_mlx5, ud_v, ud_verbs, ud_x
[1758717427.598590] [node4:579054:0]     ucp_context.c:1192 UCX  WARN  transports 'cuda_copy','gdr_copy','cuda_ipc' are not available, please use one or more of: cma, dc, dc_mlx5, dc_x, ib, mm, posix, rc, rc_mlx5, rc_v, rc_verbs, rc_x, self, shm, sm, sysv, tcp, ud, ud_mlx5, ud_v, ud_verbs, ud_x
[1758717427.562808] [node2:372218:0]     ucp_context.c:1192 UCX  WARN  transports 'cuda_copy','gdr_copy','cuda_ipc' are not available, please use one or more of: cma, dc, dc_mlx5, dc_x, ib, mm, posix, rc, rc_mlx5, rc_v, rc_verbs, rc_x, self, shm, sm, sysv, tcp, ud, ud_mlx5, ud_v, ud_verbs, ud_x
[1758717427.568135] [node3:581263:0]     ucp_context.c:1192 UCX  WARN  transports 'cuda_copy','gdr_copy','cuda_ipc' are not available, please use one or more of: cma, dc, dc_mlx5, dc_x, ib, mm, posix, rc, rc_mlx5, rc_v, rc_verbs, rc_x, self, shm, sm, sysv, tcp, ud, ud_mlx5, ud_v, ud_verbs, ud_x
[1758717427.569623] [node1:499610:0]           ib_md.c:1103 UCX  WARN  mlx5_0: relaxed order memory access requested, but unsupported
[1758717427.598640] [node4:579052:0]     ucp_context.c:1192 UCX  WARN  transports 'cuda_copy','gdr_copy','cuda_ipc' are not available, please use one or more of: cma, dc, dc_mlx5, dc_x, ib, mm, posix, rc, rc_mlx5, rc_v, rc_verbs, rc_x, self, shm, sm, sysv, tcp, ud, ud_mlx5, ud_v, ud_verbs, ud_x
[1758717427.563037] [node2:372217:0]     ucp_context.c:1192 UCX  WARN  transports 'cuda_copy','gdr_copy','cuda_ipc' are not available, please use one or more of: cma, dc, dc_mlx5, dc_x, ib, mm, posix, rc, rc_mlx5, rc_v, rc_verbs, rc_x, self, shm, sm, sysv, tcp, ud, ud_mlx5, ud_v, ud_verbs, ud_x
[1758717427.571271] [node1:499607:0]     ucp_context.c:1192 UCX  WARN  transports 'cuda_copy','gdr_copy','cuda_ipc' are not available, please use one or more of: cma, dc, dc_mlx5, dc_x, ib, mm, posix, rc, rc_mlx5, rc_v, rc_verbs, rc_x, self, shm, sm, sysv, tcp, ud, ud_mlx5, ud_v, ud_verbs, ud_x
[1758717427.571347] [node1:499608:0]     ucp_context.c:1192 UCX  WARN  transports 'cuda_copy','gdr_copy','cuda_ipc' are not available, please use one or more of: cma, dc, dc_mlx5, dc_x, ib, mm, posix, rc, rc_mlx5, rc_v, rc_verbs, rc_x, self, shm, sm, sysv, tcp, ud, ud_mlx5, ud_v, ud_verbs, ud_x
[1758717427.571459] [node1:499609:0]     ucp_context.c:1192 UCX  WARN  transports 'cuda_copy','gdr_copy','cuda_ipc' are not available, please use one or more of: cma, dc, dc_mlx5, dc_x, ib, mm, posix, rc, rc_mlx5, rc_v, rc_verbs, rc_x, self, shm, sm, sysv, tcp, ud, ud_mlx5, ud_v, ud_verbs, ud_x
[1758717427.571559] [node1:499610:0]     ucp_context.c:1192 UCX  WARN  transports 'cuda_copy','gdr_copy','cuda_ipc' are not available, please use one or more of: cma, dc, dc_mlx5, dc_x, ib, mm, posix, rc, rc_mlx5, rc_v, rc_verbs, rc_x, self, shm, sm, sysv, tcp, ud, ud_mlx5, ud_v, ud_verbs, ud_x
[1758717427.589041] [node2:372220:0]     ucp_context.c:2137 UCX  WARN  UCP API version is incompatible: required >= 1.19, actual 1.16.0 (loaded from /usr/lib/x86_64-linux-gnu/libucp.so.0)
[1758717427.589426] [node2:372219:0]     ucp_context.c:2137 UCX  WARN  UCP API version is incompatible: required >= 1.19, actual 1.16.0 (loaded from /usr/lib/x86_64-linux-gnu/libucp.so.0)
[1758717427.589881] [node2:372217:0]     ucp_context.c:2137 UCX  WARN  UCP API version is incompatible: required >= 1.19, actual 1.16.0 (loaded from /usr/lib/x86_64-linux-gnu/libucp.so.0)
[1758717427.589887] [node2:372218:0]     ucp_context.c:2137 UCX  WARN  UCP API version is incompatible: required >= 1.19, actual 1.16.0 (loaded from /usr/lib/x86_64-linux-gnu/libucp.so.0)
[1758717427.625754] [node4:579052:0]     ucp_context.c:2137 UCX  WARN  UCP API version is incompatible: required >= 1.19, actual 1.16.0 (loaded from /usr/lib/x86_64-linux-gnu/libucp.so.0)
[1758717427.596998] [node1:499607:0]     ucp_context.c:2137 UCX  WARN  UCP API version is incompatible: required >= 1.19, actual 1.16.0 (loaded from /usr/lib/x86_64-linux-gnu/libucp.so.0)
[1758717427.597021] [node1:499608:0]     ucp_context.c:2137 UCX  WARN  UCP API version is incompatible: required >= 1.19, actual 1.16.0 (loaded from /usr/lib/x86_64-linux-gnu/libucp.so.0)
[1758717427.595888] [node3:581261:0]     ucp_context.c:2137 UCX  WARN  UCP API version is incompatible: required >= 1.19, actual 1.16.0 (loaded from /usr/lib/x86_64-linux-gnu/libucp.so.0)
[1758717427.595941] [node3:581262:0]     ucp_context.c:2137 UCX  WARN  UCP API version is incompatible: required >= 1.19, actual 1.16.0 (loaded from /usr/lib/x86_64-linux-gnu/libucp.so.0)
[1758717427.597431] [node1:499610:0]     ucp_context.c:2137 UCX  WARN  UCP API version is incompatible: required >= 1.19, actual 1.16.0 (loaded from /usr/lib/x86_64-linux-gnu/libucp.so.0)
[1758717427.597446] [node1:499609:0]     ucp_context.c:2137 UCX  WARN  UCP API version is incompatible: required >= 1.19, actual 1.16.0 (loaded from /usr/lib/x86_64-linux-gnu/libucp.so.0)
[1758717427.596039] [node3:581263:0]     ucp_context.c:2137 UCX  WARN  UCP API version is incompatible: required >= 1.19, actual 1.16.0 (loaded from /usr/lib/x86_64-linux-gnu/libucp.so.0)
[1758717427.596082] [node3:581260:0]     ucp_context.c:2137 UCX  WARN  UCP API version is incompatible: required >= 1.19, actual 1.16.0 (loaded from /usr/lib/x86_64-linux-gnu/libucp.so.0)
[1758717427.626724] [node4:579054:0]     ucp_context.c:2137 UCX  WARN  UCP API version is incompatible: required >= 1.19, actual 1.16.0 (loaded from /usr/lib/x86_64-linux-gnu/libucp.so.0)
[1758717427.626731] [node4:579053:0]     ucp_context.c:2137 UCX  WARN  UCP API version is incompatible: required >= 1.19, actual 1.16.0 (loaded from /usr/lib/x86_64-linux-gnu/libucp.so.0)
[1758717427.627048] [node4:579051:0]     ucp_context.c:2137 UCX  WARN  UCP API version is incompatible: required >= 1.19, actual 1.16.0 (loaded from /usr/lib/x86_64-linux-gnu/libucp.so.0)
[1758717427.597370] [node2:372220:0]           ib_md.c:1103 UCX  WARN  mlx5_0: relaxed order memory access requested, but unsupported
[1758717427.597635] [node2:372219:0]           ib_md.c:1103 UCX  WARN  mlx5_0: relaxed order memory access requested, but unsupported
[1758717427.634473] [node4:579052:0]           ib_md.c:1103 UCX  WARN  mlx5_0: relaxed order memory access requested, but unsupported
[1758717427.598791] [node2:372217:0]           ib_md.c:1103 UCX  WARN  mlx5_0: relaxed order memory access requested, but unsupported
[1758717427.598884] [node2:372218:0]           ib_md.c:1103 UCX  WARN  mlx5_0: relaxed order memory access requested, but unsupported
[1758717427.599342] [node2:372220:0]     ucp_context.c:1192 UCX  WARN  transports 'cuda_copy','gdr_copy','cuda_ipc' are not available, please use one or more of: cma, dc, dc_mlx5, dc_x, ib, mm, posix, rc, rc_mlx5, rc_v, rc_verbs, rc_x, self, shm, sm, sysv, tcp, ud, ud_mlx5, ud_v, ud_verbs, ud_x
[1758717427.606303] [node1:499608:0]           ib_md.c:1103 UCX  WARN  mlx5_0: relaxed order memory access requested, but unsupported
[1758717427.599576] [node2:372219:0]     ucp_context.c:1192 UCX  WARN  transports 'cuda_copy','gdr_copy','cuda_ipc' are not available, please use one or more of: cma, dc, dc_mlx5, dc_x, ib, mm, posix, rc, rc_mlx5, rc_v, rc_verbs, rc_x, self, shm, sm, sysv, tcp, ud, ud_mlx5, ud_v, ud_verbs, ud_x
[1758717427.606441] [node1:499607:0]           ib_md.c:1103 UCX  WARN  mlx5_0: relaxed order memory access requested, but unsupported
[1758717427.606572] [node1:499610:0]           ib_md.c:1103 UCX  WARN  mlx5_0: relaxed order memory access requested, but unsupported
[1758717427.635629] [node4:579054:0]           ib_md.c:1103 UCX  WARN  mlx5_0: relaxed order memory access requested, but unsupported
[1758717427.606701] [node1:499609:0]           ib_md.c:1103 UCX  WARN  mlx5_0: relaxed order memory access requested, but unsupported
[1758717427.635742] [node4:579053:0]           ib_md.c:1103 UCX  WARN  mlx5_0: relaxed order memory access requested, but unsupported
[1758717427.636463] [node4:579052:0]     ucp_context.c:1192 UCX  WARN  transports 'cuda_copy','gdr_copy','cuda_ipc' are not available, please use one or more of: cma, dc, dc_mlx5, dc_x, ib, mm, posix, rc, rc_mlx5, rc_v, rc_verbs, rc_x, self, shm, sm, sysv, tcp, ud, ud_mlx5, ud_v, ud_verbs, ud_x
[1758717427.636588] [node4:579051:0]           ib_md.c:1103 UCX  WARN  mlx5_0: relaxed order memory access requested, but unsupported
[1758717427.606313] [node3:581261:0]           ib_md.c:1103 UCX  WARN  mlx5_0: relaxed order memory access requested, but unsupported
[1758717427.606363] [node3:581263:0]           ib_md.c:1103 UCX  WARN  mlx5_0: relaxed order memory access requested, but unsupported
[1758717427.606381] [node3:581262:0]           ib_md.c:1103 UCX  WARN  mlx5_0: relaxed order memory access requested, but unsupported
[1758717427.606517] [node3:581260:0]           ib_md.c:1103 UCX  WARN  mlx5_0: relaxed order memory access requested, but unsupported
[1758717427.608209] [node1:499608:0]     ucp_context.c:1192 UCX  WARN  transports 'cuda_copy','gdr_copy','cuda_ipc' are not available, please use one or more of: cma, dc, dc_mlx5, dc_x, ib, mm, posix, rc, rc_mlx5, rc_v, rc_verbs, rc_x, self, shm, sm, sysv, tcp, ud, ud_mlx5, ud_v, ud_verbs, ud_x
[1758717427.608337] [node1:499607:0]     ucp_context.c:1192 UCX  WARN  transports 'cuda_copy','gdr_copy','cuda_ipc' are not available, please use one or more of: cma, dc, dc_mlx5, dc_x, ib, mm, posix, rc, rc_mlx5, rc_v, rc_verbs, rc_x, self, shm, sm, sysv, tcp, ud, ud_mlx5, ud_v, ud_verbs, ud_x
[1758717427.601658] [node2:372217:0]     ucp_context.c:1192 UCX  WARN  transports 'cuda_copy','gdr_copy','cuda_ipc' are not available, please use one or more of: cma, dc, dc_mlx5, dc_x, ib, mm, posix, rc, rc_mlx5, rc_v, rc_verbs, rc_x, self, shm, sm, sysv, tcp, ud, ud_mlx5, ud_v, ud_verbs, ud_x
[1758717427.637574] [node4:579054:0]     ucp_context.c:1192 UCX  WARN  transports 'cuda_copy','gdr_copy','cuda_ipc' are not available, please use one or more of: cma, dc, dc_mlx5, dc_x, ib, mm, posix, rc, rc_mlx5, rc_v, rc_verbs, rc_x, self, shm, sm, sysv, tcp, ud, ud_mlx5, ud_v, ud_verbs, ud_x
[1758717427.601744] [node2:372218:0]     ucp_context.c:1192 UCX  WARN  transports 'cuda_copy','gdr_copy','cuda_ipc' are not available, please use one or more of: cma, dc, dc_mlx5, dc_x, ib, mm, posix, rc, rc_mlx5, rc_v, rc_verbs, rc_x, self, shm, sm, sysv, tcp, ud, ud_mlx5, ud_v, ud_verbs, ud_x
[1758717427.608629] [node1:499610:0]     ucp_context.c:1192 UCX  WARN  transports 'cuda_copy','gdr_copy','cuda_ipc' are not available, please use one or more of: cma, dc, dc_mlx5, dc_x, ib, mm, posix, rc, rc_mlx5, rc_v, rc_verbs, rc_x, self, shm, sm, sysv, tcp, ud, ud_mlx5, ud_v, ud_verbs, ud_x
[1758717427.608631] [node1:499609:0]     ucp_context.c:1192 UCX  WARN  transports 'cuda_copy','gdr_copy','cuda_ipc' are not available, please use one or more of: cma, dc, dc_mlx5, dc_x, ib, mm, posix, rc, rc_mlx5, rc_v, rc_verbs, rc_x, self, shm, sm, sysv, tcp, ud, ud_mlx5, ud_v, ud_verbs, ud_x
[1758717427.637700] [node4:579053:0]     ucp_context.c:1192 UCX  WARN  transports 'cuda_copy','gdr_copy','cuda_ipc' are not available, please use one or more of: cma, dc, dc_mlx5, dc_x, ib, mm, posix, rc, rc_mlx5, rc_v, rc_verbs, rc_x, self, shm, sm, sysv, tcp, ud, ud_mlx5, ud_v, ud_verbs, ud_x
[1758717427.608225] [node3:581261:0]     ucp_context.c:1192 UCX  WARN  transports 'cuda_copy','gdr_copy','cuda_ipc' are not available, please use one or more of: cma, dc, dc_mlx5, dc_x, ib, mm, posix, rc, rc_mlx5, rc_v, rc_verbs, rc_x, self, shm, sm, sysv, tcp, ud, ud_mlx5, ud_v, ud_verbs, ud_x
[1758717427.608279] [node3:581263:0]     ucp_context.c:1192 UCX  WARN  transports 'cuda_copy','gdr_copy','cuda_ipc' are not available, please use one or more of: cma, dc, dc_mlx5, dc_x, ib, mm, posix, rc, rc_mlx5, rc_v, rc_verbs, rc_x, self, shm, sm, sysv, tcp, ud, ud_mlx5, ud_v, ud_verbs, ud_x
[1758717427.608408] [node3:581262:0]     ucp_context.c:1192 UCX  WARN  transports 'cuda_copy','gdr_copy','cuda_ipc' are not available, please use one or more of: cma, dc, dc_mlx5, dc_x, ib, mm, posix, rc, rc_mlx5, rc_v, rc_verbs, rc_x, self, shm, sm, sysv, tcp, ud, ud_mlx5, ud_v, ud_verbs, ud_x
[1758717427.608484] [node3:581260:0]     ucp_context.c:1192 UCX  WARN  transports 'cuda_copy','gdr_copy','cuda_ipc' are not available, please use one or more of: cma, dc, dc_mlx5, dc_x, ib, mm, posix, rc, rc_mlx5, rc_v, rc_verbs, rc_x, self, shm, sm, sysv, tcp, ud, ud_mlx5, ud_v, ud_verbs, ud_x
[1758717427.639529] [node4:579051:0]     ucp_context.c:1192 UCX  WARN  transports 'cuda_copy','gdr_copy','cuda_ipc' are not available, please use one or more of: cma, dc, dc_mlx5, dc_x, ib, mm, posix, rc, rc_mlx5, rc_v, rc_verbs, rc_x, self, shm, sm, sysv, tcp, ud, ud_mlx5, ud_v, ud_verbs, ud_x

================================================================================
HPL-NVIDIA 25.4.0  -- NVIDIA accelerated HPL benchmark -- NVIDIA
================================================================================
HPLinpack 2.1  --  High-Performance Linpack benchmark  --   October 26, 2012
Written by A. Petitet and R. Clint Whaley,  Innovative Computing Laboratory, UTK
Modified by Piotr Luszczek, Innovative Computing Laboratory, UTK
Modified by Julien Langou, University of Colorado Denver
================================================================================

An explanation of the input/output parameters follows:
T/V    : Wall time / encoded variant.
N      : The order of the coefficient matrix A.
NB     : The partitioning blocking factor.
P      : The number of process rows.
Q      : The number of process columns.
Time   : Time in seconds to solve the linear system.
Gflops : Rate of execution for solving the linear system.

The following parameter values will be used:

N      :  276480 
NB     :     384 
PMAP   : Column-major process mapping
P      :       4 
Q      :       4 
PFACT  :    Left 
NBMIN  :       2 
NDIV   :       2 
RFACT  :    Left 
BCAST  :  2ringM 
DEPTH  :       1 
SWAP   : Spread-roll (long)
L1     : no-transposed form
U      : transposed form
EQUIL  : no
ALIGN  : 8 double precision words

--------------------------------------------------------------------------------

- The matrix A is randomly generated for each test.
- The following scaled residual check will be computed:
      ||Ax-b||_oo / ( eps * ( || x ||_oo * || A ||_oo + || b ||_oo ) * N )
- The relative machine precision (eps) is taken to be               1.110223e-16
- Computational tests pass if scaled residuals are less than                16.0


HPL-NVIDIA ignores the following parameters from input file:
	* Broadcast parameters
	* Panel factorization parameters
	* Look-ahead value
	* L1 layout
	* U layout
	* Equilibration parameter
	* Memory alignment parameter

HPL-NVIDIA settings from environment variables:
--- DEVICE INFO ---
  Peak clock frequency: 1410 MHz
  SM version          : 80
  Number of SMs       : 108
-------------------
[HPL TRACE] cuda_nvshmem_init: max=1.1514 (10) min=1.1513 (0)
[HPL TRACE] ncclCommInitRank: max=0.0889 (9) min=0.0861 (2)
[HPL TRACE] cugetrfs_mp_init: max=0.1661 (0) min=0.1661 (4)
--- MEMORY INFO ---
DEVICE
  System           =      2.97394 GiB (MIN)      2.97394 GiB (MAX)      2.97394 GiB (AVG)
  HPL buffers      =     39.21760 GiB (MIN)     39.21760 GiB (MAX)     39.21760 GiB (AVG)
  Used             =     42.19154 GiB (MIN)     42.19154 GiB (MAX)     42.19154 GiB (AVG)
  Total            =     40.00000 GiB (MIN)     40.00000 GiB (MAX)     40.00000 GiB (AVG)
HOST
  HPL buffers      =      0.00054 GiB (MIN)      0.00054 GiB (MAX)      0.00054 GiB (AVG)
-------------------

 ... Testing HPL components ... 

 **** Factorization, m = 69120, policy = 0 **** 
avg time =     9.82 ms, avg =  1038.36. min =  1013.68 [rank 4, host node2, gpuID 0000:01:00.0], max =  1063.85 GFLOPS

 **** Factorization, m = 69120, policy = 1 **** 
avg time =    13.24 ms, avg =   769.94. min =   757.91 [rank 12, host node4, gpuID 0000:01:00.0], max =   787.94 GFLOPS

 **** Factorization, m = 34560, policy = 0 **** 
avg time =     7.67 ms, avg =   664.05. min =   638.07 [rank 0, host node1, gpuID 0000:01:00.0], max =   697.25 GFLOPS

 **** Factorization, m = 34560, policy = 1 **** 
avg time =    11.38 ms, avg =   447.68. min =   440.40 [rank 12, host node4, gpuID 0000:01:00.0], max =   453.66 GFLOPS

 **** Factorization, m = 17280, policy = 0 **** 
avg time =     7.11 ms, avg =   358.56. min =   347.98 [rank 0, host node1, gpuID 0000:01:00.0], max =   368.49 GFLOPS

 **** Factorization, m = 17280, policy = 1 **** 
avg time =    10.66 ms, avg =   238.92. min =   233.28 [rank 0, host node1, gpuID 0000:01:00.0], max =   245.08 GFLOPS

 **** Factorization, m = 384, policy = 0 **** 
avg time =     6.49 ms, avg =     8.73. min =     8.40 [rank 12, host node4, gpuID 0000:01:00.0], max =     9.10 GFLOPS

 **** Factorization, m = 384, policy = 1 **** 
avg time =    10.16 ms, avg =     5.57. min =     5.27 [rank 0, host node1, gpuID 0000:01:00.0], max =     5.85 GFLOPS

 **** ncclBcast( Row ) **** 
avg time =   148.30 ms, avg =     1.43. min =     1.42 [rank 13, host node4, gpuID 0000:41:00.0], max =     1.45 GBS

 **** ncclAllGather( Col ) **** 
avg time =     0.12 ms, avg =   154.04. min =   144.92 [rank 0, host node1, gpuID 0000:01:00.0], max =   163.35 GBS

 **** Latency ncclAllGather, m = 1 **** 
avg time =     3.98 ms, avg =     0.00. min =     0.00 [rank 8, host node3, gpuID 0000:01:00.0], max =     0.00 GBS

 **** Latency ncclAllGather, m = 2 **** 
avg time =     3.99 ms, avg =     0.01. min =     0.01 [rank 9, host node3, gpuID 0000:41:00.0], max =     0.01 GBS

 **** Latency ncclAllGather, m = 32 **** 
avg time =     3.90 ms, avg =     0.10. min =     0.10 [rank 11, host node3, gpuID 0000:C1:00.0], max =     0.10 GBS

 **** Latency ncclAllGather, m = 384 **** 
avg time =     4.82 ms, avg =     0.98. min =     0.95 [rank 1, host node1, gpuID 0000:41:00.0], max =     1.01 GBS

 **** Latency ncclAllGather, m = 768 **** 
avg time =     5.94 ms, avg =     1.59. min =     1.58 [rank 3, host node1, gpuID 0000:C1:00.0], max =     1.60 GBS

 **** Latency Host MPI_Allgather, m = 1 **** 
avg time =     0.98 ms, avg =     0.01. min =     0.01 [rank 0, host node1, gpuID 0000:01:00.0], max =     0.01 GBS

 **** Latency Host MPI_Allgather, m = 2 **** 
avg time =     0.98 ms, avg =     0.02. min =     0.02 [rank 0, host node1, gpuID 0000:01:00.0], max =     0.03 GBS

 **** Latency Host MPI_Allgather, m = 32 **** 
avg time =     1.13 ms, avg =     0.35. min =     0.34 [rank 7, host node2, gpuID 0000:C1:00.0], max =     0.35 GBS

 **** Latency Host MPI_Allgather, m = 384 **** 
avg time =     2.69 ms, avg =     1.76. min =     1.23 [rank 7, host node2, gpuID 0000:C1:00.0], max =     2.10 GBS

 **** Latency Host MPI_Allgather, m = 768 **** 
avg time =     3.27 ms, avg =     2.88. min =     2.42 [rank 7, host node2, gpuID 0000:C1:00.0], max =     3.10 GBS

 **** Latency ncclBcast, m = 1 **** 
avg time =     3.14 ms, avg =     0.00. min =     0.00 [rank 3, host node1, gpuID 0000:C1:00.0], max =     0.00 GBS

 **** Latency ncclBcast, m = 32 **** 
avg time =     3.14 ms, avg =     0.03. min =     0.03 [rank 3, host node1, gpuID 0000:C1:00.0], max =     0.03 GBS

 **** Latency ncclBcast, m = 384 **** 
avg time =     3.65 ms, avg =     0.32. min =     0.32 [rank 3, host node1, gpuID 0000:C1:00.0], max =     0.33 GBS

 **** Latency Host MPI_Bcast, m = 1 **** 
avg time =     0.31 ms, avg =     0.01. min =     0.01 [rank 3, host node1, gpuID 0000:C1:00.0], max =     0.01 GBS

 **** Latency Host MPI_Bcast, m = 32 **** 
avg time =     0.34 ms, avg =     0.29. min =     0.28 [rank 2, host node1, gpuID 0000:81:00.0], max =     0.29 GBS

 **** Latency Host MPI_Bcast, m = 384 **** 
avg time =     1.12 ms, avg =     1.05. min =     1.03 [rank 2, host node1, gpuID 0000:81:00.0], max =     1.07 GBS

 **** GEMM **** 
avg time =    18.59 ms, avg = 17542.70. min = 17341.97 [rank 9, host node3, gpuID 0000:41:00.0], max = 17728.55 GFLOPS

 ... End of Testing HPL components ... 

[HPL TRACE] HPL_pdmatgen_gpu: max=0.0277 (2) min=0.0276 (4)
[0;31m Prog= 1.66%	N_left=   274944	Time=   1.48	Time_left=  87.81	iGF= 157798.57	GF= 157798.57	iGF_per=  9862.41 	GF_per=  9862.41[0m
[0;31m Prog= 3.30%	N_left=   273408	Time=   2.34	Time_left=  68.57	iGF= 269320.31	GF= 198710.29	iGF_per= 16832.52 	GF_per= 12419.39[0m
[0;31m Prog= 4.51%	N_left=   272256	Time=   2.96	Time_left=  62.58	iGF= 276228.86	GF= 214979.97	iGF_per= 17264.30 	GF_per= 13436.25[0m
[0;31m Prog= 6.12%	N_left=   270720	Time=   3.79	Time_left=  58.18	iGF= 271222.96	GF= 227358.71	iGF_per= 16951.43 	GF_per= 14209.92[0m
[0;31m Prog= 7.71%	N_left=   269184	Time=   4.63	Time_left=  55.44	iGF= 267157.68	GF= 234560.21	iGF_per= 16697.35 	GF_per= 14660.01[0m
[0;31m Prog= 8.89%	N_left=   268032	Time=   5.25	Time_left=  53.82	iGF= 268227.60	GF= 238533.99	iGF_per= 16764.23 	GF_per= 14908.37[0m
[0;31m Prog= 10.45%	N_left=   266496	Time=   6.07	Time_left=  52.06	iGF= 266858.25	GF= 242369.06	iGF_per= 16678.64 	GF_per= 15148.07[0m
[0;31m Prog= 11.60%	N_left=   265344	Time=   6.70	Time_left=  51.05	iGF= 259297.29	GF= 243956.27	iGF_per= 16206.08 	GF_per= 15247.27[0m
[0;31m Prog= 13.13%	N_left=   263808	Time=   7.51	Time_left=  49.66	iGF= 267356.24	GF= 246463.86	iGF_per= 16709.77 	GF_per= 15403.99[0m
[0;31m Prog= 14.26%	N_left=   262656	Time=   8.11	Time_left=  48.78	iGF= 262438.48	GF= 247661.50	iGF_per= 16402.41 	GF_per= 15478.84[0m
[0;31m Prog= 15.76%	N_left=   261120	Time=   8.90	Time_left=  47.60	iGF= 266946.86	GF= 249371.14	iGF_per= 16684.18 	GF_per= 15585.70[0m
[0;31m Prog= 17.24%	N_left=   259584	Time=   9.69	Time_left=  46.53	iGF= 264488.87	GF= 250599.35	iGF_per= 16530.55 	GF_per= 15662.46[0m
[0;31m Prog= 18.33%	N_left=   258432	Time=  10.26	Time_left=  45.72	iGF= 270225.37	GF= 251693.20	iGF_per= 16889.09 	GF_per= 15730.82[0m
[0;31m Prog= 19.78%	N_left=   256896	Time=  11.03	Time_left=  44.74	iGF= 264991.59	GF= 252620.95	iGF_per= 16561.97 	GF_per= 15788.81[0m
[0;31m Prog= 21.21%	N_left=   255360	Time=  11.79	Time_left=  43.79	iGF= 266156.87	GF= 253490.30	iGF_per= 16634.80 	GF_per= 15843.14[0m
[0;31m Prog= 22.27%	N_left=   254208	Time=  12.34	Time_left=  43.07	iGF= 270433.32	GF= 254249.50	iGF_per= 16902.08 	GF_per= 15890.59[0m
[0;31m Prog= 23.67%	N_left=   252672	Time=  13.09	Time_left=  42.19	iGF= 265620.56	GF= 254895.05	iGF_per= 16601.28 	GF_per= 15930.94[0m
[0;31m Prog= 24.71%	N_left=   251520	Time=  13.64	Time_left=  41.57	iGF= 261756.17	GF= 255176.33	iGF_per= 16359.76 	GF_per= 15948.52[0m
[0;31m Prog= 26.08%	N_left=   249984	Time=  14.40	Time_left=  40.82	iGF= 254256.10	GF= 255127.80	iGF_per= 15891.01 	GF_per= 15945.49[0m
[0;31m Prog= 27.44%	N_left=   248448	Time=  15.50	Time_left=  41.01	iGF= 173401.09	GF= 249327.89	iGF_per= 10837.57 	GF_per= 15582.99[0m
[0;31m Prog= 28.44%	N_left=   247296	Time=  16.16	Time_left=  40.65	iGF= 216900.97	GF= 248018.07	iGF_per= 13556.31 	GF_per= 15501.13[0m
[0;31m Prog= 29.77%	N_left=   245760	Time=  16.86	Time_left=  39.77	iGF= 267195.45	GF= 248813.05	iGF_per= 16699.72 	GF_per= 15550.82[0m
[0;31m Prog= 30.75%	N_left=   244608	Time=  17.37	Time_left=  39.12	iGF= 268090.00	GF= 249386.32	iGF_per= 16755.62 	GF_per= 15586.64[0m
[0;31m Prog= 32.05%	N_left=   243072	Time=  18.07	Time_left=  38.31	iGF= 263137.44	GF= 249914.64	iGF_per= 16446.09 	GF_per= 15619.67[0m
[0;31m Prog= 33.33%	N_left=   241536	Time=  18.76	Time_left=  37.53	iGF= 261304.72	GF= 250333.78	iGF_per= 16331.54 	GF_per= 15645.86[0m
[0;31m Prog= 34.28%	N_left=   240384	Time=  19.28	Time_left=  36.97	iGF= 256211.56	GF= 250492.96	iGF_per= 16013.22 	GF_per= 15655.81[0m
[0;31m Prog= 35.53%	N_left=   238848	Time=  19.96	Time_left=  36.22	iGF= 259724.01	GF= 250807.06	iGF_per= 16232.75 	GF_per= 15675.44[0m
[0;31m Prog= 36.46%	N_left=   237696	Time=  20.46	Time_left=  35.67	iGF= 259947.72	GF= 251031.85	iGF_per= 16246.73 	GF_per= 15689.49[0m
[0;31m Prog= 37.68%	N_left=   236160	Time=  21.14	Time_left=  34.96	iGF= 255802.63	GF= 251184.02	iGF_per= 15987.66 	GF_per= 15699.00[0m
[0;31m Prog= 38.89%	N_left=   234624	Time=  21.81	Time_left=  34.27	iGF= 254001.57	GF= 251270.61	iGF_per= 15875.10 	GF_per= 15704.41[0m
[0;31m Prog= 39.78%	N_left=   233472	Time=  22.33	Time_left=  33.79	iGF= 242692.09	GF= 251070.79	iGF_per= 15168.26 	GF_per= 15691.92[0m
[0;31m Prog= 40.96%	N_left=   231936	Time=  22.99	Time_left=  33.13	iGF= 250518.27	GF= 251054.83	iGF_per= 15657.39 	GF_per= 15690.93[0m
[0;31m Prog= 41.84%	N_left=   230784	Time=  23.48	Time_left=  32.64	iGF= 251446.23	GF= 251063.01	iGF_per= 15715.39 	GF_per= 15691.44[0m
[0;31m Prog= 42.99%	N_left=   229248	Time=  24.13	Time_left=  32.00	iGF= 249576.05	GF= 251022.88	iGF_per= 15598.50 	GF_per= 15688.93[0m
[0;31m Prog= 44.13%	N_left=   227712	Time=  24.78	Time_left=  31.37	iGF= 247763.13	GF= 250937.73	iGF_per= 15485.20 	GF_per= 15683.61[0m
[0;31m Prog= 44.98%	N_left=   226560	Time=  25.27	Time_left=  30.91	iGF= 243516.15	GF= 250794.36	iGF_per= 15219.76 	GF_per= 15674.65[0m
[0;31m Prog= 46.09%	N_left=   225024	Time=  25.90	Time_left=  30.30	iGF= 247754.14	GF= 250720.15	iGF_per= 15484.63 	GF_per= 15670.01[0m
[0;31m Prog= 46.91%	N_left=   223872	Time=  26.36	Time_left=  29.83	iGF= 253064.54	GF= 250760.95	iGF_per= 15816.53 	GF_per= 15672.56[0m
[0;31m Prog= 48.00%	N_left=   222336	Time=  26.99	Time_left=  29.24	iGF= 243345.96	GF= 250588.29	iGF_per= 15209.12 	GF_per= 15661.77[0m
[0;31m Prog= 49.07%	N_left=   220800	Time=  27.61	Time_left=  28.66	iGF= 241603.34	GF= 250385.16	iGF_per= 15100.21 	GF_per= 15649.07[0m
[0;31m Prog= 49.86%	N_left=   219648	Time=  28.10	Time_left=  28.26	iGF= 226304.73	GF= 249962.09	iGF_per= 14144.05 	GF_per= 15622.63[0m
[0;31m Prog= 50.90%	N_left=   218112	Time=  28.71	Time_left=  27.69	iGF= 242426.11	GF= 249802.74	iGF_per= 15151.63 	GF_per= 15612.67[0m
[0;31m Prog= 51.68%	N_left=   216960	Time=  29.16	Time_left=  27.27	iGF= 241909.72	GF= 249680.75	iGF_per= 15119.36 	GF_per= 15605.05[0m
[0;31m Prog= 52.70%	N_left=   215424	Time=  29.77	Time_left=  26.72	iGF= 235554.28	GF= 249391.52	iGF_per= 14722.14 	GF_per= 15586.97[0m
[0;31m Prog= 53.70%	N_left=   213888	Time=  30.38	Time_left=  26.19	iGF= 233333.04	GF= 249070.84	iGF_per= 14583.32 	GF_per= 15566.93[0m
[0;31m Prog= 54.45%	N_left=   212736	Time=  30.83	Time_left=  25.80	iGF= 231138.00	GF= 248807.03	iGF_per= 14446.13 	GF_per= 15550.44[0m
[0;31m Prog= 55.43%	N_left=   211200	Time=  31.43	Time_left=  25.28	iGF= 228921.08	GF= 248425.60	iGF_per= 14307.57 	GF_per= 15526.60[0m
[0;31m Prog= 56.15%	N_left=   210048	Time=  31.87	Time_left=  24.89	iGF= 235231.69	GF= 248245.71	iGF_per= 14701.98 	GF_per= 15515.36[0m
[0;31m Prog= 57.11%	N_left=   208512	Time=  32.46	Time_left=  24.39	iGF= 225982.70	GF= 247837.42	iGF_per= 14123.92 	GF_per= 15489.84[0m
[0;31m Prog= 58.05%	N_left=   206976	Time=  33.06	Time_left=  23.89	iGF= 224129.06	GF= 247413.16	iGF_per= 14008.07 	GF_per= 15463.32[0m
[0;31m Prog= 58.74%	N_left=   205824	Time=  33.52	Time_left=  23.54	iGF= 211257.13	GF= 246912.02	iGF_per= 13203.57 	GF_per= 15432.00[0m
[0;31m Prog= 59.66%	N_left=   204288	Time=  34.10	Time_left=  23.06	iGF= 223512.60	GF= 246515.44	iGF_per= 13969.54 	GF_per= 15407.21[0m
[0;31m Prog= 60.34%	N_left=   203136	Time=  34.53	Time_left=  22.70	iGF= 222079.38	GF= 246210.75	iGF_per= 13879.96 	GF_per= 15388.17[0m
[0;31m Prog= 61.23%	N_left=   201600	Time=  35.10	Time_left=  22.22	iGF= 219599.98	GF= 245776.44	iGF_per= 13725.00 	GF_per= 15361.03[0m
[0;31m Prog= 62.11%	N_left=   200064	Time=  35.67	Time_left=  21.76	iGF= 217748.92	GF= 245329.35	iGF_per= 13609.31 	GF_per= 15333.08[0m
[0;31m Prog= 62.76%	N_left=   198912	Time=  36.10	Time_left=  21.42	iGF= 215147.56	GF= 244973.02	iGF_per= 13446.72 	GF_per= 15310.81[0m
[0;31m Prog= 63.62%	N_left=   197376	Time=  36.66	Time_left=  20.97	iGF= 213216.42	GF= 244483.05	iGF_per= 13326.03 	GF_per= 15280.19[0m
[0;31m Prog= 64.25%	N_left=   196224	Time=  37.07	Time_left=  20.62	iGF= 221561.42	GF= 244233.98	iGF_per= 13847.59 	GF_per= 15264.62[0m
[0;31m Prog= 65.08%	N_left=   194688	Time=  37.62	Time_left=  20.18	iGF= 210740.74	GF= 243738.21	iGF_per= 13171.30 	GF_per= 15233.64[0m
[0;31m Prog= 65.90%	N_left=   193152	Time=  38.18	Time_left=  19.75	iGF= 209050.13	GF= 243236.08	iGF_per= 13065.63 	GF_per= 15202.26[0m
[0;31m Prog= 66.51%	N_left=   192000	Time=  38.61	Time_left=  19.44	iGF= 197518.53	GF= 242723.82	iGF_per= 12344.91 	GF_per= 15170.24[0m
[0;31m Prog= 67.31%	N_left=   190464	Time=  39.15	Time_left=  19.02	iGF= 207549.50	GF= 242237.50	iGF_per= 12971.84 	GF_per= 15139.84[0m
[0;31m Prog= 67.90%	N_left=   189312	Time=  39.55	Time_left=  18.70	iGF= 205349.30	GF= 241860.20	iGF_per= 12834.33 	GF_per= 15116.26[0m
[0;31m Prog= 68.67%	N_left=   187776	Time=  40.10	Time_left=  18.29	iGF= 200290.15	GF= 241294.95	iGF_per= 12518.13 	GF_per= 15080.93[0m
[0;31m Prog= 69.43%	N_left=   186240	Time=  40.63	Time_left=  17.89	iGF= 200989.84	GF= 240764.75	iGF_per= 12561.86 	GF_per= 15047.80[0m
[0;31m Prog= 70.00%	N_left=   185088	Time=  41.04	Time_left=  17.59	iGF= 196994.12	GF= 240334.72	iGF_per= 12312.13 	GF_per= 15020.92[0m
[0;31m Prog= 70.74%	N_left=   183552	Time=  41.57	Time_left=  17.19	iGF= 197325.65	GF= 239787.44	iGF_per= 12332.85 	GF_per= 14986.71[0m
[0;31m Prog= 71.29%	N_left=   182400	Time=  41.95	Time_left=  16.90	iGF= 200112.49	GF= 239422.87	iGF_per= 12507.03 	GF_per= 14963.93[0m
[0;31m Prog= 72.01%	N_left=   180864	Time=  42.61	Time_left=  16.57	iGF= 153268.57	GF= 238085.98	iGF_per=  9579.29 	GF_per= 14880.37[0m
[0;31m Prog= 72.71%	N_left=   179328	Time=  43.15	Time_left=  16.19	iGF= 186506.43	GF= 237447.32	iGF_per= 11656.65 	GF_per= 14840.46[0m
[0;31m Prog= 73.24%	N_left=   178176	Time=  43.55	Time_left=  15.92	iGF= 182412.24	GF= 236937.30	iGF_per= 11400.76 	GF_per= 14808.58[0m
[0;31m Prog= 73.92%	N_left=   176640	Time=  44.05	Time_left=  15.54	iGF= 191950.37	GF= 236422.92	iGF_per= 11996.90 	GF_per= 14776.43[0m
[0;31m Prog= 74.43%	N_left=   175488	Time=  44.43	Time_left=  15.26	iGF= 190146.67	GF= 236031.70	iGF_per= 11884.17 	GF_per= 14751.98[0m
[0;31m Prog= 75.09%	N_left=   173952	Time=  44.93	Time_left=  14.90	iGF= 186822.50	GF= 235481.94	iGF_per= 11676.41 	GF_per= 14717.62[0m
[0;31m Prog= 75.75%	N_left=   172416	Time=  45.43	Time_left=  14.54	iGF= 185883.95	GF= 234940.75	iGF_per= 11617.75 	GF_per= 14683.80[0m
[0;31m Prog= 76.23%	N_left=   171264	Time=  45.80	Time_left=  14.28	iGF= 181268.16	GF= 234500.93	iGF_per= 11329.26 	GF_per= 14656.31[0m
[0;31m Prog= 76.87%	N_left=   169728	Time=  46.29	Time_left=  13.93	iGF= 182339.83	GF= 233949.09	iGF_per= 11396.24 	GF_per= 14621.82[0m
[0;31m Prog= 77.33%	N_left=   168576	Time=  46.64	Time_left=  13.67	iGF= 189775.38	GF= 233620.08	iGF_per= 11860.96 	GF_per= 14601.26[0m
[0;31m Prog= 77.95%	N_left=   167040	Time=  47.12	Time_left=  13.33	iGF= 178420.30	GF= 233052.15	iGF_per= 11151.27 	GF_per= 14565.76[0m
[0;31m Prog= 78.55%	N_left=   165504	Time=  47.61	Time_left=  13.00	iGF= 176659.17	GF= 232482.64	iGF_per= 11041.20 	GF_per= 14530.17[0m
[0;31m Prog= 78.99%	N_left=   164352	Time=  47.98	Time_left=  12.76	iGF= 167826.15	GF= 231979.40	iGF_per= 10489.13 	GF_per= 14498.71[0m
[0;31m Prog= 79.58%	N_left=   162816	Time=  48.45	Time_left=  12.43	iGF= 174297.54	GF= 231417.89	iGF_per= 10893.60 	GF_per= 14463.62[0m
[0;31m Prog= 80.01%	N_left=   161664	Time=  48.80	Time_left=  12.19	iGF= 172995.46	GF= 230998.21	iGF_per= 10812.22 	GF_per= 14437.39[0m
[0;31m Prog= 80.57%	N_left=   160128	Time=  49.26	Time_left=  11.88	iGF= 172989.24	GF= 230456.84	iGF_per= 10811.83 	GF_per= 14403.55[0m
[0;31m Prog= 81.13%	N_left=   158592	Time=  49.72	Time_left=  11.57	iGF= 168221.31	GF= 229876.38	iGF_per= 10513.83 	GF_per= 14367.27[0m
[0;31m Prog= 81.53%	N_left=   157440	Time=  50.07	Time_left=  11.34	iGF= 165582.61	GF= 229430.26	iGF_per= 10348.91 	GF_per= 14339.39[0m
[0;31m Prog= 82.07%	N_left=   155904	Time=  50.52	Time_left=  11.04	iGF= 166852.55	GF= 228870.51	iGF_per= 10428.28 	GF_per= 14304.41[0m
[0;31m Prog= 82.46%	N_left=   154752	Time=  50.84	Time_left=  10.81	iGF= 175031.96	GF= 228534.19	iGF_per= 10939.50 	GF_per= 14283.39[0m
[0;31m Prog= 82.98%	N_left=   153216	Time=  51.28	Time_left=  10.52	iGF= 164699.70	GF= 227983.69	iGF_per= 10293.73 	GF_per= 14248.98[0m
[0;31m Prog= 83.49%	N_left=   151680	Time=  51.72	Time_left=  10.23	iGF= 164507.78	GF= 227451.02	iGF_per= 10281.74 	GF_per= 14215.69[0m
[0;31m Prog= 83.86%	N_left=   150528	Time=  52.06	Time_left=  10.02	iGF= 154448.92	GF= 226973.39	iGF_per=  9653.06 	GF_per= 14185.84[0m
[0;31m Prog= 84.35%	N_left=   148992	Time=  52.48	Time_left=   9.74	iGF= 162298.69	GF= 226450.24	iGF_per= 10143.67 	GF_per= 14153.14[0m
[0;31m Prog= 84.71%	N_left=   147840	Time=  52.80	Time_left=   9.53	iGF= 161629.96	GF= 226064.74	iGF_per= 10101.87 	GF_per= 14129.05[0m
[0;31m Prog= 85.18%	N_left=   146304	Time=  53.22	Time_left=   9.26	iGF= 158546.91	GF= 225532.99	iGF_per=  9909.18 	GF_per= 14095.81[0m
[0;31m Prog= 85.64%	N_left=   144768	Time=  53.63	Time_left=   8.99	iGF= 156608.56	GF= 224999.03	iGF_per=  9788.04 	GF_per= 14062.44[0m
[0;31m Prog= 85.98%	N_left=   143616	Time=  53.94	Time_left=   8.79	iGF= 153182.01	GF= 224582.70	iGF_per=  9573.88 	GF_per= 14036.42[0m
[0;31m Prog= 86.43%	N_left=   142080	Time=  54.35	Time_left=   8.53	iGF= 153724.22	GF= 224051.07	iGF_per=  9607.76 	GF_per= 14003.19[0m
[0;31m Prog= 86.76%	N_left=   140928	Time=  54.64	Time_left=   8.34	iGF= 159584.05	GF= 223709.99	iGF_per=  9974.00 	GF_per= 13981.87[0m
[0;31m Prog= 87.18%	N_left=   139392	Time=  55.04	Time_left=   8.09	iGF= 151368.97	GF= 223185.97	iGF_per=  9460.56 	GF_per= 13949.12[0m
[0;31m Prog= 88.61%	N_left=   134016	Time=  56.48	Time_left=   7.26	iGF= 139371.19	GF= 221046.28	iGF_per=  8710.70 	GF_per= 13815.39[0m
[0;31m Prog= 90.02%	N_left=   128256	Time=  57.88	Time_left=   6.42	iGF= 142095.16	GF= 219144.12	iGF_per=  8880.95 	GF_per= 13696.51[0m
[0;31m Prog= 91.22%	N_left=   122880	Time=  59.12	Time_left=   5.69	iGF= 136526.80	GF= 217408.52	iGF_per=  8532.92 	GF_per= 13588.03[0m
[0;31m Prog= 92.40%	N_left=   117120	Time=  60.40	Time_left=   4.97	iGF= 129367.87	GF= 215539.06	iGF_per=  8085.49 	GF_per= 13471.19[0m
[0;31m Prog= 93.40%	N_left=   111744	Time=  61.53	Time_left=   4.35	iGF= 124208.92	GF= 213856.34	iGF_per=  7763.06 	GF_per= 13366.02[0m
[0;31m Prog= 94.31%	N_left=   106368	Time=  62.61	Time_left=   3.78	iGF= 118448.92	GF= 212210.99	iGF_per=  7403.06 	GF_per= 13263.19[0m
[0;31m Prog= 95.18%	N_left=   100608	Time=  63.71	Time_left=   3.22	iGF= 113065.11	GF= 210512.30	iGF_per=  7066.57 	GF_per= 13157.02[0m
[0;31m Prog= 95.91%	N_left=    95232	Time=  64.67	Time_left=   2.76	iGF= 106588.71	GF= 208957.68	iGF_per=  6661.79 	GF_per= 13059.86[0m
[0;31m Prog= 96.61%	N_left=    89472	Time=  65.67	Time_left=   2.30	iGF= 98776.64	GF= 207288.18	iGF_per=  6173.54 	GF_per= 12955.51[0m
[0;31m Prog= 97.19%	N_left=    84096	Time=  66.54	Time_left=   1.93	iGF= 92685.44	GF= 205782.97	iGF_per=  5792.84 	GF_per= 12861.44[0m
[0;31m Prog= 99.15%	N_left=    56448	Time=  70.29	Time_left=   0.60	iGF= 73706.06	GF= 198732.33	iGF_per=  4606.63 	GF_per= 12420.77[0m
[0;31m Prog= 99.89%	N_left=    28800	Time=  72.62	Time_left=   0.08	iGF= 44771.45	GF= 193808.07	iGF_per=  2798.22 	GF_per= 12113.00[0m
[0;31m Prog= 100.00%	N_left=     1152	Time=  73.72	Time_left=   0.00	iGF= 14466.61	GF= 191130.12	iGF_per=   904.16 	GF_per= 11945.63[0m
================================================================================
T/V                N    NB     P     Q         Time          Gflops (   per GPU)
--------------------------------------------------------------------------------
WC0           276480   384     4     4        74.21       1.899e+05 ( 1.187e+04)

HPL_pdgesv() start time Wed Sep 24 12:37:16 2025
HPL_pdgesv() end time   Wed Sep 24 12:38:30 2025

--------------------------------------------------------------------------------
||Ax-b||_oo/(eps*(||A||_oo*||x||_oo+||b||_oo)*N)=   0.000318622527 ...... PASSED
||Ax-b||_oo  . . . . . . . . . . . . . . . . . = 0.0000000018694532
||A||_oo . . . . . . . . . . . . . . . . . . . = 69482.8853032284532674
||x||_oo . . . . . . . . . . . . . . . . . . . = 2.7509657861465233
||b||_oo . . . . . . . . . . . . . . . . . . . = 0.4999983652034607
================================================================================

Finished      1 tests with the following results:
              1 tests completed and passed residual checks,
              0 tests completed and failed residual checks,
              0 tests skipped because of illegal input values.
--------------------------------------------------------------------------------

End of Tests.
================================================================================
