[1759810211.543233] [node1:1592673:0]     ucp_context.c:2137 UCX  WARN  UCP API version is incompatible: required >= 1.19, actual 1.16.0 (loaded from /usr/lib/x86_64-linux-gnu/libucp.so.0)
[1759810211.543521] [node1:1592675:0]     ucp_context.c:2137 UCX  WARN  UCP API version is incompatible: required >= 1.19, actual 1.16.0 (loaded from /usr/lib/x86_64-linux-gnu/libucp.so.0)
[1759810211.543620] [node1:1592674:0]     ucp_context.c:2137 UCX  WARN  UCP API version is incompatible: required >= 1.19, actual 1.16.0 (loaded from /usr/lib/x86_64-linux-gnu/libucp.so.0)
[1759810211.543672] [node1:1592672:0]     ucp_context.c:2137 UCX  WARN  UCP API version is incompatible: required >= 1.19, actual 1.16.0 (loaded from /usr/lib/x86_64-linux-gnu/libucp.so.0)
[1759810211.555344] [node1:1592674:0]           ib_md.c:1103 UCX  WARN  mlx5_0: relaxed order memory access requested, but unsupported
[1759810211.555368] [node1:1592673:0]           ib_md.c:1103 UCX  WARN  mlx5_0: relaxed order memory access requested, but unsupported
[1759810211.555415] [node1:1592672:0]           ib_md.c:1103 UCX  WARN  mlx5_0: relaxed order memory access requested, but unsupported
[1759810211.555537] [node1:1592675:0]           ib_md.c:1103 UCX  WARN  mlx5_0: relaxed order memory access requested, but unsupported
[1759810211.557386] [node1:1592673:0]     ucp_context.c:1192 UCX  WARN  transports 'cuda_copy','gdr_copy','cuda_ipc' are not available, please use one or more of: cma, dc, dc_mlx5, dc_x, ib, mm, posix, rc, rc_mlx5, rc_v, rc_verbs, rc_x, self, shm, sm, sysv, tcp, ud, ud_mlx5, ud_v, ud_verbs, ud_x
[1759810211.557454] [node1:1592674:0]     ucp_context.c:1192 UCX  WARN  transports 'cuda_copy','gdr_copy','cuda_ipc' are not available, please use one or more of: cma, dc, dc_mlx5, dc_x, ib, mm, posix, rc, rc_mlx5, rc_v, rc_verbs, rc_x, self, shm, sm, sysv, tcp, ud, ud_mlx5, ud_v, ud_verbs, ud_x
[1759810211.557500] [node1:1592672:0]     ucp_context.c:1192 UCX  WARN  transports 'cuda_copy','gdr_copy','cuda_ipc' are not available, please use one or more of: cma, dc, dc_mlx5, dc_x, ib, mm, posix, rc, rc_mlx5, rc_v, rc_verbs, rc_x, self, shm, sm, sysv, tcp, ud, ud_mlx5, ud_v, ud_verbs, ud_x
[1759810211.557639] [node1:1592675:0]     ucp_context.c:1192 UCX  WARN  transports 'cuda_copy','gdr_copy','cuda_ipc' are not available, please use one or more of: cma, dc, dc_mlx5, dc_x, ib, mm, posix, rc, rc_mlx5, rc_v, rc_verbs, rc_x, self, shm, sm, sysv, tcp, ud, ud_mlx5, ud_v, ud_verbs, ud_x
[1759810211.574542] [node1:1592672:0]     ucp_context.c:2137 UCX  WARN  UCP API version is incompatible: required >= 1.19, actual 1.16.0 (loaded from /usr/lib/x86_64-linux-gnu/libucp.so.0)
[1759810211.574624] [node1:1592673:0]     ucp_context.c:2137 UCX  WARN  UCP API version is incompatible: required >= 1.19, actual 1.16.0 (loaded from /usr/lib/x86_64-linux-gnu/libucp.so.0)
[1759810211.574637] [node1:1592674:0]     ucp_context.c:2137 UCX  WARN  UCP API version is incompatible: required >= 1.19, actual 1.16.0 (loaded from /usr/lib/x86_64-linux-gnu/libucp.so.0)
[1759810211.574658] [node1:1592675:0]     ucp_context.c:2137 UCX  WARN  UCP API version is incompatible: required >= 1.19, actual 1.16.0 (loaded from /usr/lib/x86_64-linux-gnu/libucp.so.0)
[1759810211.584507] [node1:1592672:0]           ib_md.c:1103 UCX  WARN  mlx5_0: relaxed order memory access requested, but unsupported
[1759810211.584530] [node1:1592675:0]           ib_md.c:1103 UCX  WARN  mlx5_0: relaxed order memory access requested, but unsupported
[1759810211.584611] [node1:1592673:0]           ib_md.c:1103 UCX  WARN  mlx5_0: relaxed order memory access requested, but unsupported
[1759810211.584836] [node1:1592674:0]           ib_md.c:1103 UCX  WARN  mlx5_0: relaxed order memory access requested, but unsupported
[1759810211.586425] [node1:1592672:0]     ucp_context.c:1192 UCX  WARN  transports 'cuda_copy','gdr_copy','cuda_ipc' are not available, please use one or more of: cma, dc, dc_mlx5, dc_x, ib, mm, posix, rc, rc_mlx5, rc_v, rc_verbs, rc_x, self, shm, sm, sysv, tcp, ud, ud_mlx5, ud_v, ud_verbs, ud_x
[1759810211.586547] [node1:1592675:0]     ucp_context.c:1192 UCX  WARN  transports 'cuda_copy','gdr_copy','cuda_ipc' are not available, please use one or more of: cma, dc, dc_mlx5, dc_x, ib, mm, posix, rc, rc_mlx5, rc_v, rc_verbs, rc_x, self, shm, sm, sysv, tcp, ud, ud_mlx5, ud_v, ud_verbs, ud_x
[1759810211.586603] [node1:1592673:0]     ucp_context.c:1192 UCX  WARN  transports 'cuda_copy','gdr_copy','cuda_ipc' are not available, please use one or more of: cma, dc, dc_mlx5, dc_x, ib, mm, posix, rc, rc_mlx5, rc_v, rc_verbs, rc_x, self, shm, sm, sysv, tcp, ud, ud_mlx5, ud_v, ud_verbs, ud_x
[1759810211.586774] [node1:1592674:0]     ucp_context.c:1192 UCX  WARN  transports 'cuda_copy','gdr_copy','cuda_ipc' are not available, please use one or more of: cma, dc, dc_mlx5, dc_x, ib, mm, posix, rc, rc_mlx5, rc_v, rc_verbs, rc_x, self, shm, sm, sysv, tcp, ud, ud_mlx5, ud_v, ud_verbs, ud_x
[1759810211.610742] [node1:1592675:0]     ucp_context.c:2137 UCX  WARN  UCP API version is incompatible: required >= 1.19, actual 1.16.0 (loaded from /usr/lib/x86_64-linux-gnu/libucp.so.0)
[1759810211.610743] [node1:1592673:0]     ucp_context.c:2137 UCX  WARN  UCP API version is incompatible: required >= 1.19, actual 1.16.0 (loaded from /usr/lib/x86_64-linux-gnu/libucp.so.0)
[1759810211.610742] [node1:1592674:0]     ucp_context.c:2137 UCX  WARN  UCP API version is incompatible: required >= 1.19, actual 1.16.0 (loaded from /usr/lib/x86_64-linux-gnu/libucp.so.0)
[1759810211.610745] [node1:1592672:0]     ucp_context.c:2137 UCX  WARN  UCP API version is incompatible: required >= 1.19, actual 1.16.0 (loaded from /usr/lib/x86_64-linux-gnu/libucp.so.0)
[1759810211.620258] [node1:1592675:0]           ib_md.c:1103 UCX  WARN  mlx5_0: relaxed order memory access requested, but unsupported
[1759810211.620322] [node1:1592674:0]           ib_md.c:1103 UCX  WARN  mlx5_0: relaxed order memory access requested, but unsupported
[1759810211.620367] [node1:1592673:0]           ib_md.c:1103 UCX  WARN  mlx5_0: relaxed order memory access requested, but unsupported
[1759810211.620546] [node1:1592672:0]           ib_md.c:1103 UCX  WARN  mlx5_0: relaxed order memory access requested, but unsupported
[1759810211.622108] [node1:1592675:0]     ucp_context.c:1192 UCX  WARN  transports 'cuda_copy','gdr_copy','cuda_ipc' are not available, please use one or more of: cma, dc, dc_mlx5, dc_x, ib, mm, posix, rc, rc_mlx5, rc_v, rc_verbs, rc_x, self, shm, sm, sysv, tcp, ud, ud_mlx5, ud_v, ud_verbs, ud_x
[1759810211.622232] [node1:1592674:0]     ucp_context.c:1192 UCX  WARN  transports 'cuda_copy','gdr_copy','cuda_ipc' are not available, please use one or more of: cma, dc, dc_mlx5, dc_x, ib, mm, posix, rc, rc_mlx5, rc_v, rc_verbs, rc_x, self, shm, sm, sysv, tcp, ud, ud_mlx5, ud_v, ud_verbs, ud_x
[1759810211.622312] [node1:1592673:0]     ucp_context.c:1192 UCX  WARN  transports 'cuda_copy','gdr_copy','cuda_ipc' are not available, please use one or more of: cma, dc, dc_mlx5, dc_x, ib, mm, posix, rc, rc_mlx5, rc_v, rc_verbs, rc_x, self, shm, sm, sysv, tcp, ud, ud_mlx5, ud_v, ud_verbs, ud_x
[1759810211.622458] [node1:1592672:0]     ucp_context.c:1192 UCX  WARN  transports 'cuda_copy','gdr_copy','cuda_ipc' are not available, please use one or more of: cma, dc, dc_mlx5, dc_x, ib, mm, posix, rc, rc_mlx5, rc_v, rc_verbs, rc_x, self, shm, sm, sysv, tcp, ud, ud_mlx5, ud_v, ud_verbs, ud_x

================================================================================
HPL-MxP-NVIDIA 25.9.0  -- NVIDIA accelerated HPL-MxP benchmark benchmark -- NVIDIA
================================================================================

 ****** HPL MxP Settings ****** 

   --nprow =  2 
   --npcol =  2 
   --order = row 
   --n     = 85000 
   --nb    = 384 
   --tolerance                        = 1.000000e-12 
   --test-loop                        = 1 
   --preset-gemm-kernel               = 80 
   --u-panel-chunk-nbs                = 8 
   --call-dgemv-with-multiple-threads = 0 
   --prioritize-trsm                  = 0 
   --prioritize-factorization         = 0 
   --use-separate-stream-for-gemm     = 1 
   --use-mpi-panel-broadcast          = 50 
   --mpi-use-host-threads             = 1 
   --sloppy-type                      = FP16 
   --Anq-device                       = 0 
   --cuda-host-register-step          = 2048 
   --mpi-use-mpi                      = 0 
   --use-host-mpi                     = 0 
   --fill-device                      = 0 
   --fill-device-buffer-size          = 3048 
   --fp4-scaling-factor-a             = 1.000000e-05 



 ****** Monitor GPU Settings ****** 

   --monitor-gpu                      = 0 



 ****** test 1 of 1 starts ****** 

   n      = 85000
   nb     = 384
   nprow  = 2
   npcol  = 2

Device info:
	Peak clock frequency 1410 MHz
	SM 80
	Number of SMs 108
	Total memory available 39.49 GB

---------------------------------------------------------------------------------------------
[34m Per process host memory consumption MAX = 13.538 GB, available MIN = 121.573 GB[0m
---------------------------------------------------------------------------------------------

---------------------------------------------------------------------------------------------
[34m Per process device memory consumption MAX = 7.635 GB, available MIN = 37.349 GB[0m
---------------------------------------------------------------------------------------------

Constructor seconds: AVG = 0.21, MAX = 0.21 (3->node1), MIN = 0.20 (1->node1)


 ****** Testing HPL MxP components ****** 

GEMM seconds: AVG = 2.84, MAX = 2.87 (2->node1), MIN = 2.81 (1->node1)

GEMM GFLOPS: AVG = 24442.79, MAX = 24785.89 (0->node1), MIN = 24130.44 (3->node1)

