[node1:1592673:1:1592711]      cma_ep.c:85   process_vm_writev(pid=1592675 {0x78d240000000,524288}-->{0x757c58000000,524288}) returned -1: Bad address
[node1:1592672:1:1592714]      cma_ep.c:85   process_vm_writev(pid=1592674 {0x7ff0dc000000,524288}-->{0x7ecf48000000,524288}) returned -1: Bad address
==== backtrace (tid:1592714) ====
 0  /usr/lib/x86_64-linux-gnu/libucs.so.0(ucs_handle_error+0x2ec) [0x7ff1442aa64c]
 1  /usr/lib/x86_64-linux-gnu/libucs.so.0(ucs_fatal_error_message+0xb2) [0x7ff1442aa7f2]
 2  /usr/lib/x86_64-linux-gnu/libucs.so.0(ucs_log_default_handler+0x9d3) [0x7ff1442afcc3]
 3  /usr/lib/x86_64-linux-gnu/libucs.so.0(ucs_log_dispatch+0xf6) [0x7ff1442a86d6]
 4  /usr/lib/x86_64-linux-gnu/ucx/libuct_cma.so.0(+0x3d89) [0x7ff145789d89]
 5  /usr/lib/x86_64-linux-gnu/ucx/libuct_cma.so.0(uct_cma_ep_tx+0x2ba) [0x7ff14578a06a]
 6  /usr/lib/x86_64-linux-gnu/libuct.so.0(uct_scopy_ep_progress_tx+0x77) [0x7ff1457b2947]
 7  /usr/lib/x86_64-linux-gnu/libucs.so.0(ucs_arbiter_dispatch_nonempty+0x119) [0x7ff14429ef09]
 8  /usr/lib/x86_64-linux-gnu/libuct.so.0(uct_scopy_iface_progress+0x88) [0x7ff1457bebe8]
 9  /usr/lib/x86_64-linux-gnu/libucs.so.0(+0x25c18) [0x7ff1442a4c18]
10  /usr/lib/x86_64-linux-gnu/libucp.so.0(ucp_worker_progress+0x7a) [0x7ff12ecf82ca]
11  /home/hpc/hpcx/hpcx-v2.24-gcc-doca_ofed-ubuntu24.04-cuda13-x86_64/ompi/lib/libopen-pal.so.40(opal_progress+0x34) [0x7ff144320314]
12  /home/hpc/hpcx/hpcx-v2.24-gcc-doca_ofed-ubuntu24.04-cuda13-x86_64/ompi/lib/libopen-pal.so.40(ompi_sync_wait_mt+0x115) [0x7ff144326b15]
13  /home/hpc/hpcx/hpcx-v2.24-gcc-doca_ofed-ubuntu24.04-cuda13-x86_64/ompi/lib/libmpi.so.40(ompi_request_default_wait+0x24b) [0x7ff17d13203b]
14  /home/hpc/hpcx/hpcx-v2.24-gcc-doca_ofed-ubuntu24.04-cuda13-x86_64/ompi/lib/libmpi.so.40(PMPI_Wait+0x1e) [0x7ff17d15ee9e]
15  ./xhpl_mxp-nvidia() [0x50eac7]
16  ./xhpl_mxp-nvidia() [0x4dc7d3]
17  ./xhpl_mxp-nvidia() [0x4df810]
18  ./xhpl_mxp-nvidia() [0x4df793]
19  ./xhpl_mxp-nvidia() [0x4df703]
20  ./xhpl_mxp-nvidia() [0x4df6bc]
21  ./xhpl_mxp-nvidia() [0x4df6a0]
22  ./xhpl_mxp-nvidia() [0x5bd493]
23  /usr/lib/x86_64-linux-gnu/libc.so.6(+0x9caa4) [0x7ff14409caa4]
24  /usr/lib/x86_64-linux-gnu/libc.so.6(+0x129c6c) [0x7ff144129c6c]
=================================
[node1:1592672] *** Process received signal ***
[node1:1592672] Signal: Aborted (6)
[node1:1592672] Signal code:  (-6)
[node1:1592672] [ 0] /usr/lib/x86_64-linux-gnu/libc.so.6(+0x45330)[0x7ff144045330]
[node1:1592672] [ 1] /usr/lib/x86_64-linux-gnu/libc.so.6(pthread_kill+0x11c)[0x7ff14409eb2c]
[node1:1592672] [ 2] /usr/lib/x86_64-linux-gnu/libc.so.6(gsignal+0x1e)[0x7ff14404527e]
[node1:1592672] [ 3] /usr/lib/x86_64-linux-gnu/libc.so.6(abort+0xdf)[0x7ff1440288ff]
[node1:1592672] [ 4] /usr/lib/x86_64-linux-gnu/libucs.so.0(+0x2b7f7)[0x7ff1442aa7f7]
[node1:1592672] [ 5] /usr/lib/x86_64-linux-gnu/libucs.so.0(ucs_log_default_handler+0x9d3)[0x7ff1442afcc3]
[node1:1592672] [ 6] /usr/lib/x86_64-linux-gnu/libucs.so.0(ucs_log_dispatch+0xf6)[0x7ff1442a86d6]
[node1:1592672] [ 7] /usr/lib/x86_64-linux-gnu/ucx/libuct_cma.so.0(+0x3d89)[0x7ff145789d89]
[node1:1592672] [ 8] /usr/lib/x86_64-linux-gnu/ucx/libuct_cma.so.0(uct_cma_ep_tx+0x2ba)[0x7ff14578a06a]
[node1:1592672] [ 9] /usr/lib/x86_64-linux-gnu/libuct.so.0(uct_scopy_ep_progress_tx+0x77)[0x7ff1457b2947]
[node1:1592672] [10] /usr/lib/x86_64-linux-gnu/libucs.so.0(ucs_arbiter_dispatch_nonempty+0x119)[0x7ff14429ef09]
[node1:1592672] [11] /usr/lib/x86_64-linux-gnu/libuct.so.0(uct_scopy_iface_progress+0x88)[0x7ff1457bebe8]
[node1:1592672] [12] /usr/lib/x86_64-linux-gnu/libucs.so.0(+0x25c18)[0x7ff1442a4c18]
[node1:1592672] [13] /usr/lib/x86_64-linux-gnu/libucp.so.0(ucp_worker_progress+0x7a)[0x7ff12ecf82ca]
[node1:1592672] [14] /home/hpc/hpcx/hpcx-v2.24-gcc-doca_ofed-ubuntu24.04-cuda13-x86_64/ompi/lib/libopen-pal.so.40(opal_progress+0x34)[0x7ff144320314]
[node1:1592672] [15] /home/hpc/hpcx/hpcx-v2.24-gcc-doca_ofed-ubuntu24.04-cuda13-x86_64/ompi/lib/libopen-pal.so.40(ompi_sync_wait_mt+0x115)[0x7ff144326b15]
[node1:1592672] [16] /home/hpc/hpcx/hpcx-v2.24-gcc-doca_ofed-ubuntu24.04-cuda13-x86_64/ompi/lib/libmpi.so.40(ompi_request_default_wait+0x24b)[0x7ff17d13203b]
[node1:1592672] [17] /home/hpc/hpcx/hpcx-v2.24-gcc-doca_ofe==== backtrace (tid:1592711) ====
 0  /usr/lib/x86_64-linux-gnu/libucs.so.0(ucs_handle_error+0x2ec) [0x78d2a17c564c]
 1  /usr/lib/x86_64-linux-gnu/libucs.so.0(ucs_fatal_error_message+0xb2) [0x78d2a17c57f2]
 2  /usr/lib/x86_64-linux-gnu/libucs.so.0(ucs_log_default_handler+0x9d3) [0x78d2a17cacc3]
 3  /usr/lib/x86_64-linux-gnu/libucs.so.0(ucs_log_dispatch+0xf6) [0x78d2a17c36d6]
 4  /usr/lib/x86_64-linux-gnu/ucx/libuct_cma.so.0(+0x3d89) [0x78d2a7749d89]
 5  /usr/lib/x86_64-linux-gnu/ucx/libuct_cma.so.0(uct_cma_ep_tx+0x2ba) [0x78d2a774a06a]
 6  /usr/lib/x86_64-linux-gnu/libuct.so.0(uct_scopy_ep_progress_tx+0x77) [0x78d2a074d947]
 7  /usr/lib/x86_64-linux-gnu/libucs.so.0(ucs_arbiter_dispatch_nonempty+0x119) [0x78d2a17b9f09]
 8  /usr/lib/x86_64-linux-gnu/libuct.so.0(uct_scopy_iface_progress+0x88) [0x78d2a0759be8]
 9  /usr/lib/x86_64-linux-gnu/libucs.so.0(+0x25c18) [0x78d2a17bfc18]
10  /usr/lib/x86_64-linux-gnu/libucp.so.0(ucp_worker_progress+0x7a) [0x78d28acf82ca]
11  /home/hpc/hpcx/hpcx-v2.24-gcc-doca_ofed-ubuntu24.04-cuda13-x86_64/ompi/lib/libopen-pal.so.40(opal_progress+0x34) [0x78d2a0320314]
12  /home/hpc/hpcx/hpcx-v2.24-gcc-doca_ofed-ubuntu24.04-cuda13-x86_64/ompi/lib/libopen-pal.so.40(ompi_sync_wait_mt+0x115) [0x78d2a0326b15]
13  /home/hpc/hpcx/hpcx-v2.24-gcc-doca_ofed-ubuntu24.04-cuda13-x86_64/ompi/lib/libmpi.so.40(ompi_request_default_wait+0x24b) [0x78d2d913203b]
14  /home/hpc/hpcx/hpcx-v2.24-gcc-doca_ofed-ubuntu24.04-cuda13-x86_64/ompi/lib/libmpi.so.40(PMPI_Wait+0x1e) [0x78d2d915ee9e]
15  ./xhpl_mxp-nvidia() [0x50eac7]
16  ./xhpl_mxp-nvidia() [0x4dc7d3]
17  ./xhpl_mxp-nvidia() [0x4df810]
18  ./xhpl_mxp-nvidia() [0x4df793]
19  ./xhpl_mxp-nvidia() [0x4df703]
20  ./xhpl_mxp-nvidia() [0x4df6bc]
21  ./xhpl_mxp-nvidia() [0x4df6a0]
22  ./xhpl_mxp-nvidia() [0x5bd493]
23  /usr/lib/x86_64-linux-gnu/libc.so.6(+0x9caa4) [0x78d2a009caa4]
24  /usr/lib/x86_64-linux-gnu/libc.so.6(+0x129c6c) [0x78d2a0129c6c]
=================================
[node1:1592673] *** Process received signal ***
[node1:1592673] Signal: Aborted (6)
[node1:1592673] Signal code:  (-6)
[node1:1592673] [ 0] /usr/lib/x86_64-linux-gnu/libc.so.6(+0x45330)[0x78d2a0045330]
[node1:1592673] [ 1] /usr/lib/x86_64-linux-gnu/libc.so.6(pthread_kill+0x11c)[0x78d2a009eb2c]
[node1:1592673] [ 2] /usr/lib/x86_64-linux-gnu/libc.so.6(gsignal+0x1e)[0x78d2a004527e]
[node1:1592673] [ 3] /usr/lib/x86_64-linux-gnu/libc.so.6(abort+0xdf)[0x78d2a00288ff]
[node1:1592673] [ 4] /usr/lib/x86_64-linux-gnu/libucs.so.0(+0x2b7f7)[0x78d2a17c57f7]
[node1:1592673] [ 5] /usr/lib/x86_64-linux-gnu/libucs.so.0(ucs_log_default_handler+0x9d3)[0x78d2a17cacc3]
[node1:1592673] [ 6] /usr/lib/x86_64-linux-gnu/libucs.so.0(ucs_log_dispatch+0xf6)[0x78d2a17c36d6]
[node1:1592673] [ 7] /usr/lib/x86_64-linux-gnu/ucx/libuct_cma.so.0(+0x3d89)[0x78d2a7749d89]
[node1:1592673] [ 8] /usr/lib/x86_64-linux-gnu/ucx/libuct_cma.so.0(uct_cma_ep_tx+0x2ba)[0x78d2a774a06a]
[node1:1592673] [ 9] /usr/lib/x86_64-linux-gnu/libuct.so.0(uct_scopy_ep_progress_tx+0x77)[0x78d2a074d947]
[node1:1592673] [10] /usr/lib/x86_64-linux-gnu/libucs.so.0(ucs_arbiter_dispatch_nonempty+0x119)[0x78d2a17b9f09]
[node1:1592673] [11] /usr/lib/x86_64-linux-gnu/libuct.so.0(uct_scopy_iface_progress+0x88)[0x78d2a0759be8]
[node1:1592673] [12] /usr/lib/x86_64-linux-gnu/libucs.so.0(+0x25c18)[0x78d2a17bfc18]
[node1:1592673] [13] /usr/lib/x86_64-linux-gnu/libucp.so.0(ucp_worker_progress+0x7a)[0x78d28acf82ca]
[node1:1592673] [14] /home/hpc/hpcx/hpcx-v2.24-gcc-doca_ofed-ubuntu24.04-cuda13-x86_64/ompi/lib/libopen-pal.so.40(opal_progress+0x34)[0x78d2a0320314]
[node1:1592673] [15] /home/hpc/hpcx/hpcx-v2.24-gcc-doca_ofed-ubuntu24.04-cuda13-x86_64/ompi/lib/libopen-pal.so.40(ompi_sync_wait_mt+0x115)[0x78d2a0326b15]
[node1:1592673] [16] /home/hpc/hpcx/hpcx-v2.24-gcc-doca_ofed-ubuntu24.04-cuda13-x86_64/ompi/lib/libmpi.so.40(ompi_request_default_wait+0x24b)[0x78d2d913203b]
[node1:1592673] [17] /home/hpc/hpcx/hpcx-v2.24-gcc-doca_ofed-ubuntu24.04-cuda13-x86_64/ompi/lib/libmpi.so.40(PMPI_Wait+0x1e)[0x78d2d915ee9e]
[node1:1592673] [18] ./xhpl_mxp-nvidia[0x50eac7]
[node1:1592673] [19]d-ubuntu24.04-cuda13-x86_64/ompi/lib/libmpi.so.40(PMPI_Wait+0x1e)[0x7ff17d15ee9e]
[node1:1592672] [18] ./xhpl_mxp-nvidia[0x50eac7]
[node1:1592672] [19] ./xhpl_mxp-nvidia[0x4dc7d3]
[node1:1592672] [20] ./xhpl_mxp-nvidia[0x4df810]
[node1:1592672] [21] ./xhpl_mxp-nvidia[0x4df793]
[node1:1592672] [22] ./xhpl_mxp-nvidia[0x4df703]
[node1:1592672] [23] ./xhpl_mxp-nvidia[0x4df6bc]
[node1:1592672] [24] ./xhpl_mxp-nvidia[0x4df6a0]
[node1:1592672] [25] ./xhpl_mxp-nvidia[0x5bd493]
[node1:1592672] [26] /usr/lib/x86_64-linux-gnu/libc.so.6(+0x9caa4)[0x7ff14409caa4]
[node1:1592672] [27] /usr/lib/x86_64-linux-gnu/libc.so.6(+0x129c6c)[0x7ff144129c6c]
[node1:1592672] *** End of error message ***
 ./xhpl_mxp-nvidia[0x4dc7d3]
[node1:1592673] [20] ./xhpl_mxp-nvidia[0x4df810]
[node1:1592673] [21] ./xhpl_mxp-nvidia[0x4df793]
[node1:1592673] [22] ./xhpl_mxp-nvidia[0x4df703]
[node1:1592673] [23] ./xhpl_mxp-nvidia[0x4df6bc]
[node1:1592673] [24] ./xhpl_mxp-nvidia[0x4df6a0]
[node1:1592673] [25] ./xhpl_mxp-nvidia[0x5bd493]
[node1:1592673] [26] /usr/lib/x86_64-linux-gnu/libc.so.6(+0x9caa4)[0x78d2a009caa4]
[node1:1592673] [27] /usr/lib/x86_64-linux-gnu/libc.so.6(+0x129c6c)[0x78d2a0129c6c]
[node1:1592673] *** End of error message ***
--------------------------------------------------------------------------
Primary job  terminated normally, but 1 process returned
a non-zero exit code. Per user-direction, the job has been aborted.
--------------------------------------------------------------------------
--------------------------------------------------------------------------
mpirun noticed that process rank 1 with PID 1592673 on node node1 exited on signal 6 (Aborted).
--------------------------------------------------------------------------
