[node1:1595431:1:1595473]      cma_ep.c:85   process_vm_writev(pid=1595433 {0x7c7cb6400000,524288}-->{0x799c10400000,524288}) returned -1: Bad address
==== backtrace (tid:1595473) ====
 0  /usr/lib/x86_64-linux-gnu/libucs.so.0(ucs_handle_error+0x2ec) [0x7c7d16aaa64c]
 1  /usr/lib/x86_64-linux-gnu/libucs.so.0(ucs_fatal_error_message+0xb2) [0x7c7d16aaa7f2]
 2  /usr/lib/x86_64-linux-gnu/libucs.so.0(ucs_log_default_handler+0x9d3) [0x7c7d16aafcc3]
 3  /usr/lib/x86_64-linux-gnu/libucs.so.0(ucs_log_dispatch+0xf6) [0x7c7d16aa86d6]
 4  /usr/lib/x86_64-linux-gnu/ucx/libuct_cma.so.0(+0x3d89) [0x7c7d16a56d89]
 5  /usr/lib/x86_64-linux-gnu/ucx/libuct_cma.so.0(uct_cma_ep_tx+0x2ba) [0x7c7d16a5706a]
 6  /usr/lib/x86_64-linux-gnu/libuct.so.0(uct_scopy_ep_progress_tx+0x77) [0x7c7d17fab947]
 7  /usr/lib/x86_64-linux-gnu/libucs.so.0(ucs_arbiter_dispatch_nonempty+0x119) [0x7c7d16a9ef09]
 8  /usr/lib/x86_64-linux-gnu/libuct.so.0(uct_scopy_iface_progress+0x88) [0x7c7d17fb7be8]
 9  /usr/lib/x86_64-linux-gnu/libucs.so.0(+0x25c18) [0x7c7d16aa4c18]
10  /usr/lib/x86_64-linux-gnu/libucp.so.0(ucp_worker_progress+0x7a) [0x7c7d014f82ca]
11  /home/hpc/hpcx/hpcx-v2.24-gcc-doca_ofed-ubuntu24.04-cuda13-x86_64/ompi/lib/libopen-pal.so.40(opal_progress+0x34) [0x7c7d16b20314]
12  /home/hpc/hpcx/hpcx-v2.24-gcc-doca_ofed-ubuntu24.04-cuda13-x86_64/ompi/lib/libopen-pal.so.40(ompi_sync_wait_mt+0x115) [0x7c7d16b26b15]
13  /home/hpc/hpcx/hpcx-v2.24-gcc-doca_ofed-ubuntu24.04-cuda13-x86_64/ompi/lib/libmpi.so.40(ompi_request_default_wait+0x24b) [0x7c7d4f93203b]
14  /home/hpc/hpcx/hpcx-v2.24-gcc-doca_ofed-ubuntu24.04-cuda13-x86_64/ompi/lib/libmpi.so.40(PMPI_Wait+0x1e) [0x7c7d4f95ee9e]
15  ./xhpl_mxp-nvidia() [0x50eac7]
16  ./xhpl_mxp-nvidia() [0x4dc7d3]
17  ./xhpl_mxp-nvidia() [0x4df810]
18  ./xhpl_mxp-nvidia() [0x4df793]
19  ./xhpl_mxp-nvidia() [0x4df703]
20  ./xhpl_mxp-nvidia() [0x4df6bc]
21  ./xhpl_mxp-nvidia() [0x4df6a0]
22  ./xhpl_mxp-nvidia() [0x5bd493]
23  /usr/lib/x86_64-linux-gnu/libc.so.6(+0x9caa4) [0x7c7d1689caa4]
24  /usr/lib/x86_64-linux-gnu/libc.so.6(+0x129c6c) [0x7c7d16929c6c]
=================================
[node1:1595431] *** Process received signal ***
[node1:1595431] Signal: Aborted (6)
[node1:1595431] Signal code:  (-6)
[node1:1595431] [ 0] /usr/lib/x86_64-linux-gnu/libc.so.6(+0x45330)[0x7c7d16845330]
[node1:1595431] [ 1] /usr/lib/x86_64-linux-gnu/libc.so.6(pthread_kill+0x11c)[0x7c7d1689eb2c]
[node1:1595431] [ 2] /usr/lib/x86_64-linux-gnu/libc.so.6(gsignal+0x1e)[0x7c7d1684527e]
[node1:1595431] [ 3] /usr/lib/x86_64-linux-gnu/libc.so.6(abort+0xdf)[0x7c7d168288ff]
[node1:1595431] [ 4] /usr/lib/x86_64-linux-gnu/libucs.so.0(+0x2b7f7)[0x7c7d16aaa7f7]
[node1:1595431] [ 5] /usr/lib/x86_64-linux-gnu/libucs.so.0(ucs_log_default_handler+0x9d3)[0x7c7d16aafcc3]
[node1:1595431] [ 6] /usr/lib/x86_64-linux-gnu/libucs.so.0(ucs_log_dispatch+0xf6)[0x7c7d16aa86d6]
[node1:1595431] [ 7] /usr/lib/x86_64-linux-gnu/ucx/libuct_cma.so.0(+0x3d89)[0x7c7d16a56d89]
[node1:1595431] [ 8] /usr/lib/x86_64-linux-gnu/ucx/libuct_cma.so.0(uct_cma_ep_tx+0x2ba)[0x7c7d16a5706a]
[node1:1595431] [ 9] /usr/lib/x86_64-linux-gnu/libuct.so.0(uct_scopy_ep_progress_tx+0x77)[0x7c7d17fab947]
[node1:1595431] [10] /usr/lib/x86_64-linux-gnu/libucs.so.0(ucs_arbiter_dispatch_nonempty+0x119)[0x7c7d16a9ef09]
[node1:1595431] [11] /usr/lib/x86_64-linux-gnu/libuct.so.0(uct_scopy_iface_progress+0x88)[0x7c7d17fb7be8]
[node1:1595431] [12] /usr/lib/x86_64-linux-gnu/libucs.so.0(+0x25c18)[0x7c7d16aa4c18]
[node1:1595431] [13] /usr/lib/x86_64-linux-gnu/libucp.so.0(ucp_worker_progress+0x7a)[0x7c7d014f82ca]
[node1:1595431] [14] /home/hpc/hpcx/hpcx-v2.24-gcc-doca_ofed-ubuntu24.04-cuda13-x86_64/ompi/lib/libopen-pal.so.40(opal_progress+0x34)[0x7c7d16b20314]
[node1:1595431] [15] /home/hpc/hpcx/hpcx-v2.24-gcc-doca_ofed-ubuntu24.04-cuda13-x86_64/ompi/lib/libopen-pal.so.40(ompi_sync_wait_mt+0x115)[0x7c7d16b26b15]
[node1:1595431] [16] /home/hpc/hpcx/hpcx-v2.24-gcc-doca_ofed-ubuntu24.04-cuda13-x86_64/ompi/lib/libmpi.so.40(ompi_request_default_wait+0x24b)[0x7c7d4f93203b]
[node1:1595431] [17] /home/hpc/hpcx/hpcx-v2.24-gcc-doca_ofed-ubuntu24.04-cuda13-x86_64/ompi/lib/libmpi.so.40(PMPI_Wait+0x1e)[0x7c7d4f95ee9e]
[node1:1595431] [18] ./xhpl_mxp-nvidia[0x50eac7]
[node1:1595431] [19] ./xhpl_mxp-nvidia[0x4dc7d3]
[node1:1595431] [20] ./xhpl_mxp-nvidia[0x4df810]
[node1:1595431] [21] ./xhpl_mxp-nvidia[0x4df793]
[node1:1595431] [22] ./xhpl_mxp-nvidia[0x4df703]
[node1:1595431] [23] ./xhpl_mxp-nvidia[0x4df6bc]
[node1:1595431] [24] ./xhpl_mxp-nvidia[0x4df6a0]
[node1:1595431] [25] ./xhpl_mxp-nvidia[0x5bd493]
[node1:1595431] [26] /usr/lib/x86_64-linux-gnu/libc.so.6(+0x9caa4)[0x7c7d1689caa4]
[node1:1595431] [27] /usr/lib/x86_64-linux-gnu/libc.so.6(+0x129c6c)[0x7c7d16929c6c]
[node1:1595431] *** End of error message ***
[node1:1595430:1:1595470]      cma_ep.c:85   process_vm_writev(pid=1595432 {0x7ebb5c400000,524288}-->{0x73f47c400000,524288}) returned -1: Bad address
==== backtrace (tid:1595470) ====
 0  /usr/lib/x86_64-linux-gnu/libucs.so.0(ucs_handle_error+0x2ec) [0x7ebbc3caa64c]
 1  /usr/lib/x86_64-linux-gnu/libucs.so.0(ucs_fatal_error_message+0xb2) [0x7ebbc3caa7f2]
 2  /usr/lib/x86_64-linux-gnu/libucs.so.0(ucs_log_default_handler+0x9d3) [0x7ebbc3cafcc3]
 3  /usr/lib/x86_64-linux-gnu/libucs.so.0(ucs_log_dispatch+0xf6) [0x7ebbc3ca86d6]
 4  /usr/lib/x86_64-linux-gnu/ucx/libuct_cma.so.0(+0x3d89) [0x7ebbc38bbd89]
 5  /usr/lib/x86_64-linux-gnu/ucx/libuct_cma.so.0(uct_cma_ep_tx+0x2ba) [0x7ebbc38bc06a]
 6  /usr/lib/x86_64-linux-gnu/libuct.so.0(uct_scopy_ep_progress_tx+0x77) [0x7ebbc3c4d947]
 7  /usr/lib/x86_64-linux-gnu/libucs.so.0(ucs_arbiter_dispatch_nonempty+0x119) [0x7ebbc3c9ef09]
 8  /usr/lib/x86_64-linux-gnu/libuct.so.0(uct_scopy_iface_progress+0x88) [0x7ebbc3c59be8]
 9  /usr/lib/x86_64-linux-gnu/libucs.so.0(+0x25c18) [0x7ebbc3ca4c18]
10  /usr/lib/x86_64-linux-gnu/libucp.so.0(ucp_worker_progress+0x7a) [0x7ebbae6f82ca]
11  /home/hpc/hpcx/hpcx-v2.24-gcc-doca_ofed-ubuntu24.04-cuda13-x86_64/ompi/lib/libopen-pal.so.40(opal_progress+0x34) [0x7ebbc3d20314]
12  /home/hpc/hpcx/hpcx-v2.24-gcc-doca_ofed-ubuntu24.04-cuda13-x86_64/ompi/lib/libopen-pal.so.40(ompi_sync_wait_mt+0x115) [0x7ebbc3d26b15]
13  /home/hpc/hpcx/hpcx-v2.24-gcc-doca_ofed-ubuntu24.04-cuda13-x86_64/ompi/lib/libmpi.so.40(ompi_request_default_wait+0x24b) [0x7ebbfcb3203b]
14  /home/hpc/hpcx/hpcx-v2.24-gcc-doca_ofed-ubuntu24.04-cuda13-x86_64/ompi/lib/libmpi.so.40(PMPI_Wait+0x1e) [0x7ebbfcb5ee9e]
15  ./xhpl_mxp-nvidia() [0x50eac7]
16  ./xhpl_mxp-nvidia() [0x4dc7d3]
17  ./xhpl_mxp-nvidia() [0x4df810]
18  ./xhpl_mxp-nvidia() [0x4df793]
19  ./xhpl_mxp-nvidia() [0x4df703]
20  ./xhpl_mxp-nvidia() [0x4df6bc]
21  ./xhpl_mxp-nvidia() [0x4df6a0]
22  ./xhpl_mxp-nvidia() [0x5bd493]
23  /usr/lib/x86_64-linux-gnu/libc.so.6(+0x9caa4) [0x7ebbc3a9caa4]
24  /usr/lib/x86_64-linux-gnu/libc.so.6(+0x129c6c) [0x7ebbc3b29c6c]
=================================
[node1:1595430] *** Process received signal ***
[node1:1595430] Signal: Aborted (6)
[node1:1595430] Signal code:  (-6)
[node1:1595430] [ 0] /usr/lib/x86_64-linux-gnu/libc.so.6(+0x45330)[0x7ebbc3a45330]
[node1:1595430] [ 1] /usr/lib/x86_64-linux-gnu/libc.so.6(pthread_kill+0x11c)[0x7ebbc3a9eb2c]
[node1:1595430] [ 2] /usr/lib/x86_64-linux-gnu/libc.so.6(gsignal+0x1e)[0x7ebbc3a4527e]
[node1:1595430] [ 3] /usr/lib/x86_64-linux-gnu/libc.so.6(abort+0xdf)[0x7ebbc3a288ff]
[node1:1595430] [ 4] /usr/lib/x86_64-linux-gnu/libucs.so.0(+0x2b7f7)[0x7ebbc3caa7f7]
[node1:1595430] [ 5] /usr/lib/x86_64-linux-gnu/libucs.so.0(ucs_log_default_handler+0x9d3)[0x7ebbc3cafcc3]
[node1:1595430] [ 6] /usr/lib/x86_64-linux-gnu/libucs.so.0(ucs_log_dispatch+0xf6)[0x7ebbc3ca86d6]
[node1:1595430] [ 7] /usr/lib/x86_64-linux-gnu/ucx/libuct_cma.so.0(+0x3d89)[0x7ebbc38bbd89]
[node1:1595430] [ 8] /usr/lib/x86_64-linux-gnu/ucx/libuct_cma.so.0(uct_cma_ep_tx+0x2ba)[0x7ebbc38bc06a]
[node1:1595430] [ 9] /usr/lib/x86_64-linux-gnu/libuct.so.0(uct_scopy_ep_progress_tx+0x77)[0x7ebbc3c4d947]
[node1:1595430] [10] /usr/lib/x86_64-linux-gnu/libucs.so.0(ucs_arbiter_dispatch_nonempty+0x119)[0x7ebbc3c9ef09]
[node1:1595430] [11] /usr/lib/x86_64-linux-gnu/libuct.so.0(uct_scopy_iface_progress+0x88)[0x7ebbc3c59be8]
[node1:1595430] [12] /usr/lib/x86_64-linux-gnu/libucs.so.0(+0x25c18)[0x7ebbc3ca4c18]
[node1:1595430] [13] /usr/lib/x86_64-linux-gnu/libucp.so.0(ucp_worker_progress+0x7a)[0x7ebbae6f82ca]
[node1:1595430] [14] /home/hpc/hpcx/hpcx-v2.24-gcc-doca_ofed-ubuntu24.04-cuda13-x86_64/ompi/lib/libopen-pal.so.40(opal_progress+0x34)[0x7ebbc3d20314]
[node1:1595430] [15] /home/hpc/hpcx/hpcx-v2.24-gcc-doca_ofed-ubuntu24.04-cuda13-x86_64/ompi/lib/libopen-pal.so.40(ompi_sync_wait_mt+0x115)[0x7ebbc3d26b15]
[node1:1595430] [16] /home/hpc/hpcx/hpcx-v2.24-gcc-doca_ofed-ubuntu24.04-cuda13-x86_64/ompi/lib/libmpi.so.40(ompi_request_default_wait+0x24b)[0x7ebbfcb3203b]
[node1:1595430] [17] /home/hpc/hpcx/hpcx-v2.24-gcc-doca_ofed-ubuntu24.04-cuda13-x86_64/ompi/lib/libmpi.so.40(PMPI_Wait+0x1e)[0x7ebbfcb5ee9e]
[node1:1595430] [18] ./xhpl_mxp-nvidia[0x50eac7]
[node1:1595430] [19] ./xhpl_mxp-nvidia[0x4dc7d3]
[node1:1595430] [20] ./xhpl_mxp-nvidia[0x4df810]
[node1:1595430] [21] ./xhpl_mxp-nvidia[0x4df793]
[node1:1595430] [22] ./xhpl_mxp-nvidia[0x4df703]
[node1:1595430] [23] ./xhpl_mxp-nvidia[0x4df6bc]
[node1:1595430] [24] ./xhpl_mxp-nvidia[0x4df6a0]
[node1:1595430] [25] ./xhpl_mxp-nvidia[0x5bd493]
[node1:1595430] [26] /usr/lib/x86_64-linux-gnu/libc.so.6(+0x9caa4)[0x7ebbc3a9caa4]
[node1:1595430] [27] /usr/lib/x86_64-linux-gnu/libc.so.6(+0x129c6c)[0x7ebbc3b29c6c]
[node1:1595430] *** End of error message ***
--------------------------------------------------------------------------
Primary job  terminated normally, but 1 process returned
a non-zero exit code. Per user-direction, the job has been aborted.
--------------------------------------------------------------------------
--------------------------------------------------------------------------
mpirun noticed that process rank 1 with PID 1595431 on node node1 exited on signal 6 (Aborted).
--------------------------------------------------------------------------
